CRITICAL - 2022-11-22 14:37:45 --> Class 'App\Controllers\PatientLib' not found
in APPPATH\Controllers\Auth.php on line 287.
 1 SYSTEMPATH\CodeIgniter.php(910): App\Controllers\Auth->save()
 2 SYSTEMPATH\CodeIgniter.php(469): CodeIgniter\CodeIgniter->runController(Object(App\Controllers\Auth))
 3 SYSTEMPATH\CodeIgniter.php(352): CodeIgniter\CodeIgniter->handleRequest(null, Object(Config\Cache), false)
 4 FCPATH\index.php(55): CodeIgniter\CodeIgniter->run()
 5 SYSTEMPATH\Commands\Server\rewrite.php(46): require_once('FCPATH\\index.php')
CRITICAL - 2022-11-22 01:05:15 --> Undefined variable: record2
in APPPATH\Libraries\StaffLib.php on line 49.
 1 APPPATH\Libraries\StaffLib.php(49): CodeIgniter\Debug\Exceptions->errorHandler(8, 'Undefined variable: record2', 'APPPATH\\Libraries\\StaffLib.php', 49, [...])
 2 APPPATH\Controllers\Staff.php(487): App\Libraries\StaffLib::paginationRecord1('appointment', 6, 9, 'status', 'pending')
 3 SYSTEMPATH\CodeIgniter.php(910): App\Controllers\Staff->pending()
 4 SYSTEMPATH\CodeIgniter.php(469): CodeIgniter\CodeIgniter->runController(Object(App\Controllers\Staff))
 5 SYSTEMPATH\CodeIgniter.php(352): CodeIgniter\CodeIgniter->handleRequest(null, Object(Config\Cache), false)
 6 FCPATH\index.php(55): CodeIgniter\CodeIgniter->run()
 7 SYSTEMPATH\Commands\Server\rewrite.php(46): require_once('FCPATH\\index.php')
CRITICAL - 2022-11-22 01:09:26 --> Undefined variable: record2
in APPPATH\Libraries\StaffLib.php on line 49.
 1 APPPATH\Libraries\StaffLib.php(49): CodeIgniter\Debug\Exceptions->errorHandler(8, 'Undefined variable: record2', 'APPPATH\\Libraries\\StaffLib.php', 49, [...])
 2 APPPATH\Controllers\Staff.php(487): App\Libraries\StaffLib::paginationRecord1('appointment', 6, 9, 'status', 'pending')
 3 SYSTEMPATH\CodeIgniter.php(910): App\Controllers\Staff->pending()
 4 SYSTEMPATH\CodeIgniter.php(469): CodeIgniter\CodeIgniter->runController(Object(App\Controllers\Staff))
 5 SYSTEMPATH\CodeIgniter.php(352): CodeIgniter\CodeIgniter->handleRequest(null, Object(Config\Cache), false)
 6 FCPATH\index.php(55): CodeIgniter\CodeIgniter->run()
 7 SYSTEMPATH\Commands\Server\rewrite.php(46): require_once('FCPATH\\index.php')
CRITICAL - 2022-11-22 01:12:24 --> Undefined variable: record2
in APPPATH\Libraries\StaffLib.php on line 49.
 1 APPPATH\Libraries\StaffLib.php(49): CodeIgniter\Debug\Exceptions->errorHandler(8, 'Undefined variable: record2', 'APPPATH\\Libraries\\StaffLib.php', 49, [...])
 2 APPPATH\Controllers\Staff.php(71): App\Libraries\StaffLib::paginationRecord1('appointment', 6, 9, 'status', 'approved')
 3 SYSTEMPATH\CodeIgniter.php(910): App\Controllers\Staff->approvedAppointment()
 4 SYSTEMPATH\CodeIgniter.php(469): CodeIgniter\CodeIgniter->runController(Object(App\Controllers\Staff))
 5 SYSTEMPATH\CodeIgniter.php(352): CodeIgniter\CodeIgniter->handleRequest(null, Object(Config\Cache), false)
 6 FCPATH\index.php(55): CodeIgniter\CodeIgniter->run()
 7 SYSTEMPATH\Commands\Server\rewrite.php(46): require_once('FCPATH\\index.php')
CRITICAL - 2022-11-22 01:13:39 --> Undefined variable: record2
in APPPATH\Libraries\StaffLib.php on line 49.
 1 APPPATH\Libraries\StaffLib.php(49): CodeIgniter\Debug\Exceptions->errorHandler(8, 'Undefined variable: record2', 'APPPATH\\Libraries\\StaffLib.php', 49, [...])
 2 APPPATH\Controllers\Staff.php(71): App\Libraries\StaffLib::paginationRecord1('appointment', 6, 9, 'status', 'approved')
 3 SYSTEMPATH\CodeIgniter.php(910): App\Controllers\Staff->approvedAppointment()
 4 SYSTEMPATH\CodeIgniter.php(469): CodeIgniter\CodeIgniter->runController(Object(App\Controllers\Staff))
 5 SYSTEMPATH\CodeIgniter.php(352): CodeIgniter\CodeIgniter->handleRequest(null, Object(Config\Cache), false)
 6 FCPATH\index.php(55): CodeIgniter\CodeIgniter->run()
 7 SYSTEMPATH\Commands\Server\rewrite.php(46): require_once('FCPATH\\index.php')
CRITICAL - 2022-11-22 01:14:28 --> Undefined variable: record2
in APPPATH\Libraries\StaffLib.php on line 49.
 1 APPPATH\Libraries\StaffLib.php(49): CodeIgniter\Debug\Exceptions->errorHandler(8, 'Undefined variable: record2', 'APPPATH\\Libraries\\StaffLib.php', 49, [...])
 2 APPPATH\Controllers\Staff.php(71): App\Libraries\StaffLib::paginationRecord1('appointment', 6, 9, 'status', 'approved')
 3 SYSTEMPATH\CodeIgniter.php(910): App\Controllers\Staff->approvedAppointment()
 4 SYSTEMPATH\CodeIgniter.php(469): CodeIgniter\CodeIgniter->runController(Object(App\Controllers\Staff))
 5 SYSTEMPATH\CodeIgniter.php(352): CodeIgniter\CodeIgniter->handleRequest(null, Object(Config\Cache), false)
 6 FCPATH\index.php(55): CodeIgniter\CodeIgniter->run()
 7 SYSTEMPATH\Commands\Server\rewrite.php(46): require_once('FCPATH\\index.php')
CRITICAL - 2022-11-22 01:30:25 --> Unable to connect to the API: cURL error 6: Could not resolve host: oauth2.googleapis.com (see https://curl.haxx.se/libcurl/c/libcurl-errors.html) for https://oauth2.googleapis.com/token
in VENDORPATH\kreait\firebase-php\src\Firebase\Exception\DatabaseApiExceptionConverter.php on line 36.
 1 VENDORPATH\kreait\firebase-php\src\Firebase\Database\ApiClient.php(180): Kreait\Firebase\Exception\DatabaseApiExceptionConverter->convertException(Object(GuzzleHttp\Exception\ConnectException))
 2 VENDORPATH\kreait\firebase-php\src\Firebase\Database\ApiClient.php(40): Kreait\Firebase\Database\ApiClient->requestApi('GET', '/appointment')
 3 VENDORPATH\kreait\firebase-php\src\Firebase\Database\Reference.php(329): Kreait\Firebase\Database\ApiClient->get('/appointment')
 4 VENDORPATH\kreait\firebase-php\src\Firebase\Database\Reference.php(296): Kreait\Firebase\Database\Reference->getSnapshot()
 5 APPPATH\Libraries\AdminLib.php(77): Kreait\Firebase\Database\Reference->getValue()
 6 APPPATH\Controllers\Staff.php(38): App\Libraries\AdminLib::countRecordsStatus('appointment', 'approved')
 7 SYSTEMPATH\CodeIgniter.php(910): App\Controllers\Staff->approvedAppointment()
 8 SYSTEMPATH\CodeIgniter.php(469): CodeIgniter\CodeIgniter->runController(Object(App\Controllers\Staff))
 9 SYSTEMPATH\CodeIgniter.php(352): CodeIgniter\CodeIgniter->handleRequest(null, Object(Config\Cache), false)
10 FCPATH\index.php(55): CodeIgniter\CodeIgniter->run()
11 SYSTEMPATH\Commands\Server\rewrite.php(46): require_once('FCPATH\\index.php')
CRITICAL - 2022-11-22 05:18:35 --> Unable to connect to the API: cURL error 28: Operation timed out after 15001 milliseconds with 0 out of 0 bytes received (see https://curl.haxx.se/libcurl/c/libcurl-errors.html) for https://oauth2.googleapis.com/token
in VENDORPATH\kreait\firebase-php\src\Firebase\Exception\DatabaseApiExceptionConverter.php on line 36.
 1 VENDORPATH\kreait\firebase-php\src\Firebase\Database\ApiClient.php(180): Kreait\Firebase\Exception\DatabaseApiExceptionConverter->convertException(Object(GuzzleHttp\Exception\ConnectException))
 2 VENDORPATH\kreait\firebase-php\src\Firebase\Database\ApiClient.php(40): Kreait\Firebase\Database\ApiClient->requestApi('GET', '/patient')
 3 VENDORPATH\kreait\firebase-php\src\Firebase\Database\Reference.php(329): Kreait\Firebase\Database\ApiClient->get('/patient')
 4 VENDORPATH\kreait\firebase-php\src\Firebase\Database\Reference.php(296): Kreait\Firebase\Database\Reference->getSnapshot()
 5 APPPATH\Helpers\Form_helper.php(264): Kreait\Firebase\Database\Reference->getValue()
 6 APPPATH\Views\staff\approvedAppointment.php(362): getPatientKeyByIc('000601082291')
 7 SYSTEMPATH\View\View.php(213): include('APPPATH\\Views\\staff\\approvedAppointment.php')
 8 SYSTEMPATH\View\View.php(216): CodeIgniter\View\View->CodeIgniter\View\{closure}()
 9 SYSTEMPATH\Common.php(1137): CodeIgniter\View\View->render('staff/approvedAppointment', [], true)
10 APPPATH\Controllers\Staff.php(103): view('staff/approvedAppointment', [...])
11 SYSTEMPATH\CodeIgniter.php(910): App\Controllers\Staff->approvedAppointment()
12 SYSTEMPATH\CodeIgniter.php(469): CodeIgniter\CodeIgniter->runController(Object(App\Controllers\Staff))
13 SYSTEMPATH\CodeIgniter.php(352): CodeIgniter\CodeIgniter->handleRequest(null, Object(Config\Cache), false)
14 FCPATH\index.php(55): CodeIgniter\CodeIgniter->run()
15 SYSTEMPATH\Commands\Server\rewrite.php(46): require_once('FCPATH\\index.php')
CRITICAL - 2022-11-22 05:25:04 --> syntax error, unexpected end of file
in APPPATH\Views\staff\approvedAppointment.php on line 592.
 1 SYSTEMPATH\View\View.php(216): CodeIgniter\View\View->CodeIgniter\View\{closure}()
 2 SYSTEMPATH\Common.php(1137): CodeIgniter\View\View->render('staff/approvedAppointment', [], true)
 3 APPPATH\Controllers\Staff.php(103): view('staff/approvedAppointment', [...])
 4 SYSTEMPATH\CodeIgniter.php(910): App\Controllers\Staff->approvedAppointment()
 5 SYSTEMPATH\CodeIgniter.php(469): CodeIgniter\CodeIgniter->runController(Object(App\Controllers\Staff))
 6 SYSTEMPATH\CodeIgniter.php(352): CodeIgniter\CodeIgniter->handleRequest(null, Object(Config\Cache), false)
 7 FCPATH\index.php(55): CodeIgniter\CodeIgniter->run()
 8 SYSTEMPATH\Commands\Server\rewrite.php(46): require_once('FCPATH\\index.php')
CRITICAL - 2022-11-22 05:57:46 --> Undefined variable: row
in APPPATH\Libraries\PatientLib.php on line 147.
 1 APPPATH\Libraries\PatientLib.php(147): CodeIgniter\Debug\Exceptions->errorHandler(8, 'Undefined variable: row', 'APPPATH\\Libraries\\PatientLib.php', 147, [...])
 2 APPPATH\Controllers\Patient.php(169): App\Libraries\PatientLib::readPatientKeyByIC('000101081001')
 3 SYSTEMPATH\CodeIgniter.php(910): App\Controllers\Patient->addQueue()
 4 SYSTEMPATH\CodeIgniter.php(469): CodeIgniter\CodeIgniter->runController(Object(App\Controllers\Patient))
 5 SYSTEMPATH\CodeIgniter.php(352): CodeIgniter\CodeIgniter->handleRequest(null, Object(Config\Cache), false)
 6 FCPATH\index.php(55): CodeIgniter\CodeIgniter->run()
 7 SYSTEMPATH\Commands\Server\rewrite.php(46): require_once('FCPATH\\index.php')
CRITICAL - 2022-11-22 05:58:48 --> Undefined index: patientkey
in APPPATH\Libraries\PatientLib.php on line 151.
 1 APPPATH\Libraries\PatientLib.php(151): CodeIgniter\Debug\Exceptions->errorHandler(8, 'Undefined index: patientkey', 'APPPATH\\Libraries\\PatientLib.php', 151, [...])
 2 APPPATH\Controllers\Patient.php(169): App\Libraries\PatientLib::readPatientKeyByIC('000101081001')
 3 SYSTEMPATH\CodeIgniter.php(910): App\Controllers\Patient->addQueue()
 4 SYSTEMPATH\CodeIgniter.php(469): CodeIgniter\CodeIgniter->runController(Object(App\Controllers\Patient))
 5 SYSTEMPATH\CodeIgniter.php(352): CodeIgniter\CodeIgniter->handleRequest(null, Object(Config\Cache), false)
 6 FCPATH\index.php(55): CodeIgniter\CodeIgniter->run()
 7 SYSTEMPATH\Commands\Server\rewrite.php(46): require_once('FCPATH\\index.php')
CRITICAL - 2022-11-22 05:58:59 --> Undefined index: patientkey
in APPPATH\Libraries\PatientLib.php on line 151.
 1 APPPATH\Libraries\PatientLib.php(151): CodeIgniter\Debug\Exceptions->errorHandler(8, 'Undefined index: patientkey', 'APPPATH\\Libraries\\PatientLib.php', 151, [...])
 2 APPPATH\Controllers\Patient.php(169): App\Libraries\PatientLib::readPatientKeyByIC('000101081001')
 3 SYSTEMPATH\CodeIgniter.php(910): App\Controllers\Patient->addQueue()
 4 SYSTEMPATH\CodeIgniter.php(469): CodeIgniter\CodeIgniter->runController(Object(App\Controllers\Patient))
 5 SYSTEMPATH\CodeIgniter.php(352): CodeIgniter\CodeIgniter->handleRequest(null, Object(Config\Cache), false)
 6 FCPATH\index.php(55): CodeIgniter\CodeIgniter->run()
 7 SYSTEMPATH\Commands\Server\rewrite.php(46): require_once('FCPATH\\index.php')
CRITICAL - 2022-11-22 05:59:19 --> Undefined index: patientkey
in APPPATH\Libraries\PatientLib.php on line 151.
 1 APPPATH\Libraries\PatientLib.php(151): CodeIgniter\Debug\Exceptions->errorHandler(8, 'Undefined index: patientkey', 'APPPATH\\Libraries\\PatientLib.php', 151, [...])
 2 APPPATH\Controllers\Patient.php(169): App\Libraries\PatientLib::readPatientKeyByIC('000101081001')
 3 SYSTEMPATH\CodeIgniter.php(910): App\Controllers\Patient->addQueue()
 4 SYSTEMPATH\CodeIgniter.php(469): CodeIgniter\CodeIgniter->runController(Object(App\Controllers\Patient))
 5 SYSTEMPATH\CodeIgniter.php(352): CodeIgniter\CodeIgniter->handleRequest(null, Object(Config\Cache), false)
 6 FCPATH\index.php(55): CodeIgniter\CodeIgniter->run()
 7 SYSTEMPATH\Commands\Server\rewrite.php(46): require_once('FCPATH\\index.php')
CRITICAL - 2022-11-22 20:08:00 --> cURL error 56: OpenSSL SSL_read: Connection was reset, errno 10054 (see https://curl.haxx.se/libcurl/c/libcurl-errors.html) for https://oauth2.googleapis.com/token
in VENDORPATH\kreait\firebase-php\src\Firebase\Exception\DatabaseApiExceptionConverter.php on line 65.
 1 VENDORPATH\kreait\firebase-php\src\Firebase\Exception\DatabaseApiExceptionConverter.php(32): Kreait\Firebase\Exception\DatabaseApiExceptionConverter->convertGuzzleRequestException(Object(GuzzleHttp\Exception\RequestException))
 2 VENDORPATH\kreait\firebase-php\src\Firebase\Database\ApiClient.php(180): Kreait\Firebase\Exception\DatabaseApiExceptionConverter->convertException(Object(GuzzleHttp\Exception\RequestException))
 3 VENDORPATH\kreait\firebase-php\src\Firebase\Database\ApiClient.php(40): Kreait\Firebase\Database\ApiClient->requestApi('GET', '/patient')
 4 VENDORPATH\kreait\firebase-php\src\Firebase\Database\Reference.php(329): Kreait\Firebase\Database\ApiClient->get('/patient')
 5 VENDORPATH\kreait\firebase-php\src\Firebase\Database\Reference.php(296): Kreait\Firebase\Database\Reference->getSnapshot()
 6 APPPATH\Helpers\Form_helper.php(230): Kreait\Firebase\Database\Reference->getValue()
 7 APPPATH\Views\staff\overview.php(206): getPatientInfoByEmail('-NH3gVIaRCi3BbAhCw5P', 'name')
 8 SYSTEMPATH\View\View.php(213): include('APPPATH\\Views\\staff\\overview.php')
 9 SYSTEMPATH\View\View.php(216): CodeIgniter\View\View->CodeIgniter\View\{closure}()
10 SYSTEMPATH\Common.php(1137): CodeIgniter\View\View->render('staff/overview', [], true)
11 APPPATH\Controllers\Queue.php(107): view('staff/overview', [...])
12 SYSTEMPATH\CodeIgniter.php(910): App\Controllers\Queue->manage()
13 SYSTEMPATH\CodeIgniter.php(469): CodeIgniter\CodeIgniter->runController(Object(App\Controllers\Queue))
14 SYSTEMPATH\CodeIgniter.php(352): CodeIgniter\CodeIgniter->handleRequest(null, Object(Config\Cache), false)
15 FCPATH\index.php(55): CodeIgniter\CodeIgniter->run()
16 SYSTEMPATH\Commands\Server\rewrite.php(46): require_once('FCPATH\\index.php')
CRITICAL - 2022-11-22 20:09:40 --> Unable to connect to the API: cURL error 35: OpenSSL SSL_connect: Connection was reset in connection to oauth2.googleapis.com:443  (see https://curl.haxx.se/libcurl/c/libcurl-errors.html) for https://oauth2.googleapis.com/token
in VENDORPATH\kreait\firebase-php\src\Firebase\Exception\DatabaseApiExceptionConverter.php on line 36.
 1 VENDORPATH\kreait\firebase-php\src\Firebase\Database\ApiClient.php(180): Kreait\Firebase\Exception\DatabaseApiExceptionConverter->convertException(Object(GuzzleHttp\Exception\ConnectException))
 2 VENDORPATH\kreait\firebase-php\src\Firebase\Database\ApiClient.php(40): Kreait\Firebase\Database\ApiClient->requestApi('GET', '/queue')
 3 VENDORPATH\kreait\firebase-php\src\Firebase\Database\Reference.php(329): Kreait\Firebase\Database\ApiClient->get('/queue')
 4 VENDORPATH\kreait\firebase-php\src\Firebase\Database\Reference.php(296): Kreait\Firebase\Database\Reference->getSnapshot()
 5 APPPATH\Helpers\Form_helper.php(13): Kreait\Firebase\Database\Reference->getValue()
 6 APPPATH\Views\staff\overview.php(231): countQueue('progress', '2022-11-22')
 7 SYSTEMPATH\View\View.php(213): include('APPPATH\\Views\\staff\\overview.php')
 8 SYSTEMPATH\View\View.php(216): CodeIgniter\View\View->CodeIgniter\View\{closure}()
 9 SYSTEMPATH\Common.php(1137): CodeIgniter\View\View->render('staff/overview', [], true)
10 APPPATH\Controllers\Queue.php(107): view('staff/overview', [...])
11 SYSTEMPATH\CodeIgniter.php(910): App\Controllers\Queue->manage()
12 SYSTEMPATH\CodeIgniter.php(469): CodeIgniter\CodeIgniter->runController(Object(App\Controllers\Queue))
13 SYSTEMPATH\CodeIgniter.php(352): CodeIgniter\CodeIgniter->handleRequest(null, Object(Config\Cache), false)
14 FCPATH\index.php(55): CodeIgniter\CodeIgniter->run()
15 SYSTEMPATH\Commands\Server\rewrite.php(46): require_once('FCPATH\\index.php')
CRITICAL - 2022-11-22 07:20:13 --> Use of undefined constant userInfo - assumed 'userInfo' (this will throw an Error in a future version of PHP)
in APPPATH\Views\patientDashboard\number.php on line 121.
 1 APPPATH\Views\patientDashboard\number.php(121): CodeIgniter\Debug\Exceptions->errorHandler(2, 'Use of undefined constant userInfo - assumed \'userInfo\' (this will throw an Error in a future version of PHP)', 'APPPATH\\Views\\patientDashboard\\number.php', 121, [...])
 2 SYSTEMPATH\View\View.php(213): include('APPPATH\\Views\\patientDashboard\\number.php')
 3 SYSTEMPATH\View\View.php(216): CodeIgniter\View\View->CodeIgniter\View\{closure}()
 4 SYSTEMPATH\Common.php(1137): CodeIgniter\View\View->render('patientDashboard/number', [], true)
 5 APPPATH\Controllers\PatientDash.php(26): view('patientDashboard/number', [...])
 6 SYSTEMPATH\CodeIgniter.php(910): App\Controllers\PatientDash->number()
 7 SYSTEMPATH\CodeIgniter.php(469): CodeIgniter\CodeIgniter->runController(Object(App\Controllers\PatientDash))
 8 SYSTEMPATH\CodeIgniter.php(352): CodeIgniter\CodeIgniter->handleRequest(null, Object(Config\Cache), false)
 9 FCPATH\index.php(55): CodeIgniter\CodeIgniter->run()
10 SYSTEMPATH\Commands\Server\rewrite.php(46): require_once('FCPATH\\index.php')
CRITICAL - 2022-11-22 07:20:17 --> Use of undefined constant userInfo - assumed 'userInfo' (this will throw an Error in a future version of PHP)
in APPPATH\Views\patientDashboard\number.php on line 121.
 1 APPPATH\Views\patientDashboard\number.php(121): CodeIgniter\Debug\Exceptions->errorHandler(2, 'Use of undefined constant userInfo - assumed \'userInfo\' (this will throw an Error in a future version of PHP)', 'APPPATH\\Views\\patientDashboard\\number.php', 121, [...])
 2 SYSTEMPATH\View\View.php(213): include('APPPATH\\Views\\patientDashboard\\number.php')
 3 SYSTEMPATH\View\View.php(216): CodeIgniter\View\View->CodeIgniter\View\{closure}()
 4 SYSTEMPATH\Common.php(1137): CodeIgniter\View\View->render('patientDashboard/number', [], true)
 5 APPPATH\Controllers\PatientDash.php(26): view('patientDashboard/number', [...])
 6 SYSTEMPATH\CodeIgniter.php(910): App\Controllers\PatientDash->number()
 7 SYSTEMPATH\CodeIgniter.php(469): CodeIgniter\CodeIgniter->runController(Object(App\Controllers\PatientDash))
 8 SYSTEMPATH\CodeIgniter.php(352): CodeIgniter\CodeIgniter->handleRequest(null, Object(Config\Cache), false)
 9 FCPATH\index.php(55): CodeIgniter\CodeIgniter->run()
10 SYSTEMPATH\Commands\Server\rewrite.php(46): require_once('FCPATH\\index.php')
CRITICAL - 2022-11-22 07:25:00 --> Unable to connect to the API: cURL error 6: Could not resolve host: oauth2.googleapis.com (see https://curl.haxx.se/libcurl/c/libcurl-errors.html) for https://oauth2.googleapis.com/token
in VENDORPATH\kreait\firebase-php\src\Firebase\Exception\DatabaseApiExceptionConverter.php on line 36.
 1 VENDORPATH\kreait\firebase-php\src\Firebase\Database\ApiClient.php(180): Kreait\Firebase\Exception\DatabaseApiExceptionConverter->convertException(Object(GuzzleHttp\Exception\ConnectException))
 2 VENDORPATH\kreait\firebase-php\src\Firebase\Database\ApiClient.php(40): Kreait\Firebase\Database\ApiClient->requestApi('GET', '/queue')
 3 VENDORPATH\kreait\firebase-php\src\Firebase\Database\Reference.php(329): Kreait\Firebase\Database\ApiClient->get('/queue')
 4 VENDORPATH\kreait\firebase-php\src\Firebase\Database\Reference.php(296): Kreait\Firebase\Database\Reference->getSnapshot()
 5 APPPATH\Libraries\QueueLib.php(49): Kreait\Firebase\Database\Reference->getValue()
 6 APPPATH\Controllers\PatientDash.php(17): App\Libraries\QueueLib::readDataWaiting('2022-11-22')
 7 SYSTEMPATH\CodeIgniter.php(910): App\Controllers\PatientDash->number()
 8 SYSTEMPATH\CodeIgniter.php(469): CodeIgniter\CodeIgniter->runController(Object(App\Controllers\PatientDash))
 9 SYSTEMPATH\CodeIgniter.php(352): CodeIgniter\CodeIgniter->handleRequest(null, Object(Config\Cache), false)
10 FCPATH\index.php(55): CodeIgniter\CodeIgniter->run()
11 SYSTEMPATH\Commands\Server\rewrite.php(46): require_once('FCPATH\\index.php')
CRITICAL - 2022-11-22 07:25:19 --> Unable to connect to the API: cURL error 28: Operation timed out after 15012 milliseconds with 0 out of 0 bytes received (see https://curl.haxx.se/libcurl/c/libcurl-errors.html) for https://online-clinic-demo-default-rtdb.asia-southeast1.firebasedatabase.app/appointment.json
in VENDORPATH\kreait\firebase-php\src\Firebase\Exception\DatabaseApiExceptionConverter.php on line 36.
 1 VENDORPATH\kreait\firebase-php\src\Firebase\Database\ApiClient.php(180): Kreait\Firebase\Exception\DatabaseApiExceptionConverter->convertException(Object(GuzzleHttp\Exception\ConnectException))
 2 VENDORPATH\kreait\firebase-php\src\Firebase\Database\ApiClient.php(40): Kreait\Firebase\Database\ApiClient->requestApi('GET', '/appointment')
 3 VENDORPATH\kreait\firebase-php\src\Firebase\Database\Reference.php(329): Kreait\Firebase\Database\ApiClient->get('/appointment')
 4 VENDORPATH\kreait\firebase-php\src\Firebase\Database\Reference.php(296): Kreait\Firebase\Database\Reference->getSnapshot()
 5 APPPATH\Helpers\Form_helper.php(139): Kreait\Firebase\Database\Reference->getValue()
 6 APPPATH\Views\staff\index.php(41): countRecord('appointment', 'status', 'pending')
 7 SYSTEMPATH\View\View.php(213): include('APPPATH\\Views\\staff\\index.php')
 8 SYSTEMPATH\View\View.php(216): CodeIgniter\View\View->CodeIgniter\View\{closure}()
 9 SYSTEMPATH\Common.php(1137): CodeIgniter\View\View->render('staff/index', [], true)
10 APPPATH\Controllers\Staff.php(812): view('staff/index', [...])
11 SYSTEMPATH\CodeIgniter.php(910): App\Controllers\Staff->home()
12 SYSTEMPATH\CodeIgniter.php(469): CodeIgniter\CodeIgniter->runController(Object(App\Controllers\Staff))
13 SYSTEMPATH\CodeIgniter.php(352): CodeIgniter\CodeIgniter->handleRequest(null, Object(Config\Cache), false)
14 FCPATH\index.php(55): CodeIgniter\CodeIgniter->run()
15 SYSTEMPATH\Commands\Server\rewrite.php(46): require_once('FCPATH\\index.php')
CRITICAL - 2022-11-22 07:25:51 --> cURL error 56: OpenSSL SSL_read: Connection was reset, errno 10054 (see https://curl.haxx.se/libcurl/c/libcurl-errors.html) for https://oauth2.googleapis.com/token
in VENDORPATH\kreait\firebase-php\src\Firebase\Exception\DatabaseApiExceptionConverter.php on line 65.
 1 VENDORPATH\kreait\firebase-php\src\Firebase\Exception\DatabaseApiExceptionConverter.php(32): Kreait\Firebase\Exception\DatabaseApiExceptionConverter->convertGuzzleRequestException(Object(GuzzleHttp\Exception\RequestException))
 2 VENDORPATH\kreait\firebase-php\src\Firebase\Database\ApiClient.php(180): Kreait\Firebase\Exception\DatabaseApiExceptionConverter->convertException(Object(GuzzleHttp\Exception\RequestException))
 3 VENDORPATH\kreait\firebase-php\src\Firebase\Database\ApiClient.php(40): Kreait\Firebase\Database\ApiClient->requestApi('GET', '/patient')
 4 VENDORPATH\kreait\firebase-php\src\Firebase\Database\Reference.php(329): Kreait\Firebase\Database\ApiClient->get('/patient')
 5 VENDORPATH\kreait\firebase-php\src\Firebase\Database\Reference.php(296): Kreait\Firebase\Database\Reference->getSnapshot()
 6 APPPATH\Helpers\Form_helper.php(7): Kreait\Firebase\Database\Reference->getValue()
 7 APPPATH\Views\patientDashboard\number.php(121): readPatientKeyByIC('000101081001')
 8 SYSTEMPATH\View\View.php(213): include('APPPATH\\Views\\patientDashboard\\number.php')
 9 SYSTEMPATH\View\View.php(216): CodeIgniter\View\View->CodeIgniter\View\{closure}()
10 SYSTEMPATH\Common.php(1137): CodeIgniter\View\View->render('patientDashboard/number', [], true)
11 APPPATH\Controllers\PatientDash.php(26): view('patientDashboard/number', [...])
12 SYSTEMPATH\CodeIgniter.php(910): App\Controllers\PatientDash->number()
13 SYSTEMPATH\CodeIgniter.php(469): CodeIgniter\CodeIgniter->runController(Object(App\Controllers\PatientDash))
14 SYSTEMPATH\CodeIgniter.php(352): CodeIgniter\CodeIgniter->handleRequest(null, Object(Config\Cache), false)
15 FCPATH\index.php(55): CodeIgniter\CodeIgniter->run()
16 SYSTEMPATH\Commands\Server\rewrite.php(46): require_once('FCPATH\\index.php')
CRITICAL - 2022-11-22 21:34:58 --> Unable to connect to the API: cURL error 35: OpenSSL SSL_connect: Connection was reset in connection to online-clinic-demo-default-rtdb.asia-southeast1.firebasedatabase.app:443  (see https://curl.haxx.se/libcurl/c/libcurl-errors.html) for https://online-clinic-demo-default-rtdb.asia-southeast1.firebasedatabase.app/patient.json
in VENDORPATH\kreait\firebase-php\src\Firebase\Exception\DatabaseApiExceptionConverter.php on line 36.
 1 VENDORPATH\kreait\firebase-php\src\Firebase\Database\ApiClient.php(180): Kreait\Firebase\Exception\DatabaseApiExceptionConverter->convertException(Object(GuzzleHttp\Exception\ConnectException))
 2 VENDORPATH\kreait\firebase-php\src\Firebase\Database\ApiClient.php(40): Kreait\Firebase\Database\ApiClient->requestApi('GET', '/patient')
 3 VENDORPATH\kreait\firebase-php\src\Firebase\Database\Reference.php(329): Kreait\Firebase\Database\ApiClient->get('/patient')
 4 VENDORPATH\kreait\firebase-php\src\Firebase\Database\Reference.php(296): Kreait\Firebase\Database\Reference->getSnapshot()
 5 APPPATH\Helpers\Form_helper.php(255): Kreait\Firebase\Database\Reference->getValue()
 6 APPPATH\Views\staff\overview.php(206): getPatientInfoByEmail('-NH3gVIaRCi3BbAhCw5P', 'name')
 7 SYSTEMPATH\View\View.php(213): include('APPPATH\\Views\\staff\\overview.php')
 8 SYSTEMPATH\View\View.php(216): CodeIgniter\View\View->CodeIgniter\View\{closure}()
 9 SYSTEMPATH\Common.php(1137): CodeIgniter\View\View->render('staff/overview', [], true)
10 APPPATH\Controllers\Queue.php(107): view('staff/overview', [...])
11 SYSTEMPATH\CodeIgniter.php(910): App\Controllers\Queue->manage()
12 SYSTEMPATH\CodeIgniter.php(469): CodeIgniter\CodeIgniter->runController(Object(App\Controllers\Queue))
13 SYSTEMPATH\CodeIgniter.php(352): CodeIgniter\CodeIgniter->handleRequest(null, Object(Config\Cache), false)
14 FCPATH\index.php(55): CodeIgniter\CodeIgniter->run()
15 SYSTEMPATH\Commands\Server\rewrite.php(46): require_once('FCPATH\\index.php')
CRITICAL - 2022-11-22 21:36:57 --> Maximum execution time of 60 seconds exceeded
in VENDORPATH\guzzlehttp\guzzle\src\Handler\CurlFactory.php on line 563.
 1 [internal function]: CodeIgniter\Debug\Exceptions->shutdownHandler()
CRITICAL - 2022-11-22 21:38:19 --> Unable to connect to the API: cURL error 52: Empty reply from server (see https://curl.haxx.se/libcurl/c/libcurl-errors.html) for https://oauth2.googleapis.com/token
in VENDORPATH\kreait\firebase-php\src\Firebase\Exception\DatabaseApiExceptionConverter.php on line 36.
 1 VENDORPATH\kreait\firebase-php\src\Firebase\Database\ApiClient.php(180): Kreait\Firebase\Exception\DatabaseApiExceptionConverter->convertException(Object(GuzzleHttp\Exception\ConnectException))
 2 VENDORPATH\kreait\firebase-php\src\Firebase\Database\ApiClient.php(40): Kreait\Firebase\Database\ApiClient->requestApi('GET', '/patient')
 3 VENDORPATH\kreait\firebase-php\src\Firebase\Database\Reference.php(329): Kreait\Firebase\Database\ApiClient->get('/patient')
 4 VENDORPATH\kreait\firebase-php\src\Firebase\Database\Reference.php(296): Kreait\Firebase\Database\Reference->getSnapshot()
 5 APPPATH\Helpers\Form_helper.php(255): Kreait\Firebase\Database\Reference->getValue()
 6 APPPATH\Views\staff\overview.php(206): getPatientInfoByEmail('-NH3gVIaRCi3BbAhCw5P', 'name')
 7 SYSTEMPATH\View\View.php(213): include('APPPATH\\Views\\staff\\overview.php')
 8 SYSTEMPATH\View\View.php(216): CodeIgniter\View\View->CodeIgniter\View\{closure}()
 9 SYSTEMPATH\Common.php(1137): CodeIgniter\View\View->render('staff/overview', [], true)
10 APPPATH\Controllers\Queue.php(107): view('staff/overview', [...])
11 SYSTEMPATH\CodeIgniter.php(910): App\Controllers\Queue->manage()
12 SYSTEMPATH\CodeIgniter.php(469): CodeIgniter\CodeIgniter->runController(Object(App\Controllers\Queue))
13 SYSTEMPATH\CodeIgniter.php(352): CodeIgniter\CodeIgniter->handleRequest(null, Object(Config\Cache), false)
14 FCPATH\index.php(55): CodeIgniter\CodeIgniter->run()
15 SYSTEMPATH\Commands\Server\rewrite.php(46): require_once('FCPATH\\index.php')
CRITICAL - 2022-11-22 21:39:52 --> Unable to connect to the API: cURL error 28: Operation timed out after 15002 milliseconds with 0 out of 0 bytes received (see https://curl.haxx.se/libcurl/c/libcurl-errors.html) for https://online-clinic-demo-default-rtdb.asia-southeast1.firebasedatabase.app/patient.json
in VENDORPATH\kreait\firebase-php\src\Firebase\Exception\DatabaseApiExceptionConverter.php on line 36.
 1 VENDORPATH\kreait\firebase-php\src\Firebase\Database\ApiClient.php(180): Kreait\Firebase\Exception\DatabaseApiExceptionConverter->convertException(Object(GuzzleHttp\Exception\ConnectException))
 2 VENDORPATH\kreait\firebase-php\src\Firebase\Database\ApiClient.php(40): Kreait\Firebase\Database\ApiClient->requestApi('GET', '/patient')
 3 VENDORPATH\kreait\firebase-php\src\Firebase\Database\Reference.php(329): Kreait\Firebase\Database\ApiClient->get('/patient')
 4 VENDORPATH\kreait\firebase-php\src\Firebase\Database\Reference.php(296): Kreait\Firebase\Database\Reference->getSnapshot()
 5 APPPATH\Helpers\Form_helper.php(255): Kreait\Firebase\Database\Reference->getValue()
 6 APPPATH\Views\staff\overview.php(204): getPatientInfoByEmail('-NH3gVIaRCi3BbAhCw5P', 'ic')
 7 SYSTEMPATH\View\View.php(213): include('APPPATH\\Views\\staff\\overview.php')
 8 SYSTEMPATH\View\View.php(216): CodeIgniter\View\View->CodeIgniter\View\{closure}()
 9 SYSTEMPATH\Common.php(1137): CodeIgniter\View\View->render('staff/overview', [], true)
10 APPPATH\Controllers\Queue.php(107): view('staff/overview', [...])
11 SYSTEMPATH\CodeIgniter.php(910): App\Controllers\Queue->manage()
12 SYSTEMPATH\CodeIgniter.php(469): CodeIgniter\CodeIgniter->runController(Object(App\Controllers\Queue))
13 SYSTEMPATH\CodeIgniter.php(352): CodeIgniter\CodeIgniter->handleRequest(null, Object(Config\Cache), false)
14 FCPATH\index.php(55): CodeIgniter\CodeIgniter->run()
15 SYSTEMPATH\Commands\Server\rewrite.php(46): require_once('FCPATH\\index.php')
CRITICAL - 2022-11-22 07:41:11 --> Unable to connect to the API: cURL error 35: OpenSSL SSL_connect: Connection was reset in connection to online-clinic-demo-default-rtdb.asia-southeast1.firebasedatabase.app:443  (see https://curl.haxx.se/libcurl/c/libcurl-errors.html) for https://online-clinic-demo-default-rtdb.asia-southeast1.firebasedatabase.app/patient.json
in VENDORPATH\kreait\firebase-php\src\Firebase\Exception\DatabaseApiExceptionConverter.php on line 36.
 1 VENDORPATH\kreait\firebase-php\src\Firebase\Database\ApiClient.php(180): Kreait\Firebase\Exception\DatabaseApiExceptionConverter->convertException(Object(GuzzleHttp\Exception\ConnectException))
 2 VENDORPATH\kreait\firebase-php\src\Firebase\Database\ApiClient.php(40): Kreait\Firebase\Database\ApiClient->requestApi('GET', '/patient')
 3 VENDORPATH\kreait\firebase-php\src\Firebase\Database\Reference.php(329): Kreait\Firebase\Database\ApiClient->get('/patient')
 4 VENDORPATH\kreait\firebase-php\src\Firebase\Database\Reference.php(296): Kreait\Firebase\Database\Reference->getSnapshot()
 5 APPPATH\Helpers\Form_helper.php(7): Kreait\Firebase\Database\Reference->getValue()
 6 APPPATH\Views\patientDashboard\number.php(124): readPatientKeyByIC('000101081001')
 7 SYSTEMPATH\View\View.php(213): include('APPPATH\\Views\\patientDashboard\\number.php')
 8 SYSTEMPATH\View\View.php(216): CodeIgniter\View\View->CodeIgniter\View\{closure}()
 9 SYSTEMPATH\Common.php(1137): CodeIgniter\View\View->render('patientDashboard/number', [], true)
10 APPPATH\Controllers\PatientDash.php(26): view('patientDashboard/number', [...])
11 SYSTEMPATH\CodeIgniter.php(910): App\Controllers\PatientDash->number()
12 SYSTEMPATH\CodeIgniter.php(469): CodeIgniter\CodeIgniter->runController(Object(App\Controllers\PatientDash))
13 SYSTEMPATH\CodeIgniter.php(352): CodeIgniter\CodeIgniter->handleRequest(null, Object(Config\Cache), false)
14 FCPATH\index.php(55): CodeIgniter\CodeIgniter->run()
15 SYSTEMPATH\Commands\Server\rewrite.php(46): require_once('FCPATH\\index.php')
CRITICAL - 2022-11-22 21:59:36 --> Undefined index: ic
in APPPATH\Helpers\Form_helper.php on line 14.
 1 APPPATH\Helpers\Form_helper.php(14): CodeIgniter\Debug\Exceptions->errorHandler(8, 'Undefined index: ic', 'APPPATH\\Helpers\\Form_helper.php', 14, [...])
 2 APPPATH\Views\layout\dashboard-layout.php(246): checkIntheQueue('000101081001')
 3 SYSTEMPATH\View\View.php(213): include('APPPATH\\Views\\layout\\dashboard-layout.php')
 4 SYSTEMPATH\View\View.php(216): CodeIgniter\View\View->CodeIgniter\View\{closure}()
 5 SYSTEMPATH\View\View.php(229): CodeIgniter\View\View->render('layout/dashboard-layout', [], true)
 6 SYSTEMPATH\Common.php(1137): CodeIgniter\View\View->render('patientDashboard/index', [], true)
 7 APPPATH\Controllers\PatientDash.php(315): view('patientDashboard/index', [...])
 8 SYSTEMPATH\CodeIgniter.php(910): App\Controllers\PatientDash->home()
 9 SYSTEMPATH\CodeIgniter.php(469): CodeIgniter\CodeIgniter->runController(Object(App\Controllers\PatientDash))
10 SYSTEMPATH\CodeIgniter.php(352): CodeIgniter\CodeIgniter->handleRequest(null, Object(Config\Cache), false)
11 FCPATH\index.php(55): CodeIgniter\CodeIgniter->run()
12 SYSTEMPATH\Commands\Server\rewrite.php(46): require_once('FCPATH\\index.php')
CRITICAL - 2022-11-22 22:12:07 --> Unable to connect to the API: cURL error 28: Failed to connect to oauth2.googleapis.com port 443: Timed out (see https://curl.haxx.se/libcurl/c/libcurl-errors.html) for https://oauth2.googleapis.com/token
in VENDORPATH\kreait\firebase-php\src\Firebase\Exception\DatabaseApiExceptionConverter.php on line 36.
 1 VENDORPATH\kreait\firebase-php\src\Firebase\Database\ApiClient.php(180): Kreait\Firebase\Exception\DatabaseApiExceptionConverter->convertException(Object(GuzzleHttp\Exception\ConnectException))
 2 VENDORPATH\kreait\firebase-php\src\Firebase\Database\ApiClient.php(40): Kreait\Firebase\Database\ApiClient->requestApi('GET', '/queue')
 3 VENDORPATH\kreait\firebase-php\src\Firebase\Database\Reference.php(329): Kreait\Firebase\Database\ApiClient->get('/queue')
 4 VENDORPATH\kreait\firebase-php\src\Firebase\Database\Reference.php(296): Kreait\Firebase\Database\Reference->getSnapshot()
 5 APPPATH\Helpers\Form_helper.php(64): Kreait\Firebase\Database\Reference->getValue()
 6 APPPATH\Views\staff\overview.php(231): countQueue('progress', '2022-11-22')
 7 SYSTEMPATH\View\View.php(213): include('APPPATH\\Views\\staff\\overview.php')
 8 SYSTEMPATH\View\View.php(216): CodeIgniter\View\View->CodeIgniter\View\{closure}()
 9 SYSTEMPATH\Common.php(1137): CodeIgniter\View\View->render('staff/overview', [], true)
10 APPPATH\Controllers\Queue.php(107): view('staff/overview', [...])
11 SYSTEMPATH\CodeIgniter.php(910): App\Controllers\Queue->manage()
12 SYSTEMPATH\CodeIgniter.php(469): CodeIgniter\CodeIgniter->runController(Object(App\Controllers\Queue))
13 SYSTEMPATH\CodeIgniter.php(352): CodeIgniter\CodeIgniter->handleRequest(null, Object(Config\Cache), false)
14 FCPATH\index.php(55): CodeIgniter\CodeIgniter->run()
15 SYSTEMPATH\Commands\Server\rewrite.php(46): require_once('FCPATH\\index.php')
CRITICAL - 2022-11-22 22:12:32 --> cURL error 56: OpenSSL SSL_read: Connection was reset, errno 10054 (see https://curl.haxx.se/libcurl/c/libcurl-errors.html) for https://oauth2.googleapis.com/token
in VENDORPATH\kreait\firebase-php\src\Firebase\Exception\DatabaseApiExceptionConverter.php on line 65.
 1 VENDORPATH\kreait\firebase-php\src\Firebase\Exception\DatabaseApiExceptionConverter.php(32): Kreait\Firebase\Exception\DatabaseApiExceptionConverter->convertGuzzleRequestException(Object(GuzzleHttp\Exception\RequestException))
 2 VENDORPATH\kreait\firebase-php\src\Firebase\Database\ApiClient.php(180): Kreait\Firebase\Exception\DatabaseApiExceptionConverter->convertException(Object(GuzzleHttp\Exception\RequestException))
 3 VENDORPATH\kreait\firebase-php\src\Firebase\Database\ApiClient.php(40): Kreait\Firebase\Database\ApiClient->requestApi('GET', '/queue')
 4 VENDORPATH\kreait\firebase-php\src\Firebase\Database\Reference.php(329): Kreait\Firebase\Database\ApiClient->get('/queue')
 5 VENDORPATH\kreait\firebase-php\src\Firebase\Database\Reference.php(296): Kreait\Firebase\Database\Reference->getSnapshot()
 6 APPPATH\Helpers\Form_helper.php(64): Kreait\Firebase\Database\Reference->getValue()
 7 APPPATH\Views\staff\overview.php(176): countQueue('waiting', '2022-11-22')
 8 SYSTEMPATH\View\View.php(213): include('APPPATH\\Views\\staff\\overview.php')
 9 SYSTEMPATH\View\View.php(216): CodeIgniter\View\View->CodeIgniter\View\{closure}()
10 SYSTEMPATH\Common.php(1137): CodeIgniter\View\View->render('staff/overview', [], true)
11 APPPATH\Controllers\Queue.php(107): view('staff/overview', [...])
12 SYSTEMPATH\CodeIgniter.php(910): App\Controllers\Queue->manage()
13 SYSTEMPATH\CodeIgniter.php(469): CodeIgniter\CodeIgniter->runController(Object(App\Controllers\Queue))
14 SYSTEMPATH\CodeIgniter.php(352): CodeIgniter\CodeIgniter->handleRequest(null, Object(Config\Cache), false)
15 FCPATH\index.php(55): CodeIgniter\CodeIgniter->run()
16 SYSTEMPATH\Commands\Server\rewrite.php(46): require_once('FCPATH\\index.php')
CRITICAL - 2022-11-22 09:08:41 --> Unable to connect to the API: cURL error 52: Empty reply from server (see https://curl.haxx.se/libcurl/c/libcurl-errors.html) for https://oauth2.googleapis.com/token
in VENDORPATH\kreait\firebase-php\src\Firebase\Exception\DatabaseApiExceptionConverter.php on line 36.
 1 VENDORPATH\kreait\firebase-php\src\Firebase\Database\ApiClient.php(180): Kreait\Firebase\Exception\DatabaseApiExceptionConverter->convertException(Object(GuzzleHttp\Exception\ConnectException))
 2 VENDORPATH\kreait\firebase-php\src\Firebase\Database\ApiClient.php(40): Kreait\Firebase\Database\ApiClient->requestApi('GET', '/appointment')
 3 VENDORPATH\kreait\firebase-php\src\Firebase\Database\Reference.php(329): Kreait\Firebase\Database\ApiClient->get('/appointment')
 4 VENDORPATH\kreait\firebase-php\src\Firebase\Database\Reference.php(296): Kreait\Firebase\Database\Reference->getSnapshot()
 5 APPPATH\Libraries\PaymentLib.php(83): Kreait\Firebase\Database\Reference->getValue()
 6 APPPATH\Controllers\Payment.php(170): App\Libraries\PaymentLib::readData('assign88KK@gmail.com', 1, 5)
 7 SYSTEMPATH\CodeIgniter.php(910): App\Controllers\Payment->index()
 8 SYSTEMPATH\CodeIgniter.php(469): CodeIgniter\CodeIgniter->runController(Object(App\Controllers\Payment))
 9 SYSTEMPATH\CodeIgniter.php(352): CodeIgniter\CodeIgniter->handleRequest(null, Object(Config\Cache), false)
10 FCPATH\index.php(55): CodeIgniter\CodeIgniter->run()
11 SYSTEMPATH\Commands\Server\rewrite.php(46): require_once('FCPATH\\index.php')
CRITICAL - 2022-11-22 23:16:10 --> cURL error 56: OpenSSL SSL_read: Connection was reset, errno 10054 (see https://curl.haxx.se/libcurl/c/libcurl-errors.html) for https://oauth2.googleapis.com/token
in VENDORPATH\kreait\firebase-php\src\Firebase\Exception\DatabaseApiExceptionConverter.php on line 65.
 1 VENDORPATH\kreait\firebase-php\src\Firebase\Exception\DatabaseApiExceptionConverter.php(32): Kreait\Firebase\Exception\DatabaseApiExceptionConverter->convertGuzzleRequestException(Object(GuzzleHttp\Exception\RequestException))
 2 VENDORPATH\kreait\firebase-php\src\Firebase\Database\ApiClient.php(180): Kreait\Firebase\Exception\DatabaseApiExceptionConverter->convertException(Object(GuzzleHttp\Exception\RequestException))
 3 VENDORPATH\kreait\firebase-php\src\Firebase\Database\ApiClient.php(40): Kreait\Firebase\Database\ApiClient->requestApi('GET', '/patient')
 4 VENDORPATH\kreait\firebase-php\src\Firebase\Database\Reference.php(329): Kreait\Firebase\Database\ApiClient->get('/patient')
 5 VENDORPATH\kreait\firebase-php\src\Firebase\Database\Reference.php(296): Kreait\Firebase\Database\Reference->getSnapshot()
 6 APPPATH\Helpers\Form_helper.php(281): Kreait\Firebase\Database\Reference->getValue()
 7 APPPATH\Views\staff\overview.php(258): getPatientInfoByEmail('-NH3gVIaRCi3BbAhCw5P', 'ic')
 8 SYSTEMPATH\View\View.php(213): include('APPPATH\\Views\\staff\\overview.php')
 9 SYSTEMPATH\View\View.php(216): CodeIgniter\View\View->CodeIgniter\View\{closure}()
10 SYSTEMPATH\Common.php(1137): CodeIgniter\View\View->render('staff/overview', [], true)
11 APPPATH\Controllers\Queue.php(107): view('staff/overview', [...])
12 SYSTEMPATH\CodeIgniter.php(910): App\Controllers\Queue->manage()
13 SYSTEMPATH\CodeIgniter.php(469): CodeIgniter\CodeIgniter->runController(Object(App\Controllers\Queue))
14 SYSTEMPATH\CodeIgniter.php(352): CodeIgniter\CodeIgniter->handleRequest(null, Object(Config\Cache), false)
15 FCPATH\index.php(55): CodeIgniter\CodeIgniter->run()
16 SYSTEMPATH\Commands\Server\rewrite.php(46): require_once('FCPATH\\index.php')
CRITICAL - 2022-11-22 09:44:40 --> Undefined variable: allRecords
in APPPATH\Views\staff\inventory.php on line 362.
 1 APPPATH\Views\staff\inventory.php(362): CodeIgniter\Debug\Exceptions->errorHandler(8, 'Undefined variable: allRecords', 'APPPATH\\Views\\staff\\inventory.php', 362, [])
 2 SYSTEMPATH\View\View.php(213): include('APPPATH\\Views\\staff\\inventory.php')
 3 SYSTEMPATH\View\View.php(216): CodeIgniter\View\View->CodeIgniter\View\{closure}()
 4 SYSTEMPATH\Common.php(1137): CodeIgniter\View\View->render('staff/inventory', [], true)
 5 APPPATH\Controllers\Inventory.php(12): view('staff/inventory')
 6 SYSTEMPATH\CodeIgniter.php(910): App\Controllers\Inventory->index()
 7 SYSTEMPATH\CodeIgniter.php(469): CodeIgniter\CodeIgniter->runController(Object(App\Controllers\Inventory))
 8 SYSTEMPATH\CodeIgniter.php(352): CodeIgniter\CodeIgniter->handleRequest(null, Object(Config\Cache), false)
 9 FCPATH\index.php(55): CodeIgniter\CodeIgniter->run()
10 SYSTEMPATH\Commands\Server\rewrite.php(46): require_once('FCPATH\\index.php')
CRITICAL - 2022-11-22 09:47:50 --> Undefined variable: allRecords
in APPPATH\Views\staff\inventory.php on line 362.
 1 APPPATH\Views\staff\inventory.php(362): CodeIgniter\Debug\Exceptions->errorHandler(8, 'Undefined variable: allRecords', 'APPPATH\\Views\\staff\\inventory.php', 362, [])
 2 SYSTEMPATH\View\View.php(213): include('APPPATH\\Views\\staff\\inventory.php')
 3 SYSTEMPATH\View\View.php(216): CodeIgniter\View\View->CodeIgniter\View\{closure}()
 4 SYSTEMPATH\Common.php(1137): CodeIgniter\View\View->render('staff/inventory', [], true)
 5 APPPATH\Controllers\Inventory.php(63): view('staff/inventory')
 6 SYSTEMPATH\CodeIgniter.php(910): App\Controllers\Inventory->index()
 7 SYSTEMPATH\CodeIgniter.php(469): CodeIgniter\CodeIgniter->runController(Object(App\Controllers\Inventory))
 8 SYSTEMPATH\CodeIgniter.php(352): CodeIgniter\CodeIgniter->handleRequest(null, Object(Config\Cache), false)
 9 FCPATH\index.php(55): CodeIgniter\CodeIgniter->run()
10 SYSTEMPATH\Commands\Server\rewrite.php(46): require_once('FCPATH\\index.php')
CRITICAL - 2022-11-22 09:48:04 --> Undefined variable: allRecords
in APPPATH\Views\staff\inventory.php on line 362.
 1 APPPATH\Views\staff\inventory.php(362): CodeIgniter\Debug\Exceptions->errorHandler(8, 'Undefined variable: allRecords', 'APPPATH\\Views\\staff\\inventory.php', 362, [])
 2 SYSTEMPATH\View\View.php(213): include('APPPATH\\Views\\staff\\inventory.php')
 3 SYSTEMPATH\View\View.php(216): CodeIgniter\View\View->CodeIgniter\View\{closure}()
 4 SYSTEMPATH\Common.php(1137): CodeIgniter\View\View->render('staff/inventory', [], true)
 5 APPPATH\Controllers\Inventory.php(63): view('staff/inventory')
 6 SYSTEMPATH\CodeIgniter.php(910): App\Controllers\Inventory->index()
 7 SYSTEMPATH\CodeIgniter.php(469): CodeIgniter\CodeIgniter->runController(Object(App\Controllers\Inventory))
 8 SYSTEMPATH\CodeIgniter.php(352): CodeIgniter\CodeIgniter->handleRequest(null, Object(Config\Cache), false)
 9 FCPATH\index.php(55): CodeIgniter\CodeIgniter->run()
10 SYSTEMPATH\Commands\Server\rewrite.php(46): require_once('FCPATH\\index.php')
CRITICAL - 2022-11-22 09:49:00 --> Undefined variable: allRecords
in APPPATH\Views\staff\inventory.php on line 362.
 1 APPPATH\Views\staff\inventory.php(362): CodeIgniter\Debug\Exceptions->errorHandler(8, 'Undefined variable: allRecords', 'APPPATH\\Views\\staff\\inventory.php', 362, [])
 2 SYSTEMPATH\View\View.php(213): include('APPPATH\\Views\\staff\\inventory.php')
 3 SYSTEMPATH\View\View.php(216): CodeIgniter\View\View->CodeIgniter\View\{closure}()
 4 SYSTEMPATH\Common.php(1137): CodeIgniter\View\View->render('staff/inventory', [], true)
 5 APPPATH\Controllers\Inventory.php(63): view('staff/inventory')
 6 SYSTEMPATH\CodeIgniter.php(910): App\Controllers\Inventory->index()
 7 SYSTEMPATH\CodeIgniter.php(469): CodeIgniter\CodeIgniter->runController(Object(App\Controllers\Inventory))
 8 SYSTEMPATH\CodeIgniter.php(352): CodeIgniter\CodeIgniter->handleRequest(null, Object(Config\Cache), false)
 9 FCPATH\index.php(55): CodeIgniter\CodeIgniter->run()
10 SYSTEMPATH\Commands\Server\rewrite.php(46): require_once('FCPATH\\index.php')
CRITICAL - 2022-11-22 09:49:21 --> Undefined variable: page
in APPPATH\Views\staff\inventory.php on line 364.
 1 APPPATH\Views\staff\inventory.php(364): CodeIgniter\Debug\Exceptions->errorHandler(8, 'Undefined variable: page', 'APPPATH\\Views\\staff\\inventory.php', 364, [])
 2 SYSTEMPATH\View\View.php(213): include('APPPATH\\Views\\staff\\inventory.php')
 3 SYSTEMPATH\View\View.php(216): CodeIgniter\View\View->CodeIgniter\View\{closure}()
 4 SYSTEMPATH\Common.php(1137): CodeIgniter\View\View->render('staff/inventory', [], true)
 5 APPPATH\Controllers\Inventory.php(63): view('staff/inventory')
 6 SYSTEMPATH\CodeIgniter.php(910): App\Controllers\Inventory->index()
 7 SYSTEMPATH\CodeIgniter.php(469): CodeIgniter\CodeIgniter->runController(Object(App\Controllers\Inventory))
 8 SYSTEMPATH\CodeIgniter.php(352): CodeIgniter\CodeIgniter->handleRequest(null, Object(Config\Cache), false)
 9 FCPATH\index.php(55): CodeIgniter\CodeIgniter->run()
10 SYSTEMPATH\Commands\Server\rewrite.php(46): require_once('FCPATH\\index.php')
CRITICAL - 2022-11-22 09:49:37 --> Undefined variable: userInfo
in APPPATH\Views\layout\staffdashboard-layout.php on line 73.
 1 APPPATH\Views\layout\staffdashboard-layout.php(73): CodeIgniter\Debug\Exceptions->errorHandler(8, 'Undefined variable: userInfo', 'APPPATH\\Views\\layout\\staffdashboard-layout.php', 73, [])
 2 SYSTEMPATH\View\View.php(213): include('APPPATH\\Views\\layout\\staffdashboard-layout.php')
 3 SYSTEMPATH\View\View.php(216): CodeIgniter\View\View->CodeIgniter\View\{closure}()
 4 SYSTEMPATH\View\View.php(229): CodeIgniter\View\View->render('layout/staffdashboard-layout', [], true)
 5 SYSTEMPATH\Common.php(1137): CodeIgniter\View\View->render('staff/inventory', [], true)
 6 APPPATH\Controllers\Inventory.php(63): view('staff/inventory')
 7 SYSTEMPATH\CodeIgniter.php(910): App\Controllers\Inventory->index()
 8 SYSTEMPATH\CodeIgniter.php(469): CodeIgniter\CodeIgniter->runController(Object(App\Controllers\Inventory))
 9 SYSTEMPATH\CodeIgniter.php(352): CodeIgniter\CodeIgniter->handleRequest(null, Object(Config\Cache), false)
10 FCPATH\index.php(55): CodeIgniter\CodeIgniter->run()
11 SYSTEMPATH\Commands\Server\rewrite.php(46): require_once('FCPATH\\index.php')
CRITICAL - 2022-11-22 09:49:58 --> Undefined variable: userInfo
in APPPATH\Views\layout\staffdashboard-layout.php on line 73.
 1 APPPATH\Views\layout\staffdashboard-layout.php(73): CodeIgniter\Debug\Exceptions->errorHandler(8, 'Undefined variable: userInfo', 'APPPATH\\Views\\layout\\staffdashboard-layout.php', 73, [...])
 2 SYSTEMPATH\View\View.php(213): include('APPPATH\\Views\\layout\\staffdashboard-layout.php')
 3 SYSTEMPATH\View\View.php(216): CodeIgniter\View\View->CodeIgniter\View\{closure}()
 4 SYSTEMPATH\View\View.php(229): CodeIgniter\View\View->render('layout/staffdashboard-layout', [], true)
 5 SYSTEMPATH\Common.php(1137): CodeIgniter\View\View->render('staff/inventory', [], true)
 6 APPPATH\Controllers\Inventory.php(63): view('staff/inventory', [...])
 7 SYSTEMPATH\CodeIgniter.php(910): App\Controllers\Inventory->index()
 8 SYSTEMPATH\CodeIgniter.php(469): CodeIgniter\CodeIgniter->runController(Object(App\Controllers\Inventory))
 9 SYSTEMPATH\CodeIgniter.php(352): CodeIgniter\CodeIgniter->handleRequest(null, Object(Config\Cache), false)
10 FCPATH\index.php(55): CodeIgniter\CodeIgniter->run()
11 SYSTEMPATH\Commands\Server\rewrite.php(46): require_once('FCPATH\\index.php')
CRITICAL - 2022-11-22 09:50:30 --> Undefined variable: userInfo
in APPPATH\Views\layout\staffdashboard-layout.php on line 73.
 1 APPPATH\Views\layout\staffdashboard-layout.php(73): CodeIgniter\Debug\Exceptions->errorHandler(8, 'Undefined variable: userInfo', 'APPPATH\\Views\\layout\\staffdashboard-layout.php', 73, [...])
 2 SYSTEMPATH\View\View.php(213): include('APPPATH\\Views\\layout\\staffdashboard-layout.php')
 3 SYSTEMPATH\View\View.php(216): CodeIgniter\View\View->CodeIgniter\View\{closure}()
 4 SYSTEMPATH\View\View.php(229): CodeIgniter\View\View->render('layout/staffdashboard-layout', [], true)
 5 SYSTEMPATH\Common.php(1137): CodeIgniter\View\View->render('staff/inventory', [], true)
 6 APPPATH\Controllers\Inventory.php(65): view('staff/inventory', [...])
 7 SYSTEMPATH\CodeIgniter.php(910): App\Controllers\Inventory->index()
 8 SYSTEMPATH\CodeIgniter.php(469): CodeIgniter\CodeIgniter->runController(Object(App\Controllers\Inventory))
 9 SYSTEMPATH\CodeIgniter.php(352): CodeIgniter\CodeIgniter->handleRequest(null, Object(Config\Cache), false)
10 FCPATH\index.php(55): CodeIgniter\CodeIgniter->run()
11 SYSTEMPATH\Commands\Server\rewrite.php(46): require_once('FCPATH\\index.php')
CRITICAL - 2022-11-22 10:12:10 --> Call to undefined function set_value()
in APPPATH\Views\staff\addInventory.php on line 17.
 1 SYSTEMPATH\View\View.php(213): include()
 2 SYSTEMPATH\View\View.php(216): CodeIgniter\View\View->CodeIgniter\View\{closure}()
 3 SYSTEMPATH\Common.php(1137): CodeIgniter\View\View->render('staff/addInventory', [], true)
 4 APPPATH\Controllers\Inventory.php(17): view('staff/addInventory', [...])
 5 SYSTEMPATH\CodeIgniter.php(910): App\Controllers\Inventory->add()
 6 SYSTEMPATH\CodeIgniter.php(469): CodeIgniter\CodeIgniter->runController(Object(App\Controllers\Inventory))
 7 SYSTEMPATH\CodeIgniter.php(352): CodeIgniter\CodeIgniter->handleRequest(null, Object(Config\Cache), false)
 8 FCPATH\index.php(55): CodeIgniter\CodeIgniter->run()
 9 SYSTEMPATH\Commands\Server\rewrite.php(46): require_once('FCPATH\\index.php')
