CRITICAL - 2022-12-15 01:14:01 --> Unable to connect to the API: cURL error 6: Could not resolve host: oauth2.googleapis.com (see https://curl.haxx.se/libcurl/c/libcurl-errors.html) for https://oauth2.googleapis.com/token
in VENDORPATH\kreait\firebase-php\src\Firebase\Exception\DatabaseApiExceptionConverter.php on line 36.
 1 VENDORPATH\kreait\firebase-php\src\Firebase\Database\ApiClient.php(180): Kreait\Firebase\Exception\DatabaseApiExceptionConverter->convertException(Object(GuzzleHttp\Exception\ConnectException))
 2 VENDORPATH\kreait\firebase-php\src\Firebase\Database\ApiClient.php(40): Kreait\Firebase\Database\ApiClient->requestApi('GET', '/queue')
 3 VENDORPATH\kreait\firebase-php\src\Firebase\Database\Reference.php(329): Kreait\Firebase\Database\ApiClient->get('/queue')
 4 VENDORPATH\kreait\firebase-php\src\Firebase\Database\Reference.php(296): Kreait\Firebase\Database\Reference->getSnapshot()
 5 APPPATH\Libraries\QueueLib.php(603): Kreait\Firebase\Database\Reference->getValue()
 6 APPPATH\Controllers\Queuing.php(16): App\Libraries\QueueLib::readDataWaiting('2022-12-15')
 7 SYSTEMPATH\CodeIgniter.php(910): App\Controllers\Queuing->index()
 8 SYSTEMPATH\CodeIgniter.php(469): CodeIgniter\CodeIgniter->runController(Object(App\Controllers\Queuing))
 9 SYSTEMPATH\CodeIgniter.php(352): CodeIgniter\CodeIgniter->handleRequest(null, Object(Config\Cache), false)
10 FCPATH\index.php(55): CodeIgniter\CodeIgniter->run()
11 SYSTEMPATH\Commands\Server\rewrite.php(46): require_once('FCPATH\\index.php')
CRITICAL - 2022-12-15 10:21:58 --> Unable to connect to the API: cURL error 35: OpenSSL SSL_connect: Connection was reset in connection to online-clinic-demo-default-rtdb.asia-southeast1.firebasedatabase.app:443  (see https://curl.haxx.se/libcurl/c/libcurl-errors.html) for https://online-clinic-demo-default-rtdb.asia-southeast1.firebasedatabase.app/queue.json
in VENDORPATH\kreait\firebase-php\src\Firebase\Exception\DatabaseApiExceptionConverter.php on line 36.
 1 VENDORPATH\kreait\firebase-php\src\Firebase\Database\ApiClient.php(180): Kreait\Firebase\Exception\DatabaseApiExceptionConverter->convertException(Object(GuzzleHttp\Exception\ConnectException))
 2 VENDORPATH\kreait\firebase-php\src\Firebase\Database\ApiClient.php(40): Kreait\Firebase\Database\ApiClient->requestApi('GET', '/queue')
 3 VENDORPATH\kreait\firebase-php\src\Firebase\Database\Reference.php(329): Kreait\Firebase\Database\ApiClient->get('/queue')
 4 VENDORPATH\kreait\firebase-php\src\Firebase\Database\Reference.php(296): Kreait\Firebase\Database\Reference->getSnapshot()
 5 APPPATH\Libraries\QueueLib.php(603): Kreait\Firebase\Database\Reference->getValue()
 6 APPPATH\Controllers\Queue.php(100): App\Libraries\QueueLib::readDataWaiting('2022-12-15')
 7 SYSTEMPATH\CodeIgniter.php(910): App\Controllers\Queue->manage()
 8 SYSTEMPATH\CodeIgniter.php(469): CodeIgniter\CodeIgniter->runController(Object(App\Controllers\Queue))
 9 SYSTEMPATH\CodeIgniter.php(352): CodeIgniter\CodeIgniter->handleRequest(null, Object(Config\Cache), false)
10 FCPATH\index.php(55): CodeIgniter\CodeIgniter->run()
11 SYSTEMPATH\Commands\Server\rewrite.php(46): require_once('FCPATH\\index.php')
CRITICAL - 2022-12-15 10:22:59 --> Unable to connect to the API: cURL error 28: Operation timed out after 15000 milliseconds with 0 out of 0 bytes received (see https://curl.haxx.se/libcurl/c/libcurl-errors.html) for https://oauth2.googleapis.com/token
in VENDORPATH\kreait\firebase-php\src\Firebase\Exception\DatabaseApiExceptionConverter.php on line 36.
 1 VENDORPATH\kreait\firebase-php\src\Firebase\Database\ApiClient.php(180): Kreait\Firebase\Exception\DatabaseApiExceptionConverter->convertException(Object(GuzzleHttp\Exception\ConnectException))
 2 VENDORPATH\kreait\firebase-php\src\Firebase\Database\ApiClient.php(40): Kreait\Firebase\Database\ApiClient->requestApi('GET', '/queue')
 3 VENDORPATH\kreait\firebase-php\src\Firebase\Database\Reference.php(329): Kreait\Firebase\Database\ApiClient->get('/queue')
 4 VENDORPATH\kreait\firebase-php\src\Firebase\Database\Reference.php(296): Kreait\Firebase\Database\Reference->getSnapshot()
 5 APPPATH\Libraries\QueueLib.php(603): Kreait\Firebase\Database\Reference->getValue()
 6 APPPATH\Controllers\Queuing.php(16): App\Libraries\QueueLib::readDataWaiting('2022-12-15')
 7 SYSTEMPATH\CodeIgniter.php(910): App\Controllers\Queuing->index()
 8 SYSTEMPATH\CodeIgniter.php(469): CodeIgniter\CodeIgniter->runController(Object(App\Controllers\Queuing))
 9 SYSTEMPATH\CodeIgniter.php(352): CodeIgniter\CodeIgniter->handleRequest(null, Object(Config\Cache), false)
10 FCPATH\index.php(55): CodeIgniter\CodeIgniter->run()
11 SYSTEMPATH\Commands\Server\rewrite.php(46): require_once('FCPATH\\index.php')
CRITICAL - 2022-12-15 10:24:50 --> cURL error 56: OpenSSL SSL_read: Connection was reset, errno 10054 (see https://curl.haxx.se/libcurl/c/libcurl-errors.html) for https://online-clinic-demo-default-rtdb.asia-southeast1.firebasedatabase.app/queue.json
in VENDORPATH\kreait\firebase-php\src\Firebase\Exception\DatabaseApiExceptionConverter.php on line 65.
 1 VENDORPATH\kreait\firebase-php\src\Firebase\Exception\DatabaseApiExceptionConverter.php(32): Kreait\Firebase\Exception\DatabaseApiExceptionConverter->convertGuzzleRequestException(Object(GuzzleHttp\Exception\RequestException))
 2 VENDORPATH\kreait\firebase-php\src\Firebase\Database\ApiClient.php(180): Kreait\Firebase\Exception\DatabaseApiExceptionConverter->convertException(Object(GuzzleHttp\Exception\RequestException))
 3 VENDORPATH\kreait\firebase-php\src\Firebase\Database\ApiClient.php(40): Kreait\Firebase\Database\ApiClient->requestApi('GET', '/queue')
 4 VENDORPATH\kreait\firebase-php\src\Firebase\Database\Reference.php(329): Kreait\Firebase\Database\ApiClient->get('/queue')
 5 VENDORPATH\kreait\firebase-php\src\Firebase\Database\Reference.php(296): Kreait\Firebase\Database\Reference->getSnapshot()
 6 APPPATH\Libraries\QueueLib.php(260): Kreait\Firebase\Database\Reference->getValue()
 7 APPPATH\Controllers\Queue.php(101): App\Libraries\QueueLib::readDataProgress('2022-12-15')
 8 SYSTEMPATH\CodeIgniter.php(910): App\Controllers\Queue->manage()
 9 SYSTEMPATH\CodeIgniter.php(469): CodeIgniter\CodeIgniter->runController(Object(App\Controllers\Queue))
10 SYSTEMPATH\CodeIgniter.php(352): CodeIgniter\CodeIgniter->handleRequest(null, Object(Config\Cache), false)
11 FCPATH\index.php(55): CodeIgniter\CodeIgniter->run()
12 SYSTEMPATH\Commands\Server\rewrite.php(46): require_once('FCPATH\\index.php')
CRITICAL - 2022-12-15 18:24:56 --> Unable to connect to the API: cURL error 35: OpenSSL SSL_connect: Connection was reset in connection to online-clinic-demo-default-rtdb.asia-southeast1.firebasedatabase.app:443  (see https://curl.haxx.se/libcurl/c/libcurl-errors.html) for https://online-clinic-demo-default-rtdb.asia-southeast1.firebasedatabase.app/queue.json
in VENDORPATH\kreait\firebase-php\src\Firebase\Exception\DatabaseApiExceptionConverter.php on line 36.
 1 VENDORPATH\kreait\firebase-php\src\Firebase\Database\ApiClient.php(180): Kreait\Firebase\Exception\DatabaseApiExceptionConverter->convertException(Object(GuzzleHttp\Exception\ConnectException))
 2 VENDORPATH\kreait\firebase-php\src\Firebase\Database\ApiClient.php(40): Kreait\Firebase\Database\ApiClient->requestApi('GET', '/queue')
 3 VENDORPATH\kreait\firebase-php\src\Firebase\Database\Reference.php(329): Kreait\Firebase\Database\ApiClient->get('/queue')
 4 VENDORPATH\kreait\firebase-php\src\Firebase\Database\Reference.php(296): Kreait\Firebase\Database\Reference->getSnapshot()
 5 APPPATH\Libraries\QueueLib.php(641): Kreait\Firebase\Database\Reference->getValue()
 6 APPPATH\Controllers\Queue.php(104): App\Libraries\QueueLib::readDataToday('2022-12-15')
 7 SYSTEMPATH\CodeIgniter.php(910): App\Controllers\Queue->manage()
 8 SYSTEMPATH\CodeIgniter.php(469): CodeIgniter\CodeIgniter->runController(Object(App\Controllers\Queue))
 9 SYSTEMPATH\CodeIgniter.php(352): CodeIgniter\CodeIgniter->handleRequest(null, Object(Config\Cache), false)
10 FCPATH\index.php(55): CodeIgniter\CodeIgniter->run()
11 SYSTEMPATH\Commands\Server\rewrite.php(46): require_once('FCPATH\\index.php')
CRITICAL - 2022-12-15 18:25:10 --> cURL error 56: OpenSSL SSL_read: Connection was reset, errno 10054 (see https://curl.haxx.se/libcurl/c/libcurl-errors.html) for https://online-clinic-demo-default-rtdb.asia-southeast1.firebasedatabase.app/patient.json
in VENDORPATH\kreait\firebase-php\src\Firebase\Exception\DatabaseApiExceptionConverter.php on line 65.
 1 VENDORPATH\kreait\firebase-php\src\Firebase\Exception\DatabaseApiExceptionConverter.php(32): Kreait\Firebase\Exception\DatabaseApiExceptionConverter->convertGuzzleRequestException(Object(GuzzleHttp\Exception\RequestException))
 2 VENDORPATH\kreait\firebase-php\src\Firebase\Database\ApiClient.php(180): Kreait\Firebase\Exception\DatabaseApiExceptionConverter->convertException(Object(GuzzleHttp\Exception\RequestException))
 3 VENDORPATH\kreait\firebase-php\src\Firebase\Database\ApiClient.php(40): Kreait\Firebase\Database\ApiClient->requestApi('GET', '/patient')
 4 VENDORPATH\kreait\firebase-php\src\Firebase\Database\Reference.php(329): Kreait\Firebase\Database\ApiClient->get('/patient')
 5 VENDORPATH\kreait\firebase-php\src\Firebase\Database\Reference.php(296): Kreait\Firebase\Database\Reference->getSnapshot()
 6 APPPATH\Helpers\Form_helper.php(441): Kreait\Firebase\Database\Reference->getValue()
 7 APPPATH\Views\staff\overview.php(209): getPatientInfoByEmail('-NI58JnrgXRV70ipu9ND', 'name')
 8 SYSTEMPATH\View\View.php(213): include('APPPATH\\Views\\staff\\overview.php')
 9 SYSTEMPATH\View\View.php(216): CodeIgniter\View\View->CodeIgniter\View\{closure}()
10 SYSTEMPATH\Common.php(1137): CodeIgniter\View\View->render('staff/overview', [], true)
11 APPPATH\Controllers\Queue.php(110): view('staff/overview', [...])
12 SYSTEMPATH\CodeIgniter.php(910): App\Controllers\Queue->manage()
13 SYSTEMPATH\CodeIgniter.php(469): CodeIgniter\CodeIgniter->runController(Object(App\Controllers\Queue))
14 SYSTEMPATH\CodeIgniter.php(352): CodeIgniter\CodeIgniter->handleRequest(null, Object(Config\Cache), false)
15 FCPATH\index.php(55): CodeIgniter\CodeIgniter->run()
16 SYSTEMPATH\Commands\Server\rewrite.php(46): require_once('FCPATH\\index.php')
CRITICAL - 2022-12-15 23:36:09 --> cURL error 56: OpenSSL SSL_read: Connection was reset, errno 10054 (see https://curl.haxx.se/libcurl/c/libcurl-errors.html) for https://oauth2.googleapis.com/token
in VENDORPATH\kreait\firebase-php\src\Firebase\Exception\DatabaseApiExceptionConverter.php on line 65.
 1 VENDORPATH\kreait\firebase-php\src\Firebase\Exception\DatabaseApiExceptionConverter.php(32): Kreait\Firebase\Exception\DatabaseApiExceptionConverter->convertGuzzleRequestException(Object(GuzzleHttp\Exception\RequestException))
 2 VENDORPATH\kreait\firebase-php\src\Firebase\Database\ApiClient.php(180): Kreait\Firebase\Exception\DatabaseApiExceptionConverter->convertException(Object(GuzzleHttp\Exception\RequestException))
 3 VENDORPATH\kreait\firebase-php\src\Firebase\Database\ApiClient.php(40): Kreait\Firebase\Database\ApiClient->requestApi('GET', '/appointment')
 4 VENDORPATH\kreait\firebase-php\src\Firebase\Database\Reference.php(329): Kreait\Firebase\Database\ApiClient->get('/appointment')
 5 VENDORPATH\kreait\firebase-php\src\Firebase\Database\Reference.php(296): Kreait\Firebase\Database\Reference->getSnapshot()
 6 APPPATH\Helpers\Form_helper.php(8): Kreait\Firebase\Database\Reference->getValue()
 7 APPPATH\Views\layout\staffdashboard-layout.php(421): readAllMeetToday()
 8 SYSTEMPATH\View\View.php(213): include('APPPATH\\Views\\layout\\staffdashboard-layout.php')
 9 SYSTEMPATH\View\View.php(216): CodeIgniter\View\View->CodeIgniter\View\{closure}()
10 SYSTEMPATH\View\View.php(229): CodeIgniter\View\View->render('layout/staffdashboard-layout', [], true)
11 SYSTEMPATH\Common.php(1137): CodeIgniter\View\View->render('staff/overview', [], true)
12 APPPATH\Controllers\Queue.php(110): view('staff/overview', [...])
13 SYSTEMPATH\CodeIgniter.php(910): App\Controllers\Queue->manage()
14 SYSTEMPATH\CodeIgniter.php(469): CodeIgniter\CodeIgniter->runController(Object(App\Controllers\Queue))
15 SYSTEMPATH\CodeIgniter.php(352): CodeIgniter\CodeIgniter->handleRequest(null, Object(Config\Cache), false)
16 FCPATH\index.php(55): CodeIgniter\CodeIgniter->run()
17 SYSTEMPATH\Commands\Server\rewrite.php(46): require_once('FCPATH\\index.php')
CRITICAL - 2022-12-15 23:59:22 --> cURL error 56: OpenSSL SSL_read: Connection was reset, errno 10054 (see https://curl.haxx.se/libcurl/c/libcurl-errors.html) for https://oauth2.googleapis.com/token
in VENDORPATH\kreait\firebase-php\src\Firebase\Exception\DatabaseApiExceptionConverter.php on line 65.
 1 VENDORPATH\kreait\firebase-php\src\Firebase\Exception\DatabaseApiExceptionConverter.php(32): Kreait\Firebase\Exception\DatabaseApiExceptionConverter->convertGuzzleRequestException(Object(GuzzleHttp\Exception\RequestException))
 2 VENDORPATH\kreait\firebase-php\src\Firebase\Database\ApiClient.php(180): Kreait\Firebase\Exception\DatabaseApiExceptionConverter->convertException(Object(GuzzleHttp\Exception\RequestException))
 3 VENDORPATH\kreait\firebase-php\src\Firebase\Database\ApiClient.php(40): Kreait\Firebase\Database\ApiClient->requestApi('GET', '/queue')
 4 VENDORPATH\kreait\firebase-php\src\Firebase\Database\Reference.php(329): Kreait\Firebase\Database\ApiClient->get('/queue')
 5 VENDORPATH\kreait\firebase-php\src\Firebase\Database\Reference.php(296): Kreait\Firebase\Database\Reference->getSnapshot()
 6 APPPATH\Helpers\Form_helper.php(224): Kreait\Firebase\Database\Reference->getValue()
 7 APPPATH\Views\staff\overview.php(238): countQueue('progress', '2022-12-15')
 8 SYSTEMPATH\View\View.php(213): include('APPPATH\\Views\\staff\\overview.php')
 9 SYSTEMPATH\View\View.php(216): CodeIgniter\View\View->CodeIgniter\View\{closure}()
10 SYSTEMPATH\Common.php(1137): CodeIgniter\View\View->render('staff/overview', [], true)
11 APPPATH\Controllers\Queue.php(110): view('staff/overview', [...])
12 SYSTEMPATH\CodeIgniter.php(910): App\Controllers\Queue->manage()
13 SYSTEMPATH\CodeIgniter.php(469): CodeIgniter\CodeIgniter->runController(Object(App\Controllers\Queue))
14 SYSTEMPATH\CodeIgniter.php(352): CodeIgniter\CodeIgniter->handleRequest(null, Object(Config\Cache), false)
15 FCPATH\index.php(55): CodeIgniter\CodeIgniter->run()
16 SYSTEMPATH\Commands\Server\rewrite.php(46): require_once('FCPATH\\index.php')
