CRITICAL - 2022-12-05 00:00:31 --> Undefined index: name
in APPPATH\Views\staff\prescription.php on line 187.
 1 APPPATH\Views\staff\prescription.php(187): CodeIgniter\Debug\Exceptions->errorHandler(8, 'Undefined index: name', 'APPPATH\\Views\\staff\\prescription.php', 187, [...])
 2 SYSTEMPATH\View\View.php(213): include('APPPATH\\Views\\staff\\prescription.php')
 3 SYSTEMPATH\View\View.php(216): CodeIgniter\View\View->CodeIgniter\View\{closure}()
 4 SYSTEMPATH\Common.php(1137): CodeIgniter\View\View->render('staff/prescription', [], true)
 5 APPPATH\Controllers\Queue.php(305): view('staff/prescription', [...])
 6 SYSTEMPATH\CodeIgniter.php(910): App\Controllers\Queue->toBill()
 7 SYSTEMPATH\CodeIgniter.php(469): CodeIgniter\CodeIgniter->runController(Object(App\Controllers\Queue))
 8 SYSTEMPATH\CodeIgniter.php(352): CodeIgniter\CodeIgniter->handleRequest(null, Object(Config\Cache), false)
 9 FCPATH\index.php(55): CodeIgniter\CodeIgniter->run()
10 SYSTEMPATH\Commands\Server\rewrite.php(46): require_once('FCPATH\\index.php')
CRITICAL - 2022-12-05 00:02:36 --> Undefined index: name
in APPPATH\Views\staff\prescription.php on line 187.
 1 APPPATH\Views\staff\prescription.php(187): CodeIgniter\Debug\Exceptions->errorHandler(8, 'Undefined index: name', 'APPPATH\\Views\\staff\\prescription.php', 187, [...])
 2 SYSTEMPATH\View\View.php(213): include('APPPATH\\Views\\staff\\prescription.php')
 3 SYSTEMPATH\View\View.php(216): CodeIgniter\View\View->CodeIgniter\View\{closure}()
 4 SYSTEMPATH\Common.php(1137): CodeIgniter\View\View->render('staff/prescription', [], true)
 5 APPPATH\Controllers\Queue.php(305): view('staff/prescription', [...])
 6 SYSTEMPATH\CodeIgniter.php(910): App\Controllers\Queue->toBill()
 7 SYSTEMPATH\CodeIgniter.php(469): CodeIgniter\CodeIgniter->runController(Object(App\Controllers\Queue))
 8 SYSTEMPATH\CodeIgniter.php(352): CodeIgniter\CodeIgniter->handleRequest(null, Object(Config\Cache), false)
 9 FCPATH\index.php(55): CodeIgniter\CodeIgniter->run()
10 SYSTEMPATH\Commands\Server\rewrite.php(46): require_once('FCPATH\\index.php')
ERROR - 2022-12-05 02:45:19 --> Email: sendWithSmtp throwed ErrorException: fsockopen(): unable to connect to tls://smtp.gmail.com:465 (A connection attempt failed because the connected party did not properly respond after a period of time, or established connection failed because connected host has failed to respond.
) in C:\xampp\htdocs\CodeIgniter4-develop\system\Email\Email.php:1850
Stack trace:
#0 [internal function]: CodeIgniter\Debug\Exceptions->errorHandler(2, 'fsockopen(): un...', 'C:\\xampp\\htdocs...', 1850, Array)
#1 C:\xampp\htdocs\CodeIgniter4-develop\system\Email\Email.php(1850): fsockopen('tls://smtp.gmai...', 465, 10060, 'A connection at...', 20)
#2 C:\xampp\htdocs\CodeIgniter4-develop\system\Email\Email.php(1764): CodeIgniter\Email\Email->SMTPConnect()
#3 C:\xampp\htdocs\CodeIgniter4-develop\system\Email\Email.php(1654): CodeIgniter\Email\Email->sendWithSmtp()
#4 C:\xampp\htdocs\CodeIgniter4-develop\system\Email\Email.php(1552): CodeIgniter\Email\Email->spoolEmail()
#5 C:\xampp\htdocs\CodeIgniter4-develop\app\Controllers\Staff.php(506): CodeIgniter\Email\Email->send()
#6 C:\xampp\htdocs\CodeIgniter4-develop\system\CodeIgniter.php(910): App\Controllers\Staff->updateStatus()
#7 C:\xampp\htdocs\CodeIgniter4-develop\system\CodeIgniter.php(469): CodeIgniter\CodeIgniter->runController(Object(App\Controllers\Staff))
#8 C:\xampp\htdocs\CodeIgniter4-develop\system\CodeIgniter.php(352): CodeIgniter\CodeIgniter->handleRequest(NULL, Object(Config\Cache), false)
#9 C:\xampp\htdocs\CodeIgniter4-develop\public\index.php(55): CodeIgniter\CodeIgniter->run()
#10 C:\xampp\htdocs\CodeIgniter4-develop\system\Commands\Server\rewrite.php(46): require_once('C:\\xampp\\htdocs...')
#11 {main}
CRITICAL - 2022-12-05 03:56:44 --> Trying to access array offset on value of type null
in APPPATH\Views\layout\staffdashboard-layout.php on line 73.
 1 APPPATH\Views\layout\staffdashboard-layout.php(73): CodeIgniter\Debug\Exceptions->errorHandler(8, 'Trying to access array offset on value of type null', 'APPPATH\\Views\\layout\\staffdashboard-layout.php', 73, [...])
 2 SYSTEMPATH\View\View.php(213): include('APPPATH\\Views\\layout\\staffdashboard-layout.php')
 3 SYSTEMPATH\View\View.php(216): CodeIgniter\View\View->CodeIgniter\View\{closure}()
 4 SYSTEMPATH\View\View.php(229): CodeIgniter\View\View->render('layout/staffdashboard-layout', [], true)
 5 SYSTEMPATH\Common.php(1137): CodeIgniter\View\View->render('staff/patientRegister', [], true)
 6 APPPATH\Controllers\Patient.php(409): view('staff/patientRegister', [...])
 7 SYSTEMPATH\CodeIgniter.php(910): App\Controllers\Patient->index()
 8 SYSTEMPATH\CodeIgniter.php(469): CodeIgniter\CodeIgniter->runController(Object(App\Controllers\Patient))
 9 SYSTEMPATH\CodeIgniter.php(352): CodeIgniter\CodeIgniter->handleRequest(null, Object(Config\Cache), false)
10 FCPATH\index.php(55): CodeIgniter\CodeIgniter->run()
11 SYSTEMPATH\Commands\Server\rewrite.php(46): require_once('FCPATH\\index.php')
CRITICAL - 2022-12-05 03:57:35 --> Unable to connect to the API: cURL error 28: Connection timed out after 15001 milliseconds (see https://curl.haxx.se/libcurl/c/libcurl-errors.html) for https://online-clinic-demo-default-rtdb.asia-southeast1.firebasedatabase.app/users.json
in VENDORPATH\kreait\firebase-php\src\Firebase\Exception\DatabaseApiExceptionConverter.php on line 36.
 1 VENDORPATH\kreait\firebase-php\src\Firebase\Database\ApiClient.php(180): Kreait\Firebase\Exception\DatabaseApiExceptionConverter->convertException(Object(GuzzleHttp\Exception\ConnectException))
 2 VENDORPATH\kreait\firebase-php\src\Firebase\Database\ApiClient.php(40): Kreait\Firebase\Database\ApiClient->requestApi('GET', 'C:\\Users')
 3 VENDORPATH\kreait\firebase-php\src\Firebase\Database\Reference.php(329): Kreait\Firebase\Database\ApiClient->get('C:\\Users')
 4 VENDORPATH\kreait\firebase-php\src\Firebase\Database\Reference.php(296): Kreait\Firebase\Database\Reference->getSnapshot()
 5 APPPATH\Helpers\Form_helper.php(332): Kreait\Firebase\Database\Reference->getValue()
 6 APPPATH\Views\staff\consult.php(137): getUserInfoByEmail('johnnytalk321@gmail.com', 'name')
 7 SYSTEMPATH\View\View.php(213): include('APPPATH\\Views\\staff\\consult.php')
 8 SYSTEMPATH\View\View.php(216): CodeIgniter\View\View->CodeIgniter\View\{closure}()
 9 SYSTEMPATH\Common.php(1137): CodeIgniter\View\View->render('staff/consult', [], true)
10 APPPATH\Controllers\Staff.php(374): view('staff/consult', [...])
11 SYSTEMPATH\CodeIgniter.php(910): App\Controllers\Staff->consult()
12 SYSTEMPATH\CodeIgniter.php(469): CodeIgniter\CodeIgniter->runController(Object(App\Controllers\Staff))
13 SYSTEMPATH\CodeIgniter.php(352): CodeIgniter\CodeIgniter->handleRequest(null, Object(Config\Cache), false)
14 FCPATH\index.php(55): CodeIgniter\CodeIgniter->run()
15 SYSTEMPATH\Commands\Server\rewrite.php(46): require_once('FCPATH\\index.php')
CRITICAL - 2022-12-05 04:37:14 --> Unable to connect to the API: cURL error 6: Could not resolve host: oauth2.googleapis.com (see https://curl.haxx.se/libcurl/c/libcurl-errors.html) for https://oauth2.googleapis.com/token
in VENDORPATH\kreait\firebase-php\src\Firebase\Exception\DatabaseApiExceptionConverter.php on line 36.
 1 VENDORPATH\kreait\firebase-php\src\Firebase\Database\ApiClient.php(180): Kreait\Firebase\Exception\DatabaseApiExceptionConverter->convertException(Object(GuzzleHttp\Exception\ConnectException))
 2 VENDORPATH\kreait\firebase-php\src\Firebase\Database\ApiClient.php(40): Kreait\Firebase\Database\ApiClient->requestApi('GET', '/appointment')
 3 VENDORPATH\kreait\firebase-php\src\Firebase\Database\Reference.php(329): Kreait\Firebase\Database\ApiClient->get('/appointment')
 4 VENDORPATH\kreait\firebase-php\src\Firebase\Database\Reference.php(296): Kreait\Firebase\Database\Reference->getSnapshot()
 5 APPPATH\Helpers\Form_helper.php(250): Kreait\Firebase\Database\Reference->getValue()
 6 APPPATH\Views\patientDashboard\index.php(11): countRecord('appointment', 'user', 'finalyearprojectclinic@gmail.com')
 7 SYSTEMPATH\View\View.php(213): include('APPPATH\\Views\\patientDashboard\\index.php')
 8 SYSTEMPATH\View\View.php(216): CodeIgniter\View\View->CodeIgniter\View\{closure}()
 9 SYSTEMPATH\Common.php(1137): CodeIgniter\View\View->render('patientDashboard/index', [], true)
10 APPPATH\Controllers\PatientDash.php(319): view('patientDashboard/index', [...])
11 SYSTEMPATH\CodeIgniter.php(910): App\Controllers\PatientDash->home()
12 SYSTEMPATH\CodeIgniter.php(469): CodeIgniter\CodeIgniter->runController(Object(App\Controllers\PatientDash))
13 SYSTEMPATH\CodeIgniter.php(352): CodeIgniter\CodeIgniter->handleRequest(null, Object(Config\Cache), false)
14 FCPATH\index.php(55): CodeIgniter\CodeIgniter->run()
15 SYSTEMPATH\Commands\Server\rewrite.php(46): require_once('FCPATH\\index.php')
CRITICAL - 2022-12-05 05:27:06 --> Unable to connect to the API: cURL error 6: Could not resolve host: oauth2.googleapis.com (see https://curl.haxx.se/libcurl/c/libcurl-errors.html) for https://oauth2.googleapis.com/token
in VENDORPATH\kreait\firebase-php\src\Firebase\Exception\DatabaseApiExceptionConverter.php on line 36.
 1 VENDORPATH\kreait\firebase-php\src\Firebase\Database\ApiClient.php(180): Kreait\Firebase\Exception\DatabaseApiExceptionConverter->convertException(Object(GuzzleHttp\Exception\ConnectException))
 2 VENDORPATH\kreait\firebase-php\src\Firebase\Database\ApiClient.php(40): Kreait\Firebase\Database\ApiClient->requestApi('GET', '/appointment')
 3 VENDORPATH\kreait\firebase-php\src\Firebase\Database\Reference.php(329): Kreait\Firebase\Database\ApiClient->get('/appointment')
 4 VENDORPATH\kreait\firebase-php\src\Firebase\Database\Reference.php(296): Kreait\Firebase\Database\Reference->getSnapshot()
 5 APPPATH\Libraries\ConsultLib.php(348): Kreait\Firebase\Database\Reference->getValue()
 6 APPPATH\Controllers\Consult.php(21): App\Libraries\ConsultLib::checkRoom('hbd12', 'finalyearprojectclinic@gmail.com')
 7 SYSTEMPATH\CodeIgniter.php(910): App\Controllers\Consult->meet()
 8 SYSTEMPATH\CodeIgniter.php(469): CodeIgniter\CodeIgniter->runController(Object(App\Controllers\Consult))
 9 SYSTEMPATH\CodeIgniter.php(352): CodeIgniter\CodeIgniter->handleRequest(null, Object(Config\Cache), false)
10 FCPATH\index.php(55): CodeIgniter\CodeIgniter->run()
11 SYSTEMPATH\Commands\Server\rewrite.php(46): require_once('FCPATH\\index.php')
CRITICAL - 2022-12-05 09:47:29 --> Trying to access array offset on value of type null
in APPPATH\Controllers\Consult.php on line 21.
 1 APPPATH\Controllers\Consult.php(21): CodeIgniter\Debug\Exceptions->errorHandler(8, 'Trying to access array offset on value of type null', 'APPPATH\\Controllers\\Consult.php', 21, [...])
 2 SYSTEMPATH\CodeIgniter.php(910): App\Controllers\Consult->meet()
 3 SYSTEMPATH\CodeIgniter.php(469): CodeIgniter\CodeIgniter->runController(Object(App\Controllers\Consult))
 4 SYSTEMPATH\CodeIgniter.php(352): CodeIgniter\CodeIgniter->handleRequest(null, Object(Config\Cache), false)
 5 FCPATH\index.php(55): CodeIgniter\CodeIgniter->run()
 6 SYSTEMPATH\Commands\Server\rewrite.php(46): require_once('FCPATH\\index.php')
CRITICAL - 2022-12-05 10:13:34 --> Invalid file: patientDashboard/meetTest?room=.php
in SYSTEMPATH\Exceptions\FrameworkException.php on line 33.
 1 SYSTEMPATH\View\View.php(201): CodeIgniter\Exceptions\FrameworkException::forInvalidFile('patientDashboard/meetTest?room=.php')
 2 SYSTEMPATH\Common.php(1137): CodeIgniter\View\View->render('patientDashboard/meetTest?room=', [], true)
 3 APPPATH\Controllers\Consult.php(33): view('patientDashboard/meetTest?room=')
 4 SYSTEMPATH\CodeIgniter.php(910): App\Controllers\Consult->meet()
 5 SYSTEMPATH\CodeIgniter.php(469): CodeIgniter\CodeIgniter->runController(Object(App\Controllers\Consult))
 6 SYSTEMPATH\CodeIgniter.php(352): CodeIgniter\CodeIgniter->handleRequest(null, Object(Config\Cache), false)
 7 FCPATH\index.php(55): CodeIgniter\CodeIgniter->run()
 8 SYSTEMPATH\Commands\Server\rewrite.php(46): require_once('FCPATH\\index.php')
CRITICAL - 2022-12-05 10:17:20 --> Undefined variable: date
in APPPATH\Controllers\Consult.php on line 34.
 1 APPPATH\Controllers\Consult.php(34): CodeIgniter\Debug\Exceptions->errorHandler(8, 'Undefined variable: date', 'APPPATH\\Controllers\\Consult.php', 34, [...])
 2 SYSTEMPATH\CodeIgniter.php(910): App\Controllers\Consult->meet()
 3 SYSTEMPATH\CodeIgniter.php(469): CodeIgniter\CodeIgniter->runController(Object(App\Controllers\Consult))
 4 SYSTEMPATH\CodeIgniter.php(352): CodeIgniter\CodeIgniter->handleRequest(null, Object(Config\Cache), false)
 5 FCPATH\index.php(55): CodeIgniter\CodeIgniter->run()
 6 SYSTEMPATH\Commands\Server\rewrite.php(46): require_once('FCPATH\\index.php')
CRITICAL - 2022-12-05 10:17:39 --> The route for "booking/muktinath?room=11" cannot be found.
in SYSTEMPATH\HTTP\RedirectResponse.php on line 60.
 1 SYSTEMPATH\HTTP\RedirectResponse.php(60): CodeIgniter\HTTP\Exceptions\HTTPException::forInvalidRedirectRoute('booking/muktinath?room=11')
 2 SYSTEMPATH\Common.php(864): CodeIgniter\HTTP\RedirectResponse->route(false)
 3 APPPATH\Controllers\Consult.php(34): redirect('booking/muktinath?room=11')
 4 SYSTEMPATH\CodeIgniter.php(910): App\Controllers\Consult->meet()
 5 SYSTEMPATH\CodeIgniter.php(469): CodeIgniter\CodeIgniter->runController(Object(App\Controllers\Consult))
 6 SYSTEMPATH\CodeIgniter.php(352): CodeIgniter\CodeIgniter->handleRequest(null, Object(Config\Cache), false)
 7 FCPATH\index.php(55): CodeIgniter\CodeIgniter->run()
 8 SYSTEMPATH\Commands\Server\rewrite.php(46): require_once('FCPATH\\index.php')
CRITICAL - 2022-12-05 19:15:00 --> Unable to connect to the API: cURL error 6: Could not resolve host: oauth2.googleapis.com (see https://curl.haxx.se/libcurl/c/libcurl-errors.html) for https://oauth2.googleapis.com/token
in VENDORPATH\kreait\firebase-php\src\Firebase\Exception\DatabaseApiExceptionConverter.php on line 36.
 1 VENDORPATH\kreait\firebase-php\src\Firebase\Database\ApiClient.php(180): Kreait\Firebase\Exception\DatabaseApiExceptionConverter->convertException(Object(GuzzleHttp\Exception\ConnectException))
 2 VENDORPATH\kreait\firebase-php\src\Firebase\Database\ApiClient.php(40): Kreait\Firebase\Database\ApiClient->requestApi('GET', 'C:\\Users')
 3 VENDORPATH\kreait\firebase-php\src\Firebase\Database\Reference.php(329): Kreait\Firebase\Database\ApiClient->get('C:\\Users')
 4 VENDORPATH\kreait\firebase-php\src\Firebase\Database\Reference.php(296): Kreait\Firebase\Database\Reference->getSnapshot()
 5 APPPATH\Validation\RegisterRules.php(161): Kreait\Firebase\Database\Reference->getValue()
 6 SYSTEMPATH\Validation\Validation.php(308): App\Validation\RegisterRules->checkRegisterServiceEmail('finalyearprojectclinic@gmail.com', 'email', [...], null)
 7 SYSTEMPATH\Validation\Validation.php(175): CodeIgniter\Validation\Validation->processRules('email', 'email', 'finalyearprojectclinic@gmail.com', [...], [...])
 8 SYSTEMPATH\Controller.php(140): CodeIgniter\Validation\Validation->run()
 9 APPPATH\Controllers\Auth.php(324): CodeIgniter\Controller->validate([...])
10 SYSTEMPATH\CodeIgniter.php(910): App\Controllers\Auth->check()
11 SYSTEMPATH\CodeIgniter.php(469): CodeIgniter\CodeIgniter->runController(Object(App\Controllers\Auth))
12 SYSTEMPATH\CodeIgniter.php(352): CodeIgniter\CodeIgniter->handleRequest(null, Object(Config\Cache), false)
13 FCPATH\index.php(55): CodeIgniter\CodeIgniter->run()
14 SYSTEMPATH\Commands\Server\rewrite.php(46): require_once('FCPATH\\index.php')
CRITICAL - 2022-12-05 19:15:43 --> Undefined variable: roomInfo
in APPPATH\Views\patientDashboard\meet.php on line 130.
 1 APPPATH\Views\patientDashboard\meet.php(130): CodeIgniter\Debug\Exceptions->errorHandler(8, 'Undefined variable: roomInfo', 'APPPATH\\Views\\patientDashboard\\meet.php', 130, [])
 2 SYSTEMPATH\View\View.php(213): include('APPPATH\\Views\\patientDashboard\\meet.php')
 3 SYSTEMPATH\View\View.php(216): CodeIgniter\View\View->CodeIgniter\View\{closure}()
 4 SYSTEMPATH\Common.php(1137): CodeIgniter\View\View->render('patientDashboard/meet', [], true)
 5 APPPATH\Controllers\Consult.php(34): view('patientDashboard/meet')
 6 SYSTEMPATH\CodeIgniter.php(910): App\Controllers\Consult->meet()
 7 SYSTEMPATH\CodeIgniter.php(469): CodeIgniter\CodeIgniter->runController(Object(App\Controllers\Consult))
 8 SYSTEMPATH\CodeIgniter.php(352): CodeIgniter\CodeIgniter->handleRequest(null, Object(Config\Cache), false)
 9 FCPATH\index.php(55): CodeIgniter\CodeIgniter->run()
10 SYSTEMPATH\Commands\Server\rewrite.php(46): require_once('FCPATH\\index.php')
CRITICAL - 2022-12-05 19:15:54 --> Undefined variable: roomInfo
in APPPATH\Views\patientDashboard\meet.php on line 130.
 1 APPPATH\Views\patientDashboard\meet.php(130): CodeIgniter\Debug\Exceptions->errorHandler(8, 'Undefined variable: roomInfo', 'APPPATH\\Views\\patientDashboard\\meet.php', 130, [])
 2 SYSTEMPATH\View\View.php(213): include('APPPATH\\Views\\patientDashboard\\meet.php')
 3 SYSTEMPATH\View\View.php(216): CodeIgniter\View\View->CodeIgniter\View\{closure}()
 4 SYSTEMPATH\Common.php(1137): CodeIgniter\View\View->render('patientDashboard/meet', [], true)
 5 APPPATH\Controllers\Consult.php(34): view('patientDashboard/meet')
 6 SYSTEMPATH\CodeIgniter.php(910): App\Controllers\Consult->meet()
 7 SYSTEMPATH\CodeIgniter.php(469): CodeIgniter\CodeIgniter->runController(Object(App\Controllers\Consult))
 8 SYSTEMPATH\CodeIgniter.php(352): CodeIgniter\CodeIgniter->handleRequest(null, Object(Config\Cache), false)
 9 FCPATH\index.php(55): CodeIgniter\CodeIgniter->run()
10 SYSTEMPATH\Commands\Server\rewrite.php(46): require_once('FCPATH\\index.php')
CRITICAL - 2022-12-05 19:16:28 --> Undefined variable: roomInfo
in APPPATH\Views\patientDashboard\meet.php on line 130.
 1 APPPATH\Views\patientDashboard\meet.php(130): CodeIgniter\Debug\Exceptions->errorHandler(8, 'Undefined variable: roomInfo', 'APPPATH\\Views\\patientDashboard\\meet.php', 130, [])
 2 SYSTEMPATH\View\View.php(213): include('APPPATH\\Views\\patientDashboard\\meet.php')
 3 SYSTEMPATH\View\View.php(216): CodeIgniter\View\View->CodeIgniter\View\{closure}()
 4 SYSTEMPATH\Common.php(1137): CodeIgniter\View\View->render('patientDashboard/meet', [], true)
 5 APPPATH\Controllers\Consult.php(34): view('patientDashboard/meet')
 6 SYSTEMPATH\CodeIgniter.php(910): App\Controllers\Consult->meet()
 7 SYSTEMPATH\CodeIgniter.php(469): CodeIgniter\CodeIgniter->runController(Object(App\Controllers\Consult))
 8 SYSTEMPATH\CodeIgniter.php(352): CodeIgniter\CodeIgniter->handleRequest(null, Object(Config\Cache), false)
 9 FCPATH\index.php(55): CodeIgniter\CodeIgniter->run()
10 SYSTEMPATH\Commands\Server\rewrite.php(46): require_once('FCPATH\\index.php')
CRITICAL - 2022-12-05 19:42:41 --> Trying to access array offset on value of type null
in APPPATH\Controllers\Consult.php on line 21.
 1 APPPATH\Controllers\Consult.php(21): CodeIgniter\Debug\Exceptions->errorHandler(8, 'Trying to access array offset on value of type null', 'APPPATH\\Controllers\\Consult.php', 21, [...])
 2 SYSTEMPATH\CodeIgniter.php(910): App\Controllers\Consult->meet()
 3 SYSTEMPATH\CodeIgniter.php(469): CodeIgniter\CodeIgniter->runController(Object(App\Controllers\Consult))
 4 SYSTEMPATH\CodeIgniter.php(352): CodeIgniter\CodeIgniter->handleRequest(null, Object(Config\Cache), false)
 5 FCPATH\index.php(55): CodeIgniter\CodeIgniter->run()
 6 SYSTEMPATH\Commands\Server\rewrite.php(46): require_once('FCPATH\\index.php')
CRITICAL - 2022-12-05 19:47:11 --> Trying to access array offset on value of type null
in APPPATH\Controllers\Consult.php on line 21.
 1 APPPATH\Controllers\Consult.php(21): CodeIgniter\Debug\Exceptions->errorHandler(8, 'Trying to access array offset on value of type null', 'APPPATH\\Controllers\\Consult.php', 21, [...])
 2 SYSTEMPATH\CodeIgniter.php(910): App\Controllers\Consult->meet()
 3 SYSTEMPATH\CodeIgniter.php(469): CodeIgniter\CodeIgniter->runController(Object(App\Controllers\Consult))
 4 SYSTEMPATH\CodeIgniter.php(352): CodeIgniter\CodeIgniter->handleRequest(null, Object(Config\Cache), false)
 5 FCPATH\index.php(55): CodeIgniter\CodeIgniter->run()
 6 SYSTEMPATH\Commands\Server\rewrite.php(46): require_once('FCPATH\\index.php')
CRITICAL - 2022-12-05 19:49:48 --> Trying to access array offset on value of type null
in APPPATH\Controllers\Consult.php on line 21.
 1 APPPATH\Controllers\Consult.php(21): CodeIgniter\Debug\Exceptions->errorHandler(8, 'Trying to access array offset on value of type null', 'APPPATH\\Controllers\\Consult.php', 21, [...])
 2 SYSTEMPATH\CodeIgniter.php(910): App\Controllers\Consult->meet()
 3 SYSTEMPATH\CodeIgniter.php(469): CodeIgniter\CodeIgniter->runController(Object(App\Controllers\Consult))
 4 SYSTEMPATH\CodeIgniter.php(352): CodeIgniter\CodeIgniter->handleRequest(null, Object(Config\Cache), false)
 5 FCPATH\index.php(55): CodeIgniter\CodeIgniter->run()
 6 SYSTEMPATH\Commands\Server\rewrite.php(46): require_once('FCPATH\\index.php')
CRITICAL - 2022-12-05 21:08:56 --> Undefined variable: queueID
in APPPATH\Views\staff\consult.php on line 246.
 1 APPPATH\Views\staff\consult.php(246): CodeIgniter\Debug\Exceptions->errorHandler(8, 'Undefined variable: queueID', 'APPPATH\\Views\\staff\\consult.php', 246, [...])
 2 SYSTEMPATH\View\View.php(213): include('APPPATH\\Views\\staff\\consult.php')
 3 SYSTEMPATH\View\View.php(216): CodeIgniter\View\View->CodeIgniter\View\{closure}()
 4 SYSTEMPATH\Common.php(1137): CodeIgniter\View\View->render('staff/consult', [], true)
 5 APPPATH\Controllers\Staff.php(375): view('staff/consult', [...])
 6 SYSTEMPATH\CodeIgniter.php(910): App\Controllers\Staff->consult()
 7 SYSTEMPATH\CodeIgniter.php(469): CodeIgniter\CodeIgniter->runController(Object(App\Controllers\Staff))
 8 SYSTEMPATH\CodeIgniter.php(352): CodeIgniter\CodeIgniter->handleRequest(null, Object(Config\Cache), false)
 9 FCPATH\index.php(55): CodeIgniter\CodeIgniter->run()
10 SYSTEMPATH\Commands\Server\rewrite.php(46): require_once('FCPATH\\index.php')
CRITICAL - 2022-12-05 22:03:21 --> Undefined variable: row
in APPPATH\Views\patientDashboard\meet.php on line 155.
 1 APPPATH\Views\patientDashboard\meet.php(155): CodeIgniter\Debug\Exceptions->errorHandler(8, 'Undefined variable: row', 'APPPATH\\Views\\patientDashboard\\meet.php', 155, [...])
 2 SYSTEMPATH\View\View.php(213): include('APPPATH\\Views\\patientDashboard\\meet.php')
 3 SYSTEMPATH\View\View.php(216): CodeIgniter\View\View->CodeIgniter\View\{closure}()
 4 SYSTEMPATH\Common.php(1137): CodeIgniter\View\View->render('patientDashboard/meet', [], true)
 5 APPPATH\Controllers\Consult.php(41): view('patientDashboard/meet', [...])
 6 SYSTEMPATH\CodeIgniter.php(910): App\Controllers\Consult->meet()
 7 SYSTEMPATH\CodeIgniter.php(469): CodeIgniter\CodeIgniter->runController(Object(App\Controllers\Consult))
 8 SYSTEMPATH\CodeIgniter.php(352): CodeIgniter\CodeIgniter->handleRequest(null, Object(Config\Cache), false)
 9 FCPATH\index.php(55): CodeIgniter\CodeIgniter->run()
10 SYSTEMPATH\Commands\Server\rewrite.php(46): require_once('FCPATH\\index.php')
CRITICAL - 2022-12-05 22:03:43 --> Undefined variable: row
in APPPATH\Views\patientDashboard\meet.php on line 156.
 1 APPPATH\Views\patientDashboard\meet.php(156): CodeIgniter\Debug\Exceptions->errorHandler(8, 'Undefined variable: row', 'APPPATH\\Views\\patientDashboard\\meet.php', 156, [...])
 2 SYSTEMPATH\View\View.php(213): include('APPPATH\\Views\\patientDashboard\\meet.php')
 3 SYSTEMPATH\View\View.php(216): CodeIgniter\View\View->CodeIgniter\View\{closure}()
 4 SYSTEMPATH\Common.php(1137): CodeIgniter\View\View->render('patientDashboard/meet', [], true)
 5 APPPATH\Controllers\Consult.php(41): view('patientDashboard/meet', [...])
 6 SYSTEMPATH\CodeIgniter.php(910): App\Controllers\Consult->meet()
 7 SYSTEMPATH\CodeIgniter.php(469): CodeIgniter\CodeIgniter->runController(Object(App\Controllers\Consult))
 8 SYSTEMPATH\CodeIgniter.php(352): CodeIgniter\CodeIgniter->handleRequest(null, Object(Config\Cache), false)
 9 FCPATH\index.php(55): CodeIgniter\CodeIgniter->run()
10 SYSTEMPATH\Commands\Server\rewrite.php(46): require_once('FCPATH\\index.php')
