CRITICAL - 2022-11-10 09:59:13 --> A non well formed numeric value encountered
in APPPATH\Controllers\Appointment.php on line 11.
 1 APPPATH\Controllers\Appointment.php(11): CodeIgniter\Debug\Exceptions->errorHandler(8, 'A non well formed numeric value encountered', 'APPPATH\\Controllers\\Appointment.php', 11, [])
 2 SYSTEMPATH\CodeIgniter.php(910): App\Controllers\Appointment->time()
 3 SYSTEMPATH\CodeIgniter.php(469): CodeIgniter\CodeIgniter->runController(Object(App\Controllers\Appointment))
 4 SYSTEMPATH\CodeIgniter.php(352): CodeIgniter\CodeIgniter->handleRequest(null, Object(Config\Cache), false)
 5 FCPATH\index.php(55): CodeIgniter\CodeIgniter->run()
 6 SYSTEMPATH\Commands\Server\rewrite.php(46): require_once('FCPATH\\index.php')
CRITICAL - 2022-11-10 09:59:40 --> A non well formed numeric value encountered
in APPPATH\Controllers\Appointment.php on line 12.
 1 APPPATH\Controllers\Appointment.php(12): CodeIgniter\Debug\Exceptions->errorHandler(8, 'A non well formed numeric value encountered', 'APPPATH\\Controllers\\Appointment.php', 12, [...])
 2 SYSTEMPATH\CodeIgniter.php(910): App\Controllers\Appointment->time()
 3 SYSTEMPATH\CodeIgniter.php(469): CodeIgniter\CodeIgniter->runController(Object(App\Controllers\Appointment))
 4 SYSTEMPATH\CodeIgniter.php(352): CodeIgniter\CodeIgniter->handleRequest(null, Object(Config\Cache), false)
 5 FCPATH\index.php(55): CodeIgniter\CodeIgniter->run()
 6 SYSTEMPATH\Commands\Server\rewrite.php(46): require_once('FCPATH\\index.php')
CRITICAL - 2022-11-10 10:00:01 --> A non well formed numeric value encountered
in APPPATH\Controllers\Appointment.php on line 12.
 1 APPPATH\Controllers\Appointment.php(12): CodeIgniter\Debug\Exceptions->errorHandler(8, 'A non well formed numeric value encountered', 'APPPATH\\Controllers\\Appointment.php', 12, [...])
 2 SYSTEMPATH\CodeIgniter.php(910): App\Controllers\Appointment->time()
 3 SYSTEMPATH\CodeIgniter.php(469): CodeIgniter\CodeIgniter->runController(Object(App\Controllers\Appointment))
 4 SYSTEMPATH\CodeIgniter.php(352): CodeIgniter\CodeIgniter->handleRequest(null, Object(Config\Cache), false)
 5 FCPATH\index.php(55): CodeIgniter\CodeIgniter->run()
 6 SYSTEMPATH\Commands\Server\rewrite.php(46): require_once('FCPATH\\index.php')
CRITICAL - 2022-11-10 10:01:16 --> A non well formed numeric value encountered
in APPPATH\Controllers\Appointment.php on line 12.
 1 [internal function]: CodeIgniter\Debug\Exceptions->errorHandler(8, 'A non well formed numeric value encountered', 'APPPATH\\Controllers\\Appointment.php', 12, [...])
 2 APPPATH\Controllers\Appointment.php(12): strtotime('+30 minutes', '10:01')
 3 SYSTEMPATH\CodeIgniter.php(910): App\Controllers\Appointment->time()
 4 SYSTEMPATH\CodeIgniter.php(469): CodeIgniter\CodeIgniter->runController(Object(App\Controllers\Appointment))
 5 SYSTEMPATH\CodeIgniter.php(352): CodeIgniter\CodeIgniter->handleRequest(null, Object(Config\Cache), false)
 6 FCPATH\index.php(55): CodeIgniter\CodeIgniter->run()
 7 SYSTEMPATH\Commands\Server\rewrite.php(46): require_once('FCPATH\\index.php')
CRITICAL - 2022-11-10 10:42:39 --> A non well formed numeric value encountered
in APPPATH\Controllers\Appointment.php on line 39.
 1 [internal function]: CodeIgniter\Debug\Exceptions->errorHandler(8, 'A non well formed numeric value encountered', 'APPPATH\\Controllers\\Appointment.php', 39, [...])
 2 APPPATH\Controllers\Appointment.php(39): strtotime('+30 minutes', '10:42')
 3 APPPATH\Controllers\Appointment.php(32): App\Controllers\Appointment->x_seconds(1668052800)
 4 SYSTEMPATH\CodeIgniter.php(910): App\Controllers\Appointment->time2()
 5 SYSTEMPATH\CodeIgniter.php(469): CodeIgniter\CodeIgniter->runController(Object(App\Controllers\Appointment))
 6 SYSTEMPATH\CodeIgniter.php(352): CodeIgniter\CodeIgniter->handleRequest(null, Object(Config\Cache), false)
 7 FCPATH\index.php(55): CodeIgniter\CodeIgniter->run()
 8 SYSTEMPATH\Commands\Server\rewrite.php(46): require_once('FCPATH\\index.php')
CRITICAL - 2022-11-10 10:50:48 --> Undefined offset: 1
in APPPATH\Controllers\Appointment.php on line 41.
 1 APPPATH\Controllers\Appointment.php(41): CodeIgniter\Debug\Exceptions->errorHandler(8, 'Undefined offset: 1', 'APPPATH\\Controllers\\Appointment.php', 41, [...])
 2 APPPATH\Controllers\Appointment.php(36): App\Controllers\Appointment->hoursTominutes([...])
 3 SYSTEMPATH\CodeIgniter.php(910): App\Controllers\Appointment->time2()
 4 SYSTEMPATH\CodeIgniter.php(469): CodeIgniter\CodeIgniter->runController(Object(App\Controllers\Appointment))
 5 SYSTEMPATH\CodeIgniter.php(352): CodeIgniter\CodeIgniter->handleRequest(null, Object(Config\Cache), false)
 6 FCPATH\index.php(55): CodeIgniter\CodeIgniter->run()
 7 SYSTEMPATH\Commands\Server\rewrite.php(46): require_once('FCPATH\\index.php')
CRITICAL - 2022-11-10 10:51:05 --> Undefined offset: 2
in APPPATH\Controllers\Appointment.php on line 41.
 1 APPPATH\Controllers\Appointment.php(41): CodeIgniter\Debug\Exceptions->errorHandler(8, 'Undefined offset: 2', 'APPPATH\\Controllers\\Appointment.php', 41, [...])
 2 APPPATH\Controllers\Appointment.php(36): App\Controllers\Appointment->hoursTominutes([...])
 3 SYSTEMPATH\CodeIgniter.php(910): App\Controllers\Appointment->time2()
 4 SYSTEMPATH\CodeIgniter.php(469): CodeIgniter\CodeIgniter->runController(Object(App\Controllers\Appointment))
 5 SYSTEMPATH\CodeIgniter.php(352): CodeIgniter\CodeIgniter->handleRequest(null, Object(Config\Cache), false)
 6 FCPATH\index.php(55): CodeIgniter\CodeIgniter->run()
 7 SYSTEMPATH\Commands\Server\rewrite.php(46): require_once('FCPATH\\index.php')
CRITICAL - 2022-11-10 11:37:55 --> A non well formed numeric value encountered
in APPPATH\Controllers\Appointment.php on line 37.
 1 APPPATH\Controllers\Appointment.php(37): CodeIgniter\Debug\Exceptions->errorHandler(8, 'A non well formed numeric value encountered', 'APPPATH\\Controllers\\Appointment.php', 37, [...])
 2 SYSTEMPATH\CodeIgniter.php(910): App\Controllers\Appointment->time2()
 3 SYSTEMPATH\CodeIgniter.php(469): CodeIgniter\CodeIgniter->runController(Object(App\Controllers\Appointment))
 4 SYSTEMPATH\CodeIgniter.php(352): CodeIgniter\CodeIgniter->handleRequest(null, Object(Config\Cache), false)
 5 FCPATH\index.php(55): CodeIgniter\CodeIgniter->run()
 6 SYSTEMPATH\Commands\Server\rewrite.php(46): require_once('FCPATH\\index.php')
CRITICAL - 2022-11-10 11:49:21 --> Undefined variable: str_arrp
in APPPATH\Controllers\Appointment.php on line 40.
 1 APPPATH\Controllers\Appointment.php(40): CodeIgniter\Debug\Exceptions->errorHandler(8, 'Undefined variable: str_arrp', 'APPPATH\\Controllers\\Appointment.php', 40, [...])
 2 SYSTEMPATH\CodeIgniter.php(910): App\Controllers\Appointment->time2()
 3 SYSTEMPATH\CodeIgniter.php(469): CodeIgniter\CodeIgniter->runController(Object(App\Controllers\Appointment))
 4 SYSTEMPATH\CodeIgniter.php(352): CodeIgniter\CodeIgniter->handleRequest(null, Object(Config\Cache), false)
 5 FCPATH\index.php(55): CodeIgniter\CodeIgniter->run()
 6 SYSTEMPATH\Commands\Server\rewrite.php(46): require_once('FCPATH\\index.php')
CRITICAL - 2022-11-10 01:14:12 --> syntax error, unexpected '}', expecting end of file
in APPPATH\Controllers\Appointment.php on line 715.
 1 SYSTEMPATH\Autoloader\Autoloader.php(261): CodeIgniter\Autoloader\Autoloader->includeFile('APPPATH\\Controllers\\Appointment.php')
 2 SYSTEMPATH\Autoloader\Autoloader.php(239): CodeIgniter\Autoloader\Autoloader->loadInNamespace('App\\Controllers\\Appointment')
 3 [internal function]: CodeIgniter\Autoloader\Autoloader->loadClass('App\\Controllers\\Appointment')
 4 [internal function]: spl_autoload_call('App\\Controllers\\Appointment')
 5 SYSTEMPATH\CodeIgniter.php(860): class_exists('\\App\\Controllers\\Appointment', true)
 6 SYSTEMPATH\CodeIgniter.php(456): CodeIgniter\CodeIgniter->startController()
 7 SYSTEMPATH\CodeIgniter.php(352): CodeIgniter\CodeIgniter->handleRequest(null, Object(Config\Cache), false)
 8 FCPATH\index.php(55): CodeIgniter\CodeIgniter->run()
 9 SYSTEMPATH\Commands\Server\rewrite.php(46): require_once('FCPATH\\index.php')
CRITICAL - 2022-11-10 01:15:09 --> syntax error, unexpected '}', expecting end of file
in APPPATH\Controllers\Appointment.php on line 193.
 1 SYSTEMPATH\Autoloader\Autoloader.php(261): CodeIgniter\Autoloader\Autoloader->includeFile('APPPATH\\Controllers\\Appointment.php')
 2 SYSTEMPATH\Autoloader\Autoloader.php(239): CodeIgniter\Autoloader\Autoloader->loadInNamespace('App\\Controllers\\Appointment')
 3 [internal function]: CodeIgniter\Autoloader\Autoloader->loadClass('App\\Controllers\\Appointment')
 4 [internal function]: spl_autoload_call('App\\Controllers\\Appointment')
 5 SYSTEMPATH\CodeIgniter.php(860): class_exists('\\App\\Controllers\\Appointment', true)
 6 SYSTEMPATH\CodeIgniter.php(456): CodeIgniter\CodeIgniter->startController()
 7 SYSTEMPATH\CodeIgniter.php(352): CodeIgniter\CodeIgniter->handleRequest(null, Object(Config\Cache), false)
 8 FCPATH\index.php(55): CodeIgniter\CodeIgniter->run()
 9 SYSTEMPATH\Commands\Server\rewrite.php(46): require_once('FCPATH\\index.php')
CRITICAL - 2022-11-10 01:16:22 --> Undefined variable: ic
in APPPATH\Controllers\Appointment.php on line 701.
 1 APPPATH\Controllers\Appointment.php(701): CodeIgniter\Debug\Exceptions->errorHandler(8, 'Undefined variable: ic', 'APPPATH\\Controllers\\Appointment.php', 701, [...])
 2 SYSTEMPATH\CodeIgniter.php(910): App\Controllers\Appointment->makeAppointment()
 3 SYSTEMPATH\CodeIgniter.php(469): CodeIgniter\CodeIgniter->runController(Object(App\Controllers\Appointment))
 4 SYSTEMPATH\CodeIgniter.php(352): CodeIgniter\CodeIgniter->handleRequest(null, Object(Config\Cache), false)
 5 FCPATH\index.php(55): CodeIgniter\CodeIgniter->run()
 6 SYSTEMPATH\Commands\Server\rewrite.php(46): require_once('FCPATH\\index.php')
CRITICAL - 2022-11-10 15:25:06 --> Undefined variable: current
in APPPATH\Controllers\Appointment.php on line 14.
 1 APPPATH\Controllers\Appointment.php(14): CodeIgniter\Debug\Exceptions->errorHandler(8, 'Undefined variable: current', 'APPPATH\\Controllers\\Appointment.php', 14, [...])
 2 APPPATH\Controllers\Appointment.php(259): App\Controllers\Appointment->checkBookingTime('15:24', '2022-11-10')
 3 SYSTEMPATH\CodeIgniter.php(910): App\Controllers\Appointment->makeAppointment()
 4 SYSTEMPATH\CodeIgniter.php(469): CodeIgniter\CodeIgniter->runController(Object(App\Controllers\Appointment))
 5 SYSTEMPATH\CodeIgniter.php(352): CodeIgniter\CodeIgniter->handleRequest(null, Object(Config\Cache), false)
 6 FCPATH\index.php(55): CodeIgniter\CodeIgniter->run()
 7 SYSTEMPATH\Commands\Server\rewrite.php(46): require_once('FCPATH\\index.php')
CRITICAL - 2022-11-10 09:41:53 --> Undefined variable: record
in APPPATH\Controllers\Appointment.php on line 245.
 1 APPPATH\Controllers\Appointment.php(245): CodeIgniter\Debug\Exceptions->errorHandler(8, 'Undefined variable: record', 'APPPATH\\Controllers\\Appointment.php', 245, [...])
 2 SYSTEMPATH\CodeIgniter.php(910): App\Controllers\Appointment->viewAppointment()
 3 SYSTEMPATH\CodeIgniter.php(469): CodeIgniter\CodeIgniter->runController(Object(App\Controllers\Appointment))
 4 SYSTEMPATH\CodeIgniter.php(352): CodeIgniter\CodeIgniter->handleRequest(null, Object(Config\Cache), false)
 5 FCPATH\index.php(55): CodeIgniter\CodeIgniter->run()
 6 SYSTEMPATH\Commands\Server\rewrite.php(46): require_once('FCPATH\\index.php')
CRITICAL - 2022-11-10 09:42:15 --> Undefined variable: record
in APPPATH\Controllers\Appointment.php on line 245.
 1 APPPATH\Controllers\Appointment.php(245): CodeIgniter\Debug\Exceptions->errorHandler(8, 'Undefined variable: record', 'APPPATH\\Controllers\\Appointment.php', 245, [...])
 2 SYSTEMPATH\CodeIgniter.php(910): App\Controllers\Appointment->viewAppointment()
 3 SYSTEMPATH\CodeIgniter.php(469): CodeIgniter\CodeIgniter->runController(Object(App\Controllers\Appointment))
 4 SYSTEMPATH\CodeIgniter.php(352): CodeIgniter\CodeIgniter->handleRequest(null, Object(Config\Cache), false)
 5 FCPATH\index.php(55): CodeIgniter\CodeIgniter->run()
 6 SYSTEMPATH\Commands\Server\rewrite.php(46): require_once('FCPATH\\index.php')
CRITICAL - 2022-11-10 09:42:30 --> Undefined variable: record
in APPPATH\Controllers\Appointment.php on line 245.
 1 APPPATH\Controllers\Appointment.php(245): CodeIgniter\Debug\Exceptions->errorHandler(8, 'Undefined variable: record', 'APPPATH\\Controllers\\Appointment.php', 245, [...])
 2 SYSTEMPATH\CodeIgniter.php(910): App\Controllers\Appointment->viewAppointment()
 3 SYSTEMPATH\CodeIgniter.php(469): CodeIgniter\CodeIgniter->runController(Object(App\Controllers\Appointment))
 4 SYSTEMPATH\CodeIgniter.php(352): CodeIgniter\CodeIgniter->handleRequest(null, Object(Config\Cache), false)
 5 FCPATH\index.php(55): CodeIgniter\CodeIgniter->run()
 6 SYSTEMPATH\Commands\Server\rewrite.php(46): require_once('FCPATH\\index.php')
CRITICAL - 2022-11-10 09:44:12 --> Undefined variable: record
in APPPATH\Controllers\Appointment.php on line 245.
 1 APPPATH\Controllers\Appointment.php(245): CodeIgniter\Debug\Exceptions->errorHandler(8, 'Undefined variable: record', 'APPPATH\\Controllers\\Appointment.php', 245, [...])
 2 SYSTEMPATH\CodeIgniter.php(910): App\Controllers\Appointment->viewAppointment()
 3 SYSTEMPATH\CodeIgniter.php(469): CodeIgniter\CodeIgniter->runController(Object(App\Controllers\Appointment))
 4 SYSTEMPATH\CodeIgniter.php(352): CodeIgniter\CodeIgniter->handleRequest(null, Object(Config\Cache), false)
 5 FCPATH\index.php(55): CodeIgniter\CodeIgniter->run()
 6 SYSTEMPATH\Commands\Server\rewrite.php(46): require_once('FCPATH\\index.php')
CRITICAL - 2022-11-10 09:44:21 --> Undefined variable: record
in APPPATH\Controllers\Appointment.php on line 245.
 1 APPPATH\Controllers\Appointment.php(245): CodeIgniter\Debug\Exceptions->errorHandler(8, 'Undefined variable: record', 'APPPATH\\Controllers\\Appointment.php', 245, [...])
 2 SYSTEMPATH\CodeIgniter.php(910): App\Controllers\Appointment->viewAppointment()
 3 SYSTEMPATH\CodeIgniter.php(469): CodeIgniter\CodeIgniter->runController(Object(App\Controllers\Appointment))
 4 SYSTEMPATH\CodeIgniter.php(352): CodeIgniter\CodeIgniter->handleRequest(null, Object(Config\Cache), false)
 5 FCPATH\index.php(55): CodeIgniter\CodeIgniter->run()
 6 SYSTEMPATH\Commands\Server\rewrite.php(46): require_once('FCPATH\\index.php')
CRITICAL - 2022-11-10 09:46:51 --> Undefined variable: record
in APPPATH\Controllers\Appointment.php on line 245.
 1 APPPATH\Controllers\Appointment.php(245): CodeIgniter\Debug\Exceptions->errorHandler(8, 'Undefined variable: record', 'APPPATH\\Controllers\\Appointment.php', 245, [...])
 2 SYSTEMPATH\CodeIgniter.php(910): App\Controllers\Appointment->viewAppointment()
 3 SYSTEMPATH\CodeIgniter.php(469): CodeIgniter\CodeIgniter->runController(Object(App\Controllers\Appointment))
 4 SYSTEMPATH\CodeIgniter.php(352): CodeIgniter\CodeIgniter->handleRequest(null, Object(Config\Cache), false)
 5 FCPATH\index.php(55): CodeIgniter\CodeIgniter->run()
 6 SYSTEMPATH\Commands\Server\rewrite.php(46): require_once('FCPATH\\index.php')
CRITICAL - 2022-11-10 09:47:24 --> Undefined variable: record
in APPPATH\Controllers\Appointment.php on line 245.
 1 APPPATH\Controllers\Appointment.php(245): CodeIgniter\Debug\Exceptions->errorHandler(8, 'Undefined variable: record', 'APPPATH\\Controllers\\Appointment.php', 245, [...])
 2 SYSTEMPATH\CodeIgniter.php(910): App\Controllers\Appointment->viewAppointment()
 3 SYSTEMPATH\CodeIgniter.php(469): CodeIgniter\CodeIgniter->runController(Object(App\Controllers\Appointment))
 4 SYSTEMPATH\CodeIgniter.php(352): CodeIgniter\CodeIgniter->handleRequest(null, Object(Config\Cache), false)
 5 FCPATH\index.php(55): CodeIgniter\CodeIgniter->run()
 6 SYSTEMPATH\Commands\Server\rewrite.php(46): require_once('FCPATH\\index.php')
CRITICAL - 2022-11-10 10:04:29 --> Undefined index: type
in APPPATH\Views\patientDashboard\viewAppointment.php on line 316.
 1 APPPATH\Views\patientDashboard\viewAppointment.php(316): CodeIgniter\Debug\Exceptions->errorHandler(8, 'Undefined index: type', 'APPPATH\\Views\\patientDashboard\\viewAppointment.php', 316, [...])
 2 SYSTEMPATH\View\View.php(213): include('APPPATH\\Views\\patientDashboard\\viewAppointment.php')
 3 SYSTEMPATH\View\View.php(216): CodeIgniter\View\View->CodeIgniter\View\{closure}()
 4 SYSTEMPATH\Common.php(1137): CodeIgniter\View\View->render('patientDashboard/viewAppointment', [], true)
 5 APPPATH\Controllers\Appointment.php(254): view('patientDashboard/viewAppointment', [...])
 6 SYSTEMPATH\CodeIgniter.php(910): App\Controllers\Appointment->viewAppointment()
 7 SYSTEMPATH\CodeIgniter.php(469): CodeIgniter\CodeIgniter->runController(Object(App\Controllers\Appointment))
 8 SYSTEMPATH\CodeIgniter.php(352): CodeIgniter\CodeIgniter->handleRequest(null, Object(Config\Cache), false)
 9 FCPATH\index.php(55): CodeIgniter\CodeIgniter->run()
10 SYSTEMPATH\Commands\Server\rewrite.php(46): require_once('FCPATH\\index.php')
CRITICAL - 2022-11-10 10:06:09 --> Undefined index: contact
in APPPATH\Views\patientDashboard\viewAppointment.php on line 312.
 1 APPPATH\Views\patientDashboard\viewAppointment.php(312): CodeIgniter\Debug\Exceptions->errorHandler(8, 'Undefined index: contact', 'APPPATH\\Views\\patientDashboard\\viewAppointment.php', 312, [...])
 2 SYSTEMPATH\View\View.php(213): include('APPPATH\\Views\\patientDashboard\\viewAppointment.php')
 3 SYSTEMPATH\View\View.php(216): CodeIgniter\View\View->CodeIgniter\View\{closure}()
 4 SYSTEMPATH\Common.php(1137): CodeIgniter\View\View->render('patientDashboard/viewAppointment', [], true)
 5 APPPATH\Controllers\Appointment.php(254): view('patientDashboard/viewAppointment', [...])
 6 SYSTEMPATH\CodeIgniter.php(910): App\Controllers\Appointment->viewAppointment()
 7 SYSTEMPATH\CodeIgniter.php(469): CodeIgniter\CodeIgniter->runController(Object(App\Controllers\Appointment))
 8 SYSTEMPATH\CodeIgniter.php(352): CodeIgniter\CodeIgniter->handleRequest(null, Object(Config\Cache), false)
 9 FCPATH\index.php(55): CodeIgniter\CodeIgniter->run()
10 SYSTEMPATH\Commands\Server\rewrite.php(46): require_once('FCPATH\\index.php')
CRITICAL - 2022-11-10 10:07:05 --> Undefined index: name
in APPPATH\Views\patientDashboard\viewAppointment.php on line 313.
 1 APPPATH\Views\patientDashboard\viewAppointment.php(313): CodeIgniter\Debug\Exceptions->errorHandler(8, 'Undefined index: name', 'APPPATH\\Views\\patientDashboard\\viewAppointment.php', 313, [...])
 2 SYSTEMPATH\View\View.php(213): include('APPPATH\\Views\\patientDashboard\\viewAppointment.php')
 3 SYSTEMPATH\View\View.php(216): CodeIgniter\View\View->CodeIgniter\View\{closure}()
 4 SYSTEMPATH\Common.php(1137): CodeIgniter\View\View->render('patientDashboard/viewAppointment', [], true)
 5 APPPATH\Controllers\Appointment.php(254): view('patientDashboard/viewAppointment', [...])
 6 SYSTEMPATH\CodeIgniter.php(910): App\Controllers\Appointment->viewAppointment()
 7 SYSTEMPATH\CodeIgniter.php(469): CodeIgniter\CodeIgniter->runController(Object(App\Controllers\Appointment))
 8 SYSTEMPATH\CodeIgniter.php(352): CodeIgniter\CodeIgniter->handleRequest(null, Object(Config\Cache), false)
 9 FCPATH\index.php(55): CodeIgniter\CodeIgniter->run()
10 SYSTEMPATH\Commands\Server\rewrite.php(46): require_once('FCPATH\\index.php')
CRITICAL - 2022-11-10 18:25:40 --> Undefined variable: status
in APPPATH\Controllers\Appointment.php on line 17.
 1 APPPATH\Controllers\Appointment.php(17): CodeIgniter\Debug\Exceptions->errorHandler(8, 'Undefined variable: status', 'APPPATH\\Controllers\\Appointment.php', 17, [...])
 2 SYSTEMPATH\CodeIgniter.php(910): App\Controllers\Appointment->editAppointment()
 3 SYSTEMPATH\CodeIgniter.php(469): CodeIgniter\CodeIgniter->runController(Object(App\Controllers\Appointment))
 4 SYSTEMPATH\CodeIgniter.php(352): CodeIgniter\CodeIgniter->handleRequest(null, Object(Config\Cache), false)
 5 FCPATH\index.php(55): CodeIgniter\CodeIgniter->run()
 6 SYSTEMPATH\Commands\Server\rewrite.php(46): require_once('FCPATH\\index.php')
CRITICAL - 2022-11-10 18:32:30 --> Unable to connect to the API: cURL error 28: Operation timed out after 15000 milliseconds with 0 out of 0 bytes received (see https://curl.haxx.se/libcurl/c/libcurl-errors.html) for https://onlineclinic-37b72-default-rtdb.firebaseio.com/appointment.json
in VENDORPATH\kreait\firebase-php\src\Firebase\Exception\DatabaseApiExceptionConverter.php on line 36.
 1 VENDORPATH\kreait\firebase-php\src\Firebase\Database\ApiClient.php(180): Kreait\Firebase\Exception\DatabaseApiExceptionConverter->convertException(Object(GuzzleHttp\Exception\ConnectException))
 2 VENDORPATH\kreait\firebase-php\src\Firebase\Database\ApiClient.php(40): Kreait\Firebase\Database\ApiClient->requestApi('GET', '/appointment')
 3 VENDORPATH\kreait\firebase-php\src\Firebase\Database\Reference.php(329): Kreait\Firebase\Database\ApiClient->get('/appointment')
 4 VENDORPATH\kreait\firebase-php\src\Firebase\Database\Reference.php(296): Kreait\Firebase\Database\Reference->getSnapshot()
 5 APPPATH\Libraries\AppointmentLib.php(11): Kreait\Firebase\Database\Reference->getValue()
 6 APPPATH\Controllers\Appointment.php(274): App\Libraries\AppointmentLib::countRecords('appointment', 'user', 'hengzp2000@gmail.com')
 7 SYSTEMPATH\CodeIgniter.php(910): App\Controllers\Appointment->viewAppointment()
 8 SYSTEMPATH\CodeIgniter.php(469): CodeIgniter\CodeIgniter->runController(Object(App\Controllers\Appointment))
 9 SYSTEMPATH\CodeIgniter.php(352): CodeIgniter\CodeIgniter->handleRequest(null, Object(Config\Cache), false)
10 FCPATH\index.php(55): CodeIgniter\CodeIgniter->run()
11 SYSTEMPATH\Commands\Server\rewrite.php(46): require_once('FCPATH\\index.php')
