CRITICAL - 2022-11-18 00:38:54 --> cURL error 56: OpenSSL SSL_read: Connection was reset, errno 10054 (see https://curl.haxx.se/libcurl/c/libcurl-errors.html) for https://onlineclinic-37b72-default-rtdb.firebaseio.com/patient/-NH3gVIaRCi3BbAhCw5P.json
in VENDORPATH\kreait\firebase-php\src\Firebase\Exception\DatabaseApiExceptionConverter.php on line 65.
 1 VENDORPATH\kreait\firebase-php\src\Firebase\Exception\DatabaseApiExceptionConverter.php(32): Kreait\Firebase\Exception\DatabaseApiExceptionConverter->convertGuzzleRequestException(Object(GuzzleHttp\Exception\RequestException))
 2 VENDORPATH\kreait\firebase-php\src\Firebase\Database\ApiClient.php(180): Kreait\Firebase\Exception\DatabaseApiExceptionConverter->convertException(Object(GuzzleHttp\Exception\RequestException))
 3 VENDORPATH\kreait\firebase-php\src\Firebase\Database\ApiClient.php(156): Kreait\Firebase\Database\ApiClient->requestApi('PATCH', '/patient/-NH3gVIaRCi3BbAhCw5P', [...])
 4 VENDORPATH\kreait\firebase-php\src\Firebase\Database\Reference.php(420): Kreait\Firebase\Database\ApiClient->update('/patient/-NH3gVIaRCi3BbAhCw5P', [...])
 5 APPPATH\Controllers\Patient.php(134): Kreait\Firebase\Database\Reference->update([...])
 6 SYSTEMPATH\CodeIgniter.php(910): App\Controllers\Patient->update()
 7 SYSTEMPATH\CodeIgniter.php(469): CodeIgniter\CodeIgniter->runController(Object(App\Controllers\Patient))
 8 SYSTEMPATH\CodeIgniter.php(352): CodeIgniter\CodeIgniter->handleRequest(null, Object(Config\Cache), false)
 9 FCPATH\index.php(55): CodeIgniter\CodeIgniter->run()
10 SYSTEMPATH\Commands\Server\rewrite.php(46): require_once('FCPATH\\index.php')
CRITICAL - 2022-11-18 00:39:37 --> cURL error 56: OpenSSL SSL_read: Connection was reset, errno 10054 (see https://curl.haxx.se/libcurl/c/libcurl-errors.html) for https://onlineclinic-37b72-default-rtdb.firebaseio.com/patient/-NH3gVIaRCi3BbAhCw5P.json
in VENDORPATH\kreait\firebase-php\src\Firebase\Exception\DatabaseApiExceptionConverter.php on line 65.
 1 VENDORPATH\kreait\firebase-php\src\Firebase\Exception\DatabaseApiExceptionConverter.php(32): Kreait\Firebase\Exception\DatabaseApiExceptionConverter->convertGuzzleRequestException(Object(GuzzleHttp\Exception\RequestException))
 2 VENDORPATH\kreait\firebase-php\src\Firebase\Database\ApiClient.php(180): Kreait\Firebase\Exception\DatabaseApiExceptionConverter->convertException(Object(GuzzleHttp\Exception\RequestException))
 3 VENDORPATH\kreait\firebase-php\src\Firebase\Database\ApiClient.php(156): Kreait\Firebase\Database\ApiClient->requestApi('PATCH', '/patient/-NH3gVIaRCi3BbAhCw5P', [...])
 4 VENDORPATH\kreait\firebase-php\src\Firebase\Database\Reference.php(420): Kreait\Firebase\Database\ApiClient->update('/patient/-NH3gVIaRCi3BbAhCw5P', [...])
 5 APPPATH\Controllers\Patient.php(134): Kreait\Firebase\Database\Reference->update([...])
 6 SYSTEMPATH\CodeIgniter.php(910): App\Controllers\Patient->update()
 7 SYSTEMPATH\CodeIgniter.php(469): CodeIgniter\CodeIgniter->runController(Object(App\Controllers\Patient))
 8 SYSTEMPATH\CodeIgniter.php(352): CodeIgniter\CodeIgniter->handleRequest(null, Object(Config\Cache), false)
 9 FCPATH\index.php(55): CodeIgniter\CodeIgniter->run()
10 SYSTEMPATH\Commands\Server\rewrite.php(46): require_once('FCPATH\\index.php')
CRITICAL - 2022-11-18 00:40:45 --> cURL error 56: OpenSSL SSL_read: Connection was reset, errno 10054 (see https://curl.haxx.se/libcurl/c/libcurl-errors.html) for https://onlineclinic-37b72-default-rtdb.firebaseio.com/patient/-NH3gVIaRCi3BbAhCw5P.json
in VENDORPATH\kreait\firebase-php\src\Firebase\Exception\DatabaseApiExceptionConverter.php on line 65.
 1 VENDORPATH\kreait\firebase-php\src\Firebase\Exception\DatabaseApiExceptionConverter.php(32): Kreait\Firebase\Exception\DatabaseApiExceptionConverter->convertGuzzleRequestException(Object(GuzzleHttp\Exception\RequestException))
 2 VENDORPATH\kreait\firebase-php\src\Firebase\Database\ApiClient.php(180): Kreait\Firebase\Exception\DatabaseApiExceptionConverter->convertException(Object(GuzzleHttp\Exception\RequestException))
 3 VENDORPATH\kreait\firebase-php\src\Firebase\Database\ApiClient.php(156): Kreait\Firebase\Database\ApiClient->requestApi('PATCH', '/patient/-NH3gVIaRCi3BbAhCw5P', [...])
 4 VENDORPATH\kreait\firebase-php\src\Firebase\Database\Reference.php(420): Kreait\Firebase\Database\ApiClient->update('/patient/-NH3gVIaRCi3BbAhCw5P', [...])
 5 APPPATH\Controllers\Patient.php(135): Kreait\Firebase\Database\Reference->update([...])
 6 SYSTEMPATH\CodeIgniter.php(910): App\Controllers\Patient->update()
 7 SYSTEMPATH\CodeIgniter.php(469): CodeIgniter\CodeIgniter->runController(Object(App\Controllers\Patient))
 8 SYSTEMPATH\CodeIgniter.php(352): CodeIgniter\CodeIgniter->handleRequest(null, Object(Config\Cache), false)
 9 FCPATH\index.php(55): CodeIgniter\CodeIgniter->run()
10 SYSTEMPATH\Commands\Server\rewrite.php(46): require_once('FCPATH\\index.php')
CRITICAL - 2022-11-18 00:41:49 --> cURL error 56: OpenSSL SSL_read: Connection was reset, errno 10054 (see https://curl.haxx.se/libcurl/c/libcurl-errors.html) for https://onlineclinic-37b72-default-rtdb.firebaseio.com/patient/-NH3gVIaRCi3BbAhCw5P.json
in VENDORPATH\kreait\firebase-php\src\Firebase\Exception\DatabaseApiExceptionConverter.php on line 65.
 1 VENDORPATH\kreait\firebase-php\src\Firebase\Exception\DatabaseApiExceptionConverter.php(32): Kreait\Firebase\Exception\DatabaseApiExceptionConverter->convertGuzzleRequestException(Object(GuzzleHttp\Exception\RequestException))
 2 VENDORPATH\kreait\firebase-php\src\Firebase\Database\ApiClient.php(180): Kreait\Firebase\Exception\DatabaseApiExceptionConverter->convertException(Object(GuzzleHttp\Exception\RequestException))
 3 VENDORPATH\kreait\firebase-php\src\Firebase\Database\ApiClient.php(156): Kreait\Firebase\Database\ApiClient->requestApi('PATCH', '/patient/-NH3gVIaRCi3BbAhCw5P', [...])
 4 VENDORPATH\kreait\firebase-php\src\Firebase\Database\Reference.php(420): Kreait\Firebase\Database\ApiClient->update('/patient/-NH3gVIaRCi3BbAhCw5P', [...])
 5 APPPATH\Controllers\Patient.php(135): Kreait\Firebase\Database\Reference->update([...])
 6 SYSTEMPATH\CodeIgniter.php(910): App\Controllers\Patient->update()
 7 SYSTEMPATH\CodeIgniter.php(469): CodeIgniter\CodeIgniter->runController(Object(App\Controllers\Patient))
 8 SYSTEMPATH\CodeIgniter.php(352): CodeIgniter\CodeIgniter->handleRequest(null, Object(Config\Cache), false)
 9 FCPATH\index.php(55): CodeIgniter\CodeIgniter->run()
10 SYSTEMPATH\Commands\Server\rewrite.php(46): require_once('FCPATH\\index.php')
CRITICAL - 2022-11-18 00:43:09 --> cURL error 56: OpenSSL SSL_read: Connection was reset, errno 10054 (see https://curl.haxx.se/libcurl/c/libcurl-errors.html) for https://onlineclinic-37b72-default-rtdb.firebaseio.com/patient/-NH3gVIaRCi3BbAhCw5P.json
in VENDORPATH\kreait\firebase-php\src\Firebase\Exception\DatabaseApiExceptionConverter.php on line 65.
 1 VENDORPATH\kreait\firebase-php\src\Firebase\Exception\DatabaseApiExceptionConverter.php(32): Kreait\Firebase\Exception\DatabaseApiExceptionConverter->convertGuzzleRequestException(Object(GuzzleHttp\Exception\RequestException))
 2 VENDORPATH\kreait\firebase-php\src\Firebase\Database\ApiClient.php(180): Kreait\Firebase\Exception\DatabaseApiExceptionConverter->convertException(Object(GuzzleHttp\Exception\RequestException))
 3 VENDORPATH\kreait\firebase-php\src\Firebase\Database\ApiClient.php(156): Kreait\Firebase\Database\ApiClient->requestApi('PATCH', '/patient/-NH3gVIaRCi3BbAhCw5P', [...])
 4 VENDORPATH\kreait\firebase-php\src\Firebase\Database\Reference.php(420): Kreait\Firebase\Database\ApiClient->update('/patient/-NH3gVIaRCi3BbAhCw5P', [...])
 5 APPPATH\Controllers\Patient.php(135): Kreait\Firebase\Database\Reference->update([...])
 6 SYSTEMPATH\CodeIgniter.php(910): App\Controllers\Patient->update()
 7 SYSTEMPATH\CodeIgniter.php(469): CodeIgniter\CodeIgniter->runController(Object(App\Controllers\Patient))
 8 SYSTEMPATH\CodeIgniter.php(352): CodeIgniter\CodeIgniter->handleRequest(null, Object(Config\Cache), false)
 9 FCPATH\index.php(55): CodeIgniter\CodeIgniter->run()
10 SYSTEMPATH\Commands\Server\rewrite.php(46): require_once('FCPATH\\index.php')
CRITICAL - 2022-11-18 00:43:52 --> cURL error 56: OpenSSL SSL_read: Connection was reset, errno 10054 (see https://curl.haxx.se/libcurl/c/libcurl-errors.html) for https://onlineclinic-37b72-default-rtdb.firebaseio.com/patient/-NH3gVIaRCi3BbAhCw5P.json
in VENDORPATH\kreait\firebase-php\src\Firebase\Exception\DatabaseApiExceptionConverter.php on line 65.
 1 VENDORPATH\kreait\firebase-php\src\Firebase\Exception\DatabaseApiExceptionConverter.php(32): Kreait\Firebase\Exception\DatabaseApiExceptionConverter->convertGuzzleRequestException(Object(GuzzleHttp\Exception\RequestException))
 2 VENDORPATH\kreait\firebase-php\src\Firebase\Database\ApiClient.php(180): Kreait\Firebase\Exception\DatabaseApiExceptionConverter->convertException(Object(GuzzleHttp\Exception\RequestException))
 3 VENDORPATH\kreait\firebase-php\src\Firebase\Database\ApiClient.php(156): Kreait\Firebase\Database\ApiClient->requestApi('PATCH', '/patient/-NH3gVIaRCi3BbAhCw5P', [...])
 4 VENDORPATH\kreait\firebase-php\src\Firebase\Database\Reference.php(420): Kreait\Firebase\Database\ApiClient->update('/patient/-NH3gVIaRCi3BbAhCw5P', [...])
 5 APPPATH\Controllers\Patient.php(135): Kreait\Firebase\Database\Reference->update([...])
 6 SYSTEMPATH\CodeIgniter.php(910): App\Controllers\Patient->update()
 7 SYSTEMPATH\CodeIgniter.php(469): CodeIgniter\CodeIgniter->runController(Object(App\Controllers\Patient))
 8 SYSTEMPATH\CodeIgniter.php(352): CodeIgniter\CodeIgniter->handleRequest(null, Object(Config\Cache), false)
 9 FCPATH\index.php(55): CodeIgniter\CodeIgniter->run()
10 SYSTEMPATH\Commands\Server\rewrite.php(46): require_once('FCPATH\\index.php')
CRITICAL - 2022-11-18 00:46:16 --> cURL error 56: OpenSSL SSL_read: Connection was reset, errno 10054 (see https://curl.haxx.se/libcurl/c/libcurl-errors.html) for https://onlineclinic-37b72-default-rtdb.firebaseio.com/patient/-NH3gVIaRCi3BbAhCw5P.json
in VENDORPATH\kreait\firebase-php\src\Firebase\Exception\DatabaseApiExceptionConverter.php on line 65.
 1 VENDORPATH\kreait\firebase-php\src\Firebase\Exception\DatabaseApiExceptionConverter.php(32): Kreait\Firebase\Exception\DatabaseApiExceptionConverter->convertGuzzleRequestException(Object(GuzzleHttp\Exception\RequestException))
 2 VENDORPATH\kreait\firebase-php\src\Firebase\Database\ApiClient.php(180): Kreait\Firebase\Exception\DatabaseApiExceptionConverter->convertException(Object(GuzzleHttp\Exception\RequestException))
 3 VENDORPATH\kreait\firebase-php\src\Firebase\Database\ApiClient.php(156): Kreait\Firebase\Database\ApiClient->requestApi('PATCH', '/patient/-NH3gVIaRCi3BbAhCw5P', [...])
 4 VENDORPATH\kreait\firebase-php\src\Firebase\Database\Reference.php(420): Kreait\Firebase\Database\ApiClient->update('/patient/-NH3gVIaRCi3BbAhCw5P', [...])
 5 APPPATH\Controllers\Patient.php(135): Kreait\Firebase\Database\Reference->update([...])
 6 SYSTEMPATH\CodeIgniter.php(910): App\Controllers\Patient->update()
 7 SYSTEMPATH\CodeIgniter.php(469): CodeIgniter\CodeIgniter->runController(Object(App\Controllers\Patient))
 8 SYSTEMPATH\CodeIgniter.php(352): CodeIgniter\CodeIgniter->handleRequest(null, Object(Config\Cache), false)
 9 FCPATH\index.php(55): CodeIgniter\CodeIgniter->run()
10 SYSTEMPATH\Commands\Server\rewrite.php(46): require_once('FCPATH\\index.php')
CRITICAL - 2022-11-18 00:48:37 --> cURL error 56: OpenSSL SSL_read: Connection was reset, errno 10054 (see https://curl.haxx.se/libcurl/c/libcurl-errors.html) for https://onlineclinic-37b72-default-rtdb.firebaseio.com/patient/-NH-j-ADiX568ugoY294.json
in VENDORPATH\kreait\firebase-php\src\Firebase\Exception\DatabaseApiExceptionConverter.php on line 65.
 1 VENDORPATH\kreait\firebase-php\src\Firebase\Exception\DatabaseApiExceptionConverter.php(32): Kreait\Firebase\Exception\DatabaseApiExceptionConverter->convertGuzzleRequestException(Object(GuzzleHttp\Exception\RequestException))
 2 VENDORPATH\kreait\firebase-php\src\Firebase\Database\ApiClient.php(180): Kreait\Firebase\Exception\DatabaseApiExceptionConverter->convertException(Object(GuzzleHttp\Exception\RequestException))
 3 VENDORPATH\kreait\firebase-php\src\Firebase\Database\ApiClient.php(156): Kreait\Firebase\Database\ApiClient->requestApi('PATCH', '/patient/-NH-j-ADiX568ugoY294', [...])
 4 VENDORPATH\kreait\firebase-php\src\Firebase\Database\Reference.php(420): Kreait\Firebase\Database\ApiClient->update('/patient/-NH-j-ADiX568ugoY294', [...])
 5 APPPATH\Controllers\Patient.php(135): Kreait\Firebase\Database\Reference->update([...])
 6 SYSTEMPATH\CodeIgniter.php(910): App\Controllers\Patient->update()
 7 SYSTEMPATH\CodeIgniter.php(469): CodeIgniter\CodeIgniter->runController(Object(App\Controllers\Patient))
 8 SYSTEMPATH\CodeIgniter.php(352): CodeIgniter\CodeIgniter->handleRequest(null, Object(Config\Cache), false)
 9 FCPATH\index.php(55): CodeIgniter\CodeIgniter->run()
10 SYSTEMPATH\Commands\Server\rewrite.php(46): require_once('FCPATH\\index.php')
CRITICAL - 2022-11-18 00:50:55 --> cURL error 56: OpenSSL SSL_read: Connection was reset, errno 10054 (see https://curl.haxx.se/libcurl/c/libcurl-errors.html) for https://onlineclinic-37b72-default-rtdb.firebaseio.com/patient/-NH-j-ADiX568ugoY294.json
in VENDORPATH\kreait\firebase-php\src\Firebase\Exception\DatabaseApiExceptionConverter.php on line 65.
 1 VENDORPATH\kreait\firebase-php\src\Firebase\Exception\DatabaseApiExceptionConverter.php(32): Kreait\Firebase\Exception\DatabaseApiExceptionConverter->convertGuzzleRequestException(Object(GuzzleHttp\Exception\RequestException))
 2 VENDORPATH\kreait\firebase-php\src\Firebase\Database\ApiClient.php(180): Kreait\Firebase\Exception\DatabaseApiExceptionConverter->convertException(Object(GuzzleHttp\Exception\RequestException))
 3 VENDORPATH\kreait\firebase-php\src\Firebase\Database\ApiClient.php(156): Kreait\Firebase\Database\ApiClient->requestApi('PATCH', '/patient/-NH-j-ADiX568ugoY294', [...])
 4 VENDORPATH\kreait\firebase-php\src\Firebase\Database\Reference.php(420): Kreait\Firebase\Database\ApiClient->update('/patient/-NH-j-ADiX568ugoY294', [...])
 5 APPPATH\Controllers\Patient.php(135): Kreait\Firebase\Database\Reference->update([...])
 6 SYSTEMPATH\CodeIgniter.php(910): App\Controllers\Patient->update()
 7 SYSTEMPATH\CodeIgniter.php(469): CodeIgniter\CodeIgniter->runController(Object(App\Controllers\Patient))
 8 SYSTEMPATH\CodeIgniter.php(352): CodeIgniter\CodeIgniter->handleRequest(null, Object(Config\Cache), false)
 9 FCPATH\index.php(55): CodeIgniter\CodeIgniter->run()
10 SYSTEMPATH\Commands\Server\rewrite.php(46): require_once('FCPATH\\index.php')
CRITICAL - 2022-11-18 00:54:20 --> cURL error 56: OpenSSL SSL_read: Connection was reset, errno 10054 (see https://curl.haxx.se/libcurl/c/libcurl-errors.html) for https://onlineclinic-37b72-default-rtdb.firebaseio.com/patient/-NH3gVIaRCi3BbAhCw5P.json
in VENDORPATH\kreait\firebase-php\src\Firebase\Exception\DatabaseApiExceptionConverter.php on line 65.
 1 VENDORPATH\kreait\firebase-php\src\Firebase\Exception\DatabaseApiExceptionConverter.php(32): Kreait\Firebase\Exception\DatabaseApiExceptionConverter->convertGuzzleRequestException(Object(GuzzleHttp\Exception\RequestException))
 2 VENDORPATH\kreait\firebase-php\src\Firebase\Database\ApiClient.php(180): Kreait\Firebase\Exception\DatabaseApiExceptionConverter->convertException(Object(GuzzleHttp\Exception\RequestException))
 3 VENDORPATH\kreait\firebase-php\src\Firebase\Database\ApiClient.php(156): Kreait\Firebase\Database\ApiClient->requestApi('PATCH', '/patient/-NH3gVIaRCi3BbAhCw5P', [...])
 4 VENDORPATH\kreait\firebase-php\src\Firebase\Database\Reference.php(420): Kreait\Firebase\Database\ApiClient->update('/patient/-NH3gVIaRCi3BbAhCw5P', [...])
 5 APPPATH\Controllers\Patient.php(137): Kreait\Firebase\Database\Reference->update([...])
 6 SYSTEMPATH\CodeIgniter.php(910): App\Controllers\Patient->update()
 7 SYSTEMPATH\CodeIgniter.php(469): CodeIgniter\CodeIgniter->runController(Object(App\Controllers\Patient))
 8 SYSTEMPATH\CodeIgniter.php(352): CodeIgniter\CodeIgniter->handleRequest(null, Object(Config\Cache), false)
 9 FCPATH\index.php(55): CodeIgniter\CodeIgniter->run()
10 SYSTEMPATH\Commands\Server\rewrite.php(46): require_once('FCPATH\\index.php')
CRITICAL - 2022-11-18 01:02:24 --> cURL error 56: OpenSSL SSL_read: Connection was reset, errno 10054 (see https://curl.haxx.se/libcurl/c/libcurl-errors.html) for https://onlineclinic-37b72-default-rtdb.firebaseio.com/patient/-NH3gVIaRCi3BbAhCw5P.json
in VENDORPATH\kreait\firebase-php\src\Firebase\Exception\DatabaseApiExceptionConverter.php on line 65.
 1 VENDORPATH\kreait\firebase-php\src\Firebase\Exception\DatabaseApiExceptionConverter.php(32): Kreait\Firebase\Exception\DatabaseApiExceptionConverter->convertGuzzleRequestException(Object(GuzzleHttp\Exception\RequestException))
 2 VENDORPATH\kreait\firebase-php\src\Firebase\Database\ApiClient.php(180): Kreait\Firebase\Exception\DatabaseApiExceptionConverter->convertException(Object(GuzzleHttp\Exception\RequestException))
 3 VENDORPATH\kreait\firebase-php\src\Firebase\Database\ApiClient.php(156): Kreait\Firebase\Database\ApiClient->requestApi('PATCH', '/patient/-NH3gVIaRCi3BbAhCw5P', [...])
 4 VENDORPATH\kreait\firebase-php\src\Firebase\Database\Reference.php(420): Kreait\Firebase\Database\ApiClient->update('/patient/-NH3gVIaRCi3BbAhCw5P', [...])
 5 APPPATH\Controllers\Patient.php(137): Kreait\Firebase\Database\Reference->update([...])
 6 SYSTEMPATH\CodeIgniter.php(910): App\Controllers\Patient->update()
 7 SYSTEMPATH\CodeIgniter.php(469): CodeIgniter\CodeIgniter->runController(Object(App\Controllers\Patient))
 8 SYSTEMPATH\CodeIgniter.php(352): CodeIgniter\CodeIgniter->handleRequest(null, Object(Config\Cache), false)
 9 FCPATH\index.php(55): CodeIgniter\CodeIgniter->run()
10 SYSTEMPATH\Commands\Server\rewrite.php(46): require_once('FCPATH\\index.php')
CRITICAL - 2022-11-18 01:05:38 --> cURL error 56: OpenSSL SSL_read: Connection was reset, errno 10054 (see https://curl.haxx.se/libcurl/c/libcurl-errors.html) for https://onlineclinic-37b72-default-rtdb.firebaseio.com/patient/-NH3gVIaRCi3BbAhCw5P.json
in VENDORPATH\kreait\firebase-php\src\Firebase\Exception\DatabaseApiExceptionConverter.php on line 65.
 1 VENDORPATH\kreait\firebase-php\src\Firebase\Exception\DatabaseApiExceptionConverter.php(32): Kreait\Firebase\Exception\DatabaseApiExceptionConverter->convertGuzzleRequestException(Object(GuzzleHttp\Exception\RequestException))
 2 VENDORPATH\kreait\firebase-php\src\Firebase\Database\ApiClient.php(180): Kreait\Firebase\Exception\DatabaseApiExceptionConverter->convertException(Object(GuzzleHttp\Exception\RequestException))
 3 VENDORPATH\kreait\firebase-php\src\Firebase\Database\ApiClient.php(156): Kreait\Firebase\Database\ApiClient->requestApi('PATCH', '/patient/-NH3gVIaRCi3BbAhCw5P', [...])
 4 VENDORPATH\kreait\firebase-php\src\Firebase\Database\Reference.php(420): Kreait\Firebase\Database\ApiClient->update('/patient/-NH3gVIaRCi3BbAhCw5P', [...])
 5 APPPATH\Controllers\Patient.php(137): Kreait\Firebase\Database\Reference->update([...])
 6 SYSTEMPATH\CodeIgniter.php(910): App\Controllers\Patient->update()
 7 SYSTEMPATH\CodeIgniter.php(469): CodeIgniter\CodeIgniter->runController(Object(App\Controllers\Patient))
 8 SYSTEMPATH\CodeIgniter.php(352): CodeIgniter\CodeIgniter->handleRequest(null, Object(Config\Cache), false)
 9 FCPATH\index.php(55): CodeIgniter\CodeIgniter->run()
10 SYSTEMPATH\Commands\Server\rewrite.php(46): require_once('FCPATH\\index.php')
CRITICAL - 2022-11-18 01:12:04 --> cURL error 56: OpenSSL SSL_read: Connection was reset, errno 10054 (see https://curl.haxx.se/libcurl/c/libcurl-errors.html) for https://onlineclinic-37b72-default-rtdb.firebaseio.com/patient/-NH3gVIaRCi3BbAhCw5P.json
in VENDORPATH\kreait\firebase-php\src\Firebase\Exception\DatabaseApiExceptionConverter.php on line 65.
 1 VENDORPATH\kreait\firebase-php\src\Firebase\Exception\DatabaseApiExceptionConverter.php(32): Kreait\Firebase\Exception\DatabaseApiExceptionConverter->convertGuzzleRequestException(Object(GuzzleHttp\Exception\RequestException))
 2 VENDORPATH\kreait\firebase-php\src\Firebase\Database\ApiClient.php(180): Kreait\Firebase\Exception\DatabaseApiExceptionConverter->convertException(Object(GuzzleHttp\Exception\RequestException))
 3 VENDORPATH\kreait\firebase-php\src\Firebase\Database\ApiClient.php(156): Kreait\Firebase\Database\ApiClient->requestApi('PATCH', '/patient/-NH3gVIaRCi3BbAhCw5P', [...])
 4 VENDORPATH\kreait\firebase-php\src\Firebase\Database\Reference.php(420): Kreait\Firebase\Database\ApiClient->update('/patient/-NH3gVIaRCi3BbAhCw5P', [...])
 5 APPPATH\Controllers\Patient.php(137): Kreait\Firebase\Database\Reference->update([...])
 6 SYSTEMPATH\CodeIgniter.php(910): App\Controllers\Patient->update()
 7 SYSTEMPATH\CodeIgniter.php(469): CodeIgniter\CodeIgniter->runController(Object(App\Controllers\Patient))
 8 SYSTEMPATH\CodeIgniter.php(352): CodeIgniter\CodeIgniter->handleRequest(null, Object(Config\Cache), false)
 9 FCPATH\index.php(55): CodeIgniter\CodeIgniter->run()
10 SYSTEMPATH\Commands\Server\rewrite.php(46): require_once('FCPATH\\index.php')
CRITICAL - 2022-11-18 01:17:08 --> cURL error 56: OpenSSL SSL_read: Connection was reset, errno 10054 (see https://curl.haxx.se/libcurl/c/libcurl-errors.html) for https://onlineclinic-37b72-default-rtdb.firebaseio.com/patient/-NH-j-ADiX568ugoY294.json
in VENDORPATH\kreait\firebase-php\src\Firebase\Exception\DatabaseApiExceptionConverter.php on line 65.
 1 VENDORPATH\kreait\firebase-php\src\Firebase\Exception\DatabaseApiExceptionConverter.php(32): Kreait\Firebase\Exception\DatabaseApiExceptionConverter->convertGuzzleRequestException(Object(GuzzleHttp\Exception\RequestException))
 2 VENDORPATH\kreait\firebase-php\src\Firebase\Database\ApiClient.php(180): Kreait\Firebase\Exception\DatabaseApiExceptionConverter->convertException(Object(GuzzleHttp\Exception\RequestException))
 3 VENDORPATH\kreait\firebase-php\src\Firebase\Database\ApiClient.php(156): Kreait\Firebase\Database\ApiClient->requestApi('PATCH', '/patient/-NH-j-ADiX568ugoY294', [...])
 4 VENDORPATH\kreait\firebase-php\src\Firebase\Database\Reference.php(420): Kreait\Firebase\Database\ApiClient->update('/patient/-NH-j-ADiX568ugoY294', [...])
 5 APPPATH\Controllers\Patient.php(149): Kreait\Firebase\Database\Reference->update([...])
 6 SYSTEMPATH\CodeIgniter.php(910): App\Controllers\Patient->update()
 7 SYSTEMPATH\CodeIgniter.php(469): CodeIgniter\CodeIgniter->runController(Object(App\Controllers\Patient))
 8 SYSTEMPATH\CodeIgniter.php(352): CodeIgniter\CodeIgniter->handleRequest(null, Object(Config\Cache), false)
 9 FCPATH\index.php(55): CodeIgniter\CodeIgniter->run()
10 SYSTEMPATH\Commands\Server\rewrite.php(46): require_once('FCPATH\\index.php')
CRITICAL - 2022-11-18 01:19:31 --> cURL error 56: OpenSSL SSL_read: Connection was reset, errno 10054 (see https://curl.haxx.se/libcurl/c/libcurl-errors.html) for https://onlineclinic-37b72-default-rtdb.firebaseio.com/patient/-NH-j-ADiX568ugoY294.json
in VENDORPATH\kreait\firebase-php\src\Firebase\Exception\DatabaseApiExceptionConverter.php on line 65.
 1 VENDORPATH\kreait\firebase-php\src\Firebase\Exception\DatabaseApiExceptionConverter.php(32): Kreait\Firebase\Exception\DatabaseApiExceptionConverter->convertGuzzleRequestException(Object(GuzzleHttp\Exception\RequestException))
 2 VENDORPATH\kreait\firebase-php\src\Firebase\Database\ApiClient.php(180): Kreait\Firebase\Exception\DatabaseApiExceptionConverter->convertException(Object(GuzzleHttp\Exception\RequestException))
 3 VENDORPATH\kreait\firebase-php\src\Firebase\Database\ApiClient.php(156): Kreait\Firebase\Database\ApiClient->requestApi('PATCH', '/patient/-NH-j-ADiX568ugoY294', [...])
 4 VENDORPATH\kreait\firebase-php\src\Firebase\Database\Reference.php(420): Kreait\Firebase\Database\ApiClient->update('/patient/-NH-j-ADiX568ugoY294', [...])
 5 APPPATH\Controllers\Patient.php(151): Kreait\Firebase\Database\Reference->update([...])
 6 SYSTEMPATH\CodeIgniter.php(910): App\Controllers\Patient->update()
 7 SYSTEMPATH\CodeIgniter.php(469): CodeIgniter\CodeIgniter->runController(Object(App\Controllers\Patient))
 8 SYSTEMPATH\CodeIgniter.php(352): CodeIgniter\CodeIgniter->handleRequest(null, Object(Config\Cache), false)
 9 FCPATH\index.php(55): CodeIgniter\CodeIgniter->run()
10 SYSTEMPATH\Commands\Server\rewrite.php(46): require_once('FCPATH\\index.php')
CRITICAL - 2022-11-18 01:23:42 --> cURL error 56: OpenSSL SSL_read: Connection was reset, errno 10054 (see https://curl.haxx.se/libcurl/c/libcurl-errors.html) for https://onlineclinic-37b72-default-rtdb.firebaseio.com/patient/-NH-j-ADiX568ugoY294.json
in VENDORPATH\kreait\firebase-php\src\Firebase\Exception\DatabaseApiExceptionConverter.php on line 65.
 1 VENDORPATH\kreait\firebase-php\src\Firebase\Exception\DatabaseApiExceptionConverter.php(32): Kreait\Firebase\Exception\DatabaseApiExceptionConverter->convertGuzzleRequestException(Object(GuzzleHttp\Exception\RequestException))
 2 VENDORPATH\kreait\firebase-php\src\Firebase\Database\ApiClient.php(180): Kreait\Firebase\Exception\DatabaseApiExceptionConverter->convertException(Object(GuzzleHttp\Exception\RequestException))
 3 VENDORPATH\kreait\firebase-php\src\Firebase\Database\ApiClient.php(156): Kreait\Firebase\Database\ApiClient->requestApi('PATCH', '/patient/-NH-j-ADiX568ugoY294', [...])
 4 VENDORPATH\kreait\firebase-php\src\Firebase\Database\Reference.php(420): Kreait\Firebase\Database\ApiClient->update('/patient/-NH-j-ADiX568ugoY294', [...])
 5 APPPATH\Controllers\Patient.php(149): Kreait\Firebase\Database\Reference->update([...])
 6 SYSTEMPATH\CodeIgniter.php(910): App\Controllers\Patient->update()
 7 SYSTEMPATH\CodeIgniter.php(469): CodeIgniter\CodeIgniter->runController(Object(App\Controllers\Patient))
 8 SYSTEMPATH\CodeIgniter.php(352): CodeIgniter\CodeIgniter->handleRequest(null, Object(Config\Cache), false)
 9 FCPATH\index.php(55): CodeIgniter\CodeIgniter->run()
10 SYSTEMPATH\Commands\Server\rewrite.php(46): require_once('FCPATH\\index.php')
CRITICAL - 2022-11-18 01:24:44 --> cURL error 56: OpenSSL SSL_read: Connection was reset, errno 10054 (see https://curl.haxx.se/libcurl/c/libcurl-errors.html) for https://onlineclinic-37b72-default-rtdb.firebaseio.com/patient/-NH-j-ADiX568ugoY294.json
in VENDORPATH\kreait\firebase-php\src\Firebase\Exception\DatabaseApiExceptionConverter.php on line 65.
 1 VENDORPATH\kreait\firebase-php\src\Firebase\Exception\DatabaseApiExceptionConverter.php(32): Kreait\Firebase\Exception\DatabaseApiExceptionConverter->convertGuzzleRequestException(Object(GuzzleHttp\Exception\RequestException))
 2 VENDORPATH\kreait\firebase-php\src\Firebase\Database\ApiClient.php(180): Kreait\Firebase\Exception\DatabaseApiExceptionConverter->convertException(Object(GuzzleHttp\Exception\RequestException))
 3 VENDORPATH\kreait\firebase-php\src\Firebase\Database\ApiClient.php(156): Kreait\Firebase\Database\ApiClient->requestApi('PATCH', '/patient/-NH-j-ADiX568ugoY294', [...])
 4 VENDORPATH\kreait\firebase-php\src\Firebase\Database\Reference.php(420): Kreait\Firebase\Database\ApiClient->update('/patient/-NH-j-ADiX568ugoY294', [...])
 5 APPPATH\Controllers\Patient.php(149): Kreait\Firebase\Database\Reference->update([...])
 6 SYSTEMPATH\CodeIgniter.php(910): App\Controllers\Patient->update()
 7 SYSTEMPATH\CodeIgniter.php(469): CodeIgniter\CodeIgniter->runController(Object(App\Controllers\Patient))
 8 SYSTEMPATH\CodeIgniter.php(352): CodeIgniter\CodeIgniter->handleRequest(null, Object(Config\Cache), false)
 9 FCPATH\index.php(55): CodeIgniter\CodeIgniter->run()
10 SYSTEMPATH\Commands\Server\rewrite.php(46): require_once('FCPATH\\index.php')
CRITICAL - 2022-11-18 01:25:12 --> cURL error 56: OpenSSL SSL_read: Connection was reset, errno 10054 (see https://curl.haxx.se/libcurl/c/libcurl-errors.html) for https://onlineclinic-37b72-default-rtdb.firebaseio.com/patient/-NH-j-ADiX568ugoY294.json
in VENDORPATH\kreait\firebase-php\src\Firebase\Exception\DatabaseApiExceptionConverter.php on line 65.
 1 VENDORPATH\kreait\firebase-php\src\Firebase\Exception\DatabaseApiExceptionConverter.php(32): Kreait\Firebase\Exception\DatabaseApiExceptionConverter->convertGuzzleRequestException(Object(GuzzleHttp\Exception\RequestException))
 2 VENDORPATH\kreait\firebase-php\src\Firebase\Database\ApiClient.php(180): Kreait\Firebase\Exception\DatabaseApiExceptionConverter->convertException(Object(GuzzleHttp\Exception\RequestException))
 3 VENDORPATH\kreait\firebase-php\src\Firebase\Database\ApiClient.php(156): Kreait\Firebase\Database\ApiClient->requestApi('PATCH', '/patient/-NH-j-ADiX568ugoY294', [...])
 4 VENDORPATH\kreait\firebase-php\src\Firebase\Database\Reference.php(420): Kreait\Firebase\Database\ApiClient->update('/patient/-NH-j-ADiX568ugoY294', [...])
 5 APPPATH\Controllers\Patient.php(150): Kreait\Firebase\Database\Reference->update([...])
 6 SYSTEMPATH\CodeIgniter.php(910): App\Controllers\Patient->update()
 7 SYSTEMPATH\CodeIgniter.php(469): CodeIgniter\CodeIgniter->runController(Object(App\Controllers\Patient))
 8 SYSTEMPATH\CodeIgniter.php(352): CodeIgniter\CodeIgniter->handleRequest(null, Object(Config\Cache), false)
 9 FCPATH\index.php(55): CodeIgniter\CodeIgniter->run()
10 SYSTEMPATH\Commands\Server\rewrite.php(46): require_once('FCPATH\\index.php')
CRITICAL - 2022-11-18 19:07:50 --> Class 'App\Controllers\FirebaseCon' not found
in APPPATH\Controllers\Queue.php on line 29.
 1 SYSTEMPATH\CodeIgniter.php(910): App\Controllers\Queue->moveQueue()
 2 SYSTEMPATH\CodeIgniter.php(469): CodeIgniter\CodeIgniter->runController(Object(App\Controllers\Queue))
 3 SYSTEMPATH\CodeIgniter.php(352): CodeIgniter\CodeIgniter->handleRequest(null, Object(Config\Cache), false)
 4 FCPATH\index.php(55): CodeIgniter\CodeIgniter->run()
 5 SYSTEMPATH\Commands\Server\rewrite.php(46): require_once('FCPATH\\index.php')
CRITICAL - 2022-11-18 21:04:36 --> Class 'App\Libraries\QueueLib' not found
in APPPATH\Controllers\Queue.php on line 22.
 1 SYSTEMPATH\CodeIgniter.php(910): App\Controllers\Queue->moveQueue()
 2 SYSTEMPATH\CodeIgniter.php(469): CodeIgniter\CodeIgniter->runController(Object(App\Controllers\Queue))
 3 SYSTEMPATH\CodeIgniter.php(352): CodeIgniter\CodeIgniter->handleRequest(null, Object(Config\Cache), false)
 4 FCPATH\index.php(55): CodeIgniter\CodeIgniter->run()
 5 SYSTEMPATH\Commands\Server\rewrite.php(46): require_once('FCPATH\\index.php')
CRITICAL - 2022-11-18 23:51:50 --> Call to undefined method App\Libraries\QueueLib::readDataWaiting()
in APPPATH\Controllers\Queue.php on line 18.
 1 SYSTEMPATH\CodeIgniter.php(910): App\Controllers\Queue->manage()
 2 SYSTEMPATH\CodeIgniter.php(469): CodeIgniter\CodeIgniter->runController(Object(App\Controllers\Queue))
 3 SYSTEMPATH\CodeIgniter.php(352): CodeIgniter\CodeIgniter->handleRequest(null, Object(Config\Cache), false)
 4 FCPATH\index.php(55): CodeIgniter\CodeIgniter->run()
 5 SYSTEMPATH\Commands\Server\rewrite.php(46): require_once('FCPATH\\index.php')
CRITICAL - 2022-11-18 23:52:07 --> Array to string conversion
in APPPATH\Controllers\Queue.php on line 21.
 1 APPPATH\Controllers\Queue.php(21): CodeIgniter\Debug\Exceptions->errorHandler(8, 'Array to string conversion', 'APPPATH\\Controllers\\Queue.php', 21, [...])
 2 SYSTEMPATH\CodeIgniter.php(910): App\Controllers\Queue->manage()
 3 SYSTEMPATH\CodeIgniter.php(469): CodeIgniter\CodeIgniter->runController(Object(App\Controllers\Queue))
 4 SYSTEMPATH\CodeIgniter.php(352): CodeIgniter\CodeIgniter->handleRequest(null, Object(Config\Cache), false)
 5 FCPATH\index.php(55): CodeIgniter\CodeIgniter->run()
 6 SYSTEMPATH\Commands\Server\rewrite.php(46): require_once('FCPATH\\index.php')
CRITICAL - 2022-11-18 23:52:23 --> Undefined variable: stauts
in APPPATH\Helpers\Form_helper.php on line 21.
 1 APPPATH\Helpers\Form_helper.php(21): CodeIgniter\Debug\Exceptions->errorHandler(8, 'Undefined variable: stauts', 'APPPATH\\Helpers\\Form_helper.php', 21, [...])
 2 APPPATH\Views\staff\overview.php(208): countQueue('waiting', '2022-11-18')
 3 SYSTEMPATH\View\View.php(213): include('APPPATH\\Views\\staff\\overview.php')
 4 SYSTEMPATH\View\View.php(216): CodeIgniter\View\View->CodeIgniter\View\{closure}()
 5 SYSTEMPATH\Common.php(1137): CodeIgniter\View\View->render('staff/overview', [], true)
 6 APPPATH\Controllers\Queue.php(23): view('staff/overview', [...])
 7 SYSTEMPATH\CodeIgniter.php(910): App\Controllers\Queue->manage()
 8 SYSTEMPATH\CodeIgniter.php(469): CodeIgniter\CodeIgniter->runController(Object(App\Controllers\Queue))
 9 SYSTEMPATH\CodeIgniter.php(352): CodeIgniter\CodeIgniter->handleRequest(null, Object(Config\Cache), false)
10 FCPATH\index.php(55): CodeIgniter\CodeIgniter->run()
11 SYSTEMPATH\Commands\Server\rewrite.php(46): require_once('FCPATH\\index.php')
CRITICAL - 2022-11-18 23:59:56 --> Undefined index: Arrivaltime
in APPPATH\Views\staff\overview.php on line 233.
 1 APPPATH\Views\staff\overview.php(233): CodeIgniter\Debug\Exceptions->errorHandler(8, 'Undefined index: Arrivaltime', 'APPPATH\\Views\\staff\\overview.php', 233, [...])
 2 SYSTEMPATH\View\View.php(213): include('APPPATH\\Views\\staff\\overview.php')
 3 SYSTEMPATH\View\View.php(216): CodeIgniter\View\View->CodeIgniter\View\{closure}()
 4 SYSTEMPATH\Common.php(1137): CodeIgniter\View\View->render('staff/overview', [], true)
 5 APPPATH\Controllers\Queue.php(23): view('staff/overview', [...])
 6 SYSTEMPATH\CodeIgniter.php(910): App\Controllers\Queue->manage()
 7 SYSTEMPATH\CodeIgniter.php(469): CodeIgniter\CodeIgniter->runController(Object(App\Controllers\Queue))
 8 SYSTEMPATH\CodeIgniter.php(352): CodeIgniter\CodeIgniter->handleRequest(null, Object(Config\Cache), false)
 9 FCPATH\index.php(55): CodeIgniter\CodeIgniter->run()
10 SYSTEMPATH\Commands\Server\rewrite.php(46): require_once('FCPATH\\index.php')
