CRITICAL - 2022-11-16 00:20:47 --> Trying to access array offset on value of type null
in APPPATH\Views\layout\staffdashboard-layout.php on line 72.
 1 APPPATH\Views\layout\staffdashboard-layout.php(72): CodeIgniter\Debug\Exceptions->errorHandler(8, 'Trying to access array offset on value of type null', 'APPPATH\\Views\\layout\\staffdashboard-layout.php', 72, [...])
 2 SYSTEMPATH\View\View.php(213): include('APPPATH\\Views\\layout\\staffdashboard-layout.php')
 3 SYSTEMPATH\View\View.php(216): CodeIgniter\View\View->CodeIgniter\View\{closure}()
 4 SYSTEMPATH\View\View.php(229): CodeIgniter\View\View->render('layout/staffdashboard-layout', [], true)
 5 SYSTEMPATH\Common.php(1137): CodeIgniter\View\View->render('staff/consult', [], true)
 6 APPPATH\Controllers\Staff.php(157): view('staff/consult', [...])
 7 SYSTEMPATH\CodeIgniter.php(910): App\Controllers\Staff->consult()
 8 SYSTEMPATH\CodeIgniter.php(469): CodeIgniter\CodeIgniter->runController(Object(App\Controllers\Staff))
 9 SYSTEMPATH\CodeIgniter.php(352): CodeIgniter\CodeIgniter->handleRequest(null, Object(Config\Cache), false)
10 FCPATH\index.php(55): CodeIgniter\CodeIgniter->run()
11 SYSTEMPATH\Commands\Server\rewrite.php(46): require_once('FCPATH\\index.php')
CRITICAL - 2022-11-16 04:20:07 --> Undefined variable: userInfo
in APPPATH\Views\layout\staffdashboard-layout.php on line 72.
 1 APPPATH\Views\layout\staffdashboard-layout.php(72): CodeIgniter\Debug\Exceptions->errorHandler(8, 'Undefined variable: userInfo', 'APPPATH\\Views\\layout\\staffdashboard-layout.php', 72, [])
 2 SYSTEMPATH\View\View.php(213): include('APPPATH\\Views\\layout\\staffdashboard-layout.php')
 3 SYSTEMPATH\View\View.php(216): CodeIgniter\View\View->CodeIgniter\View\{closure}()
 4 SYSTEMPATH\View\View.php(229): CodeIgniter\View\View->render('layout/staffdashboard-layout', [], true)
 5 SYSTEMPATH\Common.php(1137): CodeIgniter\View\View->render('staff/patientRegister', [], true)
 6 APPPATH\Controllers\Patient.php(10): view('staff/patientRegister')
 7 SYSTEMPATH\CodeIgniter.php(910): App\Controllers\Patient->register()
 8 SYSTEMPATH\CodeIgniter.php(469): CodeIgniter\CodeIgniter->runController(Object(App\Controllers\Patient))
 9 SYSTEMPATH\CodeIgniter.php(352): CodeIgniter\CodeIgniter->handleRequest(null, Object(Config\Cache), false)
10 FCPATH\index.php(55): CodeIgniter\CodeIgniter->run()
11 SYSTEMPATH\Commands\Server\rewrite.php(46): require_once('FCPATH\\index.php')
CRITICAL - 2022-11-16 04:39:32 --> Call to undefined function set_value()
in APPPATH\Views\staff\patientRegister.php on line 24.
 1 SYSTEMPATH\View\View.php(213): include()
 2 SYSTEMPATH\View\View.php(216): CodeIgniter\View\View->CodeIgniter\View\{closure}()
 3 SYSTEMPATH\Common.php(1137): CodeIgniter\View\View->render('staff/patientRegister', [], true)
 4 APPPATH\Controllers\Patient.php(15): view('staff/patientRegister', [...])
 5 SYSTEMPATH\CodeIgniter.php(910): App\Controllers\Patient->register()
 6 SYSTEMPATH\CodeIgniter.php(469): CodeIgniter\CodeIgniter->runController(Object(App\Controllers\Patient))
 7 SYSTEMPATH\CodeIgniter.php(352): CodeIgniter\CodeIgniter->handleRequest(null, Object(Config\Cache), false)
 8 FCPATH\index.php(55): CodeIgniter\CodeIgniter->run()
 9 SYSTEMPATH\Commands\Server\rewrite.php(46): require_once('FCPATH\\index.php')
CRITICAL - 2022-11-16 04:40:00 --> Call to undefined function set_value()
in APPPATH\Views\staff\patientRegister.php on line 24.
 1 SYSTEMPATH\View\View.php(213): include()
 2 SYSTEMPATH\View\View.php(216): CodeIgniter\View\View->CodeIgniter\View\{closure}()
 3 SYSTEMPATH\Common.php(1137): CodeIgniter\View\View->render('staff/patientRegister', [], true)
 4 APPPATH\Controllers\Patient.php(15): view('staff/patientRegister', [...])
 5 SYSTEMPATH\CodeIgniter.php(910): App\Controllers\Patient->register()
 6 SYSTEMPATH\CodeIgniter.php(469): CodeIgniter\CodeIgniter->runController(Object(App\Controllers\Patient))
 7 SYSTEMPATH\CodeIgniter.php(352): CodeIgniter\CodeIgniter->handleRequest(null, Object(Config\Cache), false)
 8 FCPATH\index.php(55): CodeIgniter\CodeIgniter->run()
 9 SYSTEMPATH\Commands\Server\rewrite.php(46): require_once('FCPATH\\index.php')
CRITICAL - 2022-11-16 07:53:33 --> valid_email2 is not a valid rule.
in SYSTEMPATH\Validation\Validation.php on line 316.
 1 SYSTEMPATH\Validation\Validation.php(316): CodeIgniter\Validation\Exceptions\ValidationException::forRuleNotFound('valid_email2')
 2 SYSTEMPATH\Validation\Validation.php(175): CodeIgniter\Validation\Validation->processRules('email', 'email', 'ROOTPATH\\public', [...], [...])
 3 SYSTEMPATH\Controller.php(140): CodeIgniter\Validation\Validation->run()
 4 APPPATH\Controllers\Patient.php(31): CodeIgniter\Controller->validate([...])
 5 SYSTEMPATH\CodeIgniter.php(910): App\Controllers\Patient->register()
 6 SYSTEMPATH\CodeIgniter.php(469): CodeIgniter\CodeIgniter->runController(Object(App\Controllers\Patient))
 7 SYSTEMPATH\CodeIgniter.php(352): CodeIgniter\CodeIgniter->handleRequest(null, Object(Config\Cache), false)
 8 FCPATH\index.php(55): CodeIgniter\CodeIgniter->run()
 9 SYSTEMPATH\Commands\Server\rewrite.php(46): require_once('FCPATH\\index.php')
CRITICAL - 2022-11-16 07:53:54 --> valid_email2 is not a valid rule.
in SYSTEMPATH\Validation\Validation.php on line 316.
 1 SYSTEMPATH\Validation\Validation.php(316): CodeIgniter\Validation\Exceptions\ValidationException::forRuleNotFound('valid_email2')
 2 SYSTEMPATH\Validation\Validation.php(175): CodeIgniter\Validation\Validation->processRules('email', 'email', 'ROOTPATH\\public', [...], [...])
 3 SYSTEMPATH\Controller.php(140): CodeIgniter\Validation\Validation->run()
 4 APPPATH\Controllers\Patient.php(31): CodeIgniter\Controller->validate([...])
 5 SYSTEMPATH\CodeIgniter.php(910): App\Controllers\Patient->register()
 6 SYSTEMPATH\CodeIgniter.php(469): CodeIgniter\CodeIgniter->runController(Object(App\Controllers\Patient))
 7 SYSTEMPATH\CodeIgniter.php(352): CodeIgniter\CodeIgniter->handleRequest(null, Object(Config\Cache), false)
 8 FCPATH\index.php(55): CodeIgniter\CodeIgniter->run()
 9 SYSTEMPATH\Commands\Server\rewrite.php(46): require_once('FCPATH\\index.php')
CRITICAL - 2022-11-16 07:54:30 --> Undefined property: App\Validation\RegisterRules::$nonStrictFormatRules
in APPPATH\Validation\RegisterRules.php on line 18.
 1 APPPATH\Validation\RegisterRules.php(18): CodeIgniter\Debug\Exceptions->errorHandler(8, 'Undefined property: App\\Validation\\RegisterRules::$nonStrictFormatRules', 'APPPATH\\Validation\\RegisterRules.php', 18, [...])
 2 SYSTEMPATH\Validation\Validation.php(307): App\Validation\RegisterRules->valid_email2('ROOTPATH\\public', null)
 3 SYSTEMPATH\Validation\Validation.php(175): CodeIgniter\Validation\Validation->processRules('email', 'email', 'ROOTPATH\\public', [...], [...])
 4 SYSTEMPATH\Controller.php(140): CodeIgniter\Validation\Validation->run()
 5 APPPATH\Controllers\Patient.php(31): CodeIgniter\Controller->validate([...])
 6 SYSTEMPATH\CodeIgniter.php(910): App\Controllers\Patient->register()
 7 SYSTEMPATH\CodeIgniter.php(469): CodeIgniter\CodeIgniter->runController(Object(App\Controllers\Patient))
 8 SYSTEMPATH\CodeIgniter.php(352): CodeIgniter\CodeIgniter->handleRequest(null, Object(Config\Cache), false)
 9 FCPATH\index.php(55): CodeIgniter\CodeIgniter->run()
10 SYSTEMPATH\Commands\Server\rewrite.php(46): require_once('FCPATH\\index.php')
CRITICAL - 2022-11-16 07:54:50 --> Return value of App\Validation\RegisterRules::valid_email2() must be of the type bool, none returned
in APPPATH\Validation\RegisterRules.php on line 18.
 1 SYSTEMPATH\Validation\Validation.php(307): App\Validation\RegisterRules->valid_email2('ROOTPATH\\public', null)
 2 SYSTEMPATH\Validation\Validation.php(175): CodeIgniter\Validation\Validation->processRules('email', 'email', 'ROOTPATH\\public', [...], [...])
 3 SYSTEMPATH\Controller.php(140): CodeIgniter\Validation\Validation->run()
 4 APPPATH\Controllers\Patient.php(31): CodeIgniter\Controller->validate([...])
 5 SYSTEMPATH\CodeIgniter.php(910): App\Controllers\Patient->register()
 6 SYSTEMPATH\CodeIgniter.php(469): CodeIgniter\CodeIgniter->runController(Object(App\Controllers\Patient))
 7 SYSTEMPATH\CodeIgniter.php(352): CodeIgniter\CodeIgniter->handleRequest(null, Object(Config\Cache), false)
 8 FCPATH\index.php(55): CodeIgniter\CodeIgniter->run()
 9 SYSTEMPATH\Commands\Server\rewrite.php(46): require_once('FCPATH\\index.php')
