CRITICAL - 2022-11-13 04:10:30 --> CodeIgniter\Autoloader\Autoloader::main(): Failed opening required '../vendor/firebase/php-jwt/src/BeforeValidException' (include_path='C:\xampp\php\PEAR')
in APPPATH\Libraries\zoomLib.php on line 4.
 1 [internal function]: CodeIgniter\Debug\Exceptions->shutdownHandler()
CRITICAL - 2022-11-13 04:12:04 --> CodeIgniter\Autoloader\Autoloader::main(): Failed opening required '../vendor/php-jwt/src/BeforeValidException' (include_path='C:\xampp\php\PEAR')
in APPPATH\Libraries\zoomLib.php on line 4.
 1 [internal function]: CodeIgniter\Debug\Exceptions->shutdownHandler()
CRITICAL - 2022-11-13 04:12:36 --> CodeIgniter\Autoloader\Autoloader::main(): Failed opening required '../vendor/firebase/php-jwt/src/ExpiredException' (include_path='C:\xampp\php\PEAR')
in APPPATH\Libraries\zoomLib.php on line 5.
 1 [internal function]: CodeIgniter\Debug\Exceptions->shutdownHandler()
CRITICAL - 2022-11-13 05:13:19 --> Undefined index: agenda
in APPPATH\Libraries\zoomLib.php on line 28.
 1 APPPATH\Libraries\zoomLib.php(28): CodeIgniter\Debug\Exceptions->errorHandler(8, 'Undefined index: agenda', 'APPPATH\\Libraries\\zoomLib.php', 28, [...])
 2 APPPATH\Controllers\Payment.php(25): App\Libraries\zoomLib::createMeeting([...])
 3 SYSTEMPATH\CodeIgniter.php(910): App\Controllers\Payment->testmeet()
 4 SYSTEMPATH\CodeIgniter.php(469): CodeIgniter\CodeIgniter->runController(Object(App\Controllers\Payment))
 5 SYSTEMPATH\CodeIgniter.php(352): CodeIgniter\CodeIgniter->handleRequest(null, Object(Config\Cache), false)
 6 FCPATH\index.php(55): CodeIgniter\CodeIgniter->run()
 7 SYSTEMPATH\Commands\Server\rewrite.php(46): require_once('FCPATH\\index.php')
CRITICAL - 2022-11-13 05:13:41 --> Using $this when not in object context
in APPPATH\Libraries\zoomLib.php on line 44.
 1 APPPATH\Controllers\Payment.php(25): App\Libraries\zoomLib::createMeeting([...])
 2 SYSTEMPATH\CodeIgniter.php(910): App\Controllers\Payment->testmeet()
 3 SYSTEMPATH\CodeIgniter.php(469): CodeIgniter\CodeIgniter->runController(Object(App\Controllers\Payment))
 4 SYSTEMPATH\CodeIgniter.php(352): CodeIgniter\CodeIgniter->handleRequest(null, Object(Config\Cache), false)
 5 FCPATH\index.php(55): CodeIgniter\CodeIgniter->run()
 6 SYSTEMPATH\Commands\Server\rewrite.php(46): require_once('FCPATH\\index.php')
CRITICAL - 2022-11-13 05:14:04 --> Using $this when not in object context
in APPPATH\Libraries\zoomLib.php on line 44.
 1 APPPATH\Controllers\Payment.php(25): App\Libraries\zoomLib::createMeeting([...])
 2 SYSTEMPATH\CodeIgniter.php(910): App\Controllers\Payment->testmeet()
 3 SYSTEMPATH\CodeIgniter.php(469): CodeIgniter\CodeIgniter->runController(Object(App\Controllers\Payment))
 4 SYSTEMPATH\CodeIgniter.php(352): CodeIgniter\CodeIgniter->handleRequest(null, Object(Config\Cache), false)
 5 FCPATH\index.php(55): CodeIgniter\CodeIgniter->run()
 6 SYSTEMPATH\Commands\Server\rewrite.php(46): require_once('FCPATH\\index.php')
CRITICAL - 2022-11-13 05:14:14 --> Call to undefined function App\Libraries\sendRequest()
in APPPATH\Libraries\zoomLib.php on line 44.
 1 APPPATH\Controllers\Payment.php(25): App\Libraries\zoomLib::createMeeting([...])
 2 SYSTEMPATH\CodeIgniter.php(910): App\Controllers\Payment->testmeet()
 3 SYSTEMPATH\CodeIgniter.php(469): CodeIgniter\CodeIgniter->runController(Object(App\Controllers\Payment))
 4 SYSTEMPATH\CodeIgniter.php(352): CodeIgniter\CodeIgniter->handleRequest(null, Object(Config\Cache), false)
 5 FCPATH\index.php(55): CodeIgniter\CodeIgniter->run()
 6 SYSTEMPATH\Commands\Server\rewrite.php(46): require_once('FCPATH\\index.php')
CRITICAL - 2022-11-13 05:14:32 --> Using $this when not in object context
in APPPATH\Libraries\zoomLib.php on line 44.
 1 APPPATH\Controllers\Payment.php(25): App\Libraries\zoomLib::createMeeting([...])
 2 SYSTEMPATH\CodeIgniter.php(910): App\Controllers\Payment->testmeet()
 3 SYSTEMPATH\CodeIgniter.php(469): CodeIgniter\CodeIgniter->runController(Object(App\Controllers\Payment))
 4 SYSTEMPATH\CodeIgniter.php(352): CodeIgniter\CodeIgniter->handleRequest(null, Object(Config\Cache), false)
 5 FCPATH\index.php(55): CodeIgniter\CodeIgniter->run()
 6 SYSTEMPATH\Commands\Server\rewrite.php(46): require_once('FCPATH\\index.php')
CRITICAL - 2022-11-13 05:15:14 --> Using $this when not in object context
in APPPATH\Libraries\zoomLib.php on line 44.
 1 APPPATH\Controllers\Payment.php(25): App\Libraries\zoomLib::createMeeting([...])
 2 SYSTEMPATH\CodeIgniter.php(910): App\Controllers\Payment->testmeet()
 3 SYSTEMPATH\CodeIgniter.php(469): CodeIgniter\CodeIgniter->runController(Object(App\Controllers\Payment))
 4 SYSTEMPATH\CodeIgniter.php(352): CodeIgniter\CodeIgniter->handleRequest(null, Object(Config\Cache), false)
 5 FCPATH\index.php(55): CodeIgniter\CodeIgniter->run()
 6 SYSTEMPATH\Commands\Server\rewrite.php(46): require_once('FCPATH\\index.php')
CRITICAL - 2022-11-13 05:16:05 --> Using $this when not in object context
in APPPATH\Libraries\zoomLib.php on line 46.
 1 APPPATH\Controllers\Payment.php(25): App\Libraries\zoomLib::createMeeting([...])
 2 SYSTEMPATH\CodeIgniter.php(910): App\Controllers\Payment->testmeet()
 3 SYSTEMPATH\CodeIgniter.php(469): CodeIgniter\CodeIgniter->runController(Object(App\Controllers\Payment))
 4 SYSTEMPATH\CodeIgniter.php(352): CodeIgniter\CodeIgniter->handleRequest(null, Object(Config\Cache), false)
 5 FCPATH\index.php(55): CodeIgniter\CodeIgniter->run()
 6 SYSTEMPATH\Commands\Server\rewrite.php(46): require_once('FCPATH\\index.php')
CRITICAL - 2022-11-13 05:17:59 --> Using $this when not in object context
in APPPATH\Libraries\zoomLib.php on line 15.
 1 APPPATH\Libraries\zoomLib.php(52): App\Libraries\zoomLib::generateJWTKey()
 2 APPPATH\Libraries\zoomLib.php(44): App\Libraries\zoomLib->sendRequest([...])
 3 APPPATH\Controllers\Payment.php(26): App\Libraries\zoomLib->createMeeting([...])
 4 SYSTEMPATH\CodeIgniter.php(910): App\Controllers\Payment->testmeet()
 5 SYSTEMPATH\CodeIgniter.php(469): CodeIgniter\CodeIgniter->runController(Object(App\Controllers\Payment))
 6 SYSTEMPATH\CodeIgniter.php(352): CodeIgniter\CodeIgniter->handleRequest(null, Object(Config\Cache), false)
 7 FCPATH\index.php(55): CodeIgniter\CodeIgniter->run()
 8 SYSTEMPATH\Commands\Server\rewrite.php(46): require_once('FCPATH\\index.php')
CRITICAL - 2022-11-13 05:18:17 --> Too few arguments to function Firebase\JWT\JWT::encode(), 2 passed in C:\xampp\htdocs\CodeIgniter4-develop\app\Libraries\zoomLib.php on line 21 and at least 3 expected
in VENDORPATH\firebase\php-jwt\src\JWT.php on line 183.
 1 APPPATH\Libraries\zoomLib.php(21): Firebase\JWT\JWT::encode([...], 'fV544AHbZ0YJ2ORzrPuDnHgMadAVCHXXhCni')
 2 APPPATH\Libraries\zoomLib.php(52): App\Libraries\zoomLib->generateJWTKey()
 3 APPPATH\Libraries\zoomLib.php(44): App\Libraries\zoomLib->sendRequest([...])
 4 APPPATH\Controllers\Payment.php(26): App\Libraries\zoomLib->createMeeting([...])
 5 SYSTEMPATH\CodeIgniter.php(910): App\Controllers\Payment->testmeet()
 6 SYSTEMPATH\CodeIgniter.php(469): CodeIgniter\CodeIgniter->runController(Object(App\Controllers\Payment))
 7 SYSTEMPATH\CodeIgniter.php(352): CodeIgniter\CodeIgniter->handleRequest(null, Object(Config\Cache), false)
 8 FCPATH\index.php(55): CodeIgniter\CodeIgniter->run()
 9 SYSTEMPATH\Commands\Server\rewrite.php(46): require_once('FCPATH\\index.php')
CRITICAL - 2022-11-13 06:55:44 --> Undefined variable: user_info
in APPPATH\Controllers\Staff.php on line 15.
 1 APPPATH\Controllers\Staff.php(15): CodeIgniter\Debug\Exceptions->errorHandler(8, 'Undefined variable: user_info', 'APPPATH\\Controllers\\Staff.php', 15, [...])
 2 SYSTEMPATH\CodeIgniter.php(910): App\Controllers\Staff->consult()
 3 SYSTEMPATH\CodeIgniter.php(469): CodeIgniter\CodeIgniter->runController(Object(App\Controllers\Staff))
 4 SYSTEMPATH\CodeIgniter.php(352): CodeIgniter\CodeIgniter->handleRequest(null, Object(Config\Cache), false)
 5 FCPATH\index.php(55): CodeIgniter\CodeIgniter->run()
 6 SYSTEMPATH\Commands\Server\rewrite.php(46): require_once('FCPATH\\index.php')
CRITICAL - 2022-11-13 07:18:59 --> Call to undefined function get_phrase()
in APPPATH\Views\staff\consult.php on line 19.
 1 SYSTEMPATH\View\View.php(213): include()
 2 SYSTEMPATH\View\View.php(216): CodeIgniter\View\View->CodeIgniter\View\{closure}()
 3 SYSTEMPATH\Common.php(1137): CodeIgniter\View\View->render('staff/consult', [], true)
 4 APPPATH\Controllers\Staff.php(19): view('staff/consult', [...])
 5 SYSTEMPATH\CodeIgniter.php(910): App\Controllers\Staff->consult()
 6 SYSTEMPATH\CodeIgniter.php(469): CodeIgniter\CodeIgniter->runController(Object(App\Controllers\Staff))
 7 SYSTEMPATH\CodeIgniter.php(352): CodeIgniter\CodeIgniter->handleRequest(null, Object(Config\Cache), false)
 8 FCPATH\index.php(55): CodeIgniter\CodeIgniter->run()
 9 SYSTEMPATH\Commands\Server\rewrite.php(46): require_once('FCPATH\\index.php')
CRITICAL - 2022-11-13 07:19:16 --> Call to undefined function get_phrase()
in APPPATH\Views\staff\consult.php on line 27.
 1 SYSTEMPATH\View\View.php(213): include()
 2 SYSTEMPATH\View\View.php(216): CodeIgniter\View\View->CodeIgniter\View\{closure}()
 3 SYSTEMPATH\Common.php(1137): CodeIgniter\View\View->render('staff/consult', [], true)
 4 APPPATH\Controllers\Staff.php(19): view('staff/consult', [...])
 5 SYSTEMPATH\CodeIgniter.php(910): App\Controllers\Staff->consult()
 6 SYSTEMPATH\CodeIgniter.php(469): CodeIgniter\CodeIgniter->runController(Object(App\Controllers\Staff))
 7 SYSTEMPATH\CodeIgniter.php(352): CodeIgniter\CodeIgniter->handleRequest(null, Object(Config\Cache), false)
 8 FCPATH\index.php(55): CodeIgniter\CodeIgniter->run()
 9 SYSTEMPATH\Commands\Server\rewrite.php(46): require_once('FCPATH\\index.php')
CRITICAL - 2022-11-13 07:19:32 --> Call to undefined function get_phrase()
in APPPATH\Views\staff\consult.php on line 35.
 1 SYSTEMPATH\View\View.php(213): include()
 2 SYSTEMPATH\View\View.php(216): CodeIgniter\View\View->CodeIgniter\View\{closure}()
 3 SYSTEMPATH\Common.php(1137): CodeIgniter\View\View->render('staff/consult', [], true)
 4 APPPATH\Controllers\Staff.php(19): view('staff/consult', [...])
 5 SYSTEMPATH\CodeIgniter.php(910): App\Controllers\Staff->consult()
 6 SYSTEMPATH\CodeIgniter.php(469): CodeIgniter\CodeIgniter->runController(Object(App\Controllers\Staff))
 7 SYSTEMPATH\CodeIgniter.php(352): CodeIgniter\CodeIgniter->handleRequest(null, Object(Config\Cache), false)
 8 FCPATH\index.php(55): CodeIgniter\CodeIgniter->run()
 9 SYSTEMPATH\Commands\Server\rewrite.php(46): require_once('FCPATH\\index.php')
CRITICAL - 2022-11-13 07:19:46 --> Call to undefined function get_phrase()
in APPPATH\Views\staff\consult.php on line 43.
 1 SYSTEMPATH\View\View.php(213): include()
 2 SYSTEMPATH\View\View.php(216): CodeIgniter\View\View->CodeIgniter\View\{closure}()
 3 SYSTEMPATH\Common.php(1137): CodeIgniter\View\View->render('staff/consult', [], true)
 4 APPPATH\Controllers\Staff.php(19): view('staff/consult', [...])
 5 SYSTEMPATH\CodeIgniter.php(910): App\Controllers\Staff->consult()
 6 SYSTEMPATH\CodeIgniter.php(469): CodeIgniter\CodeIgniter->runController(Object(App\Controllers\Staff))
 7 SYSTEMPATH\CodeIgniter.php(352): CodeIgniter\CodeIgniter->handleRequest(null, Object(Config\Cache), false)
 8 FCPATH\index.php(55): CodeIgniter\CodeIgniter->run()
 9 SYSTEMPATH\Commands\Server\rewrite.php(46): require_once('FCPATH\\index.php')
CRITICAL - 2022-11-13 07:20:07 --> Call to undefined function get_phrase()
in APPPATH\Views\staff\consult.php on line 46.
 1 SYSTEMPATH\View\View.php(213): include()
 2 SYSTEMPATH\View\View.php(216): CodeIgniter\View\View->CodeIgniter\View\{closure}()
 3 SYSTEMPATH\Common.php(1137): CodeIgniter\View\View->render('staff/consult', [], true)
 4 APPPATH\Controllers\Staff.php(19): view('staff/consult', [...])
 5 SYSTEMPATH\CodeIgniter.php(910): App\Controllers\Staff->consult()
 6 SYSTEMPATH\CodeIgniter.php(469): CodeIgniter\CodeIgniter->runController(Object(App\Controllers\Staff))
 7 SYSTEMPATH\CodeIgniter.php(352): CodeIgniter\CodeIgniter->handleRequest(null, Object(Config\Cache), false)
 8 FCPATH\index.php(55): CodeIgniter\CodeIgniter->run()
 9 SYSTEMPATH\Commands\Server\rewrite.php(46): require_once('FCPATH\\index.php')
CRITICAL - 2022-11-13 07:20:26 --> Call to undefined function get_phrase()
in APPPATH\Views\staff\consult.php on line 52.
 1 SYSTEMPATH\View\View.php(213): include()
 2 SYSTEMPATH\View\View.php(216): CodeIgniter\View\View->CodeIgniter\View\{closure}()
 3 SYSTEMPATH\Common.php(1137): CodeIgniter\View\View->render('staff/consult', [], true)
 4 APPPATH\Controllers\Staff.php(19): view('staff/consult', [...])
 5 SYSTEMPATH\CodeIgniter.php(910): App\Controllers\Staff->consult()
 6 SYSTEMPATH\CodeIgniter.php(469): CodeIgniter\CodeIgniter->runController(Object(App\Controllers\Staff))
 7 SYSTEMPATH\CodeIgniter.php(352): CodeIgniter\CodeIgniter->handleRequest(null, Object(Config\Cache), false)
 8 FCPATH\index.php(55): CodeIgniter\CodeIgniter->run()
 9 SYSTEMPATH\Commands\Server\rewrite.php(46): require_once('FCPATH\\index.php')
CRITICAL - 2022-11-13 07:20:47 --> Call to undefined function get_phrase()
in APPPATH\Views\staff\consult.php on line 74.
 1 SYSTEMPATH\View\View.php(213): include()
 2 SYSTEMPATH\View\View.php(216): CodeIgniter\View\View->CodeIgniter\View\{closure}()
 3 SYSTEMPATH\Common.php(1137): CodeIgniter\View\View->render('staff/consult', [], true)
 4 APPPATH\Controllers\Staff.php(19): view('staff/consult', [...])
 5 SYSTEMPATH\CodeIgniter.php(910): App\Controllers\Staff->consult()
 6 SYSTEMPATH\CodeIgniter.php(469): CodeIgniter\CodeIgniter->runController(Object(App\Controllers\Staff))
 7 SYSTEMPATH\CodeIgniter.php(352): CodeIgniter\CodeIgniter->handleRequest(null, Object(Config\Cache), false)
 8 FCPATH\index.php(55): CodeIgniter\CodeIgniter->run()
 9 SYSTEMPATH\Commands\Server\rewrite.php(46): require_once('FCPATH\\index.php')
CRITICAL - 2022-11-13 07:21:05 --> Call to undefined function get_phrase()
in APPPATH\Views\staff\consult.php on line 98.
 1 SYSTEMPATH\View\View.php(213): include()
 2 SYSTEMPATH\View\View.php(216): CodeIgniter\View\View->CodeIgniter\View\{closure}()
 3 SYSTEMPATH\Common.php(1137): CodeIgniter\View\View->render('staff/consult', [], true)
 4 APPPATH\Controllers\Staff.php(19): view('staff/consult', [...])
 5 SYSTEMPATH\CodeIgniter.php(910): App\Controllers\Staff->consult()
 6 SYSTEMPATH\CodeIgniter.php(469): CodeIgniter\CodeIgniter->runController(Object(App\Controllers\Staff))
 7 SYSTEMPATH\CodeIgniter.php(352): CodeIgniter\CodeIgniter->handleRequest(null, Object(Config\Cache), false)
 8 FCPATH\index.php(55): CodeIgniter\CodeIgniter->run()
 9 SYSTEMPATH\Commands\Server\rewrite.php(46): require_once('FCPATH\\index.php')
CRITICAL - 2022-11-13 07:21:14 --> Call to undefined function get_phrase()
in APPPATH\Views\staff\consult.php on line 106.
 1 SYSTEMPATH\View\View.php(213): include()
 2 SYSTEMPATH\View\View.php(216): CodeIgniter\View\View->CodeIgniter\View\{closure}()
 3 SYSTEMPATH\Common.php(1137): CodeIgniter\View\View->render('staff/consult', [], true)
 4 APPPATH\Controllers\Staff.php(19): view('staff/consult', [...])
 5 SYSTEMPATH\CodeIgniter.php(910): App\Controllers\Staff->consult()
 6 SYSTEMPATH\CodeIgniter.php(469): CodeIgniter\CodeIgniter->runController(Object(App\Controllers\Staff))
 7 SYSTEMPATH\CodeIgniter.php(352): CodeIgniter\CodeIgniter->handleRequest(null, Object(Config\Cache), false)
 8 FCPATH\index.php(55): CodeIgniter\CodeIgniter->run()
 9 SYSTEMPATH\Commands\Server\rewrite.php(46): require_once('FCPATH\\index.php')
