CRITICAL - 2022-11-15 00:11:29 --> Undefined variable: userInfo
in APPPATH\Views\layout\dashboard-layout.php on line 185.
 1 APPPATH\Views\layout\dashboard-layout.php(185): CodeIgniter\Debug\Exceptions->errorHandler(8, 'Undefined variable: userInfo', 'APPPATH\\Views\\layout\\dashboard-layout.php', 185, [])
 2 SYSTEMPATH\View\View.php(213): include('APPPATH\\Views\\layout\\dashboard-layout.php')
 3 SYSTEMPATH\View\View.php(216): CodeIgniter\View\View->CodeIgniter\View\{closure}()
 4 SYSTEMPATH\View\View.php(229): CodeIgniter\View\View->render('layout/dashboard-layout', [], true)
 5 SYSTEMPATH\Common.php(1137): CodeIgniter\View\View->render('patientDashboard/consult', [], true)
 6 APPPATH\Controllers\Consult.php(20): view('patientDashboard/consult')
 7 SYSTEMPATH\CodeIgniter.php(910): App\Controllers\Consult->meet()
 8 SYSTEMPATH\CodeIgniter.php(469): CodeIgniter\CodeIgniter->runController(Object(App\Controllers\Consult))
 9 SYSTEMPATH\CodeIgniter.php(352): CodeIgniter\CodeIgniter->handleRequest(null, Object(Config\Cache), false)
10 FCPATH\index.php(55): CodeIgniter\CodeIgniter->run()
11 SYSTEMPATH\Commands\Server\rewrite.php(46): require_once('FCPATH\\index.php')
CRITICAL - 2022-11-15 00:20:48 --> Call to undefined method App\Libraries\ConsultLib::checkRoom()
in APPPATH\Controllers\Consult.php on line 21.
 1 SYSTEMPATH\CodeIgniter.php(910): App\Controllers\Consult->meet()
 2 SYSTEMPATH\CodeIgniter.php(469): CodeIgniter\CodeIgniter->runController(Object(App\Controllers\Consult))
 3 SYSTEMPATH\CodeIgniter.php(352): CodeIgniter\CodeIgniter->handleRequest(null, Object(Config\Cache), false)
 4 FCPATH\index.php(55): CodeIgniter\CodeIgniter->run()
 5 SYSTEMPATH\Commands\Server\rewrite.php(46): require_once('FCPATH\\index.php')
CRITICAL - 2022-11-15 00:33:53 --> syntax error, unexpected '}', expecting ';'
in APPPATH\Controllers\Consult.php on line 33.
 1 SYSTEMPATH\Router\Router.php(499): CodeIgniter\Router\AutoRouter->getRoute('Consult/meet')
 2 SYSTEMPATH\Router\Router.php(205): CodeIgniter\Router\Router->autoRoute('Consult/meet')
 3 SYSTEMPATH\CodeIgniter.php(785): CodeIgniter\Router\Router->handle('Consult/meet')
 4 SYSTEMPATH\CodeIgniter.php(418): CodeIgniter\CodeIgniter->tryToRouteIt(Object(CodeIgniter\Router\RouteCollection))
 5 SYSTEMPATH\CodeIgniter.php(352): CodeIgniter\CodeIgniter->handleRequest(null, Object(Config\Cache), false)
 6 FCPATH\index.php(55): CodeIgniter\CodeIgniter->run()
 7 SYSTEMPATH\Commands\Server\rewrite.php(46): require_once('FCPATH\\index.php')
CRITICAL - 2022-11-15 01:28:09 --> Undefined index: payment
in APPPATH\Views\patientDashboard\payment.php on line 287.
 1 APPPATH\Views\patientDashboard\payment.php(287): CodeIgniter\Debug\Exceptions->errorHandler(8, 'Undefined index: payment', 'APPPATH\\Views\\patientDashboard\\payment.php', 287, [...])
 2 SYSTEMPATH\View\View.php(213): include('APPPATH\\Views\\patientDashboard\\payment.php')
 3 SYSTEMPATH\View\View.php(216): CodeIgniter\View\View->CodeIgniter\View\{closure}()
 4 SYSTEMPATH\Common.php(1137): CodeIgniter\View\View->render('patientDashboard/payment', [], true)
 5 APPPATH\Controllers\Payment.php(187): view('patientDashboard/payment', [...])
 6 SYSTEMPATH\CodeIgniter.php(910): App\Controllers\Payment->index()
 7 SYSTEMPATH\CodeIgniter.php(469): CodeIgniter\CodeIgniter->runController(Object(App\Controllers\Payment))
 8 SYSTEMPATH\CodeIgniter.php(352): CodeIgniter\CodeIgniter->handleRequest(null, Object(Config\Cache), false)
 9 FCPATH\index.php(55): CodeIgniter\CodeIgniter->run()
10 SYSTEMPATH\Commands\Server\rewrite.php(46): require_once('FCPATH\\index.php')
CRITICAL - 2022-11-15 04:42:45 --> Trying to access array offset on value of type null
in APPPATH\Controllers\Consult.php on line 61.
 1 APPPATH\Controllers\Consult.php(61): CodeIgniter\Debug\Exceptions->errorHandler(8, 'Trying to access array offset on value of type null', 'APPPATH\\Controllers\\Consult.php', 61, [...])
 2 SYSTEMPATH\CodeIgniter.php(910): App\Controllers\Consult->index()
 3 SYSTEMPATH\CodeIgniter.php(469): CodeIgniter\CodeIgniter->runController(Object(App\Controllers\Consult))
 4 SYSTEMPATH\CodeIgniter.php(352): CodeIgniter\CodeIgniter->handleRequest(null, Object(Config\Cache), false)
 5 FCPATH\index.php(55): CodeIgniter\CodeIgniter->run()
 6 SYSTEMPATH\Commands\Server\rewrite.php(46): require_once('FCPATH\\index.php')
CRITICAL - 2022-11-15 04:43:08 --> Trying to access array offset on value of type null
in APPPATH\Controllers\Consult.php on line 61.
 1 APPPATH\Controllers\Consult.php(61): CodeIgniter\Debug\Exceptions->errorHandler(8, 'Trying to access array offset on value of type null', 'APPPATH\\Controllers\\Consult.php', 61, [...])
 2 SYSTEMPATH\CodeIgniter.php(910): App\Controllers\Consult->index()
 3 SYSTEMPATH\CodeIgniter.php(469): CodeIgniter\CodeIgniter->runController(Object(App\Controllers\Consult))
 4 SYSTEMPATH\CodeIgniter.php(352): CodeIgniter\CodeIgniter->handleRequest(null, Object(Config\Cache), false)
 5 FCPATH\index.php(55): CodeIgniter\CodeIgniter->run()
 6 SYSTEMPATH\Commands\Server\rewrite.php(46): require_once('FCPATH\\index.php')
CRITICAL - 2022-11-15 04:44:03 --> Trying to access array offset on value of type null
in APPPATH\Controllers\Consult.php on line 61.
 1 APPPATH\Controllers\Consult.php(61): CodeIgniter\Debug\Exceptions->errorHandler(8, 'Trying to access array offset on value of type null', 'APPPATH\\Controllers\\Consult.php', 61, [...])
 2 SYSTEMPATH\CodeIgniter.php(910): App\Controllers\Consult->index()
 3 SYSTEMPATH\CodeIgniter.php(469): CodeIgniter\CodeIgniter->runController(Object(App\Controllers\Consult))
 4 SYSTEMPATH\CodeIgniter.php(352): CodeIgniter\CodeIgniter->handleRequest(null, Object(Config\Cache), false)
 5 FCPATH\index.php(55): CodeIgniter\CodeIgniter->run()
 6 SYSTEMPATH\Commands\Server\rewrite.php(46): require_once('FCPATH\\index.php')
CRITICAL - 2022-11-15 04:44:04 --> Trying to access array offset on value of type null
in APPPATH\Controllers\Consult.php on line 61.
 1 APPPATH\Controllers\Consult.php(61): CodeIgniter\Debug\Exceptions->errorHandler(8, 'Trying to access array offset on value of type null', 'APPPATH\\Controllers\\Consult.php', 61, [...])
 2 SYSTEMPATH\CodeIgniter.php(910): App\Controllers\Consult->index()
 3 SYSTEMPATH\CodeIgniter.php(469): CodeIgniter\CodeIgniter->runController(Object(App\Controllers\Consult))
 4 SYSTEMPATH\CodeIgniter.php(352): CodeIgniter\CodeIgniter->handleRequest(null, Object(Config\Cache), false)
 5 FCPATH\index.php(55): CodeIgniter\CodeIgniter->run()
 6 SYSTEMPATH\Commands\Server\rewrite.php(46): require_once('FCPATH\\index.php')
CRITICAL - 2022-11-15 04:44:09 --> Trying to access array offset on value of type null
in APPPATH\Controllers\Consult.php on line 61.
 1 APPPATH\Controllers\Consult.php(61): CodeIgniter\Debug\Exceptions->errorHandler(8, 'Trying to access array offset on value of type null', 'APPPATH\\Controllers\\Consult.php', 61, [...])
 2 SYSTEMPATH\CodeIgniter.php(910): App\Controllers\Consult->index()
 3 SYSTEMPATH\CodeIgniter.php(469): CodeIgniter\CodeIgniter->runController(Object(App\Controllers\Consult))
 4 SYSTEMPATH\CodeIgniter.php(352): CodeIgniter\CodeIgniter->handleRequest(null, Object(Config\Cache), false)
 5 FCPATH\index.php(55): CodeIgniter\CodeIgniter->run()
 6 SYSTEMPATH\Commands\Server\rewrite.php(46): require_once('FCPATH\\index.php')
CRITICAL - 2022-11-15 04:44:21 --> Trying to access array offset on value of type null
in APPPATH\Controllers\Consult.php on line 61.
 1 APPPATH\Controllers\Consult.php(61): CodeIgniter\Debug\Exceptions->errorHandler(8, 'Trying to access array offset on value of type null', 'APPPATH\\Controllers\\Consult.php', 61, [...])
 2 SYSTEMPATH\CodeIgniter.php(910): App\Controllers\Consult->index()
 3 SYSTEMPATH\CodeIgniter.php(469): CodeIgniter\CodeIgniter->runController(Object(App\Controllers\Consult))
 4 SYSTEMPATH\CodeIgniter.php(352): CodeIgniter\CodeIgniter->handleRequest(null, Object(Config\Cache), false)
 5 FCPATH\index.php(55): CodeIgniter\CodeIgniter->run()
 6 SYSTEMPATH\Commands\Server\rewrite.php(46): require_once('FCPATH\\index.php')
CRITICAL - 2022-11-15 04:44:23 --> Trying to access array offset on value of type null
in APPPATH\Controllers\Consult.php on line 61.
 1 APPPATH\Controllers\Consult.php(61): CodeIgniter\Debug\Exceptions->errorHandler(8, 'Trying to access array offset on value of type null', 'APPPATH\\Controllers\\Consult.php', 61, [...])
 2 SYSTEMPATH\CodeIgniter.php(910): App\Controllers\Consult->index()
 3 SYSTEMPATH\CodeIgniter.php(469): CodeIgniter\CodeIgniter->runController(Object(App\Controllers\Consult))
 4 SYSTEMPATH\CodeIgniter.php(352): CodeIgniter\CodeIgniter->handleRequest(null, Object(Config\Cache), false)
 5 FCPATH\index.php(55): CodeIgniter\CodeIgniter->run()
 6 SYSTEMPATH\Commands\Server\rewrite.php(46): require_once('FCPATH\\index.php')
CRITICAL - 2022-11-15 04:44:56 --> Trying to access array offset on value of type null
in APPPATH\Controllers\Consult.php on line 61.
 1 APPPATH\Controllers\Consult.php(61): CodeIgniter\Debug\Exceptions->errorHandler(8, 'Trying to access array offset on value of type null', 'APPPATH\\Controllers\\Consult.php', 61, [...])
 2 SYSTEMPATH\CodeIgniter.php(910): App\Controllers\Consult->index()
 3 SYSTEMPATH\CodeIgniter.php(469): CodeIgniter\CodeIgniter->runController(Object(App\Controllers\Consult))
 4 SYSTEMPATH\CodeIgniter.php(352): CodeIgniter\CodeIgniter->handleRequest(null, Object(Config\Cache), false)
 5 FCPATH\index.php(55): CodeIgniter\CodeIgniter->run()
 6 SYSTEMPATH\Commands\Server\rewrite.php(46): require_once('FCPATH\\index.php')
CRITICAL - 2022-11-15 04:55:56 --> Undefined variable: page
in APPPATH\Views\staff\consult.php on line 188.
 1 APPPATH\Views\staff\consult.php(188): CodeIgniter\Debug\Exceptions->errorHandler(8, 'Undefined variable: page', 'APPPATH\\Views\\staff\\consult.php', 188, [...])
 2 SYSTEMPATH\View\View.php(213): include('APPPATH\\Views\\staff\\consult.php')
 3 SYSTEMPATH\View\View.php(216): CodeIgniter\View\View->CodeIgniter\View\{closure}()
 4 SYSTEMPATH\Common.php(1137): CodeIgniter\View\View->render('staff/consult', [], true)
 5 APPPATH\Controllers\Staff.php(19): view('staff/consult', [...])
 6 SYSTEMPATH\CodeIgniter.php(910): App\Controllers\Staff->consult()
 7 SYSTEMPATH\CodeIgniter.php(469): CodeIgniter\CodeIgniter->runController(Object(App\Controllers\Staff))
 8 SYSTEMPATH\CodeIgniter.php(352): CodeIgniter\CodeIgniter->handleRequest(null, Object(Config\Cache), false)
 9 FCPATH\index.php(55): CodeIgniter\CodeIgniter->run()
10 SYSTEMPATH\Commands\Server\rewrite.php(46): require_once('FCPATH\\index.php')
CRITICAL - 2022-11-15 04:57:40 --> Undefined variable: page
in APPPATH\Views\staff\consult.php on line 186.
 1 APPPATH\Views\staff\consult.php(186): CodeIgniter\Debug\Exceptions->errorHandler(8, 'Undefined variable: page', 'APPPATH\\Views\\staff\\consult.php', 186, [...])
 2 SYSTEMPATH\View\View.php(213): include('APPPATH\\Views\\staff\\consult.php')
 3 SYSTEMPATH\View\View.php(216): CodeIgniter\View\View->CodeIgniter\View\{closure}()
 4 SYSTEMPATH\Common.php(1137): CodeIgniter\View\View->render('staff/consult', [], true)
 5 APPPATH\Controllers\Staff.php(19): view('staff/consult', [...])
 6 SYSTEMPATH\CodeIgniter.php(910): App\Controllers\Staff->consult()
 7 SYSTEMPATH\CodeIgniter.php(469): CodeIgniter\CodeIgniter->runController(Object(App\Controllers\Staff))
 8 SYSTEMPATH\CodeIgniter.php(352): CodeIgniter\CodeIgniter->handleRequest(null, Object(Config\Cache), false)
 9 FCPATH\index.php(55): CodeIgniter\CodeIgniter->run()
10 SYSTEMPATH\Commands\Server\rewrite.php(46): require_once('FCPATH\\index.php')
CRITICAL - 2022-11-15 04:58:12 --> View themes, no current section.
in SYSTEMPATH\View\View.php on line 392.
 1 APPPATH\Views\staff\consult.php(171): CodeIgniter\View\View->endSection()
 2 SYSTEMPATH\View\View.php(213): include('APPPATH\\Views\\staff\\consult.php')
 3 SYSTEMPATH\View\View.php(216): CodeIgniter\View\View->CodeIgniter\View\{closure}()
 4 SYSTEMPATH\Common.php(1137): CodeIgniter\View\View->render('staff/consult', [], true)
 5 APPPATH\Controllers\Staff.php(19): view('staff/consult', [...])
 6 SYSTEMPATH\CodeIgniter.php(910): App\Controllers\Staff->consult()
 7 SYSTEMPATH\CodeIgniter.php(469): CodeIgniter\CodeIgniter->runController(Object(App\Controllers\Staff))
 8 SYSTEMPATH\CodeIgniter.php(352): CodeIgniter\CodeIgniter->handleRequest(null, Object(Config\Cache), false)
 9 FCPATH\index.php(55): CodeIgniter\CodeIgniter->run()
10 SYSTEMPATH\Commands\Server\rewrite.php(46): require_once('FCPATH\\index.php')
CRITICAL - 2022-11-15 04:58:24 --> Undefined variable: page
in APPPATH\Views\staff\consult.php on line 186.
 1 APPPATH\Views\staff\consult.php(186): CodeIgniter\Debug\Exceptions->errorHandler(8, 'Undefined variable: page', 'APPPATH\\Views\\staff\\consult.php', 186, [...])
 2 SYSTEMPATH\View\View.php(213): include('APPPATH\\Views\\staff\\consult.php')
 3 SYSTEMPATH\View\View.php(216): CodeIgniter\View\View->CodeIgniter\View\{closure}()
 4 SYSTEMPATH\Common.php(1137): CodeIgniter\View\View->render('staff/consult', [], true)
 5 APPPATH\Controllers\Staff.php(19): view('staff/consult', [...])
 6 SYSTEMPATH\CodeIgniter.php(910): App\Controllers\Staff->consult()
 7 SYSTEMPATH\CodeIgniter.php(469): CodeIgniter\CodeIgniter->runController(Object(App\Controllers\Staff))
 8 SYSTEMPATH\CodeIgniter.php(352): CodeIgniter\CodeIgniter->handleRequest(null, Object(Config\Cache), false)
 9 FCPATH\index.php(55): CodeIgniter\CodeIgniter->run()
10 SYSTEMPATH\Commands\Server\rewrite.php(46): require_once('FCPATH\\index.php')
CRITICAL - 2022-11-15 04:58:34 --> Undefined variable: page
in APPPATH\Views\staff\consult.php on line 169.
 1 APPPATH\Views\staff\consult.php(169): CodeIgniter\Debug\Exceptions->errorHandler(8, 'Undefined variable: page', 'APPPATH\\Views\\staff\\consult.php', 169, [...])
 2 SYSTEMPATH\View\View.php(213): include('APPPATH\\Views\\staff\\consult.php')
 3 SYSTEMPATH\View\View.php(216): CodeIgniter\View\View->CodeIgniter\View\{closure}()
 4 SYSTEMPATH\Common.php(1137): CodeIgniter\View\View->render('staff/consult', [], true)
 5 APPPATH\Controllers\Staff.php(19): view('staff/consult', [...])
 6 SYSTEMPATH\CodeIgniter.php(910): App\Controllers\Staff->consult()
 7 SYSTEMPATH\CodeIgniter.php(469): CodeIgniter\CodeIgniter->runController(Object(App\Controllers\Staff))
 8 SYSTEMPATH\CodeIgniter.php(352): CodeIgniter\CodeIgniter->handleRequest(null, Object(Config\Cache), false)
 9 FCPATH\index.php(55): CodeIgniter\CodeIgniter->run()
10 SYSTEMPATH\Commands\Server\rewrite.php(46): require_once('FCPATH\\index.php')
CRITICAL - 2022-11-15 04:58:41 --> View themes, no current section.
in SYSTEMPATH\View\View.php on line 392.
 1 APPPATH\Views\staff\consult.php(174): CodeIgniter\View\View->endSection()
 2 SYSTEMPATH\View\View.php(213): include('APPPATH\\Views\\staff\\consult.php')
 3 SYSTEMPATH\View\View.php(216): CodeIgniter\View\View->CodeIgniter\View\{closure}()
 4 SYSTEMPATH\Common.php(1137): CodeIgniter\View\View->render('staff/consult', [], true)
 5 APPPATH\Controllers\Staff.php(19): view('staff/consult', [...])
 6 SYSTEMPATH\CodeIgniter.php(910): App\Controllers\Staff->consult()
 7 SYSTEMPATH\CodeIgniter.php(469): CodeIgniter\CodeIgniter->runController(Object(App\Controllers\Staff))
 8 SYSTEMPATH\CodeIgniter.php(352): CodeIgniter\CodeIgniter->handleRequest(null, Object(Config\Cache), false)
 9 FCPATH\index.php(55): CodeIgniter\CodeIgniter->run()
10 SYSTEMPATH\Commands\Server\rewrite.php(46): require_once('FCPATH\\index.php')
CRITICAL - 2022-11-15 04:59:53 --> Undefined variable: page
in APPPATH\Views\staff\consult.php on line 187.
 1 APPPATH\Views\staff\consult.php(187): CodeIgniter\Debug\Exceptions->errorHandler(8, 'Undefined variable: page', 'APPPATH\\Views\\staff\\consult.php', 187, [...])
 2 SYSTEMPATH\View\View.php(213): include('APPPATH\\Views\\staff\\consult.php')
 3 SYSTEMPATH\View\View.php(216): CodeIgniter\View\View->CodeIgniter\View\{closure}()
 4 SYSTEMPATH\Common.php(1137): CodeIgniter\View\View->render('staff/consult', [], true)
 5 APPPATH\Controllers\Staff.php(19): view('staff/consult', [...])
 6 SYSTEMPATH\CodeIgniter.php(910): App\Controllers\Staff->consult()
 7 SYSTEMPATH\CodeIgniter.php(469): CodeIgniter\CodeIgniter->runController(Object(App\Controllers\Staff))
 8 SYSTEMPATH\CodeIgniter.php(352): CodeIgniter\CodeIgniter->handleRequest(null, Object(Config\Cache), false)
 9 FCPATH\index.php(55): CodeIgniter\CodeIgniter->run()
10 SYSTEMPATH\Commands\Server\rewrite.php(46): require_once('FCPATH\\index.php')
CRITICAL - 2022-11-15 05:08:24 --> Call to undefined method App\Libraries\ConsultLib::readAllData()
in APPPATH\Controllers\Staff.php on line 70.
 1 SYSTEMPATH\CodeIgniter.php(910): App\Controllers\Staff->consult()
 2 SYSTEMPATH\CodeIgniter.php(469): CodeIgniter\CodeIgniter->runController(Object(App\Controllers\Staff))
 3 SYSTEMPATH\CodeIgniter.php(352): CodeIgniter\CodeIgniter->handleRequest(null, Object(Config\Cache), false)
 4 FCPATH\index.php(55): CodeIgniter\CodeIgniter->run()
 5 SYSTEMPATH\Commands\Server\rewrite.php(46): require_once('FCPATH\\index.php')
CRITICAL - 2022-11-15 08:11:34 --> Undefined variable: data
in APPPATH\Controllers\Staff.php on line 40.
 1 APPPATH\Controllers\Staff.php(40): CodeIgniter\Debug\Exceptions->errorHandler(8, 'Undefined variable: data', 'APPPATH\\Controllers\\Staff.php', 40, [...])
 2 SYSTEMPATH\CodeIgniter.php(910): App\Controllers\Staff->meet()
 3 SYSTEMPATH\CodeIgniter.php(469): CodeIgniter\CodeIgniter->runController(Object(App\Controllers\Staff))
 4 SYSTEMPATH\CodeIgniter.php(352): CodeIgniter\CodeIgniter->handleRequest(null, Object(Config\Cache), false)
 5 FCPATH\index.php(55): CodeIgniter\CodeIgniter->run()
 6 SYSTEMPATH\Commands\Server\rewrite.php(46): require_once('FCPATH\\index.php')
CRITICAL - 2022-11-15 08:22:00 --> Undefined variable: info
in APPPATH\Views\staff\meet.php on line 96.
 1 APPPATH\Views\staff\meet.php(96): CodeIgniter\Debug\Exceptions->errorHandler(8, 'Undefined variable: info', 'APPPATH\\Views\\staff\\meet.php', 96, [...])
 2 SYSTEMPATH\View\View.php(213): include('APPPATH\\Views\\staff\\meet.php')
 3 SYSTEMPATH\View\View.php(216): CodeIgniter\View\View->CodeIgniter\View\{closure}()
 4 SYSTEMPATH\Common.php(1137): CodeIgniter\View\View->render('staff/meet', [], true)
 5 APPPATH\Controllers\Staff.php(40): view('staff/meet', [...])
 6 SYSTEMPATH\CodeIgniter.php(910): App\Controllers\Staff->meet()
 7 SYSTEMPATH\CodeIgniter.php(469): CodeIgniter\CodeIgniter->runController(Object(App\Controllers\Staff))
 8 SYSTEMPATH\CodeIgniter.php(352): CodeIgniter\CodeIgniter->handleRequest(null, Object(Config\Cache), false)
 9 FCPATH\index.php(55): CodeIgniter\CodeIgniter->run()
10 SYSTEMPATH\Commands\Server\rewrite.php(46): require_once('FCPATH\\index.php')
CRITICAL - 2022-11-15 08:25:15 --> Argument 2 passed to view() must be of the type array, string given, called in C:\xampp\htdocs\CodeIgniter4-develop\app\Controllers\Staff.php on line 41
in SYSTEMPATH\Common.php on line 1123.
 1 APPPATH\Controllers\Staff.php(41): view('staff/meet', '1')
 2 SYSTEMPATH\CodeIgniter.php(910): App\Controllers\Staff->meet()
 3 SYSTEMPATH\CodeIgniter.php(469): CodeIgniter\CodeIgniter->runController(Object(App\Controllers\Staff))
 4 SYSTEMPATH\CodeIgniter.php(352): CodeIgniter\CodeIgniter->handleRequest(null, Object(Config\Cache), false)
 5 FCPATH\index.php(55): CodeIgniter\CodeIgniter->run()
 6 SYSTEMPATH\Commands\Server\rewrite.php(46): require_once('FCPATH\\index.php')
CRITICAL - 2022-11-15 08:28:28 --> Undefined variable: row
in APPPATH\Views\staff\meet.php on line 98.
 1 APPPATH\Views\staff\meet.php(98): CodeIgniter\Debug\Exceptions->errorHandler(8, 'Undefined variable: row', 'APPPATH\\Views\\staff\\meet.php', 98, [...])
 2 SYSTEMPATH\View\View.php(213): include('APPPATH\\Views\\staff\\meet.php')
 3 SYSTEMPATH\View\View.php(216): CodeIgniter\View\View->CodeIgniter\View\{closure}()
 4 SYSTEMPATH\Common.php(1137): CodeIgniter\View\View->render('staff/meet', [], true)
 5 APPPATH\Controllers\Staff.php(43): view('staff/meet', [...])
 6 SYSTEMPATH\CodeIgniter.php(910): App\Controllers\Staff->meet()
 7 SYSTEMPATH\CodeIgniter.php(469): CodeIgniter\CodeIgniter->runController(Object(App\Controllers\Staff))
 8 SYSTEMPATH\CodeIgniter.php(352): CodeIgniter\CodeIgniter->handleRequest(null, Object(Config\Cache), false)
 9 FCPATH\index.php(55): CodeIgniter\CodeIgniter->run()
10 SYSTEMPATH\Commands\Server\rewrite.php(46): require_once('FCPATH\\index.php')
CRITICAL - 2022-11-15 08:29:49 --> Undefined index: Allergies
in APPPATH\Views\staff\meet.php on line 100.
 1 APPPATH\Views\staff\meet.php(100): CodeIgniter\Debug\Exceptions->errorHandler(8, 'Undefined index: Allergies', 'APPPATH\\Views\\staff\\meet.php', 100, [...])
 2 SYSTEMPATH\View\View.php(213): include('APPPATH\\Views\\staff\\meet.php')
 3 SYSTEMPATH\View\View.php(216): CodeIgniter\View\View->CodeIgniter\View\{closure}()
 4 SYSTEMPATH\Common.php(1137): CodeIgniter\View\View->render('staff/meet', [], true)
 5 APPPATH\Controllers\Staff.php(43): view('staff/meet', [...])
 6 SYSTEMPATH\CodeIgniter.php(910): App\Controllers\Staff->meet()
 7 SYSTEMPATH\CodeIgniter.php(469): CodeIgniter\CodeIgniter->runController(Object(App\Controllers\Staff))
 8 SYSTEMPATH\CodeIgniter.php(352): CodeIgniter\CodeIgniter->handleRequest(null, Object(Config\Cache), false)
 9 FCPATH\index.php(55): CodeIgniter\CodeIgniter->run()
10 SYSTEMPATH\Commands\Server\rewrite.php(46): require_once('FCPATH\\index.php')
CRITICAL - 2022-11-15 09:29:23 --> Undefined index: user
in APPPATH\Views\staff\meet.php on line 149.
 1 APPPATH\Views\staff\meet.php(149): CodeIgniter\Debug\Exceptions->errorHandler(8, 'Undefined index: user', 'APPPATH\\Views\\staff\\meet.php', 149, [...])
 2 SYSTEMPATH\View\View.php(213): include('APPPATH\\Views\\staff\\meet.php')
 3 SYSTEMPATH\View\View.php(216): CodeIgniter\View\View->CodeIgniter\View\{closure}()
 4 SYSTEMPATH\Common.php(1137): CodeIgniter\View\View->render('staff/meet', [], true)
 5 APPPATH\Controllers\Staff.php(51): view('staff/meet', [...])
 6 SYSTEMPATH\CodeIgniter.php(910): App\Controllers\Staff->meet()
 7 SYSTEMPATH\CodeIgniter.php(469): CodeIgniter\CodeIgniter->runController(Object(App\Controllers\Staff))
 8 SYSTEMPATH\CodeIgniter.php(352): CodeIgniter\CodeIgniter->handleRequest(null, Object(Config\Cache), false)
 9 FCPATH\index.php(55): CodeIgniter\CodeIgniter->run()
10 SYSTEMPATH\Commands\Server\rewrite.php(46): require_once('FCPATH\\index.php')
