CRITICAL - 2022-12-04 16:55:29 --> Illegal string offset 'quantity'
in APPPATH\Helpers\Form_helper.php on line 19.
 1 APPPATH\Helpers\Form_helper.php(19): CodeIgniter\Debug\Exceptions->errorHandler(2, 'Illegal string offset \'quantity\'', 'APPPATH\\Helpers\\Form_helper.php', 19, [...])
 2 APPPATH\Views\staff\prescription.php(40): getInventoryQuantity('-NHYsnxULY0ZIu8lma9O')
 3 SYSTEMPATH\View\View.php(213): include('APPPATH\\Views\\staff\\prescription.php')
 4 SYSTEMPATH\View\View.php(216): CodeIgniter\View\View->CodeIgniter\View\{closure}()
 5 SYSTEMPATH\Common.php(1137): CodeIgniter\View\View->render('staff/prescription', [], true)
 6 APPPATH\Controllers\Queue.php(122): view('staff/prescription', [...])
 7 SYSTEMPATH\CodeIgniter.php(910): App\Controllers\Queue->toBill()
 8 SYSTEMPATH\CodeIgniter.php(469): CodeIgniter\CodeIgniter->runController(Object(App\Controllers\Queue))
 9 SYSTEMPATH\CodeIgniter.php(352): CodeIgniter\CodeIgniter->handleRequest(null, Object(Config\Cache), false)
10 FCPATH\index.php(55): CodeIgniter\CodeIgniter->run()
11 SYSTEMPATH\Commands\Server\rewrite.php(46): require_once('FCPATH\\index.php')
CRITICAL - 2022-12-04 02:55:54 --> syntax error, unexpected 'else' (T_ELSE), expecting end of file
in APPPATH\Helpers\Form_helper.php on line 28.
 1 APPPATH\Controllers\Queue.php(92): helper([...])
 2 SYSTEMPATH\CodeIgniter.php(872): App\Controllers\Queue->__construct()
 3 SYSTEMPATH\CodeIgniter.php(460): CodeIgniter\CodeIgniter->createController()
 4 SYSTEMPATH\CodeIgniter.php(352): CodeIgniter\CodeIgniter->handleRequest(null, Object(Config\Cache), false)
 5 FCPATH\index.php(55): CodeIgniter\CodeIgniter->run()
 6 SYSTEMPATH\Commands\Server\rewrite.php(46): require_once('FCPATH\\index.php')
CRITICAL - 2022-12-04 02:55:55 --> syntax error, unexpected 'else' (T_ELSE), expecting end of file
in APPPATH\Helpers\Form_helper.php on line 28.
 1 APPPATH\Controllers\Queue.php(92): helper([...])
 2 SYSTEMPATH\CodeIgniter.php(872): App\Controllers\Queue->__construct()
 3 SYSTEMPATH\CodeIgniter.php(460): CodeIgniter\CodeIgniter->createController()
 4 SYSTEMPATH\CodeIgniter.php(352): CodeIgniter\CodeIgniter->handleRequest(null, Object(Config\Cache), false)
 5 FCPATH\index.php(55): CodeIgniter\CodeIgniter->run()
 6 SYSTEMPATH\Commands\Server\rewrite.php(46): require_once('FCPATH\\index.php')
CRITICAL - 2022-12-04 02:55:55 --> syntax error, unexpected 'else' (T_ELSE), expecting end of file
in APPPATH\Helpers\Form_helper.php on line 28.
 1 APPPATH\Controllers\Queue.php(92): helper([...])
 2 SYSTEMPATH\CodeIgniter.php(872): App\Controllers\Queue->__construct()
 3 SYSTEMPATH\CodeIgniter.php(460): CodeIgniter\CodeIgniter->createController()
 4 SYSTEMPATH\CodeIgniter.php(352): CodeIgniter\CodeIgniter->handleRequest(null, Object(Config\Cache), false)
 5 FCPATH\index.php(55): CodeIgniter\CodeIgniter->run()
 6 SYSTEMPATH\Commands\Server\rewrite.php(46): require_once('FCPATH\\index.php')
CRITICAL - 2022-12-04 02:55:55 --> syntax error, unexpected 'else' (T_ELSE), expecting end of file
in APPPATH\Helpers\Form_helper.php on line 28.
 1 APPPATH\Controllers\Queue.php(92): helper([...])
 2 SYSTEMPATH\CodeIgniter.php(872): App\Controllers\Queue->__construct()
 3 SYSTEMPATH\CodeIgniter.php(460): CodeIgniter\CodeIgniter->createController()
 4 SYSTEMPATH\CodeIgniter.php(352): CodeIgniter\CodeIgniter->handleRequest(null, Object(Config\Cache), false)
 5 FCPATH\index.php(55): CodeIgniter\CodeIgniter->run()
 6 SYSTEMPATH\Commands\Server\rewrite.php(46): require_once('FCPATH\\index.php')
CRITICAL - 2022-12-04 02:55:55 --> syntax error, unexpected 'else' (T_ELSE), expecting end of file
in APPPATH\Helpers\Form_helper.php on line 28.
 1 APPPATH\Controllers\Queue.php(92): helper([...])
 2 SYSTEMPATH\CodeIgniter.php(872): App\Controllers\Queue->__construct()
 3 SYSTEMPATH\CodeIgniter.php(460): CodeIgniter\CodeIgniter->createController()
 4 SYSTEMPATH\CodeIgniter.php(352): CodeIgniter\CodeIgniter->handleRequest(null, Object(Config\Cache), false)
 5 FCPATH\index.php(55): CodeIgniter\CodeIgniter->run()
 6 SYSTEMPATH\Commands\Server\rewrite.php(46): require_once('FCPATH\\index.php')
CRITICAL - 2022-12-04 16:56:06 --> Array to string conversion
in APPPATH\Views\staff\prescription.php on line 40.
 1 APPPATH\Views\staff\prescription.php(40): CodeIgniter\Debug\Exceptions->errorHandler(8, 'Array to string conversion', 'APPPATH\\Views\\staff\\prescription.php', 40, [...])
 2 SYSTEMPATH\View\View.php(213): include('APPPATH\\Views\\staff\\prescription.php')
 3 SYSTEMPATH\View\View.php(216): CodeIgniter\View\View->CodeIgniter\View\{closure}()
 4 SYSTEMPATH\Common.php(1137): CodeIgniter\View\View->render('staff/prescription', [], true)
 5 APPPATH\Controllers\Queue.php(122): view('staff/prescription', [...])
 6 SYSTEMPATH\CodeIgniter.php(910): App\Controllers\Queue->toBill()
 7 SYSTEMPATH\CodeIgniter.php(469): CodeIgniter\CodeIgniter->runController(Object(App\Controllers\Queue))
 8 SYSTEMPATH\CodeIgniter.php(352): CodeIgniter\CodeIgniter->handleRequest(null, Object(Config\Cache), false)
 9 FCPATH\index.php(55): CodeIgniter\CodeIgniter->run()
10 SYSTEMPATH\Commands\Server\rewrite.php(46): require_once('FCPATH\\index.php')
CRITICAL - 2022-12-04 16:58:19 --> Array to string conversion
in APPPATH\Views\staff\prescription.php on line 40.
 1 APPPATH\Views\staff\prescription.php(40): CodeIgniter\Debug\Exceptions->errorHandler(8, 'Array to string conversion', 'APPPATH\\Views\\staff\\prescription.php', 40, [...])
 2 SYSTEMPATH\View\View.php(213): include('APPPATH\\Views\\staff\\prescription.php')
 3 SYSTEMPATH\View\View.php(216): CodeIgniter\View\View->CodeIgniter\View\{closure}()
 4 SYSTEMPATH\Common.php(1137): CodeIgniter\View\View->render('staff/prescription', [], true)
 5 APPPATH\Controllers\Queue.php(122): view('staff/prescription', [...])
 6 SYSTEMPATH\CodeIgniter.php(910): App\Controllers\Queue->toBill()
 7 SYSTEMPATH\CodeIgniter.php(469): CodeIgniter\CodeIgniter->runController(Object(App\Controllers\Queue))
 8 SYSTEMPATH\CodeIgniter.php(352): CodeIgniter\CodeIgniter->handleRequest(null, Object(Config\Cache), false)
 9 FCPATH\index.php(55): CodeIgniter\CodeIgniter->run()
10 SYSTEMPATH\Commands\Server\rewrite.php(46): require_once('FCPATH\\index.php')
CRITICAL - 2022-12-04 16:58:30 --> Array to string conversion
in APPPATH\Views\staff\prescription.php on line 40.
 1 APPPATH\Views\staff\prescription.php(40): CodeIgniter\Debug\Exceptions->errorHandler(8, 'Array to string conversion', 'APPPATH\\Views\\staff\\prescription.php', 40, [...])
 2 SYSTEMPATH\View\View.php(213): include('APPPATH\\Views\\staff\\prescription.php')
 3 SYSTEMPATH\View\View.php(216): CodeIgniter\View\View->CodeIgniter\View\{closure}()
 4 SYSTEMPATH\Common.php(1137): CodeIgniter\View\View->render('staff/prescription', [], true)
 5 APPPATH\Controllers\Queue.php(122): view('staff/prescription', [...])
 6 SYSTEMPATH\CodeIgniter.php(910): App\Controllers\Queue->toBill()
 7 SYSTEMPATH\CodeIgniter.php(469): CodeIgniter\CodeIgniter->runController(Object(App\Controllers\Queue))
 8 SYSTEMPATH\CodeIgniter.php(352): CodeIgniter\CodeIgniter->handleRequest(null, Object(Config\Cache), false)
 9 FCPATH\index.php(55): CodeIgniter\CodeIgniter->run()
10 SYSTEMPATH\Commands\Server\rewrite.php(46): require_once('FCPATH\\index.php')
CRITICAL - 2022-12-04 03:03:16 --> Use of undefined constant s - assumed 's' (this will throw an Error in a future version of PHP)
in APPPATH\Views\staff\prescription.php on line 40.
 1 APPPATH\Views\staff\prescription.php(40): CodeIgniter\Debug\Exceptions->errorHandler(2, 'Use of undefined constant s - assumed \'s\' (this will throw an Error in a future version of PHP)', 'APPPATH\\Views\\staff\\prescription.php', 40, [...])
 2 SYSTEMPATH\View\View.php(213): include('APPPATH\\Views\\staff\\prescription.php')
 3 SYSTEMPATH\View\View.php(216): CodeIgniter\View\View->CodeIgniter\View\{closure}()
 4 SYSTEMPATH\Common.php(1137): CodeIgniter\View\View->render('staff/prescription', [], true)
 5 APPPATH\Controllers\Queue.php(122): view('staff/prescription', [...])
 6 SYSTEMPATH\CodeIgniter.php(910): App\Controllers\Queue->toBill()
 7 SYSTEMPATH\CodeIgniter.php(469): CodeIgniter\CodeIgniter->runController(Object(App\Controllers\Queue))
 8 SYSTEMPATH\CodeIgniter.php(352): CodeIgniter\CodeIgniter->handleRequest(null, Object(Config\Cache), false)
 9 FCPATH\index.php(55): CodeIgniter\CodeIgniter->run()
10 SYSTEMPATH\Commands\Server\rewrite.php(46): require_once('FCPATH\\index.php')
CRITICAL - 2022-12-04 03:27:30 --> Undefined variable: selectedValue
in APPPATH\Views\staff\prescription.php on line 30.
 1 APPPATH\Views\staff\prescription.php(30): CodeIgniter\Debug\Exceptions->errorHandler(8, 'Undefined variable: selectedValue', 'APPPATH\\Views\\staff\\prescription.php', 30, [...])
 2 SYSTEMPATH\View\View.php(213): include('APPPATH\\Views\\staff\\prescription.php')
 3 SYSTEMPATH\View\View.php(216): CodeIgniter\View\View->CodeIgniter\View\{closure}()
 4 SYSTEMPATH\Common.php(1137): CodeIgniter\View\View->render('staff/prescription', [], true)
 5 APPPATH\Controllers\Queue.php(122): view('staff/prescription', [...])
 6 SYSTEMPATH\CodeIgniter.php(910): App\Controllers\Queue->toBill()
 7 SYSTEMPATH\CodeIgniter.php(469): CodeIgniter\CodeIgniter->runController(Object(App\Controllers\Queue))
 8 SYSTEMPATH\CodeIgniter.php(352): CodeIgniter\CodeIgniter->handleRequest(null, Object(Config\Cache), false)
 9 FCPATH\index.php(55): CodeIgniter\CodeIgniter->run()
10 SYSTEMPATH\Commands\Server\rewrite.php(46): require_once('FCPATH\\index.php')
CRITICAL - 2022-12-04 04:25:24 --> Array to string conversion
in APPPATH\Controllers\Queue.php on line 120.
 1 APPPATH\Controllers\Queue.php(120): CodeIgniter\Debug\Exceptions->errorHandler(8, 'Array to string conversion', 'APPPATH\\Controllers\\Queue.php', 120, [...])
 2 SYSTEMPATH\CodeIgniter.php(910): App\Controllers\Queue->toBill()
 3 SYSTEMPATH\CodeIgniter.php(469): CodeIgniter\CodeIgniter->runController(Object(App\Controllers\Queue))
 4 SYSTEMPATH\CodeIgniter.php(352): CodeIgniter\CodeIgniter->handleRequest(null, Object(Config\Cache), false)
 5 FCPATH\index.php(55): CodeIgniter\CodeIgniter->run()
 6 SYSTEMPATH\Commands\Server\rewrite.php(46): require_once('FCPATH\\index.php')
CRITICAL - 2022-12-04 04:52:14 --> Undefined index: quantity
in APPPATH\Views\staff\prescription.php on line 60.
 1 APPPATH\Views\staff\prescription.php(60): CodeIgniter\Debug\Exceptions->errorHandler(8, 'Undefined index: quantity', 'APPPATH\\Views\\staff\\prescription.php', 60, [...])
 2 SYSTEMPATH\View\View.php(213): include('APPPATH\\Views\\staff\\prescription.php')
 3 SYSTEMPATH\View\View.php(216): CodeIgniter\View\View->CodeIgniter\View\{closure}()
 4 SYSTEMPATH\Common.php(1137): CodeIgniter\View\View->render('staff/prescription', [], true)
 5 APPPATH\Controllers\Queue.php(157): view('staff/prescription', [...])
 6 SYSTEMPATH\CodeIgniter.php(910): App\Controllers\Queue->toBill()
 7 SYSTEMPATH\CodeIgniter.php(469): CodeIgniter\CodeIgniter->runController(Object(App\Controllers\Queue))
 8 SYSTEMPATH\CodeIgniter.php(352): CodeIgniter\CodeIgniter->handleRequest(null, Object(Config\Cache), false)
 9 FCPATH\index.php(55): CodeIgniter\CodeIgniter->run()
10 SYSTEMPATH\Commands\Server\rewrite.php(46): require_once('FCPATH\\index.php')
CRITICAL - 2022-12-04 05:01:48 --> Undefined index: addBtn
in APPPATH\Controllers\Queue.php on line 158.
 1 APPPATH\Controllers\Queue.php(158): CodeIgniter\Debug\Exceptions->errorHandler(8, 'Undefined index: addBtn', 'APPPATH\\Controllers\\Queue.php', 158, [...])
 2 SYSTEMPATH\CodeIgniter.php(910): App\Controllers\Queue->toBill()
 3 SYSTEMPATH\CodeIgniter.php(469): CodeIgniter\CodeIgniter->runController(Object(App\Controllers\Queue))
 4 SYSTEMPATH\CodeIgniter.php(352): CodeIgniter\CodeIgniter->handleRequest(null, Object(Config\Cache), false)
 5 FCPATH\index.php(55): CodeIgniter\CodeIgniter->run()
 6 SYSTEMPATH\Commands\Server\rewrite.php(46): require_once('FCPATH\\index.php')
CRITICAL - 2022-12-04 05:23:35 --> syntax error, unexpected 'if' (T_IF)
in APPPATH\Controllers\Queue.php on line 113.
 1 SYSTEMPATH\Autoloader\Autoloader.php(261): CodeIgniter\Autoloader\Autoloader->includeFile('APPPATH\\Controllers\\Queue.php')
 2 SYSTEMPATH\Autoloader\Autoloader.php(239): CodeIgniter\Autoloader\Autoloader->loadInNamespace('App\\Controllers\\Queue')
 3 [internal function]: CodeIgniter\Autoloader\Autoloader->loadClass('App\\Controllers\\Queue')
 4 [internal function]: spl_autoload_call('App\\Controllers\\Queue')
 5 SYSTEMPATH\CodeIgniter.php(860): class_exists('\\App\\Controllers\\Queue', true)
 6 SYSTEMPATH\CodeIgniter.php(456): CodeIgniter\CodeIgniter->startController()
 7 SYSTEMPATH\CodeIgniter.php(352): CodeIgniter\CodeIgniter->handleRequest(null, Object(Config\Cache), false)
 8 FCPATH\index.php(55): CodeIgniter\CodeIgniter->run()
 9 SYSTEMPATH\Commands\Server\rewrite.php(46): require_once('FCPATH\\index.php')
CRITICAL - 2022-12-04 05:23:35 --> syntax error, unexpected 'if' (T_IF)
in APPPATH\Controllers\Queue.php on line 113.
 1 SYSTEMPATH\Autoloader\Autoloader.php(261): CodeIgniter\Autoloader\Autoloader->includeFile('APPPATH\\Controllers\\Queue.php')
 2 SYSTEMPATH\Autoloader\Autoloader.php(239): CodeIgniter\Autoloader\Autoloader->loadInNamespace('App\\Controllers\\Queue')
 3 [internal function]: CodeIgniter\Autoloader\Autoloader->loadClass('App\\Controllers\\Queue')
 4 [internal function]: spl_autoload_call('App\\Controllers\\Queue')
 5 SYSTEMPATH\CodeIgniter.php(860): class_exists('\\App\\Controllers\\Queue', true)
 6 SYSTEMPATH\CodeIgniter.php(456): CodeIgniter\CodeIgniter->startController()
 7 SYSTEMPATH\CodeIgniter.php(352): CodeIgniter\CodeIgniter->handleRequest(null, Object(Config\Cache), false)
 8 FCPATH\index.php(55): CodeIgniter\CodeIgniter->run()
 9 SYSTEMPATH\Commands\Server\rewrite.php(46): require_once('FCPATH\\index.php')
CRITICAL - 2022-12-04 05:23:35 --> syntax error, unexpected 'if' (T_IF)
in APPPATH\Controllers\Queue.php on line 113.
 1 SYSTEMPATH\Autoloader\Autoloader.php(261): CodeIgniter\Autoloader\Autoloader->includeFile('APPPATH\\Controllers\\Queue.php')
 2 SYSTEMPATH\Autoloader\Autoloader.php(239): CodeIgniter\Autoloader\Autoloader->loadInNamespace('App\\Controllers\\Queue')
 3 [internal function]: CodeIgniter\Autoloader\Autoloader->loadClass('App\\Controllers\\Queue')
 4 [internal function]: spl_autoload_call('App\\Controllers\\Queue')
 5 SYSTEMPATH\CodeIgniter.php(860): class_exists('\\App\\Controllers\\Queue', true)
 6 SYSTEMPATH\CodeIgniter.php(456): CodeIgniter\CodeIgniter->startController()
 7 SYSTEMPATH\CodeIgniter.php(352): CodeIgniter\CodeIgniter->handleRequest(null, Object(Config\Cache), false)
 8 FCPATH\index.php(55): CodeIgniter\CodeIgniter->run()
 9 SYSTEMPATH\Commands\Server\rewrite.php(46): require_once('FCPATH\\index.php')
CRITICAL - 2022-12-04 05:23:35 --> syntax error, unexpected 'if' (T_IF)
in APPPATH\Controllers\Queue.php on line 113.
 1 SYSTEMPATH\Autoloader\Autoloader.php(261): CodeIgniter\Autoloader\Autoloader->includeFile('APPPATH\\Controllers\\Queue.php')
 2 SYSTEMPATH\Autoloader\Autoloader.php(239): CodeIgniter\Autoloader\Autoloader->loadInNamespace('App\\Controllers\\Queue')
 3 [internal function]: CodeIgniter\Autoloader\Autoloader->loadClass('App\\Controllers\\Queue')
 4 [internal function]: spl_autoload_call('App\\Controllers\\Queue')
 5 SYSTEMPATH\CodeIgniter.php(860): class_exists('\\App\\Controllers\\Queue', true)
 6 SYSTEMPATH\CodeIgniter.php(456): CodeIgniter\CodeIgniter->startController()
 7 SYSTEMPATH\CodeIgniter.php(352): CodeIgniter\CodeIgniter->handleRequest(null, Object(Config\Cache), false)
 8 FCPATH\index.php(55): CodeIgniter\CodeIgniter->run()
 9 SYSTEMPATH\Commands\Server\rewrite.php(46): require_once('FCPATH\\index.php')
CRITICAL - 2022-12-04 05:23:35 --> syntax error, unexpected 'if' (T_IF)
in APPPATH\Controllers\Queue.php on line 113.
 1 SYSTEMPATH\Autoloader\Autoloader.php(261): CodeIgniter\Autoloader\Autoloader->includeFile('APPPATH\\Controllers\\Queue.php')
 2 SYSTEMPATH\Autoloader\Autoloader.php(239): CodeIgniter\Autoloader\Autoloader->loadInNamespace('App\\Controllers\\Queue')
 3 [internal function]: CodeIgniter\Autoloader\Autoloader->loadClass('App\\Controllers\\Queue')
 4 [internal function]: spl_autoload_call('App\\Controllers\\Queue')
 5 SYSTEMPATH\CodeIgniter.php(860): class_exists('\\App\\Controllers\\Queue', true)
 6 SYSTEMPATH\CodeIgniter.php(456): CodeIgniter\CodeIgniter->startController()
 7 SYSTEMPATH\CodeIgniter.php(352): CodeIgniter\CodeIgniter->handleRequest(null, Object(Config\Cache), false)
 8 FCPATH\index.php(55): CodeIgniter\CodeIgniter->run()
 9 SYSTEMPATH\Commands\Server\rewrite.php(46): require_once('FCPATH\\index.php')
CRITICAL - 2022-12-04 05:23:35 --> syntax error, unexpected 'if' (T_IF)
in APPPATH\Controllers\Queue.php on line 113.
 1 SYSTEMPATH\Autoloader\Autoloader.php(261): CodeIgniter\Autoloader\Autoloader->includeFile('APPPATH\\Controllers\\Queue.php')
 2 SYSTEMPATH\Autoloader\Autoloader.php(239): CodeIgniter\Autoloader\Autoloader->loadInNamespace('App\\Controllers\\Queue')
 3 [internal function]: CodeIgniter\Autoloader\Autoloader->loadClass('App\\Controllers\\Queue')
 4 [internal function]: spl_autoload_call('App\\Controllers\\Queue')
 5 SYSTEMPATH\CodeIgniter.php(860): class_exists('\\App\\Controllers\\Queue', true)
 6 SYSTEMPATH\CodeIgniter.php(456): CodeIgniter\CodeIgniter->startController()
 7 SYSTEMPATH\CodeIgniter.php(352): CodeIgniter\CodeIgniter->handleRequest(null, Object(Config\Cache), false)
 8 FCPATH\index.php(55): CodeIgniter\CodeIgniter->run()
 9 SYSTEMPATH\Commands\Server\rewrite.php(46): require_once('FCPATH\\index.php')
CRITICAL - 2022-12-04 05:23:35 --> syntax error, unexpected 'if' (T_IF)
in APPPATH\Controllers\Queue.php on line 113.
 1 SYSTEMPATH\Autoloader\Autoloader.php(261): CodeIgniter\Autoloader\Autoloader->includeFile('APPPATH\\Controllers\\Queue.php')
 2 SYSTEMPATH\Autoloader\Autoloader.php(239): CodeIgniter\Autoloader\Autoloader->loadInNamespace('App\\Controllers\\Queue')
 3 [internal function]: CodeIgniter\Autoloader\Autoloader->loadClass('App\\Controllers\\Queue')
 4 [internal function]: spl_autoload_call('App\\Controllers\\Queue')
 5 SYSTEMPATH\CodeIgniter.php(860): class_exists('\\App\\Controllers\\Queue', true)
 6 SYSTEMPATH\CodeIgniter.php(456): CodeIgniter\CodeIgniter->startController()
 7 SYSTEMPATH\CodeIgniter.php(352): CodeIgniter\CodeIgniter->handleRequest(null, Object(Config\Cache), false)
 8 FCPATH\index.php(55): CodeIgniter\CodeIgniter->run()
 9 SYSTEMPATH\Commands\Server\rewrite.php(46): require_once('FCPATH\\index.php')
CRITICAL - 2022-12-04 05:23:36 --> syntax error, unexpected 'if' (T_IF)
in APPPATH\Controllers\Queue.php on line 113.
 1 SYSTEMPATH\Autoloader\Autoloader.php(261): CodeIgniter\Autoloader\Autoloader->includeFile('APPPATH\\Controllers\\Queue.php')
 2 SYSTEMPATH\Autoloader\Autoloader.php(239): CodeIgniter\Autoloader\Autoloader->loadInNamespace('App\\Controllers\\Queue')
 3 [internal function]: CodeIgniter\Autoloader\Autoloader->loadClass('App\\Controllers\\Queue')
 4 [internal function]: spl_autoload_call('App\\Controllers\\Queue')
 5 SYSTEMPATH\CodeIgniter.php(860): class_exists('\\App\\Controllers\\Queue', true)
 6 SYSTEMPATH\CodeIgniter.php(456): CodeIgniter\CodeIgniter->startController()
 7 SYSTEMPATH\CodeIgniter.php(352): CodeIgniter\CodeIgniter->handleRequest(null, Object(Config\Cache), false)
 8 FCPATH\index.php(55): CodeIgniter\CodeIgniter->run()
 9 SYSTEMPATH\Commands\Server\rewrite.php(46): require_once('FCPATH\\index.php')
CRITICAL - 2022-12-04 05:23:36 --> syntax error, unexpected 'if' (T_IF)
in APPPATH\Controllers\Queue.php on line 113.
 1 SYSTEMPATH\Autoloader\Autoloader.php(261): CodeIgniter\Autoloader\Autoloader->includeFile('APPPATH\\Controllers\\Queue.php')
 2 SYSTEMPATH\Autoloader\Autoloader.php(239): CodeIgniter\Autoloader\Autoloader->loadInNamespace('App\\Controllers\\Queue')
 3 [internal function]: CodeIgniter\Autoloader\Autoloader->loadClass('App\\Controllers\\Queue')
 4 [internal function]: spl_autoload_call('App\\Controllers\\Queue')
 5 SYSTEMPATH\CodeIgniter.php(860): class_exists('\\App\\Controllers\\Queue', true)
 6 SYSTEMPATH\CodeIgniter.php(456): CodeIgniter\CodeIgniter->startController()
 7 SYSTEMPATH\CodeIgniter.php(352): CodeIgniter\CodeIgniter->handleRequest(null, Object(Config\Cache), false)
 8 FCPATH\index.php(55): CodeIgniter\CodeIgniter->run()
 9 SYSTEMPATH\Commands\Server\rewrite.php(46): require_once('FCPATH\\index.php')
CRITICAL - 2022-12-04 05:23:36 --> syntax error, unexpected 'if' (T_IF)
in APPPATH\Controllers\Queue.php on line 113.
 1 SYSTEMPATH\Autoloader\Autoloader.php(261): CodeIgniter\Autoloader\Autoloader->includeFile('APPPATH\\Controllers\\Queue.php')
 2 SYSTEMPATH\Autoloader\Autoloader.php(239): CodeIgniter\Autoloader\Autoloader->loadInNamespace('App\\Controllers\\Queue')
 3 [internal function]: CodeIgniter\Autoloader\Autoloader->loadClass('App\\Controllers\\Queue')
 4 [internal function]: spl_autoload_call('App\\Controllers\\Queue')
 5 SYSTEMPATH\CodeIgniter.php(860): class_exists('\\App\\Controllers\\Queue', true)
 6 SYSTEMPATH\CodeIgniter.php(456): CodeIgniter\CodeIgniter->startController()
 7 SYSTEMPATH\CodeIgniter.php(352): CodeIgniter\CodeIgniter->handleRequest(null, Object(Config\Cache), false)
 8 FCPATH\index.php(55): CodeIgniter\CodeIgniter->run()
 9 SYSTEMPATH\Commands\Server\rewrite.php(46): require_once('FCPATH\\index.php')
CRITICAL - 2022-12-04 05:23:36 --> syntax error, unexpected 'if' (T_IF)
in APPPATH\Controllers\Queue.php on line 113.
 1 SYSTEMPATH\Autoloader\Autoloader.php(261): CodeIgniter\Autoloader\Autoloader->includeFile('APPPATH\\Controllers\\Queue.php')
 2 SYSTEMPATH\Autoloader\Autoloader.php(239): CodeIgniter\Autoloader\Autoloader->loadInNamespace('App\\Controllers\\Queue')
 3 [internal function]: CodeIgniter\Autoloader\Autoloader->loadClass('App\\Controllers\\Queue')
 4 [internal function]: spl_autoload_call('App\\Controllers\\Queue')
 5 SYSTEMPATH\CodeIgniter.php(860): class_exists('\\App\\Controllers\\Queue', true)
 6 SYSTEMPATH\CodeIgniter.php(456): CodeIgniter\CodeIgniter->startController()
 7 SYSTEMPATH\CodeIgniter.php(352): CodeIgniter\CodeIgniter->handleRequest(null, Object(Config\Cache), false)
 8 FCPATH\index.php(55): CodeIgniter\CodeIgniter->run()
 9 SYSTEMPATH\Commands\Server\rewrite.php(46): require_once('FCPATH\\index.php')
CRITICAL - 2022-12-04 05:23:36 --> syntax error, unexpected 'if' (T_IF)
in APPPATH\Controllers\Queue.php on line 113.
 1 SYSTEMPATH\Autoloader\Autoloader.php(261): CodeIgniter\Autoloader\Autoloader->includeFile('APPPATH\\Controllers\\Queue.php')
 2 SYSTEMPATH\Autoloader\Autoloader.php(239): CodeIgniter\Autoloader\Autoloader->loadInNamespace('App\\Controllers\\Queue')
 3 [internal function]: CodeIgniter\Autoloader\Autoloader->loadClass('App\\Controllers\\Queue')
 4 [internal function]: spl_autoload_call('App\\Controllers\\Queue')
 5 SYSTEMPATH\CodeIgniter.php(860): class_exists('\\App\\Controllers\\Queue', true)
 6 SYSTEMPATH\CodeIgniter.php(456): CodeIgniter\CodeIgniter->startController()
 7 SYSTEMPATH\CodeIgniter.php(352): CodeIgniter\CodeIgniter->handleRequest(null, Object(Config\Cache), false)
 8 FCPATH\index.php(55): CodeIgniter\CodeIgniter->run()
 9 SYSTEMPATH\Commands\Server\rewrite.php(46): require_once('FCPATH\\index.php')
CRITICAL - 2022-12-04 05:23:36 --> syntax error, unexpected 'if' (T_IF)
in APPPATH\Controllers\Queue.php on line 113.
 1 SYSTEMPATH\Autoloader\Autoloader.php(261): CodeIgniter\Autoloader\Autoloader->includeFile('APPPATH\\Controllers\\Queue.php')
 2 SYSTEMPATH\Autoloader\Autoloader.php(239): CodeIgniter\Autoloader\Autoloader->loadInNamespace('App\\Controllers\\Queue')
 3 [internal function]: CodeIgniter\Autoloader\Autoloader->loadClass('App\\Controllers\\Queue')
 4 [internal function]: spl_autoload_call('App\\Controllers\\Queue')
 5 SYSTEMPATH\CodeIgniter.php(860): class_exists('\\App\\Controllers\\Queue', true)
 6 SYSTEMPATH\CodeIgniter.php(456): CodeIgniter\CodeIgniter->startController()
 7 SYSTEMPATH\CodeIgniter.php(352): CodeIgniter\CodeIgniter->handleRequest(null, Object(Config\Cache), false)
 8 FCPATH\index.php(55): CodeIgniter\CodeIgniter->run()
 9 SYSTEMPATH\Commands\Server\rewrite.php(46): require_once('FCPATH\\index.php')
CRITICAL - 2022-12-04 05:23:36 --> syntax error, unexpected 'if' (T_IF)
in APPPATH\Controllers\Queue.php on line 113.
 1 SYSTEMPATH\Autoloader\Autoloader.php(261): CodeIgniter\Autoloader\Autoloader->includeFile('APPPATH\\Controllers\\Queue.php')
 2 SYSTEMPATH\Autoloader\Autoloader.php(239): CodeIgniter\Autoloader\Autoloader->loadInNamespace('App\\Controllers\\Queue')
 3 [internal function]: CodeIgniter\Autoloader\Autoloader->loadClass('App\\Controllers\\Queue')
 4 [internal function]: spl_autoload_call('App\\Controllers\\Queue')
 5 SYSTEMPATH\CodeIgniter.php(860): class_exists('\\App\\Controllers\\Queue', true)
 6 SYSTEMPATH\CodeIgniter.php(456): CodeIgniter\CodeIgniter->startController()
 7 SYSTEMPATH\CodeIgniter.php(352): CodeIgniter\CodeIgniter->handleRequest(null, Object(Config\Cache), false)
 8 FCPATH\index.php(55): CodeIgniter\CodeIgniter->run()
 9 SYSTEMPATH\Commands\Server\rewrite.php(46): require_once('FCPATH\\index.php')
CRITICAL - 2022-12-04 05:23:36 --> syntax error, unexpected 'if' (T_IF)
in APPPATH\Controllers\Queue.php on line 113.
 1 SYSTEMPATH\Autoloader\Autoloader.php(261): CodeIgniter\Autoloader\Autoloader->includeFile('APPPATH\\Controllers\\Queue.php')
 2 SYSTEMPATH\Autoloader\Autoloader.php(239): CodeIgniter\Autoloader\Autoloader->loadInNamespace('App\\Controllers\\Queue')
 3 [internal function]: CodeIgniter\Autoloader\Autoloader->loadClass('App\\Controllers\\Queue')
 4 [internal function]: spl_autoload_call('App\\Controllers\\Queue')
 5 SYSTEMPATH\CodeIgniter.php(860): class_exists('\\App\\Controllers\\Queue', true)
 6 SYSTEMPATH\CodeIgniter.php(456): CodeIgniter\CodeIgniter->startController()
 7 SYSTEMPATH\CodeIgniter.php(352): CodeIgniter\CodeIgniter->handleRequest(null, Object(Config\Cache), false)
 8 FCPATH\index.php(55): CodeIgniter\CodeIgniter->run()
 9 SYSTEMPATH\Commands\Server\rewrite.php(46): require_once('FCPATH\\index.php')
CRITICAL - 2022-12-04 05:23:36 --> syntax error, unexpected 'if' (T_IF)
in APPPATH\Controllers\Queue.php on line 113.
 1 SYSTEMPATH\Autoloader\Autoloader.php(261): CodeIgniter\Autoloader\Autoloader->includeFile('APPPATH\\Controllers\\Queue.php')
 2 SYSTEMPATH\Autoloader\Autoloader.php(239): CodeIgniter\Autoloader\Autoloader->loadInNamespace('App\\Controllers\\Queue')
 3 [internal function]: CodeIgniter\Autoloader\Autoloader->loadClass('App\\Controllers\\Queue')
 4 [internal function]: spl_autoload_call('App\\Controllers\\Queue')
 5 SYSTEMPATH\CodeIgniter.php(860): class_exists('\\App\\Controllers\\Queue', true)
 6 SYSTEMPATH\CodeIgniter.php(456): CodeIgniter\CodeIgniter->startController()
 7 SYSTEMPATH\CodeIgniter.php(352): CodeIgniter\CodeIgniter->handleRequest(null, Object(Config\Cache), false)
 8 FCPATH\index.php(55): CodeIgniter\CodeIgniter->run()
 9 SYSTEMPATH\Commands\Server\rewrite.php(46): require_once('FCPATH\\index.php')
CRITICAL - 2022-12-04 05:23:36 --> syntax error, unexpected 'if' (T_IF)
in APPPATH\Controllers\Queue.php on line 113.
 1 SYSTEMPATH\Autoloader\Autoloader.php(261): CodeIgniter\Autoloader\Autoloader->includeFile('APPPATH\\Controllers\\Queue.php')
 2 SYSTEMPATH\Autoloader\Autoloader.php(239): CodeIgniter\Autoloader\Autoloader->loadInNamespace('App\\Controllers\\Queue')
 3 [internal function]: CodeIgniter\Autoloader\Autoloader->loadClass('App\\Controllers\\Queue')
 4 [internal function]: spl_autoload_call('App\\Controllers\\Queue')
 5 SYSTEMPATH\CodeIgniter.php(860): class_exists('\\App\\Controllers\\Queue', true)
 6 SYSTEMPATH\CodeIgniter.php(456): CodeIgniter\CodeIgniter->startController()
 7 SYSTEMPATH\CodeIgniter.php(352): CodeIgniter\CodeIgniter->handleRequest(null, Object(Config\Cache), false)
 8 FCPATH\index.php(55): CodeIgniter\CodeIgniter->run()
 9 SYSTEMPATH\Commands\Server\rewrite.php(46): require_once('FCPATH\\index.php')
CRITICAL - 2022-12-04 05:23:37 --> syntax error, unexpected 'if' (T_IF)
in APPPATH\Controllers\Queue.php on line 113.
 1 SYSTEMPATH\Autoloader\Autoloader.php(261): CodeIgniter\Autoloader\Autoloader->includeFile('APPPATH\\Controllers\\Queue.php')
 2 SYSTEMPATH\Autoloader\Autoloader.php(239): CodeIgniter\Autoloader\Autoloader->loadInNamespace('App\\Controllers\\Queue')
 3 [internal function]: CodeIgniter\Autoloader\Autoloader->loadClass('App\\Controllers\\Queue')
 4 [internal function]: spl_autoload_call('App\\Controllers\\Queue')
 5 SYSTEMPATH\CodeIgniter.php(860): class_exists('\\App\\Controllers\\Queue', true)
 6 SYSTEMPATH\CodeIgniter.php(456): CodeIgniter\CodeIgniter->startController()
 7 SYSTEMPATH\CodeIgniter.php(352): CodeIgniter\CodeIgniter->handleRequest(null, Object(Config\Cache), false)
 8 FCPATH\index.php(55): CodeIgniter\CodeIgniter->run()
 9 SYSTEMPATH\Commands\Server\rewrite.php(46): require_once('FCPATH\\index.php')
CRITICAL - 2022-12-04 05:23:37 --> syntax error, unexpected 'if' (T_IF)
in APPPATH\Controllers\Queue.php on line 113.
 1 SYSTEMPATH\Autoloader\Autoloader.php(261): CodeIgniter\Autoloader\Autoloader->includeFile('APPPATH\\Controllers\\Queue.php')
 2 SYSTEMPATH\Autoloader\Autoloader.php(239): CodeIgniter\Autoloader\Autoloader->loadInNamespace('App\\Controllers\\Queue')
 3 [internal function]: CodeIgniter\Autoloader\Autoloader->loadClass('App\\Controllers\\Queue')
 4 [internal function]: spl_autoload_call('App\\Controllers\\Queue')
 5 SYSTEMPATH\CodeIgniter.php(860): class_exists('\\App\\Controllers\\Queue', true)
 6 SYSTEMPATH\CodeIgniter.php(456): CodeIgniter\CodeIgniter->startController()
 7 SYSTEMPATH\CodeIgniter.php(352): CodeIgniter\CodeIgniter->handleRequest(null, Object(Config\Cache), false)
 8 FCPATH\index.php(55): CodeIgniter\CodeIgniter->run()
 9 SYSTEMPATH\Commands\Server\rewrite.php(46): require_once('FCPATH\\index.php')
CRITICAL - 2022-12-04 05:23:37 --> syntax error, unexpected 'if' (T_IF)
in APPPATH\Controllers\Queue.php on line 113.
 1 SYSTEMPATH\Autoloader\Autoloader.php(261): CodeIgniter\Autoloader\Autoloader->includeFile('APPPATH\\Controllers\\Queue.php')
 2 SYSTEMPATH\Autoloader\Autoloader.php(239): CodeIgniter\Autoloader\Autoloader->loadInNamespace('App\\Controllers\\Queue')
 3 [internal function]: CodeIgniter\Autoloader\Autoloader->loadClass('App\\Controllers\\Queue')
 4 [internal function]: spl_autoload_call('App\\Controllers\\Queue')
 5 SYSTEMPATH\CodeIgniter.php(860): class_exists('\\App\\Controllers\\Queue', true)
 6 SYSTEMPATH\CodeIgniter.php(456): CodeIgniter\CodeIgniter->startController()
 7 SYSTEMPATH\CodeIgniter.php(352): CodeIgniter\CodeIgniter->handleRequest(null, Object(Config\Cache), false)
 8 FCPATH\index.php(55): CodeIgniter\CodeIgniter->run()
 9 SYSTEMPATH\Commands\Server\rewrite.php(46): require_once('FCPATH\\index.php')
CRITICAL - 2022-12-04 05:23:37 --> syntax error, unexpected 'if' (T_IF)
in APPPATH\Controllers\Queue.php on line 113.
 1 SYSTEMPATH\Autoloader\Autoloader.php(261): CodeIgniter\Autoloader\Autoloader->includeFile('APPPATH\\Controllers\\Queue.php')
 2 SYSTEMPATH\Autoloader\Autoloader.php(239): CodeIgniter\Autoloader\Autoloader->loadInNamespace('App\\Controllers\\Queue')
 3 [internal function]: CodeIgniter\Autoloader\Autoloader->loadClass('App\\Controllers\\Queue')
 4 [internal function]: spl_autoload_call('App\\Controllers\\Queue')
 5 SYSTEMPATH\CodeIgniter.php(860): class_exists('\\App\\Controllers\\Queue', true)
 6 SYSTEMPATH\CodeIgniter.php(456): CodeIgniter\CodeIgniter->startController()
 7 SYSTEMPATH\CodeIgniter.php(352): CodeIgniter\CodeIgniter->handleRequest(null, Object(Config\Cache), false)
 8 FCPATH\index.php(55): CodeIgniter\CodeIgniter->run()
 9 SYSTEMPATH\Commands\Server\rewrite.php(46): require_once('FCPATH\\index.php')
CRITICAL - 2022-12-04 05:23:37 --> syntax error, unexpected 'if' (T_IF)
in APPPATH\Controllers\Queue.php on line 113.
 1 SYSTEMPATH\Autoloader\Autoloader.php(261): CodeIgniter\Autoloader\Autoloader->includeFile('APPPATH\\Controllers\\Queue.php')
 2 SYSTEMPATH\Autoloader\Autoloader.php(239): CodeIgniter\Autoloader\Autoloader->loadInNamespace('App\\Controllers\\Queue')
 3 [internal function]: CodeIgniter\Autoloader\Autoloader->loadClass('App\\Controllers\\Queue')
 4 [internal function]: spl_autoload_call('App\\Controllers\\Queue')
 5 SYSTEMPATH\CodeIgniter.php(860): class_exists('\\App\\Controllers\\Queue', true)
 6 SYSTEMPATH\CodeIgniter.php(456): CodeIgniter\CodeIgniter->startController()
 7 SYSTEMPATH\CodeIgniter.php(352): CodeIgniter\CodeIgniter->handleRequest(null, Object(Config\Cache), false)
 8 FCPATH\index.php(55): CodeIgniter\CodeIgniter->run()
 9 SYSTEMPATH\Commands\Server\rewrite.php(46): require_once('FCPATH\\index.php')
CRITICAL - 2022-12-04 05:23:37 --> syntax error, unexpected 'if' (T_IF)
in APPPATH\Controllers\Queue.php on line 113.
 1 SYSTEMPATH\Autoloader\Autoloader.php(261): CodeIgniter\Autoloader\Autoloader->includeFile('APPPATH\\Controllers\\Queue.php')
 2 SYSTEMPATH\Autoloader\Autoloader.php(239): CodeIgniter\Autoloader\Autoloader->loadInNamespace('App\\Controllers\\Queue')
 3 [internal function]: CodeIgniter\Autoloader\Autoloader->loadClass('App\\Controllers\\Queue')
 4 [internal function]: spl_autoload_call('App\\Controllers\\Queue')
 5 SYSTEMPATH\CodeIgniter.php(860): class_exists('\\App\\Controllers\\Queue', true)
 6 SYSTEMPATH\CodeIgniter.php(456): CodeIgniter\CodeIgniter->startController()
 7 SYSTEMPATH\CodeIgniter.php(352): CodeIgniter\CodeIgniter->handleRequest(null, Object(Config\Cache), false)
 8 FCPATH\index.php(55): CodeIgniter\CodeIgniter->run()
 9 SYSTEMPATH\Commands\Server\rewrite.php(46): require_once('FCPATH\\index.php')
CRITICAL - 2022-12-04 05:23:37 --> syntax error, unexpected 'if' (T_IF)
in APPPATH\Controllers\Queue.php on line 113.
 1 SYSTEMPATH\Autoloader\Autoloader.php(261): CodeIgniter\Autoloader\Autoloader->includeFile('APPPATH\\Controllers\\Queue.php')
 2 SYSTEMPATH\Autoloader\Autoloader.php(239): CodeIgniter\Autoloader\Autoloader->loadInNamespace('App\\Controllers\\Queue')
 3 [internal function]: CodeIgniter\Autoloader\Autoloader->loadClass('App\\Controllers\\Queue')
 4 [internal function]: spl_autoload_call('App\\Controllers\\Queue')
 5 SYSTEMPATH\CodeIgniter.php(860): class_exists('\\App\\Controllers\\Queue', true)
 6 SYSTEMPATH\CodeIgniter.php(456): CodeIgniter\CodeIgniter->startController()
 7 SYSTEMPATH\CodeIgniter.php(352): CodeIgniter\CodeIgniter->handleRequest(null, Object(Config\Cache), false)
 8 FCPATH\index.php(55): CodeIgniter\CodeIgniter->run()
 9 SYSTEMPATH\Commands\Server\rewrite.php(46): require_once('FCPATH\\index.php')
CRITICAL - 2022-12-04 05:23:37 --> syntax error, unexpected 'if' (T_IF)
in APPPATH\Controllers\Queue.php on line 113.
 1 SYSTEMPATH\Autoloader\Autoloader.php(261): CodeIgniter\Autoloader\Autoloader->includeFile('APPPATH\\Controllers\\Queue.php')
 2 SYSTEMPATH\Autoloader\Autoloader.php(239): CodeIgniter\Autoloader\Autoloader->loadInNamespace('App\\Controllers\\Queue')
 3 [internal function]: CodeIgniter\Autoloader\Autoloader->loadClass('App\\Controllers\\Queue')
 4 [internal function]: spl_autoload_call('App\\Controllers\\Queue')
 5 SYSTEMPATH\CodeIgniter.php(860): class_exists('\\App\\Controllers\\Queue', true)
 6 SYSTEMPATH\CodeIgniter.php(456): CodeIgniter\CodeIgniter->startController()
 7 SYSTEMPATH\CodeIgniter.php(352): CodeIgniter\CodeIgniter->handleRequest(null, Object(Config\Cache), false)
 8 FCPATH\index.php(55): CodeIgniter\CodeIgniter->run()
 9 SYSTEMPATH\Commands\Server\rewrite.php(46): require_once('FCPATH\\index.php')
CRITICAL - 2022-12-04 23:21:23 --> Undefined variable: anameSym
in APPPATH\Controllers\Queue.php on line 166.
 1 APPPATH\Controllers\Queue.php(166): CodeIgniter\Debug\Exceptions->errorHandler(8, 'Undefined variable: anameSym', 'APPPATH\\Controllers\\Queue.php', 166, [...])
 2 SYSTEMPATH\CodeIgniter.php(910): App\Controllers\Queue->toBill()
 3 SYSTEMPATH\CodeIgniter.php(469): CodeIgniter\CodeIgniter->runController(Object(App\Controllers\Queue))
 4 SYSTEMPATH\CodeIgniter.php(352): CodeIgniter\CodeIgniter->handleRequest(null, Object(Config\Cache), false)
 5 FCPATH\index.php(55): CodeIgniter\CodeIgniter->run()
 6 SYSTEMPATH\Commands\Server\rewrite.php(46): require_once('FCPATH\\index.php')
CRITICAL - 2022-12-04 23:25:43 --> Cannot redeclare App\Libraries\QueueLib::readOrderDetails()
in APPPATH\Libraries\QueueLib.php on line 72.
 1 [internal function]: CodeIgniter\Debug\Exceptions->shutdownHandler()
CRITICAL - 2022-12-04 23:25:46 --> Cannot redeclare App\Libraries\QueueLib::readOrderDetails()
in APPPATH\Libraries\QueueLib.php on line 72.
 1 [internal function]: CodeIgniter\Debug\Exceptions->shutdownHandler()
CRITICAL - 2022-12-04 23:25:46 --> Cannot redeclare App\Libraries\QueueLib::readOrderDetails()
in APPPATH\Libraries\QueueLib.php on line 72.
 1 [internal function]: CodeIgniter\Debug\Exceptions->shutdownHandler()
