CRITICAL - 2022-11-07 01:27:31 --> Class 'App\Controllers\FirebaseCon' not found
in APPPATH\Controllers\Staff.php on line 17.
 1 SYSTEMPATH\CodeIgniter.php(910): App\Controllers\Staff->index()
 2 SYSTEMPATH\CodeIgniter.php(469): CodeIgniter\CodeIgniter->runController(Object(App\Controllers\Staff))
 3 SYSTEMPATH\CodeIgniter.php(352): CodeIgniter\CodeIgniter->handleRequest(null, Object(Config\Cache), false)
 4 FCPATH\index.php(55): CodeIgniter\CodeIgniter->run()
 5 SYSTEMPATH\Commands\Server\rewrite.php(46): require_once('FCPATH\\index.php')
CRITICAL - 2022-11-07 02:04:43 --> Class 'App\Filters\StaffAuthCheckFilter' not found
in SYSTEMPATH\Filters\Filters.php on line 166.
 1 SYSTEMPATH\CodeIgniter.php(443): CodeIgniter\Filters\Filters->run('staff/home', 'before')
 2 SYSTEMPATH\CodeIgniter.php(352): CodeIgniter\CodeIgniter->handleRequest(null, Object(Config\Cache), false)
 3 FCPATH\index.php(55): CodeIgniter\CodeIgniter->run()
 4 SYSTEMPATH\Commands\Server\rewrite.php(46): require_once('FCPATH\\index.php')
CRITICAL - 2022-11-07 02:04:57 --> Class 'App\Filters\StaffAuthCheckFilter' not found
in SYSTEMPATH\Filters\Filters.php on line 166.
 1 SYSTEMPATH\CodeIgniter.php(443): CodeIgniter\Filters\Filters->run('staff/home', 'before')
 2 SYSTEMPATH\CodeIgniter.php(352): CodeIgniter\CodeIgniter->handleRequest(null, Object(Config\Cache), false)
 3 FCPATH\index.php(55): CodeIgniter\CodeIgniter->run()
 4 SYSTEMPATH\Commands\Server\rewrite.php(46): require_once('FCPATH\\index.php')
CRITICAL - 2022-11-07 02:05:46 --> Class 'App\Filters\StaffAuthCheckFilter' not found
in SYSTEMPATH\Filters\Filters.php on line 166.
 1 SYSTEMPATH\CodeIgniter.php(443): CodeIgniter\Filters\Filters->run('staff/home', 'before')
 2 SYSTEMPATH\CodeIgniter.php(352): CodeIgniter\CodeIgniter->handleRequest(null, Object(Config\Cache), false)
 3 FCPATH\index.php(55): CodeIgniter\CodeIgniter->run()
 4 SYSTEMPATH\Commands\Server\rewrite.php(46): require_once('FCPATH\\index.php')
CRITICAL - 2022-11-07 02:06:33 --> Class 'App\Filters\StaffAuthCheckFilter' not found
in SYSTEMPATH\Filters\Filters.php on line 166.
 1 SYSTEMPATH\CodeIgniter.php(443): CodeIgniter\Filters\Filters->run('staff/home', 'before')
 2 SYSTEMPATH\CodeIgniter.php(352): CodeIgniter\CodeIgniter->handleRequest(null, Object(Config\Cache), false)
 3 FCPATH\index.php(55): CodeIgniter\CodeIgniter->run()
 4 SYSTEMPATH\Commands\Server\rewrite.php(46): require_once('FCPATH\\index.php')
CRITICAL - 2022-11-07 02:06:35 --> Class 'App\Filters\StaffAuthCheckFilter' not found
in SYSTEMPATH\Filters\Filters.php on line 166.
 1 SYSTEMPATH\CodeIgniter.php(443): CodeIgniter\Filters\Filters->run('staff/home', 'before')
 2 SYSTEMPATH\CodeIgniter.php(352): CodeIgniter\CodeIgniter->handleRequest(null, Object(Config\Cache), false)
 3 FCPATH\index.php(55): CodeIgniter\CodeIgniter->run()
 4 SYSTEMPATH\Commands\Server\rewrite.php(46): require_once('FCPATH\\index.php')
CRITICAL - 2022-11-07 04:55:01 --> Undefined index: createdDate
in APPPATH\Views\staff\profile.php on line 38.
 1 APPPATH\Views\staff\profile.php(38): CodeIgniter\Debug\Exceptions->errorHandler(8, 'Undefined index: createdDate', 'APPPATH\\Views\\staff\\profile.php', 38, [...])
 2 SYSTEMPATH\View\View.php(213): include('APPPATH\\Views\\staff\\profile.php')
 3 SYSTEMPATH\View\View.php(216): CodeIgniter\View\View->CodeIgniter\View\{closure}()
 4 SYSTEMPATH\Common.php(1137): CodeIgniter\View\View->render('staff/profile', [], true)
 5 APPPATH\Controllers\Staff.php(28): view('staff/profile', [...])
 6 SYSTEMPATH\CodeIgniter.php(910): App\Controllers\Staff->profile()
 7 SYSTEMPATH\CodeIgniter.php(469): CodeIgniter\CodeIgniter->runController(Object(App\Controllers\Staff))
 8 SYSTEMPATH\CodeIgniter.php(352): CodeIgniter\CodeIgniter->handleRequest(null, Object(Config\Cache), false)
 9 FCPATH\index.php(55): CodeIgniter\CodeIgniter->run()
10 SYSTEMPATH\Commands\Server\rewrite.php(46): require_once('FCPATH\\index.php')
CRITICAL - 2022-11-07 04:56:11 --> Undefined index: address
in APPPATH\Views\staff\profile.php on line 80.
 1 APPPATH\Views\staff\profile.php(80): CodeIgniter\Debug\Exceptions->errorHandler(8, 'Undefined index: address', 'APPPATH\\Views\\staff\\profile.php', 80, [...])
 2 SYSTEMPATH\View\View.php(213): include('APPPATH\\Views\\staff\\profile.php')
 3 SYSTEMPATH\View\View.php(216): CodeIgniter\View\View->CodeIgniter\View\{closure}()
 4 SYSTEMPATH\Common.php(1137): CodeIgniter\View\View->render('staff/profile', [], true)
 5 APPPATH\Controllers\Staff.php(28): view('staff/profile', [...])
 6 SYSTEMPATH\CodeIgniter.php(910): App\Controllers\Staff->profile()
 7 SYSTEMPATH\CodeIgniter.php(469): CodeIgniter\CodeIgniter->runController(Object(App\Controllers\Staff))
 8 SYSTEMPATH\CodeIgniter.php(352): CodeIgniter\CodeIgniter->handleRequest(null, Object(Config\Cache), false)
 9 FCPATH\index.php(55): CodeIgniter\CodeIgniter->run()
10 SYSTEMPATH\Commands\Server\rewrite.php(46): require_once('FCPATH\\index.php')
CRITICAL - 2022-11-07 04:56:54 --> Undefined index: postCode
in APPPATH\Views\staff\profile.php on line 81.
 1 APPPATH\Views\staff\profile.php(81): CodeIgniter\Debug\Exceptions->errorHandler(8, 'Undefined index: postCode', 'APPPATH\\Views\\staff\\profile.php', 81, [...])
 2 SYSTEMPATH\View\View.php(213): include('APPPATH\\Views\\staff\\profile.php')
 3 SYSTEMPATH\View\View.php(216): CodeIgniter\View\View->CodeIgniter\View\{closure}()
 4 SYSTEMPATH\Common.php(1137): CodeIgniter\View\View->render('staff/profile', [], true)
 5 APPPATH\Controllers\Staff.php(28): view('staff/profile', [...])
 6 SYSTEMPATH\CodeIgniter.php(910): App\Controllers\Staff->profile()
 7 SYSTEMPATH\CodeIgniter.php(469): CodeIgniter\CodeIgniter->runController(Object(App\Controllers\Staff))
 8 SYSTEMPATH\CodeIgniter.php(352): CodeIgniter\CodeIgniter->handleRequest(null, Object(Config\Cache), false)
 9 FCPATH\index.php(55): CodeIgniter\CodeIgniter->run()
10 SYSTEMPATH\Commands\Server\rewrite.php(46): require_once('FCPATH\\index.php')
CRITICAL - 2022-11-07 04:57:02 --> Undefined index: address
in APPPATH\Views\staff\profile.php on line 359.
 1 APPPATH\Views\staff\profile.php(359): CodeIgniter\Debug\Exceptions->errorHandler(8, 'Undefined index: address', 'APPPATH\\Views\\staff\\profile.php', 359, [...])
 2 SYSTEMPATH\View\View.php(213): include('APPPATH\\Views\\staff\\profile.php')
 3 SYSTEMPATH\View\View.php(216): CodeIgniter\View\View->CodeIgniter\View\{closure}()
 4 SYSTEMPATH\Common.php(1137): CodeIgniter\View\View->render('staff/profile', [], true)
 5 APPPATH\Controllers\Staff.php(28): view('staff/profile', [...])
 6 SYSTEMPATH\CodeIgniter.php(910): App\Controllers\Staff->profile()
 7 SYSTEMPATH\CodeIgniter.php(469): CodeIgniter\CodeIgniter->runController(Object(App\Controllers\Staff))
 8 SYSTEMPATH\CodeIgniter.php(352): CodeIgniter\CodeIgniter->handleRequest(null, Object(Config\Cache), false)
 9 FCPATH\index.php(55): CodeIgniter\CodeIgniter->run()
10 SYSTEMPATH\Commands\Server\rewrite.php(46): require_once('FCPATH\\index.php')
CRITICAL - 2022-11-07 04:57:26 --> Undefined index: postCode
in APPPATH\Views\staff\profile.php on line 360.
 1 APPPATH\Views\staff\profile.php(360): CodeIgniter\Debug\Exceptions->errorHandler(8, 'Undefined index: postCode', 'APPPATH\\Views\\staff\\profile.php', 360, [...])
 2 SYSTEMPATH\View\View.php(213): include('APPPATH\\Views\\staff\\profile.php')
 3 SYSTEMPATH\View\View.php(216): CodeIgniter\View\View->CodeIgniter\View\{closure}()
 4 SYSTEMPATH\Common.php(1137): CodeIgniter\View\View->render('staff/profile', [], true)
 5 APPPATH\Controllers\Staff.php(28): view('staff/profile', [...])
 6 SYSTEMPATH\CodeIgniter.php(910): App\Controllers\Staff->profile()
 7 SYSTEMPATH\CodeIgniter.php(469): CodeIgniter\CodeIgniter->runController(Object(App\Controllers\Staff))
 8 SYSTEMPATH\CodeIgniter.php(352): CodeIgniter\CodeIgniter->handleRequest(null, Object(Config\Cache), false)
 9 FCPATH\index.php(55): CodeIgniter\CodeIgniter->run()
10 SYSTEMPATH\Commands\Server\rewrite.php(46): require_once('FCPATH\\index.php')
CRITICAL - 2022-11-07 08:48:28 --> Class 'App\Controllers\Hash' not found
in APPPATH\Controllers\Staff.php on line 47.
 1 SYSTEMPATH\CodeIgniter.php(910): App\Controllers\Staff->updatePassword()
 2 SYSTEMPATH\CodeIgniter.php(469): CodeIgniter\CodeIgniter->runController(Object(App\Controllers\Staff))
 3 SYSTEMPATH\CodeIgniter.php(352): CodeIgniter\CodeIgniter->handleRequest(null, Object(Config\Cache), false)
 4 FCPATH\index.php(55): CodeIgniter\CodeIgniter->run()
 5 SYSTEMPATH\Commands\Server\rewrite.php(46): require_once('FCPATH\\index.php')
CRITICAL - 2022-11-07 09:25:53 --> usort() expects parameter 2 to be a valid callback, function 'compareDates' not found or invalid function name
in APPPATH\Libraries\AdminLib.php on line 86.
 1 [internal function]: CodeIgniter\Debug\Exceptions->errorHandler(2, 'usort() expects parameter 2 to be a valid callback, function \'compareDates\' not found or invalid function name', 'APPPATH\\Libraries\\AdminLib.php', 86, [...])
 2 APPPATH\Libraries\AdminLib.php(86): usort([...], 'compareDates')
 3 APPPATH\Controllers\Admin.php(440): App\Libraries\AdminLib::paginationRecord('staff', 1, 4)
 4 SYSTEMPATH\CodeIgniter.php(910): App\Controllers\Admin->manage()
 5 SYSTEMPATH\CodeIgniter.php(469): CodeIgniter\CodeIgniter->runController(Object(App\Controllers\Admin))
 6 SYSTEMPATH\CodeIgniter.php(352): CodeIgniter\CodeIgniter->handleRequest(null, Object(Config\Cache), false)
 7 FCPATH\index.php(55): CodeIgniter\CodeIgniter->run()
 8 SYSTEMPATH\Commands\Server\rewrite.php(46): require_once('FCPATH\\index.php')
CRITICAL - 2022-11-07 09:26:31 --> usort() expects parameter 2 to be a valid callback, function 'compareDates' not found or invalid function name
in APPPATH\Libraries\AdminLib.php on line 86.
 1 [internal function]: CodeIgniter\Debug\Exceptions->errorHandler(2, 'usort() expects parameter 2 to be a valid callback, function \'compareDates\' not found or invalid function name', 'APPPATH\\Libraries\\AdminLib.php', 86, [...])
 2 APPPATH\Libraries\AdminLib.php(86): usort([...], 'compareDates')
 3 APPPATH\Controllers\Admin.php(440): App\Libraries\AdminLib::paginationRecord('staff', 1, 4)
 4 SYSTEMPATH\CodeIgniter.php(910): App\Controllers\Admin->manage()
 5 SYSTEMPATH\CodeIgniter.php(469): CodeIgniter\CodeIgniter->runController(Object(App\Controllers\Admin))
 6 SYSTEMPATH\CodeIgniter.php(352): CodeIgniter\CodeIgniter->handleRequest(null, Object(Config\Cache), false)
 7 FCPATH\index.php(55): CodeIgniter\CodeIgniter->run()
 8 SYSTEMPATH\Commands\Server\rewrite.php(46): require_once('FCPATH\\index.php')
CRITICAL - 2022-11-07 09:28:35 --> usort() expects parameter 2 to be a valid callback, function 'compareDates' not found or invalid function name
in APPPATH\Libraries\AdminLib.php on line 87.
 1 [internal function]: CodeIgniter\Debug\Exceptions->errorHandler(2, 'usort() expects parameter 2 to be a valid callback, function \'compareDates\' not found or invalid function name', 'APPPATH\\Libraries\\AdminLib.php', 87, [...])
 2 APPPATH\Libraries\AdminLib.php(87): usort([...], 'compareDates')
 3 APPPATH\Controllers\Admin.php(440): App\Libraries\AdminLib::paginationRecord('staff', 1, 4)
 4 SYSTEMPATH\CodeIgniter.php(910): App\Controllers\Admin->manage()
 5 SYSTEMPATH\CodeIgniter.php(469): CodeIgniter\CodeIgniter->runController(Object(App\Controllers\Admin))
 6 SYSTEMPATH\CodeIgniter.php(352): CodeIgniter\CodeIgniter->handleRequest(null, Object(Config\Cache), false)
 7 FCPATH\index.php(55): CodeIgniter\CodeIgniter->run()
 8 SYSTEMPATH\Commands\Server\rewrite.php(46): require_once('FCPATH\\index.php')
CRITICAL - 2022-11-07 09:29:39 --> usort() expects parameter 2 to be a valid callback, function 'compareDates' not found or invalid function name
in APPPATH\Controllers\Admin.php on line 29.
 1 [internal function]: CodeIgniter\Debug\Exceptions->errorHandler(2, 'usort() expects parameter 2 to be a valid callback, function \'compareDates\' not found or invalid function name', 'APPPATH\\Controllers\\Admin.php', 29, [...])
 2 APPPATH\Controllers\Admin.php(29): usort([...], 'compareDates')
 3 SYSTEMPATH\CodeIgniter.php(910): App\Controllers\Admin->haha()
 4 SYSTEMPATH\CodeIgniter.php(469): CodeIgniter\CodeIgniter->runController(Object(App\Controllers\Admin))
 5 SYSTEMPATH\CodeIgniter.php(352): CodeIgniter\CodeIgniter->handleRequest(null, Object(Config\Cache), false)
 6 FCPATH\index.php(55): CodeIgniter\CodeIgniter->run()
 7 SYSTEMPATH\Commands\Server\rewrite.php(46): require_once('FCPATH\\index.php')
CRITICAL - 2022-11-07 09:30:13 --> Too few arguments to function App\Controllers\Admin::compareDates(), 0 passed in C:\xampp\htdocs\CodeIgniter4-develop\app\Controllers\Admin.php on line 29 and exactly 2 expected
in APPPATH\Controllers\Admin.php on line 19.
 1 APPPATH\Controllers\Admin.php(29): App\Controllers\Admin->compareDates()
 2 SYSTEMPATH\CodeIgniter.php(910): App\Controllers\Admin->haha()
 3 SYSTEMPATH\CodeIgniter.php(469): CodeIgniter\CodeIgniter->runController(Object(App\Controllers\Admin))
 4 SYSTEMPATH\CodeIgniter.php(352): CodeIgniter\CodeIgniter->handleRequest(null, Object(Config\Cache), false)
 5 FCPATH\index.php(55): CodeIgniter\CodeIgniter->run()
 6 SYSTEMPATH\Commands\Server\rewrite.php(46): require_once('FCPATH\\index.php')
CRITICAL - 2022-11-07 09:30:27 --> Undefined property: App\Controllers\Admin::$compareDates
in APPPATH\Controllers\Admin.php on line 29.
 1 APPPATH\Controllers\Admin.php(29): CodeIgniter\Debug\Exceptions->errorHandler(8, 'Undefined property: App\\Controllers\\Admin::$compareDates', 'APPPATH\\Controllers\\Admin.php', 29, [...])
 2 SYSTEMPATH\CodeIgniter.php(910): App\Controllers\Admin->haha()
 3 SYSTEMPATH\CodeIgniter.php(469): CodeIgniter\CodeIgniter->runController(Object(App\Controllers\Admin))
 4 SYSTEMPATH\CodeIgniter.php(352): CodeIgniter\CodeIgniter->handleRequest(null, Object(Config\Cache), false)
 5 FCPATH\index.php(55): CodeIgniter\CodeIgniter->run()
 6 SYSTEMPATH\Commands\Server\rewrite.php(46): require_once('FCPATH\\index.php')
CRITICAL - 2022-11-07 09:39:11 --> Undefined variable: tablename
in APPPATH\Controllers\Admin.php on line 34.
 1 APPPATH\Controllers\Admin.php(34): CodeIgniter\Debug\Exceptions->errorHandler(8, 'Undefined variable: tablename', 'APPPATH\\Controllers\\Admin.php', 34, [...])
 2 SYSTEMPATH\CodeIgniter.php(910): App\Controllers\Admin->haha()
 3 SYSTEMPATH\CodeIgniter.php(469): CodeIgniter\CodeIgniter->runController(Object(App\Controllers\Admin))
 4 SYSTEMPATH\CodeIgniter.php(352): CodeIgniter\CodeIgniter->handleRequest(null, Object(Config\Cache), false)
 5 FCPATH\index.php(55): CodeIgniter\CodeIgniter->run()
 6 SYSTEMPATH\Commands\Server\rewrite.php(46): require_once('FCPATH\\index.php')
CRITICAL - 2022-11-07 09:41:26 --> Undefined index: createdDatenTime
in APPPATH\Controllers\Admin.php on line 37.
 1 APPPATH\Controllers\Admin.php(37): CodeIgniter\Debug\Exceptions->errorHandler(8, 'Undefined index: createdDatenTime', 'APPPATH\\Controllers\\Admin.php', 37, [...])
 2 SYSTEMPATH\CodeIgniter.php(910): App\Controllers\Admin->haha()
 3 SYSTEMPATH\CodeIgniter.php(469): CodeIgniter\CodeIgniter->runController(Object(App\Controllers\Admin))
 4 SYSTEMPATH\CodeIgniter.php(352): CodeIgniter\CodeIgniter->handleRequest(null, Object(Config\Cache), false)
 5 FCPATH\index.php(55): CodeIgniter\CodeIgniter->run()
 6 SYSTEMPATH\Commands\Server\rewrite.php(46): require_once('FCPATH\\index.php')
CRITICAL - 2022-11-07 09:43:06 --> Undefined variable: i
in APPPATH\Controllers\Admin.php on line 40.
 1 APPPATH\Controllers\Admin.php(40): CodeIgniter\Debug\Exceptions->errorHandler(8, 'Undefined variable: i', 'APPPATH\\Controllers\\Admin.php', 40, [...])
 2 SYSTEMPATH\CodeIgniter.php(910): App\Controllers\Admin->haha()
 3 SYSTEMPATH\CodeIgniter.php(469): CodeIgniter\CodeIgniter->runController(Object(App\Controllers\Admin))
 4 SYSTEMPATH\CodeIgniter.php(352): CodeIgniter\CodeIgniter->handleRequest(null, Object(Config\Cache), false)
 5 FCPATH\index.php(55): CodeIgniter\CodeIgniter->run()
 6 SYSTEMPATH\Commands\Server\rewrite.php(46): require_once('FCPATH\\index.php')
CRITICAL - 2022-11-07 09:44:00 --> Undefined index: createdDatenTime
in APPPATH\Controllers\Admin.php on line 46.
 1 APPPATH\Controllers\Admin.php(46): CodeIgniter\Debug\Exceptions->errorHandler(8, 'Undefined index: createdDatenTime', 'APPPATH\\Controllers\\Admin.php', 46, [...])
 2 SYSTEMPATH\CodeIgniter.php(910): App\Controllers\Admin->haha()
 3 SYSTEMPATH\CodeIgniter.php(469): CodeIgniter\CodeIgniter->runController(Object(App\Controllers\Admin))
 4 SYSTEMPATH\CodeIgniter.php(352): CodeIgniter\CodeIgniter->handleRequest(null, Object(Config\Cache), false)
 5 FCPATH\index.php(55): CodeIgniter\CodeIgniter->run()
 6 SYSTEMPATH\Commands\Server\rewrite.php(46): require_once('FCPATH\\index.php')
