CRITICAL - 2022-12-25 00:18:17 --> Undefined variable: remark
in APPPATH\Views\staff\prescription.php on line 230.
 1 APPPATH\Views\staff\prescription.php(230): CodeIgniter\Debug\Exceptions->errorHandler(8, 'Undefined variable: remark', 'APPPATH\\Views\\staff\\prescription.php', 230, [...])
 2 SYSTEMPATH\View\View.php(213): include('APPPATH\\Views\\staff\\prescription.php')
 3 SYSTEMPATH\View\View.php(216): CodeIgniter\View\View->CodeIgniter\View\{closure}()
 4 SYSTEMPATH\Common.php(1137): CodeIgniter\View\View->render('staff/prescription', [], true)
 5 APPPATH\Controllers\Queue.php(180): view('staff/prescription', [...])
 6 SYSTEMPATH\CodeIgniter.php(910): App\Controllers\Queue->removePrescription()
 7 SYSTEMPATH\CodeIgniter.php(469): CodeIgniter\CodeIgniter->runController(Object(App\Controllers\Queue))
 8 SYSTEMPATH\CodeIgniter.php(352): CodeIgniter\CodeIgniter->handleRequest(null, Object(Config\Cache), false)
 9 FCPATH\index.php(55): CodeIgniter\CodeIgniter->run()
10 SYSTEMPATH\Commands\Server\rewrite.php(46): require_once('FCPATH\\index.php')
CRITICAL - 2022-12-25 00:18:42 --> Undefined variable: remark
in APPPATH\Views\staff\prescription.php on line 230.
 1 APPPATH\Views\staff\prescription.php(230): CodeIgniter\Debug\Exceptions->errorHandler(8, 'Undefined variable: remark', 'APPPATH\\Views\\staff\\prescription.php', 230, [...])
 2 SYSTEMPATH\View\View.php(213): include('APPPATH\\Views\\staff\\prescription.php')
 3 SYSTEMPATH\View\View.php(216): CodeIgniter\View\View->CodeIgniter\View\{closure}()
 4 SYSTEMPATH\Common.php(1137): CodeIgniter\View\View->render('staff/prescription', [], true)
 5 APPPATH\Controllers\Queue.php(180): view('staff/prescription', [...])
 6 SYSTEMPATH\CodeIgniter.php(910): App\Controllers\Queue->removePrescription()
 7 SYSTEMPATH\CodeIgniter.php(469): CodeIgniter\CodeIgniter->runController(Object(App\Controllers\Queue))
 8 SYSTEMPATH\CodeIgniter.php(352): CodeIgniter\CodeIgniter->handleRequest(null, Object(Config\Cache), false)
 9 FCPATH\index.php(55): CodeIgniter\CodeIgniter->run()
10 SYSTEMPATH\Commands\Server\rewrite.php(46): require_once('FCPATH\\index.php')
CRITICAL - 2022-12-25 13:31:44 --> Invalid argument supplied for foreach()
in APPPATH\Views\counter\queue.php on line 124.
 1 APPPATH\Views\counter\queue.php(124): CodeIgniter\Debug\Exceptions->errorHandler(2, 'Invalid argument supplied for foreach()', 'APPPATH\\Views\\counter\\queue.php', 124, [...])
 2 SYSTEMPATH\View\View.php(213): include('APPPATH\\Views\\counter\\queue.php')
 3 SYSTEMPATH\View\View.php(216): CodeIgniter\View\View->CodeIgniter\View\{closure}()
 4 SYSTEMPATH\Common.php(1137): CodeIgniter\View\View->render('counter/queue', [], true)
 5 APPPATH\Controllers\Queuing.php(23): view('counter/queue', [...])
 6 SYSTEMPATH\CodeIgniter.php(910): App\Controllers\Queuing->index()
 7 SYSTEMPATH\CodeIgniter.php(469): CodeIgniter\CodeIgniter->runController(Object(App\Controllers\Queuing))
 8 SYSTEMPATH\CodeIgniter.php(352): CodeIgniter\CodeIgniter->handleRequest(null, Object(Config\Cache), false)
 9 FCPATH\index.php(55): CodeIgniter\CodeIgniter->run()
10 SYSTEMPATH\Commands\Server\rewrite.php(46): require_once('FCPATH\\index.php')
CRITICAL - 2022-12-25 13:32:06 --> Invalid argument supplied for foreach()
in APPPATH\Views\counter\queue.php on line 124.
 1 APPPATH\Views\counter\queue.php(124): CodeIgniter\Debug\Exceptions->errorHandler(2, 'Invalid argument supplied for foreach()', 'APPPATH\\Views\\counter\\queue.php', 124, [...])
 2 SYSTEMPATH\View\View.php(213): include('APPPATH\\Views\\counter\\queue.php')
 3 SYSTEMPATH\View\View.php(216): CodeIgniter\View\View->CodeIgniter\View\{closure}()
 4 SYSTEMPATH\Common.php(1137): CodeIgniter\View\View->render('counter/queue', [], true)
 5 APPPATH\Controllers\Queuing.php(23): view('counter/queue', [...])
 6 SYSTEMPATH\CodeIgniter.php(910): App\Controllers\Queuing->index()
 7 SYSTEMPATH\CodeIgniter.php(469): CodeIgniter\CodeIgniter->runController(Object(App\Controllers\Queuing))
 8 SYSTEMPATH\CodeIgniter.php(352): CodeIgniter\CodeIgniter->handleRequest(null, Object(Config\Cache), false)
 9 FCPATH\index.php(55): CodeIgniter\CodeIgniter->run()
10 SYSTEMPATH\Commands\Server\rewrite.php(46): require_once('FCPATH\\index.php')
CRITICAL - 2022-12-25 13:32:17 --> Invalid argument supplied for foreach()
in APPPATH\Views\counter\queue.php on line 124.
 1 APPPATH\Views\counter\queue.php(124): CodeIgniter\Debug\Exceptions->errorHandler(2, 'Invalid argument supplied for foreach()', 'APPPATH\\Views\\counter\\queue.php', 124, [...])
 2 SYSTEMPATH\View\View.php(213): include('APPPATH\\Views\\counter\\queue.php')
 3 SYSTEMPATH\View\View.php(216): CodeIgniter\View\View->CodeIgniter\View\{closure}()
 4 SYSTEMPATH\Common.php(1137): CodeIgniter\View\View->render('counter/queue', [], true)
 5 APPPATH\Controllers\Queuing.php(23): view('counter/queue', [...])
 6 SYSTEMPATH\CodeIgniter.php(910): App\Controllers\Queuing->index()
 7 SYSTEMPATH\CodeIgniter.php(469): CodeIgniter\CodeIgniter->runController(Object(App\Controllers\Queuing))
 8 SYSTEMPATH\CodeIgniter.php(352): CodeIgniter\CodeIgniter->handleRequest(null, Object(Config\Cache), false)
 9 FCPATH\index.php(55): CodeIgniter\CodeIgniter->run()
10 SYSTEMPATH\Commands\Server\rewrite.php(46): require_once('FCPATH\\index.php')
CRITICAL - 2022-12-25 13:33:32 --> Undefined variable: row
in APPPATH\Views\counter\queue.php on line 128.
 1 APPPATH\Views\counter\queue.php(128): CodeIgniter\Debug\Exceptions->errorHandler(8, 'Undefined variable: row', 'APPPATH\\Views\\counter\\queue.php', 128, [...])
 2 SYSTEMPATH\View\View.php(213): include('APPPATH\\Views\\counter\\queue.php')
 3 SYSTEMPATH\View\View.php(216): CodeIgniter\View\View->CodeIgniter\View\{closure}()
 4 SYSTEMPATH\Common.php(1137): CodeIgniter\View\View->render('counter/queue', [], true)
 5 APPPATH\Controllers\Queuing.php(23): view('counter/queue', [...])
 6 SYSTEMPATH\CodeIgniter.php(910): App\Controllers\Queuing->index()
 7 SYSTEMPATH\CodeIgniter.php(469): CodeIgniter\CodeIgniter->runController(Object(App\Controllers\Queuing))
 8 SYSTEMPATH\CodeIgniter.php(352): CodeIgniter\CodeIgniter->handleRequest(null, Object(Config\Cache), false)
 9 FCPATH\index.php(55): CodeIgniter\CodeIgniter->run()
10 SYSTEMPATH\Commands\Server\rewrite.php(46): require_once('FCPATH\\index.php')
CRITICAL - 2022-12-25 13:34:40 --> Invalid argument supplied for foreach()
in APPPATH\Views\counter\queue.php on line 124.
 1 APPPATH\Views\counter\queue.php(124): CodeIgniter\Debug\Exceptions->errorHandler(2, 'Invalid argument supplied for foreach()', 'APPPATH\\Views\\counter\\queue.php', 124, [...])
 2 SYSTEMPATH\View\View.php(213): include('APPPATH\\Views\\counter\\queue.php')
 3 SYSTEMPATH\View\View.php(216): CodeIgniter\View\View->CodeIgniter\View\{closure}()
 4 SYSTEMPATH\Common.php(1137): CodeIgniter\View\View->render('counter/queue', [], true)
 5 APPPATH\Controllers\Queuing.php(23): view('counter/queue', [...])
 6 SYSTEMPATH\CodeIgniter.php(910): App\Controllers\Queuing->index()
 7 SYSTEMPATH\CodeIgniter.php(469): CodeIgniter\CodeIgniter->runController(Object(App\Controllers\Queuing))
 8 SYSTEMPATH\CodeIgniter.php(352): CodeIgniter\CodeIgniter->handleRequest(null, Object(Config\Cache), false)
 9 FCPATH\index.php(55): CodeIgniter\CodeIgniter->run()
10 SYSTEMPATH\Commands\Server\rewrite.php(46): require_once('FCPATH\\index.php')
