CRITICAL - 2022-11-19 00:09:30 --> Call to undefined method Kreait\Firebase\Database\Reference::post()
in APPPATH\Controllers\Queue.php on line 48.
 1 SYSTEMPATH\CodeIgniter.php(910): App\Controllers\Queue->moveQueue()
 2 SYSTEMPATH\CodeIgniter.php(469): CodeIgniter\CodeIgniter->runController(Object(App\Controllers\Queue))
 3 SYSTEMPATH\CodeIgniter.php(352): CodeIgniter\CodeIgniter->handleRequest(null, Object(Config\Cache), false)
 4 FCPATH\index.php(55): CodeIgniter\CodeIgniter->run()
 5 SYSTEMPATH\Commands\Server\rewrite.php(46): require_once('FCPATH\\index.php')
CRITICAL - 2022-11-19 00:09:43 --> Undefined index: key
in APPPATH\Views\staff\overview.php on line 235.
 1 APPPATH\Views\staff\overview.php(235): CodeIgniter\Debug\Exceptions->errorHandler(8, 'Undefined index: key', 'APPPATH\\Views\\staff\\overview.php', 235, [...])
 2 SYSTEMPATH\View\View.php(213): include('APPPATH\\Views\\staff\\overview.php')
 3 SYSTEMPATH\View\View.php(216): CodeIgniter\View\View->CodeIgniter\View\{closure}()
 4 SYSTEMPATH\Common.php(1137): CodeIgniter\View\View->render('staff/overview', [], true)
 5 APPPATH\Controllers\Queue.php(23): view('staff/overview', [...])
 6 SYSTEMPATH\CodeIgniter.php(910): App\Controllers\Queue->manage()
 7 SYSTEMPATH\CodeIgniter.php(469): CodeIgniter\CodeIgniter->runController(Object(App\Controllers\Queue))
 8 SYSTEMPATH\CodeIgniter.php(352): CodeIgniter\CodeIgniter->handleRequest(null, Object(Config\Cache), false)
 9 FCPATH\index.php(55): CodeIgniter\CodeIgniter->run()
10 SYSTEMPATH\Commands\Server\rewrite.php(46): require_once('FCPATH\\index.php')
CRITICAL - 2022-11-19 00:25:08 --> array_reverse() expects parameter 1 to be array, null given
in APPPATH\Libraries\QueueLib.php on line 13.
 1 [internal function]: CodeIgniter\Debug\Exceptions->errorHandler(2, 'array_reverse() expects parameter 1 to be array, null given', 'APPPATH\\Libraries\\QueueLib.php', 13, [...])
 2 APPPATH\Libraries\QueueLib.php(13): array_reverse(null)
 3 APPPATH\Controllers\Queue.php(18): App\Libraries\QueueLib::readDataWaiting('2022-11-19')
 4 SYSTEMPATH\CodeIgniter.php(910): App\Controllers\Queue->manage()
 5 SYSTEMPATH\CodeIgniter.php(469): CodeIgniter\CodeIgniter->runController(Object(App\Controllers\Queue))
 6 SYSTEMPATH\CodeIgniter.php(352): CodeIgniter\CodeIgniter->handleRequest(null, Object(Config\Cache), false)
 7 FCPATH\index.php(55): CodeIgniter\CodeIgniter->run()
 8 SYSTEMPATH\Commands\Server\rewrite.php(46): require_once('FCPATH\\index.php')
