CRITICAL - 2022-10-30 01:34:36 --> Undefined variable: user_info
in APPPATH\Views\patientDashboard\profile.php on line 466.
 1 APPPATH\Views\patientDashboard\profile.php(466): CodeIgniter\Debug\Exceptions->errorHandler(8, 'Undefined variable: user_info', 'APPPATH\\Views\\patientDashboard\\profile.php', 466, [...])
 2 SYSTEMPATH\View\View.php(213): include('APPPATH\\Views\\patientDashboard\\profile.php')
 3 SYSTEMPATH\View\View.php(216): CodeIgniter\View\View->CodeIgniter\View\{closure}()
 4 SYSTEMPATH\Common.php(1137): CodeIgniter\View\View->render('patientDashboard/profile', [], true)
 5 APPPATH\Controllers\PatientDash.php(204): view('patientDashboard/profile', [...])
 6 SYSTEMPATH\CodeIgniter.php(910): App\Controllers\PatientDash->profile()
 7 SYSTEMPATH\CodeIgniter.php(469): CodeIgniter\CodeIgniter->runController(Object(App\Controllers\PatientDash))
 8 SYSTEMPATH\CodeIgniter.php(352): CodeIgniter\CodeIgniter->handleRequest(null, Object(Config\Cache), false)
 9 FCPATH\index.php(55): CodeIgniter\CodeIgniter->run()
10 SYSTEMPATH\Commands\Server\rewrite.php(46): require_once('FCPATH\\index.php')
CRITICAL - 2022-10-30 01:35:05 --> Undefined variable: downloadURL
in APPPATH\Views\patientDashboard\profile.php on line 466.
 1 APPPATH\Views\patientDashboard\profile.php(466): CodeIgniter\Debug\Exceptions->errorHandler(8, 'Undefined variable: downloadURL', 'APPPATH\\Views\\patientDashboard\\profile.php', 466, [...])
 2 SYSTEMPATH\View\View.php(213): include('APPPATH\\Views\\patientDashboard\\profile.php')
 3 SYSTEMPATH\View\View.php(216): CodeIgniter\View\View->CodeIgniter\View\{closure}()
 4 SYSTEMPATH\Common.php(1137): CodeIgniter\View\View->render('patientDashboard/profile', [], true)
 5 APPPATH\Controllers\PatientDash.php(204): view('patientDashboard/profile', [...])
 6 SYSTEMPATH\CodeIgniter.php(910): App\Controllers\PatientDash->profile()
 7 SYSTEMPATH\CodeIgniter.php(469): CodeIgniter\CodeIgniter->runController(Object(App\Controllers\PatientDash))
 8 SYSTEMPATH\CodeIgniter.php(352): CodeIgniter\CodeIgniter->handleRequest(null, Object(Config\Cache), false)
 9 FCPATH\index.php(55): CodeIgniter\CodeIgniter->run()
10 SYSTEMPATH\Commands\Server\rewrite.php(46): require_once('FCPATH\\index.php')
CRITICAL - 2022-10-30 01:35:13 --> Undefined variable: downloadURL
in APPPATH\Views\patientDashboard\profile.php on line 466.
 1 APPPATH\Views\patientDashboard\profile.php(466): CodeIgniter\Debug\Exceptions->errorHandler(8, 'Undefined variable: downloadURL', 'APPPATH\\Views\\patientDashboard\\profile.php', 466, [...])
 2 SYSTEMPATH\View\View.php(213): include('APPPATH\\Views\\patientDashboard\\profile.php')
 3 SYSTEMPATH\View\View.php(216): CodeIgniter\View\View->CodeIgniter\View\{closure}()
 4 SYSTEMPATH\Common.php(1137): CodeIgniter\View\View->render('patientDashboard/profile', [], true)
 5 APPPATH\Controllers\PatientDash.php(204): view('patientDashboard/profile', [...])
 6 SYSTEMPATH\CodeIgniter.php(910): App\Controllers\PatientDash->profile()
 7 SYSTEMPATH\CodeIgniter.php(469): CodeIgniter\CodeIgniter->runController(Object(App\Controllers\PatientDash))
 8 SYSTEMPATH\CodeIgniter.php(352): CodeIgniter\CodeIgniter->handleRequest(null, Object(Config\Cache), false)
 9 FCPATH\index.php(55): CodeIgniter\CodeIgniter->run()
10 SYSTEMPATH\Commands\Server\rewrite.php(46): require_once('FCPATH\\index.php')
CRITICAL - 2022-10-30 01:35:14 --> Undefined variable: downloadURL
in APPPATH\Views\patientDashboard\profile.php on line 466.
 1 APPPATH\Views\patientDashboard\profile.php(466): CodeIgniter\Debug\Exceptions->errorHandler(8, 'Undefined variable: downloadURL', 'APPPATH\\Views\\patientDashboard\\profile.php', 466, [...])
 2 SYSTEMPATH\View\View.php(213): include('APPPATH\\Views\\patientDashboard\\profile.php')
 3 SYSTEMPATH\View\View.php(216): CodeIgniter\View\View->CodeIgniter\View\{closure}()
 4 SYSTEMPATH\Common.php(1137): CodeIgniter\View\View->render('patientDashboard/profile', [], true)
 5 APPPATH\Controllers\PatientDash.php(204): view('patientDashboard/profile', [...])
 6 SYSTEMPATH\CodeIgniter.php(910): App\Controllers\PatientDash->profile()
 7 SYSTEMPATH\CodeIgniter.php(469): CodeIgniter\CodeIgniter->runController(Object(App\Controllers\PatientDash))
 8 SYSTEMPATH\CodeIgniter.php(352): CodeIgniter\CodeIgniter->handleRequest(null, Object(Config\Cache), false)
 9 FCPATH\index.php(55): CodeIgniter\CodeIgniter->run()
10 SYSTEMPATH\Commands\Server\rewrite.php(46): require_once('FCPATH\\index.php')
CRITICAL - 2022-10-30 01:35:17 --> Undefined variable: downloadURL
in APPPATH\Views\patientDashboard\profile.php on line 466.
 1 APPPATH\Views\patientDashboard\profile.php(466): CodeIgniter\Debug\Exceptions->errorHandler(8, 'Undefined variable: downloadURL', 'APPPATH\\Views\\patientDashboard\\profile.php', 466, [...])
 2 SYSTEMPATH\View\View.php(213): include('APPPATH\\Views\\patientDashboard\\profile.php')
 3 SYSTEMPATH\View\View.php(216): CodeIgniter\View\View->CodeIgniter\View\{closure}()
 4 SYSTEMPATH\Common.php(1137): CodeIgniter\View\View->render('patientDashboard/profile', [], true)
 5 APPPATH\Controllers\PatientDash.php(204): view('patientDashboard/profile', [...])
 6 SYSTEMPATH\CodeIgniter.php(910): App\Controllers\PatientDash->profile()
 7 SYSTEMPATH\CodeIgniter.php(469): CodeIgniter\CodeIgniter->runController(Object(App\Controllers\PatientDash))
 8 SYSTEMPATH\CodeIgniter.php(352): CodeIgniter\CodeIgniter->handleRequest(null, Object(Config\Cache), false)
 9 FCPATH\index.php(55): CodeIgniter\CodeIgniter->run()
10 SYSTEMPATH\Commands\Server\rewrite.php(46): require_once('FCPATH\\index.php')
CRITICAL - 2022-10-30 01:35:22 --> Use of undefined constant downloadURL - assumed 'downloadURL' (this will throw an Error in a future version of PHP)
in APPPATH\Views\patientDashboard\profile.php on line 466.
 1 APPPATH\Views\patientDashboard\profile.php(466): CodeIgniter\Debug\Exceptions->errorHandler(2, 'Use of undefined constant downloadURL - assumed \'downloadURL\' (this will throw an Error in a future version of PHP)', 'APPPATH\\Views\\patientDashboard\\profile.php', 466, [...])
 2 SYSTEMPATH\View\View.php(213): include('APPPATH\\Views\\patientDashboard\\profile.php')
 3 SYSTEMPATH\View\View.php(216): CodeIgniter\View\View->CodeIgniter\View\{closure}()
 4 SYSTEMPATH\Common.php(1137): CodeIgniter\View\View->render('patientDashboard/profile', [], true)
 5 APPPATH\Controllers\PatientDash.php(204): view('patientDashboard/profile', [...])
 6 SYSTEMPATH\CodeIgniter.php(910): App\Controllers\PatientDash->profile()
 7 SYSTEMPATH\CodeIgniter.php(469): CodeIgniter\CodeIgniter->runController(Object(App\Controllers\PatientDash))
 8 SYSTEMPATH\CodeIgniter.php(352): CodeIgniter\CodeIgniter->handleRequest(null, Object(Config\Cache), false)
 9 FCPATH\index.php(55): CodeIgniter\CodeIgniter->run()
10 SYSTEMPATH\Commands\Server\rewrite.php(46): require_once('FCPATH\\index.php')
CRITICAL - 2022-10-30 02:40:03 --> Trying to get property 'url' of non-object
in APPPATH\Controllers\PatientDash.php on line 19.
 1 APPPATH\Controllers\PatientDash.php(19): CodeIgniter\Debug\Exceptions->errorHandler(8, 'Trying to get property \'url\' of non-object', 'APPPATH\\Controllers\\PatientDash.php', 19, [...])
 2 SYSTEMPATH\CodeIgniter.php(910): App\Controllers\PatientDash->imgUrlToDb('{"id":"https:', 'firebasestorage.googleapis.com', 'v0', 'b', 'onlineclinic-37b72.appspot.com', 'o', 'image', '1667115590_09499ab6e2aeee6b69b1.png')
 3 SYSTEMPATH\CodeIgniter.php(469): CodeIgniter\CodeIgniter->runController(Object(App\Controllers\PatientDash))
 4 SYSTEMPATH\CodeIgniter.php(352): CodeIgniter\CodeIgniter->handleRequest(null, Object(Config\Cache), false)
 5 FCPATH\index.php(55): CodeIgniter\CodeIgniter->run()
 6 SYSTEMPATH\Commands\Server\rewrite.php(46): require_once('FCPATH\\index.php')
CRITICAL - 2022-10-30 02:41:43 --> Trying to get property 'url' of non-object
in APPPATH\Controllers\PatientDash.php on line 19.
 1 APPPATH\Controllers\PatientDash.php(19): CodeIgniter\Debug\Exceptions->errorHandler(8, 'Trying to get property \'url\' of non-object', 'APPPATH\\Controllers\\PatientDash.php', 19, [...])
 2 SYSTEMPATH\CodeIgniter.php(910): App\Controllers\PatientDash->imgUrlToDb('{"id":"https:', 'firebasestorage.googleapis.com', 'v0', 'b', 'onlineclinic-37b72.appspot.com', 'o', 'image', '1667115699_4c200129d82e1447745e.png')
 3 SYSTEMPATH\CodeIgniter.php(469): CodeIgniter\CodeIgniter->runController(Object(App\Controllers\PatientDash))
 4 SYSTEMPATH\CodeIgniter.php(352): CodeIgniter\CodeIgniter->handleRequest(null, Object(Config\Cache), false)
 5 FCPATH\index.php(55): CodeIgniter\CodeIgniter->run()
 6 SYSTEMPATH\Commands\Server\rewrite.php(46): require_once('FCPATH\\index.php')
CRITICAL - 2022-10-30 02:42:55 --> Trying to get property 'url' of non-object
in APPPATH\Controllers\PatientDash.php on line 19.
 1 APPPATH\Controllers\PatientDash.php(19): CodeIgniter\Debug\Exceptions->errorHandler(8, 'Trying to get property \'url\' of non-object', 'APPPATH\\Controllers\\PatientDash.php', 19, [...])
 2 SYSTEMPATH\CodeIgniter.php(910): App\Controllers\PatientDash->imgUrlToDb('{"id":"https:', 'firebasestorage.googleapis.com', 'v0', 'b', 'onlineclinic-37b72.appspot.com', 'o', 'image', '1667115771_6ffdf649db2fb733f739.jpg')
 3 SYSTEMPATH\CodeIgniter.php(469): CodeIgniter\CodeIgniter->runController(Object(App\Controllers\PatientDash))
 4 SYSTEMPATH\CodeIgniter.php(352): CodeIgniter\CodeIgniter->handleRequest(null, Object(Config\Cache), false)
 5 FCPATH\index.php(55): CodeIgniter\CodeIgniter->run()
 6 SYSTEMPATH\Commands\Server\rewrite.php(46): require_once('FCPATH\\index.php')
CRITICAL - 2022-10-30 02:44:30 --> Trying to get property 'url' of non-object
in APPPATH\Controllers\PatientDash.php on line 19.
 1 APPPATH\Controllers\PatientDash.php(19): CodeIgniter\Debug\Exceptions->errorHandler(8, 'Trying to get property \'url\' of non-object', 'APPPATH\\Controllers\\PatientDash.php', 19, [...])
 2 SYSTEMPATH\CodeIgniter.php(910): App\Controllers\PatientDash->imgUrlToDb('{"id":"https:', 'firebasestorage.googleapis.com', 'v0', 'b', 'onlineclinic-37b72.appspot.com', 'o', 'image', '1667115859_f529cfc9a1d1f4efff5c.png')
 3 SYSTEMPATH\CodeIgniter.php(469): CodeIgniter\CodeIgniter->runController(Object(App\Controllers\PatientDash))
 4 SYSTEMPATH\CodeIgniter.php(352): CodeIgniter\CodeIgniter->handleRequest(null, Object(Config\Cache), false)
 5 FCPATH\index.php(55): CodeIgniter\CodeIgniter->run()
 6 SYSTEMPATH\Commands\Server\rewrite.php(46): require_once('FCPATH\\index.php')
CRITICAL - 2022-10-30 02:46:27 --> Undefined property: stdClass::$url
in APPPATH\Controllers\PatientDash.php on line 19.
 1 APPPATH\Controllers\PatientDash.php(19): CodeIgniter\Debug\Exceptions->errorHandler(8, 'Undefined property: stdClass::$url', 'APPPATH\\Controllers\\PatientDash.php', 19, [...])
 2 SYSTEMPATH\CodeIgniter.php(910): App\Controllers\PatientDash->imgUrlToDb('{"id":"url"}')
 3 SYSTEMPATH\CodeIgniter.php(469): CodeIgniter\CodeIgniter->runController(Object(App\Controllers\PatientDash))
 4 SYSTEMPATH\CodeIgniter.php(352): CodeIgniter\CodeIgniter->handleRequest(null, Object(Config\Cache), false)
 5 FCPATH\index.php(55): CodeIgniter\CodeIgniter->run()
 6 SYSTEMPATH\Commands\Server\rewrite.php(46): require_once('FCPATH\\index.php')
CRITICAL - 2022-10-30 02:52:58 --> Trying to get property 'url' of non-object
in APPPATH\Controllers\PatientDash.php on line 19.
 1 APPPATH\Controllers\PatientDash.php(19): CodeIgniter\Debug\Exceptions->errorHandler(8, 'Trying to get property \'url\' of non-object', 'APPPATH\\Controllers\\PatientDash.php', 19, [...])
 2 SYSTEMPATH\CodeIgniter.php(910): App\Controllers\PatientDash->imgUrlToDb('{"url":"https:', 'firebasestorage.googleapis.com', 'v0', 'b', 'onlineclinic-37b72.appspot.com', 'o', 'image', '1667116373_3d8382dcf54bdb2c5472.png')
 3 SYSTEMPATH\CodeIgniter.php(469): CodeIgniter\CodeIgniter->runController(Object(App\Controllers\PatientDash))
 4 SYSTEMPATH\CodeIgniter.php(352): CodeIgniter\CodeIgniter->handleRequest(null, Object(Config\Cache), false)
 5 FCPATH\index.php(55): CodeIgniter\CodeIgniter->run()
 6 SYSTEMPATH\Commands\Server\rewrite.php(46): require_once('FCPATH\\index.php')
CRITICAL - 2022-10-30 02:57:18 --> Trying to get property 'url' of non-object
in APPPATH\Controllers\PatientDash.php on line 19.
 1 APPPATH\Controllers\PatientDash.php(19): CodeIgniter\Debug\Exceptions->errorHandler(8, 'Trying to get property \'url\' of non-object', 'APPPATH\\Controllers\\PatientDash.php', 19, [...])
 2 SYSTEMPATH\CodeIgniter.php(910): App\Controllers\PatientDash->imgUrlToDb('{"url":"https:', 'firebasestorage.googleapis.com', 'v0', 'b', 'onlineclinic-37b72.appspot.com', 'o', 'image', '1667116630_a21315eac27f10248d72.png')
 3 SYSTEMPATH\CodeIgniter.php(469): CodeIgniter\CodeIgniter->runController(Object(App\Controllers\PatientDash))
 4 SYSTEMPATH\CodeIgniter.php(352): CodeIgniter\CodeIgniter->handleRequest(null, Object(Config\Cache), false)
 5 FCPATH\index.php(55): CodeIgniter\CodeIgniter->run()
 6 SYSTEMPATH\Commands\Server\rewrite.php(46): require_once('FCPATH\\index.php')
CRITICAL - 2022-10-30 02:58:49 --> Trying to get property 'imgUrl' of non-object
in APPPATH\Controllers\PatientDash.php on line 19.
 1 APPPATH\Controllers\PatientDash.php(19): CodeIgniter\Debug\Exceptions->errorHandler(8, 'Trying to get property \'imgUrl\' of non-object', 'APPPATH\\Controllers\\PatientDash.php', 19, [...])
 2 SYSTEMPATH\CodeIgniter.php(910): App\Controllers\PatientDash->imgUrlToDb('{"imgUrl":"https:', 'firebasestorage.googleapis.com', 'v0', 'b', 'onlineclinic-37b72.appspot.com', 'o', 'image', '1667116722_a2b988b57c4d168bc697.png')
 3 SYSTEMPATH\CodeIgniter.php(469): CodeIgniter\CodeIgniter->runController(Object(App\Controllers\PatientDash))
 4 SYSTEMPATH\CodeIgniter.php(352): CodeIgniter\CodeIgniter->handleRequest(null, Object(Config\Cache), false)
 5 FCPATH\index.php(55): CodeIgniter\CodeIgniter->run()
 6 SYSTEMPATH\Commands\Server\rewrite.php(46): require_once('FCPATH\\index.php')
CRITICAL - 2022-10-30 03:01:27 --> Trying to get property 'imgUrl' of non-object
in APPPATH\Controllers\PatientDash.php on line 19.
 1 APPPATH\Controllers\PatientDash.php(19): CodeIgniter\Debug\Exceptions->errorHandler(8, 'Trying to get property \'imgUrl\' of non-object', 'APPPATH\\Controllers\\PatientDash.php', 19, [...])
 2 SYSTEMPATH\CodeIgniter.php(910): App\Controllers\PatientDash->imgUrlToDb('{"imgUrl":"https:', 'firebasestorage.googleapis.com', 'v0', 'b', 'onlineclinic-37b72.appspot.com', 'o', 'image', '1667116880_2a371c25550a71a5917d.png')
 3 SYSTEMPATH\CodeIgniter.php(469): CodeIgniter\CodeIgniter->runController(Object(App\Controllers\PatientDash))
 4 SYSTEMPATH\CodeIgniter.php(352): CodeIgniter\CodeIgniter->handleRequest(null, Object(Config\Cache), false)
 5 FCPATH\index.php(55): CodeIgniter\CodeIgniter->run()
 6 SYSTEMPATH\Commands\Server\rewrite.php(46): require_once('FCPATH\\index.php')
CRITICAL - 2022-10-30 03:01:43 --> Trying to get property 'imgUrl' of non-object
in APPPATH\Controllers\PatientDash.php on line 19.
 1 APPPATH\Controllers\PatientDash.php(19): CodeIgniter\Debug\Exceptions->errorHandler(8, 'Trying to get property \'imgUrl\' of non-object', 'APPPATH\\Controllers\\PatientDash.php', 19, [...])
 2 SYSTEMPATH\CodeIgniter.php(910): App\Controllers\PatientDash->imgUrlToDb('{"imgUrl":"https:', 'firebasestorage.googleapis.com', 'v0', 'b', 'onlineclinic-37b72.appspot.com', 'o', 'image', '1667116880_2a371c25550a71a5917d.png')
 3 SYSTEMPATH\CodeIgniter.php(469): CodeIgniter\CodeIgniter->runController(Object(App\Controllers\PatientDash))
 4 SYSTEMPATH\CodeIgniter.php(352): CodeIgniter\CodeIgniter->handleRequest(null, Object(Config\Cache), false)
 5 FCPATH\index.php(55): CodeIgniter\CodeIgniter->run()
 6 SYSTEMPATH\Commands\Server\rewrite.php(46): require_once('FCPATH\\index.php')
CRITICAL - 2022-10-30 03:03:48 --> Trying to get property 'imgUrl' of non-object
in APPPATH\Controllers\PatientDash.php on line 19.
 1 APPPATH\Controllers\PatientDash.php(19): CodeIgniter\Debug\Exceptions->errorHandler(8, 'Trying to get property \'imgUrl\' of non-object', 'APPPATH\\Controllers\\PatientDash.php', 19, [...])
 2 SYSTEMPATH\CodeIgniter.php(910): App\Controllers\PatientDash->imgUrlToDb('{"imgUrl":"https:', 'firebasestorage.googleapis.com', 'v0', 'b', 'onlineclinic-37b72.appspot.com', 'o', 'image', '1667116880_2a371c25550a71a5917d.png')
 3 SYSTEMPATH\CodeIgniter.php(469): CodeIgniter\CodeIgniter->runController(Object(App\Controllers\PatientDash))
 4 SYSTEMPATH\CodeIgniter.php(352): CodeIgniter\CodeIgniter->handleRequest(null, Object(Config\Cache), false)
 5 FCPATH\index.php(55): CodeIgniter\CodeIgniter->run()
 6 SYSTEMPATH\Commands\Server\rewrite.php(46): require_once('FCPATH\\index.php')
CRITICAL - 2022-10-30 03:07:41 --> Trying to get property 'imgUrl' of non-object
in APPPATH\Controllers\PatientDash.php on line 19.
 1 APPPATH\Controllers\PatientDash.php(19): CodeIgniter\Debug\Exceptions->errorHandler(8, 'Trying to get property \'imgUrl\' of non-object', 'APPPATH\\Controllers\\PatientDash.php', 19, [...])
 2 SYSTEMPATH\CodeIgniter.php(910): App\Controllers\PatientDash->imgUrlToDb('{"imgUrl":"https:', 'firebasestorage.googleapis.com', 'v0', 'b', 'onlineclinic-37b72.appspot.com', 'o', 'image', '1667117256_1d794efe91ababbe3e11.png')
 3 SYSTEMPATH\CodeIgniter.php(469): CodeIgniter\CodeIgniter->runController(Object(App\Controllers\PatientDash))
 4 SYSTEMPATH\CodeIgniter.php(352): CodeIgniter\CodeIgniter->handleRequest(null, Object(Config\Cache), false)
 5 FCPATH\index.php(55): CodeIgniter\CodeIgniter->run()
 6 SYSTEMPATH\Commands\Server\rewrite.php(46): require_once('FCPATH\\index.php')
CRITICAL - 2022-10-30 03:11:37 --> Trying to get property 'imgUrl' of non-object
in APPPATH\Controllers\PatientDash.php on line 19.
 1 APPPATH\Controllers\PatientDash.php(19): CodeIgniter\Debug\Exceptions->errorHandler(8, 'Trying to get property \'imgUrl\' of non-object', 'APPPATH\\Controllers\\PatientDash.php', 19, [...])
 2 SYSTEMPATH\CodeIgniter.php(910): App\Controllers\PatientDash->imgUrlToDb('{"imgUrl":"https:', 'firebasestorage.googleapis.com', 'v0', 'b', 'onlineclinic-37b72.appspot.com', 'o', 'image', '1667117256_1d794efe91ababbe3e11.png')
 3 SYSTEMPATH\CodeIgniter.php(469): CodeIgniter\CodeIgniter->runController(Object(App\Controllers\PatientDash))
 4 SYSTEMPATH\CodeIgniter.php(352): CodeIgniter\CodeIgniter->handleRequest(null, Object(Config\Cache), false)
 5 FCPATH\index.php(55): CodeIgniter\CodeIgniter->run()
 6 SYSTEMPATH\Commands\Server\rewrite.php(46): require_once('FCPATH\\index.php')
CRITICAL - 2022-10-30 03:12:30 --> Trying to get property 'imgUrl' of non-object
in APPPATH\Controllers\PatientDash.php on line 19.
 1 APPPATH\Controllers\PatientDash.php(19): CodeIgniter\Debug\Exceptions->errorHandler(8, 'Trying to get property \'imgUrl\' of non-object', 'APPPATH\\Controllers\\PatientDash.php', 19, [...])
 2 SYSTEMPATH\CodeIgniter.php(910): App\Controllers\PatientDash->imgUrlToDb('{"imgUrl":"fi1ababbe3e11.png')
 3 SYSTEMPATH\CodeIgniter.php(469): CodeIgniter\CodeIgniter->runController(Object(App\Controllers\PatientDash))
 4 SYSTEMPATH\CodeIgniter.php(352): CodeIgniter\CodeIgniter->handleRequest(null, Object(Config\Cache), false)
 5 FCPATH\index.php(55): CodeIgniter\CodeIgniter->run()
 6 SYSTEMPATH\Commands\Server\rewrite.php(46): require_once('FCPATH\\index.php')
CRITICAL - 2022-10-30 03:14:48 --> Trying to get property 'imgUrl' of non-object
in APPPATH\Controllers\PatientDash.php on line 19.
 1 APPPATH\Controllers\PatientDash.php(19): CodeIgniter\Debug\Exceptions->errorHandler(8, 'Trying to get property \'imgUrl\' of non-object', 'APPPATH\\Controllers\\PatientDash.php', 19, [...])
 2 SYSTEMPATH\CodeIgniter.php(910): App\Controllers\PatientDash->imgUrlToDb('{"imgUrl":"https:', 'firebasestorage.googleapis.com', 'v0', 'b', 'onlineclinic-37b72.appspot.com', 'o', 'image', '1667117683_d632b0df8042a2086a07.png')
 3 SYSTEMPATH\CodeIgniter.php(469): CodeIgniter\CodeIgniter->runController(Object(App\Controllers\PatientDash))
 4 SYSTEMPATH\CodeIgniter.php(352): CodeIgniter\CodeIgniter->handleRequest(null, Object(Config\Cache), false)
 5 FCPATH\index.php(55): CodeIgniter\CodeIgniter->run()
 6 SYSTEMPATH\Commands\Server\rewrite.php(46): require_once('FCPATH\\index.php')
CRITICAL - 2022-10-30 03:15:49 --> Trying to get property 'imgUrl' of non-object
in APPPATH\Controllers\PatientDash.php on line 19.
 1 APPPATH\Controllers\PatientDash.php(19): CodeIgniter\Debug\Exceptions->errorHandler(8, 'Trying to get property \'imgUrl\' of non-object', 'APPPATH\\Controllers\\PatientDash.php', 19, [...])
 2 SYSTEMPATH\CodeIgniter.php(910): App\Controllers\PatientDash->imgUrlToDb('{"imgUrl":"firebasestorage.googleapis.com', 'v0', 'b', 'onlineclinic-37b72.appspot.com', 'o', 'image', '1667117683_d632b0df8042a2086a07.png')
 3 SYSTEMPATH\CodeIgniter.php(469): CodeIgniter\CodeIgniter->runController(Object(App\Controllers\PatientDash))
 4 SYSTEMPATH\CodeIgniter.php(352): CodeIgniter\CodeIgniter->handleRequest(null, Object(Config\Cache), false)
 5 FCPATH\index.php(55): CodeIgniter\CodeIgniter->run()
 6 SYSTEMPATH\Commands\Server\rewrite.php(46): require_once('FCPATH\\index.php')
CRITICAL - 2022-10-30 03:24:12 --> Trying to get property 'imgUrl' of non-object
in APPPATH\Controllers\PatientDash.php on line 19.
 1 APPPATH\Controllers\PatientDash.php(19): CodeIgniter\Debug\Exceptions->errorHandler(8, 'Trying to get property \'imgUrl\' of non-object', 'APPPATH\\Controllers\\PatientDash.php', 19, [...])
 2 SYSTEMPATH\CodeIgniter.php(910): App\Controllers\PatientDash->imgUrlToDb('{"imgUrl":"https:', 'firebasestorage.googleapis.com', 'v0', 'b', 'onlineclinic-37b72.appspot.com', 'o', 'image', '1667118246_1de14ecece0623bd989e.png')
 3 SYSTEMPATH\CodeIgniter.php(469): CodeIgniter\CodeIgniter->runController(Object(App\Controllers\PatientDash))
 4 SYSTEMPATH\CodeIgniter.php(352): CodeIgniter\CodeIgniter->handleRequest(null, Object(Config\Cache), false)
 5 FCPATH\index.php(55): CodeIgniter\CodeIgniter->run()
 6 SYSTEMPATH\Commands\Server\rewrite.php(46): require_once('FCPATH\\index.php')
CRITICAL - 2022-10-30 06:43:05 --> Undefined variable: user_info
in APPPATH\Controllers\PatientDash.php on line 211.
 1 APPPATH\Controllers\PatientDash.php(211): CodeIgniter\Debug\Exceptions->errorHandler(8, 'Undefined variable: user_info', 'APPPATH\\Controllers\\PatientDash.php', 211, [...])
 2 SYSTEMPATH\CodeIgniter.php(910): App\Controllers\PatientDash->profile()
 3 SYSTEMPATH\CodeIgniter.php(469): CodeIgniter\CodeIgniter->runController(Object(App\Controllers\PatientDash))
 4 SYSTEMPATH\CodeIgniter.php(352): CodeIgniter\CodeIgniter->handleRequest(null, Object(Config\Cache), false)
 5 FCPATH\index.php(55): CodeIgniter\CodeIgniter->run()
 6 SYSTEMPATH\Commands\Server\rewrite.php(46): require_once('FCPATH\\index.php')
CRITICAL - 2022-10-30 07:19:12 --> Undefined variable: userInfo
in APPPATH\Controllers\PatientDash.php on line 21.
 1 APPPATH\Controllers\PatientDash.php(21): CodeIgniter\Debug\Exceptions->errorHandler(8, 'Undefined variable: userInfo', 'APPPATH\\Controllers\\PatientDash.php', 21, [...])
 2 SYSTEMPATH\CodeIgniter.php(910): App\Controllers\PatientDash->handleAjaxRequest()
 3 SYSTEMPATH\CodeIgniter.php(469): CodeIgniter\CodeIgniter->runController(Object(App\Controllers\PatientDash))
 4 SYSTEMPATH\CodeIgniter.php(352): CodeIgniter\CodeIgniter->handleRequest(null, Object(Config\Cache), false)
 5 FCPATH\index.php(55): CodeIgniter\CodeIgniter->run()
 6 SYSTEMPATH\Commands\Server\rewrite.php(46): require_once('FCPATH\\index.php')
CRITICAL - 2022-10-30 07:25:34 --> Undefined variable: data
in APPPATH\Controllers\PatientDash.php on line 23.
 1 APPPATH\Controllers\PatientDash.php(23): CodeIgniter\Debug\Exceptions->errorHandler(8, 'Undefined variable: data', 'APPPATH\\Controllers\\PatientDash.php', 23, [...])
 2 SYSTEMPATH\CodeIgniter.php(910): App\Controllers\PatientDash->handleAjaxRequest()
 3 SYSTEMPATH\CodeIgniter.php(469): CodeIgniter\CodeIgniter->runController(Object(App\Controllers\PatientDash))
 4 SYSTEMPATH\CodeIgniter.php(352): CodeIgniter\CodeIgniter->handleRequest(null, Object(Config\Cache), false)
 5 FCPATH\index.php(55): CodeIgniter\CodeIgniter->run()
 6 SYSTEMPATH\Commands\Server\rewrite.php(46): require_once('FCPATH\\index.php')
CRITICAL - 2022-10-30 07:28:38 --> Undefined variable: userInfo
in APPPATH\Controllers\PatientDash.php on line 25.
 1 APPPATH\Controllers\PatientDash.php(25): CodeIgniter\Debug\Exceptions->errorHandler(8, 'Undefined variable: userInfo', 'APPPATH\\Controllers\\PatientDash.php', 25, [...])
 2 SYSTEMPATH\CodeIgniter.php(910): App\Controllers\PatientDash->handleAjaxRequest()
 3 SYSTEMPATH\CodeIgniter.php(469): CodeIgniter\CodeIgniter->runController(Object(App\Controllers\PatientDash))
 4 SYSTEMPATH\CodeIgniter.php(352): CodeIgniter\CodeIgniter->handleRequest(null, Object(Config\Cache), false)
 5 FCPATH\index.php(55): CodeIgniter\CodeIgniter->run()
 6 SYSTEMPATH\Commands\Server\rewrite.php(46): require_once('FCPATH\\index.php')
CRITICAL - 2022-10-30 07:30:02 --> Undefined variable: userInfo
in APPPATH\Controllers\PatientDash.php on line 20.
 1 APPPATH\Controllers\PatientDash.php(20): CodeIgniter\Debug\Exceptions->errorHandler(8, 'Undefined variable: userInfo', 'APPPATH\\Controllers\\PatientDash.php', 20, [...])
 2 SYSTEMPATH\CodeIgniter.php(910): App\Controllers\PatientDash->handleAjaxRequest()
 3 SYSTEMPATH\CodeIgniter.php(469): CodeIgniter\CodeIgniter->runController(Object(App\Controllers\PatientDash))
 4 SYSTEMPATH\CodeIgniter.php(352): CodeIgniter\CodeIgniter->handleRequest(null, Object(Config\Cache), false)
 5 FCPATH\index.php(55): CodeIgniter\CodeIgniter->run()
 6 SYSTEMPATH\Commands\Server\rewrite.php(46): require_once('FCPATH\\index.php')
CRITICAL - 2022-10-30 09:31:39 --> Undefined variable: userInfo
in APPPATH\Controllers\PatientDash.php on line 19.
 1 APPPATH\Controllers\PatientDash.php(19): CodeIgniter\Debug\Exceptions->errorHandler(8, 'Undefined variable: userInfo', 'APPPATH\\Controllers\\PatientDash.php', 19, [])
 2 SYSTEMPATH\CodeIgniter.php(910): App\Controllers\PatientDash->handleAjaxRequest()
 3 SYSTEMPATH\CodeIgniter.php(469): CodeIgniter\CodeIgniter->runController(Object(App\Controllers\PatientDash))
 4 SYSTEMPATH\CodeIgniter.php(352): CodeIgniter\CodeIgniter->handleRequest(null, Object(Config\Cache), false)
 5 FCPATH\index.php(55): CodeIgniter\CodeIgniter->run()
 6 SYSTEMPATH\Commands\Server\rewrite.php(46): require_once('FCPATH\\index.php')
CRITICAL - 2022-10-30 09:32:22 --> Undefined variable: userInfo
in APPPATH\Controllers\PatientDash.php on line 19.
 1 APPPATH\Controllers\PatientDash.php(19): CodeIgniter\Debug\Exceptions->errorHandler(8, 'Undefined variable: userInfo', 'APPPATH\\Controllers\\PatientDash.php', 19, [])
 2 SYSTEMPATH\CodeIgniter.php(910): App\Controllers\PatientDash->handleAjaxRequest()
 3 SYSTEMPATH\CodeIgniter.php(469): CodeIgniter\CodeIgniter->runController(Object(App\Controllers\PatientDash))
 4 SYSTEMPATH\CodeIgniter.php(352): CodeIgniter\CodeIgniter->handleRequest(null, Object(Config\Cache), false)
 5 FCPATH\index.php(55): CodeIgniter\CodeIgniter->run()
 6 SYSTEMPATH\Commands\Server\rewrite.php(46): require_once('FCPATH\\index.php')
CRITICAL - 2022-10-30 09:33:49 --> Undefined variable: userInfo
in APPPATH\Controllers\PatientDash.php on line 19.
 1 APPPATH\Controllers\PatientDash.php(19): CodeIgniter\Debug\Exceptions->errorHandler(8, 'Undefined variable: userInfo', 'APPPATH\\Controllers\\PatientDash.php', 19, [])
 2 SYSTEMPATH\CodeIgniter.php(910): App\Controllers\PatientDash->handleAjaxRequest()
 3 SYSTEMPATH\CodeIgniter.php(469): CodeIgniter\CodeIgniter->runController(Object(App\Controllers\PatientDash))
 4 SYSTEMPATH\CodeIgniter.php(352): CodeIgniter\CodeIgniter->handleRequest(null, Object(Config\Cache), false)
 5 FCPATH\index.php(55): CodeIgniter\CodeIgniter->run()
 6 SYSTEMPATH\Commands\Server\rewrite.php(46): require_once('FCPATH\\index.php')
CRITICAL - 2022-10-30 09:42:18 --> Undefined variable: email
in APPPATH\Controllers\PatientDash.php on line 25.
 1 APPPATH\Controllers\PatientDash.php(25): CodeIgniter\Debug\Exceptions->errorHandler(8, 'Undefined variable: email', 'APPPATH\\Controllers\\PatientDash.php', 25, [...])
 2 SYSTEMPATH\CodeIgniter.php(910): App\Controllers\PatientDash->handleAjaxRequest()
 3 SYSTEMPATH\CodeIgniter.php(469): CodeIgniter\CodeIgniter->runController(Object(App\Controllers\PatientDash))
 4 SYSTEMPATH\CodeIgniter.php(352): CodeIgniter\CodeIgniter->handleRequest(null, Object(Config\Cache), false)
 5 FCPATH\index.php(55): CodeIgniter\CodeIgniter->run()
 6 SYSTEMPATH\Commands\Server\rewrite.php(46): require_once('FCPATH\\index.php')
CRITICAL - 2022-10-30 09:42:55 --> Undefined variable: email
in APPPATH\Controllers\PatientDash.php on line 25.
 1 APPPATH\Controllers\PatientDash.php(25): CodeIgniter\Debug\Exceptions->errorHandler(8, 'Undefined variable: email', 'APPPATH\\Controllers\\PatientDash.php', 25, [...])
 2 SYSTEMPATH\CodeIgniter.php(910): App\Controllers\PatientDash->handleAjaxRequest()
 3 SYSTEMPATH\CodeIgniter.php(469): CodeIgniter\CodeIgniter->runController(Object(App\Controllers\PatientDash))
 4 SYSTEMPATH\CodeIgniter.php(352): CodeIgniter\CodeIgniter->handleRequest(null, Object(Config\Cache), false)
 5 FCPATH\index.php(55): CodeIgniter\CodeIgniter->run()
 6 SYSTEMPATH\Commands\Server\rewrite.php(46): require_once('FCPATH\\index.php')
CRITICAL - 2022-10-30 09:44:56 --> Undefined variable: email
in APPPATH\Controllers\PatientDash.php on line 25.
 1 APPPATH\Controllers\PatientDash.php(25): CodeIgniter\Debug\Exceptions->errorHandler(8, 'Undefined variable: email', 'APPPATH\\Controllers\\PatientDash.php', 25, [...])
 2 SYSTEMPATH\CodeIgniter.php(910): App\Controllers\PatientDash->handleAjaxRequest()
 3 SYSTEMPATH\CodeIgniter.php(469): CodeIgniter\CodeIgniter->runController(Object(App\Controllers\PatientDash))
 4 SYSTEMPATH\CodeIgniter.php(352): CodeIgniter\CodeIgniter->handleRequest(null, Object(Config\Cache), false)
 5 FCPATH\index.php(55): CodeIgniter\CodeIgniter->run()
 6 SYSTEMPATH\Commands\Server\rewrite.php(46): require_once('FCPATH\\index.php')
CRITICAL - 2022-10-30 09:45:53 --> Undefined variable: email
in APPPATH\Controllers\PatientDash.php on line 25.
 1 APPPATH\Controllers\PatientDash.php(25): CodeIgniter\Debug\Exceptions->errorHandler(8, 'Undefined variable: email', 'APPPATH\\Controllers\\PatientDash.php', 25, [...])
 2 SYSTEMPATH\CodeIgniter.php(910): App\Controllers\PatientDash->handleAjaxRequest()
 3 SYSTEMPATH\CodeIgniter.php(469): CodeIgniter\CodeIgniter->runController(Object(App\Controllers\PatientDash))
 4 SYSTEMPATH\CodeIgniter.php(352): CodeIgniter\CodeIgniter->handleRequest(null, Object(Config\Cache), false)
 5 FCPATH\index.php(55): CodeIgniter\CodeIgniter->run()
 6 SYSTEMPATH\Commands\Server\rewrite.php(46): require_once('FCPATH\\index.php')
CRITICAL - 2022-10-30 09:55:56 --> Undefined variable: email
in APPPATH\Controllers\PatientDash.php on line 25.
 1 APPPATH\Controllers\PatientDash.php(25): CodeIgniter\Debug\Exceptions->errorHandler(8, 'Undefined variable: email', 'APPPATH\\Controllers\\PatientDash.php', 25, [...])
 2 SYSTEMPATH\CodeIgniter.php(910): App\Controllers\PatientDash->handleAjaxRequest()
 3 SYSTEMPATH\CodeIgniter.php(469): CodeIgniter\CodeIgniter->runController(Object(App\Controllers\PatientDash))
 4 SYSTEMPATH\CodeIgniter.php(352): CodeIgniter\CodeIgniter->handleRequest(null, Object(Config\Cache), false)
 5 FCPATH\index.php(55): CodeIgniter\CodeIgniter->run()
 6 SYSTEMPATH\Commands\Server\rewrite.php(46): require_once('FCPATH\\index.php')
CRITICAL - 2022-10-30 10:03:02 --> Undefined variable: email
in APPPATH\Controllers\PatientDash.php on line 25.
 1 APPPATH\Controllers\PatientDash.php(25): CodeIgniter\Debug\Exceptions->errorHandler(8, 'Undefined variable: email', 'APPPATH\\Controllers\\PatientDash.php', 25, [...])
 2 SYSTEMPATH\CodeIgniter.php(910): App\Controllers\PatientDash->handleAjaxRequest()
 3 SYSTEMPATH\CodeIgniter.php(469): CodeIgniter\CodeIgniter->runController(Object(App\Controllers\PatientDash))
 4 SYSTEMPATH\CodeIgniter.php(352): CodeIgniter\CodeIgniter->handleRequest(null, Object(Config\Cache), false)
 5 FCPATH\index.php(55): CodeIgniter\CodeIgniter->run()
 6 SYSTEMPATH\Commands\Server\rewrite.php(46): require_once('FCPATH\\index.php')
CRITICAL - 2022-10-30 10:05:09 --> Array to string conversion
in APPPATH\Views\patientDashboard\profile.php on line 38.
 1 APPPATH\Views\patientDashboard\profile.php(38): CodeIgniter\Debug\Exceptions->errorHandler(8, 'Array to string conversion', 'APPPATH\\Views\\patientDashboard\\profile.php', 38, [...])
 2 SYSTEMPATH\View\View.php(213): include('APPPATH\\Views\\patientDashboard\\profile.php')
 3 SYSTEMPATH\View\View.php(216): CodeIgniter\View\View->CodeIgniter\View\{closure}()
 4 SYSTEMPATH\Common.php(1137): CodeIgniter\View\View->render('patientDashboard/profile', [], true)
 5 APPPATH\Controllers\PatientDash.php(229): view('patientDashboard/profile', [...])
 6 SYSTEMPATH\CodeIgniter.php(910): App\Controllers\PatientDash->profile()
 7 SYSTEMPATH\CodeIgniter.php(469): CodeIgniter\CodeIgniter->runController(Object(App\Controllers\PatientDash))
 8 SYSTEMPATH\CodeIgniter.php(352): CodeIgniter\CodeIgniter->handleRequest(null, Object(Config\Cache), false)
 9 FCPATH\index.php(55): CodeIgniter\CodeIgniter->run()
10 SYSTEMPATH\Commands\Server\rewrite.php(46): require_once('FCPATH\\index.php')
CRITICAL - 2022-10-30 10:06:32 --> Undefined variable: key
in APPPATH\Views\patientDashboard\profile.php on line 39.
 1 APPPATH\Views\patientDashboard\profile.php(39): CodeIgniter\Debug\Exceptions->errorHandler(8, 'Undefined variable: key', 'APPPATH\\Views\\patientDashboard\\profile.php', 39, [...])
 2 SYSTEMPATH\View\View.php(213): include('APPPATH\\Views\\patientDashboard\\profile.php')
 3 SYSTEMPATH\View\View.php(216): CodeIgniter\View\View->CodeIgniter\View\{closure}()
 4 SYSTEMPATH\Common.php(1137): CodeIgniter\View\View->render('patientDashboard/profile', [], true)
 5 APPPATH\Controllers\PatientDash.php(229): view('patientDashboard/profile', [...])
 6 SYSTEMPATH\CodeIgniter.php(910): App\Controllers\PatientDash->profile()
 7 SYSTEMPATH\CodeIgniter.php(469): CodeIgniter\CodeIgniter->runController(Object(App\Controllers\PatientDash))
 8 SYSTEMPATH\CodeIgniter.php(352): CodeIgniter\CodeIgniter->handleRequest(null, Object(Config\Cache), false)
 9 FCPATH\index.php(55): CodeIgniter\CodeIgniter->run()
10 SYSTEMPATH\Commands\Server\rewrite.php(46): require_once('FCPATH\\index.php')
CRITICAL - 2022-10-30 10:07:26 --> Undefined variable: email
in APPPATH\Controllers\PatientDash.php on line 25.
 1 APPPATH\Controllers\PatientDash.php(25): CodeIgniter\Debug\Exceptions->errorHandler(8, 'Undefined variable: email', 'APPPATH\\Controllers\\PatientDash.php', 25, [...])
 2 SYSTEMPATH\CodeIgniter.php(910): App\Controllers\PatientDash->handleAjaxRequest()
 3 SYSTEMPATH\CodeIgniter.php(469): CodeIgniter\CodeIgniter->runController(Object(App\Controllers\PatientDash))
 4 SYSTEMPATH\CodeIgniter.php(352): CodeIgniter\CodeIgniter->handleRequest(null, Object(Config\Cache), false)
 5 FCPATH\index.php(55): CodeIgniter\CodeIgniter->run()
 6 SYSTEMPATH\Commands\Server\rewrite.php(46): require_once('FCPATH\\index.php')
CRITICAL - 2022-10-30 10:08:42 --> Undefined variable: email
in APPPATH\Controllers\PatientDash.php on line 25.
 1 APPPATH\Controllers\PatientDash.php(25): CodeIgniter\Debug\Exceptions->errorHandler(8, 'Undefined variable: email', 'APPPATH\\Controllers\\PatientDash.php', 25, [...])
 2 SYSTEMPATH\CodeIgniter.php(910): App\Controllers\PatientDash->handleAjaxRequest()
 3 SYSTEMPATH\CodeIgniter.php(469): CodeIgniter\CodeIgniter->runController(Object(App\Controllers\PatientDash))
 4 SYSTEMPATH\CodeIgniter.php(352): CodeIgniter\CodeIgniter->handleRequest(null, Object(Config\Cache), false)
 5 FCPATH\index.php(55): CodeIgniter\CodeIgniter->run()
 6 SYSTEMPATH\Commands\Server\rewrite.php(46): require_once('FCPATH\\index.php')
CRITICAL - 2022-10-30 10:10:01 --> Undefined variable: email
in APPPATH\Controllers\PatientDash.php on line 25.
 1 APPPATH\Controllers\PatientDash.php(25): CodeIgniter\Debug\Exceptions->errorHandler(8, 'Undefined variable: email', 'APPPATH\\Controllers\\PatientDash.php', 25, [...])
 2 SYSTEMPATH\CodeIgniter.php(910): App\Controllers\PatientDash->handleAjaxRequest()
 3 SYSTEMPATH\CodeIgniter.php(469): CodeIgniter\CodeIgniter->runController(Object(App\Controllers\PatientDash))
 4 SYSTEMPATH\CodeIgniter.php(352): CodeIgniter\CodeIgniter->handleRequest(null, Object(Config\Cache), false)
 5 FCPATH\index.php(55): CodeIgniter\CodeIgniter->run()
 6 SYSTEMPATH\Commands\Server\rewrite.php(46): require_once('FCPATH\\index.php')
CRITICAL - 2022-10-30 10:14:29 --> Undefined variable: email
in APPPATH\Controllers\PatientDash.php on line 25.
 1 APPPATH\Controllers\PatientDash.php(25): CodeIgniter\Debug\Exceptions->errorHandler(8, 'Undefined variable: email', 'APPPATH\\Controllers\\PatientDash.php', 25, [...])
 2 SYSTEMPATH\CodeIgniter.php(910): App\Controllers\PatientDash->handleAjaxRequest()
 3 SYSTEMPATH\CodeIgniter.php(469): CodeIgniter\CodeIgniter->runController(Object(App\Controllers\PatientDash))
 4 SYSTEMPATH\CodeIgniter.php(352): CodeIgniter\CodeIgniter->handleRequest(null, Object(Config\Cache), false)
 5 FCPATH\index.php(55): CodeIgniter\CodeIgniter->run()
 6 SYSTEMPATH\Commands\Server\rewrite.php(46): require_once('FCPATH\\index.php')
CRITICAL - 2022-10-30 10:15:25 --> Undefined variable: email
in APPPATH\Controllers\PatientDash.php on line 25.
 1 APPPATH\Controllers\PatientDash.php(25): CodeIgniter\Debug\Exceptions->errorHandler(8, 'Undefined variable: email', 'APPPATH\\Controllers\\PatientDash.php', 25, [...])
 2 SYSTEMPATH\CodeIgniter.php(910): App\Controllers\PatientDash->handleAjaxRequest()
 3 SYSTEMPATH\CodeIgniter.php(469): CodeIgniter\CodeIgniter->runController(Object(App\Controllers\PatientDash))
 4 SYSTEMPATH\CodeIgniter.php(352): CodeIgniter\CodeIgniter->handleRequest(null, Object(Config\Cache), false)
 5 FCPATH\index.php(55): CodeIgniter\CodeIgniter->run()
 6 SYSTEMPATH\Commands\Server\rewrite.php(46): require_once('FCPATH\\index.php')
CRITICAL - 2022-10-30 10:16:30 --> Undefined variable: email
in APPPATH\Controllers\PatientDash.php on line 25.
 1 APPPATH\Controllers\PatientDash.php(25): CodeIgniter\Debug\Exceptions->errorHandler(8, 'Undefined variable: email', 'APPPATH\\Controllers\\PatientDash.php', 25, [...])
 2 SYSTEMPATH\CodeIgniter.php(910): App\Controllers\PatientDash->handleAjaxRequest()
 3 SYSTEMPATH\CodeIgniter.php(469): CodeIgniter\CodeIgniter->runController(Object(App\Controllers\PatientDash))
 4 SYSTEMPATH\CodeIgniter.php(352): CodeIgniter\CodeIgniter->handleRequest(null, Object(Config\Cache), false)
 5 FCPATH\index.php(55): CodeIgniter\CodeIgniter->run()
 6 SYSTEMPATH\Commands\Server\rewrite.php(46): require_once('FCPATH\\index.php')
CRITICAL - 2022-10-30 10:17:03 --> Undefined variable: email
in APPPATH\Controllers\PatientDash.php on line 25.
 1 APPPATH\Controllers\PatientDash.php(25): CodeIgniter\Debug\Exceptions->errorHandler(8, 'Undefined variable: email', 'APPPATH\\Controllers\\PatientDash.php', 25, [...])
 2 SYSTEMPATH\CodeIgniter.php(910): App\Controllers\PatientDash->handleAjaxRequest()
 3 SYSTEMPATH\CodeIgniter.php(469): CodeIgniter\CodeIgniter->runController(Object(App\Controllers\PatientDash))
 4 SYSTEMPATH\CodeIgniter.php(352): CodeIgniter\CodeIgniter->handleRequest(null, Object(Config\Cache), false)
 5 FCPATH\index.php(55): CodeIgniter\CodeIgniter->run()
 6 SYSTEMPATH\Commands\Server\rewrite.php(46): require_once('FCPATH\\index.php')
CRITICAL - 2022-10-30 10:30:04 --> Trying to access array offset on value of type bool
in APPPATH\Controllers\Auth.php on line 323.
 1 APPPATH\Controllers\Auth.php(323): CodeIgniter\Debug\Exceptions->errorHandler(8, 'Trying to access array offset on value of type bool', 'APPPATH\\Controllers\\Auth.php', 323, [...])
 2 SYSTEMPATH\CodeIgniter.php(910): App\Controllers\Auth->check()
 3 SYSTEMPATH\CodeIgniter.php(469): CodeIgniter\CodeIgniter->runController(Object(App\Controllers\Auth))
 4 SYSTEMPATH\CodeIgniter.php(352): CodeIgniter\CodeIgniter->handleRequest(null, Object(Config\Cache), false)
 5 FCPATH\index.php(55): CodeIgniter\CodeIgniter->run()
 6 SYSTEMPATH\Commands\Server\rewrite.php(46): require_once('FCPATH\\index.php')
CRITICAL - 2022-10-30 10:31:35 --> Trying to access array offset on value of type bool
in APPPATH\Controllers\Auth.php on line 323.
 1 APPPATH\Controllers\Auth.php(323): CodeIgniter\Debug\Exceptions->errorHandler(8, 'Trying to access array offset on value of type bool', 'APPPATH\\Controllers\\Auth.php', 323, [...])
 2 SYSTEMPATH\CodeIgniter.php(910): App\Controllers\Auth->check()
 3 SYSTEMPATH\CodeIgniter.php(469): CodeIgniter\CodeIgniter->runController(Object(App\Controllers\Auth))
 4 SYSTEMPATH\CodeIgniter.php(352): CodeIgniter\CodeIgniter->handleRequest(null, Object(Config\Cache), false)
 5 FCPATH\index.php(55): CodeIgniter\CodeIgniter->run()
 6 SYSTEMPATH\Commands\Server\rewrite.php(46): require_once('FCPATH\\index.php')
CRITICAL - 2022-10-30 10:33:19 --> Trying to access array offset on value of type bool
in APPPATH\Controllers\Auth.php on line 323.
 1 APPPATH\Controllers\Auth.php(323): CodeIgniter\Debug\Exceptions->errorHandler(8, 'Trying to access array offset on value of type bool', 'APPPATH\\Controllers\\Auth.php', 323, [...])
 2 SYSTEMPATH\CodeIgniter.php(910): App\Controllers\Auth->check()
 3 SYSTEMPATH\CodeIgniter.php(469): CodeIgniter\CodeIgniter->runController(Object(App\Controllers\Auth))
 4 SYSTEMPATH\CodeIgniter.php(352): CodeIgniter\CodeIgniter->handleRequest(null, Object(Config\Cache), false)
 5 FCPATH\index.php(55): CodeIgniter\CodeIgniter->run()
 6 SYSTEMPATH\Commands\Server\rewrite.php(46): require_once('FCPATH\\index.php')
CRITICAL - 2022-10-30 10:33:24 --> Trying to access array offset on value of type bool
in APPPATH\Controllers\Auth.php on line 323.
 1 APPPATH\Controllers\Auth.php(323): CodeIgniter\Debug\Exceptions->errorHandler(8, 'Trying to access array offset on value of type bool', 'APPPATH\\Controllers\\Auth.php', 323, [...])
 2 SYSTEMPATH\CodeIgniter.php(910): App\Controllers\Auth->check()
 3 SYSTEMPATH\CodeIgniter.php(469): CodeIgniter\CodeIgniter->runController(Object(App\Controllers\Auth))
 4 SYSTEMPATH\CodeIgniter.php(352): CodeIgniter\CodeIgniter->handleRequest(null, Object(Config\Cache), false)
 5 FCPATH\index.php(55): CodeIgniter\CodeIgniter->run()
 6 SYSTEMPATH\Commands\Server\rewrite.php(46): require_once('FCPATH\\index.php')
CRITICAL - 2022-10-30 10:33:37 --> Trying to access array offset on value of type bool
in APPPATH\Controllers\Auth.php on line 323.
 1 APPPATH\Controllers\Auth.php(323): CodeIgniter\Debug\Exceptions->errorHandler(8, 'Trying to access array offset on value of type bool', 'APPPATH\\Controllers\\Auth.php', 323, [...])
 2 SYSTEMPATH\CodeIgniter.php(910): App\Controllers\Auth->check()
 3 SYSTEMPATH\CodeIgniter.php(469): CodeIgniter\CodeIgniter->runController(Object(App\Controllers\Auth))
 4 SYSTEMPATH\CodeIgniter.php(352): CodeIgniter\CodeIgniter->handleRequest(null, Object(Config\Cache), false)
 5 FCPATH\index.php(55): CodeIgniter\CodeIgniter->run()
 6 SYSTEMPATH\Commands\Server\rewrite.php(46): require_once('FCPATH\\index.php')
CRITICAL - 2022-10-30 10:41:23 --> Trying to access array offset on value of type bool
in APPPATH\Controllers\Auth.php on line 323.
 1 APPPATH\Controllers\Auth.php(323): CodeIgniter\Debug\Exceptions->errorHandler(8, 'Trying to access array offset on value of type bool', 'APPPATH\\Controllers\\Auth.php', 323, [...])
 2 SYSTEMPATH\CodeIgniter.php(910): App\Controllers\Auth->check()
 3 SYSTEMPATH\CodeIgniter.php(469): CodeIgniter\CodeIgniter->runController(Object(App\Controllers\Auth))
 4 SYSTEMPATH\CodeIgniter.php(352): CodeIgniter\CodeIgniter->handleRequest(null, Object(Config\Cache), false)
 5 FCPATH\index.php(55): CodeIgniter\CodeIgniter->run()
 6 SYSTEMPATH\Commands\Server\rewrite.php(46): require_once('FCPATH\\index.php')
CRITICAL - 2022-10-30 10:46:30 --> Trying to access array offset on value of type bool
in APPPATH\Controllers\Auth.php on line 114.
 1 APPPATH\Controllers\Auth.php(114): CodeIgniter\Debug\Exceptions->errorHandler(8, 'Trying to access array offset on value of type bool', 'APPPATH\\Controllers\\Auth.php', 114, [...])
 2 SYSTEMPATH\CodeIgniter.php(910): App\Controllers\Auth->emailVertify()
 3 SYSTEMPATH\CodeIgniter.php(469): CodeIgniter\CodeIgniter->runController(Object(App\Controllers\Auth))
 4 SYSTEMPATH\CodeIgniter.php(352): CodeIgniter\CodeIgniter->handleRequest(null, Object(Config\Cache), false)
 5 FCPATH\index.php(55): CodeIgniter\CodeIgniter->run()
 6 SYSTEMPATH\Commands\Server\rewrite.php(46): require_once('FCPATH\\index.php')
CRITICAL - 2022-10-30 10:47:51 --> Trying to access array offset on value of type bool
in APPPATH\Controllers\Auth.php on line 323.
 1 APPPATH\Controllers\Auth.php(323): CodeIgniter\Debug\Exceptions->errorHandler(8, 'Trying to access array offset on value of type bool', 'APPPATH\\Controllers\\Auth.php', 323, [...])
 2 SYSTEMPATH\CodeIgniter.php(910): App\Controllers\Auth->check()
 3 SYSTEMPATH\CodeIgniter.php(469): CodeIgniter\CodeIgniter->runController(Object(App\Controllers\Auth))
 4 SYSTEMPATH\CodeIgniter.php(352): CodeIgniter\CodeIgniter->handleRequest(null, Object(Config\Cache), false)
 5 FCPATH\index.php(55): CodeIgniter\CodeIgniter->run()
 6 SYSTEMPATH\Commands\Server\rewrite.php(46): require_once('FCPATH\\index.php')
