CRITICAL - 2022-11-30 00:32:45 --> Trying to access array offset on value of type null
in APPPATH\Controllers\Consult.php on line 21.
 1 APPPATH\Controllers\Consult.php(21): CodeIgniter\Debug\Exceptions->errorHandler(8, 'Trying to access array offset on value of type null', 'APPPATH\\Controllers\\Consult.php', 21, [...])
 2 SYSTEMPATH\CodeIgniter.php(910): App\Controllers\Consult->meet()
 3 SYSTEMPATH\CodeIgniter.php(469): CodeIgniter\CodeIgniter->runController(Object(App\Controllers\Consult))
 4 SYSTEMPATH\CodeIgniter.php(352): CodeIgniter\CodeIgniter->handleRequest(null, Object(Config\Cache), false)
 5 FCPATH\index.php(55): CodeIgniter\CodeIgniter->run()
 6 SYSTEMPATH\Commands\Server\rewrite.php(46): require_once('FCPATH\\index.php')
CRITICAL - 2022-11-30 04:43:36 --> Trying to access array offset on value of type null
in APPPATH\Controllers\Staff.php on line 262.
 1 APPPATH\Controllers\Staff.php(262): CodeIgniter\Debug\Exceptions->errorHandler(8, 'Trying to access array offset on value of type null', 'APPPATH\\Controllers\\Staff.php', 262, [...])
 2 SYSTEMPATH\CodeIgniter.php(910): App\Controllers\Staff->meet()
 3 SYSTEMPATH\CodeIgniter.php(469): CodeIgniter\CodeIgniter->runController(Object(App\Controllers\Staff))
 4 SYSTEMPATH\CodeIgniter.php(352): CodeIgniter\CodeIgniter->handleRequest(null, Object(Config\Cache), false)
 5 FCPATH\index.php(55): CodeIgniter\CodeIgniter->run()
 6 SYSTEMPATH\Commands\Server\rewrite.php(46): require_once('FCPATH\\index.php')
CRITICAL - 2022-11-30 04:47:38 --> Trying to access array offset on value of type null
in APPPATH\Controllers\Consult.php on line 21.
 1 APPPATH\Controllers\Consult.php(21): CodeIgniter\Debug\Exceptions->errorHandler(8, 'Trying to access array offset on value of type null', 'APPPATH\\Controllers\\Consult.php', 21, [...])
 2 SYSTEMPATH\CodeIgniter.php(910): App\Controllers\Consult->meet()
 3 SYSTEMPATH\CodeIgniter.php(469): CodeIgniter\CodeIgniter->runController(Object(App\Controllers\Consult))
 4 SYSTEMPATH\CodeIgniter.php(352): CodeIgniter\CodeIgniter->handleRequest(null, Object(Config\Cache), false)
 5 FCPATH\index.php(55): CodeIgniter\CodeIgniter->run()
 6 SYSTEMPATH\Commands\Server\rewrite.php(46): require_once('FCPATH\\index.php')
CRITICAL - 2022-11-30 04:55:12 --> Trying to access array offset on value of type null
in APPPATH\Controllers\Staff.php on line 262.
 1 APPPATH\Controllers\Staff.php(262): CodeIgniter\Debug\Exceptions->errorHandler(8, 'Trying to access array offset on value of type null', 'APPPATH\\Controllers\\Staff.php', 262, [...])
 2 SYSTEMPATH\CodeIgniter.php(910): App\Controllers\Staff->meet()
 3 SYSTEMPATH\CodeIgniter.php(469): CodeIgniter\CodeIgniter->runController(Object(App\Controllers\Staff))
 4 SYSTEMPATH\CodeIgniter.php(352): CodeIgniter\CodeIgniter->handleRequest(null, Object(Config\Cache), false)
 5 FCPATH\index.php(55): CodeIgniter\CodeIgniter->run()
 6 SYSTEMPATH\Commands\Server\rewrite.php(46): require_once('FCPATH\\index.php')
CRITICAL - 2022-11-30 04:55:21 --> Trying to access array offset on value of type null
in APPPATH\Views\layout\staffdashboard-layout.php on line 73.
 1 APPPATH\Views\layout\staffdashboard-layout.php(73): CodeIgniter\Debug\Exceptions->errorHandler(8, 'Trying to access array offset on value of type null', 'APPPATH\\Views\\layout\\staffdashboard-layout.php', 73, [...])
 2 SYSTEMPATH\View\View.php(213): include('APPPATH\\Views\\layout\\staffdashboard-layout.php')
 3 SYSTEMPATH\View\View.php(216): CodeIgniter\View\View->CodeIgniter\View\{closure}()
 4 SYSTEMPATH\View\View.php(229): CodeIgniter\View\View->render('layout/staffdashboard-layout', [], true)
 5 SYSTEMPATH\Common.php(1137): CodeIgniter\View\View->render('staff/index', [], true)
 6 APPPATH\Controllers\Staff.php(899): view('staff/index', [...])
 7 SYSTEMPATH\CodeIgniter.php(910): App\Controllers\Staff->home()
 8 SYSTEMPATH\CodeIgniter.php(469): CodeIgniter\CodeIgniter->runController(Object(App\Controllers\Staff))
 9 SYSTEMPATH\CodeIgniter.php(352): CodeIgniter\CodeIgniter->handleRequest(null, Object(Config\Cache), false)
10 FCPATH\index.php(55): CodeIgniter\CodeIgniter->run()
11 SYSTEMPATH\Commands\Server\rewrite.php(46): require_once('FCPATH\\index.php')
CRITICAL - 2022-11-30 08:06:52 --> Unable to connect to the API: cURL error 6: Could not resolve host: oauth2.googleapis.com (see https://curl.haxx.se/libcurl/c/libcurl-errors.html) for https://oauth2.googleapis.com/token
in VENDORPATH\kreait\firebase-php\src\Firebase\Exception\DatabaseApiExceptionConverter.php on line 36.
 1 VENDORPATH\kreait\firebase-php\src\Firebase\Database\ApiClient.php(180): Kreait\Firebase\Exception\DatabaseApiExceptionConverter->convertException(Object(GuzzleHttp\Exception\ConnectException))
 2 VENDORPATH\kreait\firebase-php\src\Firebase\Database\ApiClient.php(136): Kreait\Firebase\Database\ApiClient->requestApi('POST', '/inventory', [...])
 3 VENDORPATH\kreait\firebase-php\src\Firebase\Database\Reference.php(357): Kreait\Firebase\Database\ApiClient->push('/inventory', [...])
 4 APPPATH\Controllers\Inventory.php(299): Kreait\Firebase\Database\Reference->push([...])
 5 SYSTEMPATH\CodeIgniter.php(910): App\Controllers\Inventory->add()
 6 SYSTEMPATH\CodeIgniter.php(469): CodeIgniter\CodeIgniter->runController(Object(App\Controllers\Inventory))
 7 SYSTEMPATH\CodeIgniter.php(352): CodeIgniter\CodeIgniter->handleRequest(null, Object(Config\Cache), false)
 8 FCPATH\index.php(55): CodeIgniter\CodeIgniter->run()
 9 SYSTEMPATH\Commands\Server\rewrite.php(46): require_once('FCPATH\\index.php')
CRITICAL - 2022-11-30 09:08:27 --> Unable to connect to the API: cURL error 52: Empty reply from server (see https://curl.haxx.se/libcurl/c/libcurl-errors.html) for https://oauth2.googleapis.com/token
in VENDORPATH\kreait\firebase-php\src\Firebase\Exception\DatabaseApiExceptionConverter.php on line 36.
 1 VENDORPATH\kreait\firebase-php\src\Firebase\Database\ApiClient.php(180): Kreait\Firebase\Exception\DatabaseApiExceptionConverter->convertException(Object(GuzzleHttp\Exception\ConnectException))
 2 VENDORPATH\kreait\firebase-php\src\Firebase\Database\ApiClient.php(40): Kreait\Firebase\Database\ApiClient->requestApi('GET', 'C:\\Users')
 3 VENDORPATH\kreait\firebase-php\src\Firebase\Database\Reference.php(329): Kreait\Firebase\Database\ApiClient->get('C:\\Users')
 4 VENDORPATH\kreait\firebase-php\src\Firebase\Database\Reference.php(296): Kreait\Firebase\Database\Reference->getSnapshot()
 5 APPPATH\Helpers\Form_helper.php(267): Kreait\Firebase\Database\Reference->getValue()
 6 APPPATH\Views\staff\consult.php(134): getUserInfoByEmail('finalyearprojectclinic@gmail.com', 'name')
 7 SYSTEMPATH\View\View.php(213): include('APPPATH\\Views\\staff\\consult.php')
 8 SYSTEMPATH\View\View.php(216): CodeIgniter\View\View->CodeIgniter\View\{closure}()
 9 SYSTEMPATH\Common.php(1137): CodeIgniter\View\View->render('staff/consult', [], true)
10 APPPATH\Controllers\Staff.php(354): view('staff/consult', [...])
11 SYSTEMPATH\CodeIgniter.php(910): App\Controllers\Staff->consult()
12 SYSTEMPATH\CodeIgniter.php(469): CodeIgniter\CodeIgniter->runController(Object(App\Controllers\Staff))
13 SYSTEMPATH\CodeIgniter.php(352): CodeIgniter\CodeIgniter->handleRequest(null, Object(Config\Cache), false)
14 FCPATH\index.php(55): CodeIgniter\CodeIgniter->run()
15 SYSTEMPATH\Commands\Server\rewrite.php(46): require_once('FCPATH\\index.php')
CRITICAL - 2022-11-30 09:10:25 --> Unable to connect to the API: cURL error 52: Empty reply from server (see https://curl.haxx.se/libcurl/c/libcurl-errors.html) for https://oauth2.googleapis.com/token
in VENDORPATH\kreait\firebase-php\src\Firebase\Exception\DatabaseApiExceptionConverter.php on line 36.
 1 VENDORPATH\kreait\firebase-php\src\Firebase\Database\ApiClient.php(180): Kreait\Firebase\Exception\DatabaseApiExceptionConverter->convertException(Object(GuzzleHttp\Exception\ConnectException))
 2 VENDORPATH\kreait\firebase-php\src\Firebase\Database\ApiClient.php(40): Kreait\Firebase\Database\ApiClient->requestApi('GET', 'C:\\Users')
 3 VENDORPATH\kreait\firebase-php\src\Firebase\Database\Reference.php(329): Kreait\Firebase\Database\ApiClient->get('C:\\Users')
 4 VENDORPATH\kreait\firebase-php\src\Firebase\Database\Reference.php(296): Kreait\Firebase\Database\Reference->getSnapshot()
 5 APPPATH\Helpers\Form_helper.php(267): Kreait\Firebase\Database\Reference->getValue()
 6 APPPATH\Views\staff\consult.php(134): getUserInfoByEmail('finalyearprojectclinic@gmail.com', 'name')
 7 SYSTEMPATH\View\View.php(213): include('APPPATH\\Views\\staff\\consult.php')
 8 SYSTEMPATH\View\View.php(216): CodeIgniter\View\View->CodeIgniter\View\{closure}()
 9 SYSTEMPATH\Common.php(1137): CodeIgniter\View\View->render('staff/consult', [], true)
10 APPPATH\Controllers\Staff.php(354): view('staff/consult', [...])
11 SYSTEMPATH\CodeIgniter.php(910): App\Controllers\Staff->consult()
12 SYSTEMPATH\CodeIgniter.php(469): CodeIgniter\CodeIgniter->runController(Object(App\Controllers\Staff))
13 SYSTEMPATH\CodeIgniter.php(352): CodeIgniter\CodeIgniter->handleRequest(null, Object(Config\Cache), false)
14 FCPATH\index.php(55): CodeIgniter\CodeIgniter->run()
15 SYSTEMPATH\Commands\Server\rewrite.php(46): require_once('FCPATH\\index.php')
CRITICAL - 2022-11-30 23:18:11 --> Use of undefined constant row - assumed 'row' (this will throw an Error in a future version of PHP)
in APPPATH\Libraries\ConsultLib.php on line 133.
 1 APPPATH\Libraries\ConsultLib.php(133): CodeIgniter\Debug\Exceptions->errorHandler(2, 'Use of undefined constant row - assumed \'row\' (this will throw an Error in a future version of PHP)', 'APPPATH\\Libraries\\ConsultLib.php', 133, [...])
 2 APPPATH\Controllers\Staff.php(337): App\Libraries\ConsultLib::readAllDataToday(1, 5)
 3 SYSTEMPATH\CodeIgniter.php(910): App\Controllers\Staff->consult()
 4 SYSTEMPATH\CodeIgniter.php(469): CodeIgniter\CodeIgniter->runController(Object(App\Controllers\Staff))
 5 SYSTEMPATH\CodeIgniter.php(352): CodeIgniter\CodeIgniter->handleRequest(null, Object(Config\Cache), false)
 6 FCPATH\index.php(55): CodeIgniter\CodeIgniter->run()
 7 SYSTEMPATH\Commands\Server\rewrite.php(46): require_once('FCPATH\\index.php')
