CRITICAL - 2022-10-24 00:10:55 --> Class 'App\Validation\passwordRules' not found
in SYSTEMPATH\Validation\Validation.php on line 550.
 1 SYSTEMPATH\Validation\Validation.php(122): CodeIgniter\Validation\Validation->loadRuleSets()
 2 SYSTEMPATH\Controller.php(140): CodeIgniter\Validation\Validation->run()
 3 APPPATH\Controllers\Auth.php(35): CodeIgniter\Controller->validate([...])
 4 SYSTEMPATH\CodeIgniter.php(910): App\Controllers\Auth->save()
 5 SYSTEMPATH\CodeIgniter.php(469): CodeIgniter\CodeIgniter->runController(Object(App\Controllers\Auth))
 6 SYSTEMPATH\CodeIgniter.php(352): CodeIgniter\CodeIgniter->handleRequest(null, Object(Config\Cache), false)
 7 FCPATH\index.php(55): CodeIgniter\CodeIgniter->run()
 8 SYSTEMPATH\Commands\Server\rewrite.php(46): require_once('FCPATH\\index.php')
CRITICAL - 2022-10-24 00:11:33 --> Class 'Config\registerRules' not found
in SYSTEMPATH\Validation\Validation.php on line 550.
 1 SYSTEMPATH\Validation\Validation.php(122): CodeIgniter\Validation\Validation->loadRuleSets()
 2 SYSTEMPATH\Controller.php(140): CodeIgniter\Validation\Validation->run()
 3 APPPATH\Controllers\Auth.php(35): CodeIgniter\Controller->validate([...])
 4 SYSTEMPATH\CodeIgniter.php(910): App\Controllers\Auth->save()
 5 SYSTEMPATH\CodeIgniter.php(469): CodeIgniter\CodeIgniter->runController(Object(App\Controllers\Auth))
 6 SYSTEMPATH\CodeIgniter.php(352): CodeIgniter\CodeIgniter->handleRequest(null, Object(Config\Cache), false)
 7 FCPATH\index.php(55): CodeIgniter\CodeIgniter->run()
 8 SYSTEMPATH\Commands\Server\rewrite.php(46): require_once('FCPATH\\index.php')
CRITICAL - 2022-10-24 00:12:37 --> Class 'Config\registerRules' not found
in SYSTEMPATH\Validation\Validation.php on line 550.
 1 SYSTEMPATH\Validation\Validation.php(122): CodeIgniter\Validation\Validation->loadRuleSets()
 2 SYSTEMPATH\Controller.php(140): CodeIgniter\Validation\Validation->run()
 3 APPPATH\Controllers\Auth.php(35): CodeIgniter\Controller->validate([...])
 4 SYSTEMPATH\CodeIgniter.php(910): App\Controllers\Auth->save()
 5 SYSTEMPATH\CodeIgniter.php(469): CodeIgniter\CodeIgniter->runController(Object(App\Controllers\Auth))
 6 SYSTEMPATH\CodeIgniter.php(352): CodeIgniter\CodeIgniter->handleRequest(null, Object(Config\Cache), false)
 7 FCPATH\index.php(55): CodeIgniter\CodeIgniter->run()
 8 SYSTEMPATH\Commands\Server\rewrite.php(46): require_once('FCPATH\\index.php')
CRITICAL - 2022-10-24 00:37:39 --> mix_length is not a valid rule.
in SYSTEMPATH\Validation\Validation.php on line 316.
 1 SYSTEMPATH\Validation\Validation.php(316): CodeIgniter\Validation\Exceptions\ValidationException::forRuleNotFound('mix_length')
 2 SYSTEMPATH\Validation\Validation.php(175): CodeIgniter\Validation\Validation->processRules('password', 'password', '111', [...], [...])
 3 SYSTEMPATH\Controller.php(140): CodeIgniter\Validation\Validation->run()
 4 APPPATH\Controllers\Auth.php(35): CodeIgniter\Controller->validate([...])
 5 SYSTEMPATH\CodeIgniter.php(910): App\Controllers\Auth->save()
 6 SYSTEMPATH\CodeIgniter.php(469): CodeIgniter\CodeIgniter->runController(Object(App\Controllers\Auth))
 7 SYSTEMPATH\CodeIgniter.php(352): CodeIgniter\CodeIgniter->handleRequest(null, Object(Config\Cache), false)
 8 FCPATH\index.php(55): CodeIgniter\CodeIgniter->run()
 9 SYSTEMPATH\Commands\Server\rewrite.php(46): require_once('FCPATH\\index.php')
CRITICAL - 2022-10-24 01:36:59 --> preg_match(): No ending delimiter '^' found
in APPPATH\Validation\RegisterRules.php on line 11.
 1 [internal function]: CodeIgniter\Debug\Exceptions->errorHandler(2, 'preg_match(): No ending delimiter \'^\' found', 'APPPATH\\Validation\\RegisterRules.php', 11, [...])
 2 APPPATH\Validation\RegisterRules.php(11): preg_match('^(?=.*[0-9])(?=.*[a-z])(?=.*[A-Z])(?=.*\\W)(?!.* ).{8,16}$', 'dsdsdsdsdsd2')
 3 SYSTEMPATH\Validation\Validation.php(308): App\Validation\RegisterRules->passwordCustom('dsdsdsdsdsd2', 'password', [...], null)
 4 SYSTEMPATH\Validation\Validation.php(175): CodeIgniter\Validation\Validation->processRules('password', 'password', 'dsdsdsdsdsd2', [...], [...])
 5 SYSTEMPATH\Controller.php(140): CodeIgniter\Validation\Validation->run()
 6 APPPATH\Controllers\Auth.php(35): CodeIgniter\Controller->validate([...])
 7 SYSTEMPATH\CodeIgniter.php(910): App\Controllers\Auth->save()
 8 SYSTEMPATH\CodeIgniter.php(469): CodeIgniter\CodeIgniter->runController(Object(App\Controllers\Auth))
 9 SYSTEMPATH\CodeIgniter.php(352): CodeIgniter\CodeIgniter->handleRequest(null, Object(Config\Cache), false)
10 FCPATH\index.php(55): CodeIgniter\CodeIgniter->run()
11 SYSTEMPATH\Commands\Server\rewrite.php(46): require_once('FCPATH\\index.php')
CRITICAL - 2022-10-24 01:37:30 --> preg_match(): No ending delimiter '^' found
in APPPATH\Validation\RegisterRules.php on line 11.
 1 [internal function]: CodeIgniter\Debug\Exceptions->errorHandler(2, 'preg_match(): No ending delimiter \'^\' found', 'APPPATH\\Validation\\RegisterRules.php', 11, [...])
 2 APPPATH\Validation\RegisterRules.php(11): preg_match('^(?=.*[0-9])(?=.*[a-z])(?=.*[A-Z])(?=.*\\W)(?!.* ).{8,16}$/', 'dsdsdsdsdsd2')
 3 SYSTEMPATH\Validation\Validation.php(308): App\Validation\RegisterRules->passwordCustom('dsdsdsdsdsd2', 'password', [...], null)
 4 SYSTEMPATH\Validation\Validation.php(175): CodeIgniter\Validation\Validation->processRules('password', 'password', 'dsdsdsdsdsd2', [...], [...])
 5 SYSTEMPATH\Controller.php(140): CodeIgniter\Validation\Validation->run()
 6 APPPATH\Controllers\Auth.php(35): CodeIgniter\Controller->validate([...])
 7 SYSTEMPATH\CodeIgniter.php(910): App\Controllers\Auth->save()
 8 SYSTEMPATH\CodeIgniter.php(469): CodeIgniter\CodeIgniter->runController(Object(App\Controllers\Auth))
 9 SYSTEMPATH\CodeIgniter.php(352): CodeIgniter\CodeIgniter->handleRequest(null, Object(Config\Cache), false)
10 FCPATH\index.php(55): CodeIgniter\CodeIgniter->run()
11 SYSTEMPATH\Commands\Server\rewrite.php(46): require_once('FCPATH\\index.php')
CRITICAL - 2022-10-24 04:36:53 --> preg_match(): Unknown modifier '\'
in APPPATH\Validation\RegisterRules.php on line 29.
 1 [internal function]: CodeIgniter\Debug\Exceptions->errorHandler(2, 'preg_match(): Unknown modifier \'\\\'', 'APPPATH\\Validation\\RegisterRules.php', 29, [...])
 2 APPPATH\Validation\RegisterRules.php(29): preg_match('/^[a-zA-Z0-9,/ \\]+$/', 'sdsdsdsdnjsn@#@@#@s')
 3 SYSTEMPATH\Validation\Validation.php(308): App\Validation\RegisterRules->checkHomeAddress('sdsdsdsdnjsn@#@@#@s', 'address', [...], null)
 4 SYSTEMPATH\Validation\Validation.php(175): CodeIgniter\Validation\Validation->processRules('address', 'address', 'sdsdsdsdnjsn@#@@#@s', [...], [...])
 5 SYSTEMPATH\Controller.php(140): CodeIgniter\Validation\Validation->run()
 6 APPPATH\Controllers\Auth.php(35): CodeIgniter\Controller->validate([...])
 7 SYSTEMPATH\CodeIgniter.php(910): App\Controllers\Auth->save()
 8 SYSTEMPATH\CodeIgniter.php(469): CodeIgniter\CodeIgniter->runController(Object(App\Controllers\Auth))
 9 SYSTEMPATH\CodeIgniter.php(352): CodeIgniter\CodeIgniter->handleRequest(null, Object(Config\Cache), false)
10 FCPATH\index.php(55): CodeIgniter\CodeIgniter->run()
11 SYSTEMPATH\Commands\Server\rewrite.php(46): require_once('FCPATH\\index.php')
CRITICAL - 2022-10-24 08:07:32 --> Class 'App\Libraries\myic' not found
in APPPATH\Controllers\Auth.php on line 110.
 1 SYSTEMPATH\CodeIgniter.php(910): App\Controllers\Auth->save()
 2 SYSTEMPATH\CodeIgniter.php(469): CodeIgniter\CodeIgniter->runController(Object(App\Controllers\Auth))
 3 SYSTEMPATH\CodeIgniter.php(352): CodeIgniter\CodeIgniter->handleRequest(null, Object(Config\Cache), false)
 4 FCPATH\index.php(55): CodeIgniter\CodeIgniter->run()
 5 SYSTEMPATH\Commands\Server\rewrite.php(46): require_once('FCPATH\\index.php')
CRITICAL - 2022-10-24 08:07:53 --> syntax error, unexpected 'class' (T_CLASS), expecting '{'
in APPPATH\Libraries\myic.php on line 29.
 1 SYSTEMPATH\Autoloader\Autoloader.php(261): CodeIgniter\Autoloader\Autoloader->includeFile('APPPATH\\Libraries\\myic.php')
 2 SYSTEMPATH\Autoloader\Autoloader.php(239): CodeIgniter\Autoloader\Autoloader->loadInNamespace('App\\Libraries\\myic')
 3 [internal function]: CodeIgniter\Autoloader\Autoloader->loadClass('App\\Libraries\\myic')
 4 APPPATH\Controllers\Auth.php(110): spl_autoload_call('App\\Libraries\\myic')
 5 SYSTEMPATH\CodeIgniter.php(910): App\Controllers\Auth->save()
 6 SYSTEMPATH\CodeIgniter.php(469): CodeIgniter\CodeIgniter->runController(Object(App\Controllers\Auth))
 7 SYSTEMPATH\CodeIgniter.php(352): CodeIgniter\CodeIgniter->handleRequest(null, Object(Config\Cache), false)
 8 FCPATH\index.php(55): CodeIgniter\CodeIgniter->run()
 9 SYSTEMPATH\Commands\Server\rewrite.php(46): require_once('FCPATH\\index.php')
CRITICAL - 2022-10-24 08:11:30 --> Non-static method App\Libraries\myic::get() should not be called statically
in APPPATH\Controllers\Auth.php on line 110.
 1 APPPATH\Controllers\Auth.php(110): CodeIgniter\Debug\Exceptions->errorHandler(8192, 'Non-static method App\\Libraries\\myic::get() should not be called statically', 'APPPATH\\Controllers\\Auth.php', 110, [...])
 2 SYSTEMPATH\CodeIgniter.php(910): App\Controllers\Auth->save()
 3 SYSTEMPATH\CodeIgniter.php(469): CodeIgniter\CodeIgniter->runController(Object(App\Controllers\Auth))
 4 SYSTEMPATH\CodeIgniter.php(352): CodeIgniter\CodeIgniter->handleRequest(null, Object(Config\Cache), false)
 5 FCPATH\index.php(55): CodeIgniter\CodeIgniter->run()
 6 SYSTEMPATH\Commands\Server\rewrite.php(46): require_once('FCPATH\\index.php')
CRITICAL - 2022-10-24 08:13:27 --> syntax error, unexpected '->' (T_OBJECT_OPERATOR)
in APPPATH\Controllers\Auth.php on line 110.
 1 SYSTEMPATH\Router\Router.php(499): CodeIgniter\Router\AutoRouter->getRoute('auth/save')
 2 SYSTEMPATH\Router\Router.php(205): CodeIgniter\Router\Router->autoRoute('auth/save')
 3 SYSTEMPATH\CodeIgniter.php(785): CodeIgniter\Router\Router->handle('auth/save')
 4 SYSTEMPATH\CodeIgniter.php(418): CodeIgniter\CodeIgniter->tryToRouteIt(Object(CodeIgniter\Router\RouteCollection))
 5 SYSTEMPATH\CodeIgniter.php(352): CodeIgniter\CodeIgniter->handleRequest(null, Object(Config\Cache), false)
 6 FCPATH\index.php(55): CodeIgniter\CodeIgniter->run()
 7 SYSTEMPATH\Commands\Server\rewrite.php(46): require_once('FCPATH\\index.php')
CRITICAL - 2022-10-24 08:15:50 --> Undefined property: App\Controllers\Auth::$load
in APPPATH\Controllers\Auth.php on line 111.
 1 APPPATH\Controllers\Auth.php(111): CodeIgniter\Debug\Exceptions->errorHandler(8, 'Undefined property: App\\Controllers\\Auth::$load', 'APPPATH\\Controllers\\Auth.php', 111, [...])
 2 SYSTEMPATH\CodeIgniter.php(910): App\Controllers\Auth->save()
 3 SYSTEMPATH\CodeIgniter.php(469): CodeIgniter\CodeIgniter->runController(Object(App\Controllers\Auth))
 4 SYSTEMPATH\CodeIgniter.php(352): CodeIgniter\CodeIgniter->handleRequest(null, Object(Config\Cache), false)
 5 FCPATH\index.php(55): CodeIgniter\CodeIgniter->run()
 6 SYSTEMPATH\Commands\Server\rewrite.php(46): require_once('FCPATH\\index.php')
CRITICAL - 2022-10-24 08:18:23 --> Undefined property: App\Controllers\Auth::$myic
in APPPATH\Controllers\Auth.php on line 113.
 1 APPPATH\Controllers\Auth.php(113): CodeIgniter\Debug\Exceptions->errorHandler(8, 'Undefined property: App\\Controllers\\Auth::$myic', 'APPPATH\\Controllers\\Auth.php', 113, [...])
 2 SYSTEMPATH\CodeIgniter.php(910): App\Controllers\Auth->save()
 3 SYSTEMPATH\CodeIgniter.php(469): CodeIgniter\CodeIgniter->runController(Object(App\Controllers\Auth))
 4 SYSTEMPATH\CodeIgniter.php(352): CodeIgniter\CodeIgniter->handleRequest(null, Object(Config\Cache), false)
 5 FCPATH\index.php(55): CodeIgniter\CodeIgniter->run()
 6 SYSTEMPATH\Commands\Server\rewrite.php(46): require_once('FCPATH\\index.php')
CRITICAL - 2022-10-24 08:18:37 --> Use of undefined constant identityNum - assumed 'identityNum' (this will throw an Error in a future version of PHP)
in APPPATH\Controllers\Auth.php on line 113.
 1 APPPATH\Controllers\Auth.php(113): CodeIgniter\Debug\Exceptions->errorHandler(2, 'Use of undefined constant identityNum - assumed \'identityNum\' (this will throw an Error in a future version of PHP)', 'APPPATH\\Controllers\\Auth.php', 113, [...])
 2 SYSTEMPATH\CodeIgniter.php(910): App\Controllers\Auth->save()
 3 SYSTEMPATH\CodeIgniter.php(469): CodeIgniter\CodeIgniter->runController(Object(App\Controllers\Auth))
 4 SYSTEMPATH\CodeIgniter.php(352): CodeIgniter\CodeIgniter->handleRequest(null, Object(Config\Cache), false)
 5 FCPATH\index.php(55): CodeIgniter\CodeIgniter->run()
 6 SYSTEMPATH\Commands\Server\rewrite.php(46): require_once('FCPATH\\index.php')
CRITICAL - 2022-10-24 09:17:59 --> Undefined variable: d
in APPPATH\Controllers\Auth.php on line 119.
 1 APPPATH\Controllers\Auth.php(119): CodeIgniter\Debug\Exceptions->errorHandler(8, 'Undefined variable: d', 'APPPATH\\Controllers\\Auth.php', 119, [...])
 2 SYSTEMPATH\CodeIgniter.php(910): App\Controllers\Auth->save()
 3 SYSTEMPATH\CodeIgniter.php(469): CodeIgniter\CodeIgniter->runController(Object(App\Controllers\Auth))
 4 SYSTEMPATH\CodeIgniter.php(352): CodeIgniter\CodeIgniter->handleRequest(null, Object(Config\Cache), false)
 5 FCPATH\index.php(55): CodeIgniter\CodeIgniter->run()
 6 SYSTEMPATH\Commands\Server\rewrite.php(46): require_once('FCPATH\\index.php')
CRITICAL - 2022-10-24 09:18:18 --> date_default_timezone_set(): Timezone ID 'Malaysia/KualaLumpur' is invalid
in APPPATH\Controllers\Auth.php on line 123.
 1 [internal function]: CodeIgniter\Debug\Exceptions->errorHandler(8, 'date_default_timezone_set(): Timezone ID \'Malaysia/KualaLumpur\' is invalid', 'APPPATH\\Controllers\\Auth.php', 123, [...])
 2 APPPATH\Controllers\Auth.php(123): date_default_timezone_set('Malaysia/KualaLumpur')
 3 SYSTEMPATH\CodeIgniter.php(910): App\Controllers\Auth->save()
 4 SYSTEMPATH\CodeIgniter.php(469): CodeIgniter\CodeIgniter->runController(Object(App\Controllers\Auth))
 5 SYSTEMPATH\CodeIgniter.php(352): CodeIgniter\CodeIgniter->handleRequest(null, Object(Config\Cache), false)
 6 FCPATH\index.php(55): CodeIgniter\CodeIgniter->run()
 7 SYSTEMPATH\Commands\Server\rewrite.php(46): require_once('FCPATH\\index.php')
CRITICAL - 2022-10-24 09:38:55 --> Call to undefined method CodeIgniter\Session\Session::gtFlashdata()
in APPPATH\Views\auth\register.php on line 19.
 1 SYSTEMPATH\View\View.php(213): include()
 2 SYSTEMPATH\View\View.php(216): CodeIgniter\View\View->CodeIgniter\View\{closure}()
 3 SYSTEMPATH\Common.php(1137): CodeIgniter\View\View->render('auth/register', [], true)
 4 APPPATH\Controllers\Auth.php(18): view('auth/register')
 5 SYSTEMPATH\CodeIgniter.php(910): App\Controllers\Auth->register()
 6 SYSTEMPATH\CodeIgniter.php(469): CodeIgniter\CodeIgniter->runController(Object(App\Controllers\Auth))
 7 SYSTEMPATH\CodeIgniter.php(352): CodeIgniter\CodeIgniter->handleRequest(null, Object(Config\Cache), false)
 8 FCPATH\index.php(55): CodeIgniter\CodeIgniter->run()
 9 SYSTEMPATH\Commands\Server\rewrite.php(46): require_once('FCPATH\\index.php')
