CRITICAL - 2022-12-30 09:35:58 --> Trying to access array offset on value of type null
in APPPATH\Controllers\Consult.php on line 59.
 1 APPPATH\Controllers\Consult.php(59): CodeIgniter\Debug\Exceptions->errorHandler(8, 'Trying to access array offset on value of type null', 'APPPATH\\Controllers\\Consult.php', 59, [...])
 2 SYSTEMPATH\CodeIgniter.php(910): App\Controllers\Consult->meet()
 3 SYSTEMPATH\CodeIgniter.php(469): CodeIgniter\CodeIgniter->runController(Object(App\Controllers\Consult))
 4 SYSTEMPATH\CodeIgniter.php(352): CodeIgniter\CodeIgniter->handleRequest(null, Object(Config\Cache), false)
 5 FCPATH\index.php(55): CodeIgniter\CodeIgniter->run()
 6 SYSTEMPATH\Commands\Server\rewrite.php(46): require_once('FCPATH\\index.php')
CRITICAL - 2022-12-30 09:35:58 --> Trying to access array offset on value of type null
in APPPATH\Controllers\Consult.php on line 59.
 1 APPPATH\Controllers\Consult.php(59): CodeIgniter\Debug\Exceptions->errorHandler(8, 'Trying to access array offset on value of type null', 'APPPATH\\Controllers\\Consult.php', 59, [...])
 2 SYSTEMPATH\CodeIgniter.php(910): App\Controllers\Consult->meet()
 3 SYSTEMPATH\CodeIgniter.php(469): CodeIgniter\CodeIgniter->runController(Object(App\Controllers\Consult))
 4 SYSTEMPATH\CodeIgniter.php(352): CodeIgniter\CodeIgniter->handleRequest(null, Object(Config\Cache), false)
 5 FCPATH\index.php(55): CodeIgniter\CodeIgniter->run()
 6 SYSTEMPATH\Commands\Server\rewrite.php(46): require_once('FCPATH\\index.php')
CRITICAL - 2022-12-30 09:36:00 --> Trying to access array offset on value of type null
in APPPATH\Controllers\Consult.php on line 59.
 1 APPPATH\Controllers\Consult.php(59): CodeIgniter\Debug\Exceptions->errorHandler(8, 'Trying to access array offset on value of type null', 'APPPATH\\Controllers\\Consult.php', 59, [...])
 2 SYSTEMPATH\CodeIgniter.php(910): App\Controllers\Consult->meet()
 3 SYSTEMPATH\CodeIgniter.php(469): CodeIgniter\CodeIgniter->runController(Object(App\Controllers\Consult))
 4 SYSTEMPATH\CodeIgniter.php(352): CodeIgniter\CodeIgniter->handleRequest(null, Object(Config\Cache), false)
 5 FCPATH\index.php(55): CodeIgniter\CodeIgniter->run()
 6 SYSTEMPATH\Commands\Server\rewrite.php(46): require_once('FCPATH\\index.php')
CRITICAL - 2022-12-30 09:36:00 --> Trying to access array offset on value of type null
in APPPATH\Controllers\Consult.php on line 59.
 1 APPPATH\Controllers\Consult.php(59): CodeIgniter\Debug\Exceptions->errorHandler(8, 'Trying to access array offset on value of type null', 'APPPATH\\Controllers\\Consult.php', 59, [...])
 2 SYSTEMPATH\CodeIgniter.php(910): App\Controllers\Consult->meet()
 3 SYSTEMPATH\CodeIgniter.php(469): CodeIgniter\CodeIgniter->runController(Object(App\Controllers\Consult))
 4 SYSTEMPATH\CodeIgniter.php(352): CodeIgniter\CodeIgniter->handleRequest(null, Object(Config\Cache), false)
 5 FCPATH\index.php(55): CodeIgniter\CodeIgniter->run()
 6 SYSTEMPATH\Commands\Server\rewrite.php(46): require_once('FCPATH\\index.php')
