CRITICAL - 2022-11-26 10:14:59 --> Undefined index: ic
in APPPATH\Views\staff\overview.php on line 204.
 1 APPPATH\Views\staff\overview.php(204): CodeIgniter\Debug\Exceptions->errorHandler(8, 'Undefined index: ic', 'APPPATH\\Views\\staff\\overview.php', 204, [...])
 2 SYSTEMPATH\View\View.php(213): include('APPPATH\\Views\\staff\\overview.php')
 3 SYSTEMPATH\View\View.php(216): CodeIgniter\View\View->CodeIgniter\View\{closure}()
 4 SYSTEMPATH\Common.php(1137): CodeIgniter\View\View->render('staff/overview', [], true)
 5 APPPATH\Controllers\Queue.php(107): view('staff/overview', [...])
 6 SYSTEMPATH\CodeIgniter.php(910): App\Controllers\Queue->manage()
 7 SYSTEMPATH\CodeIgniter.php(469): CodeIgniter\CodeIgniter->runController(Object(App\Controllers\Queue))
 8 SYSTEMPATH\CodeIgniter.php(352): CodeIgniter\CodeIgniter->handleRequest(null, Object(Config\Cache), false)
 9 FCPATH\index.php(55): CodeIgniter\CodeIgniter->run()
10 SYSTEMPATH\Commands\Server\rewrite.php(46): require_once('FCPATH\\index.php')
CRITICAL - 2022-11-26 10:16:29 --> Undefined index: user
in APPPATH\Views\staff\overview.php on line 204.
 1 APPPATH\Views\staff\overview.php(204): CodeIgniter\Debug\Exceptions->errorHandler(8, 'Undefined index: user', 'APPPATH\\Views\\staff\\overview.php', 204, [...])
 2 SYSTEMPATH\View\View.php(213): include('APPPATH\\Views\\staff\\overview.php')
 3 SYSTEMPATH\View\View.php(216): CodeIgniter\View\View->CodeIgniter\View\{closure}()
 4 SYSTEMPATH\Common.php(1137): CodeIgniter\View\View->render('staff/overview', [], true)
 5 APPPATH\Controllers\Queue.php(107): view('staff/overview', [...])
 6 SYSTEMPATH\CodeIgniter.php(910): App\Controllers\Queue->manage()
 7 SYSTEMPATH\CodeIgniter.php(469): CodeIgniter\CodeIgniter->runController(Object(App\Controllers\Queue))
 8 SYSTEMPATH\CodeIgniter.php(352): CodeIgniter\CodeIgniter->handleRequest(null, Object(Config\Cache), false)
 9 FCPATH\index.php(55): CodeIgniter\CodeIgniter->run()
10 SYSTEMPATH\Commands\Server\rewrite.php(46): require_once('FCPATH\\index.php')
CRITICAL - 2022-11-26 05:01:44 --> Undefined variable: key
in APPPATH\Controllers\Lab.php on line 18.
 1 APPPATH\Controllers\Lab.php(18): CodeIgniter\Debug\Exceptions->errorHandler(8, 'Undefined variable: key', 'APPPATH\\Controllers\\Lab.php', 18, [...])
 2 SYSTEMPATH\CodeIgniter.php(910): App\Controllers\Lab->updatePage()
 3 SYSTEMPATH\CodeIgniter.php(469): CodeIgniter\CodeIgniter->runController(Object(App\Controllers\Lab))
 4 SYSTEMPATH\CodeIgniter.php(352): CodeIgniter\CodeIgniter->handleRequest(null, Object(Config\Cache), false)
 5 FCPATH\index.php(55): CodeIgniter\CodeIgniter->run()
 6 SYSTEMPATH\Commands\Server\rewrite.php(46): require_once('FCPATH\\index.php')
CRITICAL - 2022-11-26 05:01:57 --> Undefined variable: patientData
in APPPATH\Views\staff\addLab.php on line 17.
 1 APPPATH\Views\staff\addLab.php(17): CodeIgniter\Debug\Exceptions->errorHandler(8, 'Undefined variable: patientData', 'APPPATH\\Views\\staff\\addLab.php', 17, [...])
 2 SYSTEMPATH\View\View.php(213): include('APPPATH\\Views\\staff\\addLab.php')
 3 SYSTEMPATH\View\View.php(216): CodeIgniter\View\View->CodeIgniter\View\{closure}()
 4 SYSTEMPATH\Common.php(1137): CodeIgniter\View\View->render('staff/addLab', [], true)
 5 APPPATH\Controllers\Lab.php(25): view('staff/addLab', [...])
 6 SYSTEMPATH\CodeIgniter.php(910): App\Controllers\Lab->updatePage()
 7 SYSTEMPATH\CodeIgniter.php(469): CodeIgniter\CodeIgniter->runController(Object(App\Controllers\Lab))
 8 SYSTEMPATH\CodeIgniter.php(352): CodeIgniter\CodeIgniter->handleRequest(null, Object(Config\Cache), false)
 9 FCPATH\index.php(55): CodeIgniter\CodeIgniter->run()
10 SYSTEMPATH\Commands\Server\rewrite.php(46): require_once('FCPATH\\index.php')
CRITICAL - 2022-11-26 05:03:05 --> Undefined variable: inventoryData
in APPPATH\Views\staff\labUpdate.php on line 14.
 1 APPPATH\Views\staff\labUpdate.php(14): CodeIgniter\Debug\Exceptions->errorHandler(8, 'Undefined variable: inventoryData', 'APPPATH\\Views\\staff\\labUpdate.php', 14, [...])
 2 SYSTEMPATH\View\View.php(213): include('APPPATH\\Views\\staff\\labUpdate.php')
 3 SYSTEMPATH\View\View.php(216): CodeIgniter\View\View->CodeIgniter\View\{closure}()
 4 SYSTEMPATH\Common.php(1137): CodeIgniter\View\View->render('staff/labUpdate', [], true)
 5 APPPATH\Controllers\Lab.php(25): view('staff/labUpdate', [...])
 6 SYSTEMPATH\CodeIgniter.php(910): App\Controllers\Lab->updatePage()
 7 SYSTEMPATH\CodeIgniter.php(469): CodeIgniter\CodeIgniter->runController(Object(App\Controllers\Lab))
 8 SYSTEMPATH\CodeIgniter.php(352): CodeIgniter\CodeIgniter->handleRequest(null, Object(Config\Cache), false)
 9 FCPATH\index.php(55): CodeIgniter\CodeIgniter->run()
10 SYSTEMPATH\Commands\Server\rewrite.php(46): require_once('FCPATH\\index.php')
CRITICAL - 2022-11-26 05:03:19 --> Undefined variable: inventoryData
in APPPATH\Views\staff\labUpdate.php on line 23.
 1 APPPATH\Views\staff\labUpdate.php(23): CodeIgniter\Debug\Exceptions->errorHandler(8, 'Undefined variable: inventoryData', 'APPPATH\\Views\\staff\\labUpdate.php', 23, [...])
 2 SYSTEMPATH\View\View.php(213): include('APPPATH\\Views\\staff\\labUpdate.php')
 3 SYSTEMPATH\View\View.php(216): CodeIgniter\View\View->CodeIgniter\View\{closure}()
 4 SYSTEMPATH\Common.php(1137): CodeIgniter\View\View->render('staff/labUpdate', [], true)
 5 APPPATH\Controllers\Lab.php(25): view('staff/labUpdate', [...])
 6 SYSTEMPATH\CodeIgniter.php(910): App\Controllers\Lab->updatePage()
 7 SYSTEMPATH\CodeIgniter.php(469): CodeIgniter\CodeIgniter->runController(Object(App\Controllers\Lab))
 8 SYSTEMPATH\CodeIgniter.php(352): CodeIgniter\CodeIgniter->handleRequest(null, Object(Config\Cache), false)
 9 FCPATH\index.php(55): CodeIgniter\CodeIgniter->run()
10 SYSTEMPATH\Commands\Server\rewrite.php(46): require_once('FCPATH\\index.php')
CRITICAL - 2022-11-26 10:12:04 --> Undefined index: name
in APPPATH\Controllers\Lab.php on line 47.
 1 APPPATH\Controllers\Lab.php(47): CodeIgniter\Debug\Exceptions->errorHandler(8, 'Undefined index: name', 'APPPATH\\Controllers\\Lab.php', 47, [...])
 2 SYSTEMPATH\CodeIgniter.php(910): App\Controllers\Lab->uploadPdf()
 3 SYSTEMPATH\CodeIgniter.php(469): CodeIgniter\CodeIgniter->runController(Object(App\Controllers\Lab))
 4 SYSTEMPATH\CodeIgniter.php(352): CodeIgniter\CodeIgniter->handleRequest(null, Object(Config\Cache), false)
 5 FCPATH\index.php(55): CodeIgniter\CodeIgniter->run()
 6 SYSTEMPATH\Commands\Server\rewrite.php(46): require_once('FCPATH\\index.php')
CRITICAL - 2022-11-26 10:12:15 --> Undefined offset: 0
in APPPATH\Controllers\Lab.php on line 47.
 1 APPPATH\Controllers\Lab.php(47): CodeIgniter\Debug\Exceptions->errorHandler(8, 'Undefined offset: 0', 'APPPATH\\Controllers\\Lab.php', 47, [...])
 2 SYSTEMPATH\CodeIgniter.php(910): App\Controllers\Lab->uploadPdf()
 3 SYSTEMPATH\CodeIgniter.php(469): CodeIgniter\CodeIgniter->runController(Object(App\Controllers\Lab))
 4 SYSTEMPATH\CodeIgniter.php(352): CodeIgniter\CodeIgniter->handleRequest(null, Object(Config\Cache), false)
 5 FCPATH\index.php(55): CodeIgniter\CodeIgniter->run()
 6 SYSTEMPATH\Commands\Server\rewrite.php(46): require_once('FCPATH\\index.php')
CRITICAL - 2022-11-26 10:12:39 --> Undefined offset: 0
in APPPATH\Controllers\Lab.php on line 47.
 1 APPPATH\Controllers\Lab.php(47): CodeIgniter\Debug\Exceptions->errorHandler(8, 'Undefined offset: 0', 'APPPATH\\Controllers\\Lab.php', 47, [...])
 2 SYSTEMPATH\CodeIgniter.php(910): App\Controllers\Lab->uploadPdf()
 3 SYSTEMPATH\CodeIgniter.php(469): CodeIgniter\CodeIgniter->runController(Object(App\Controllers\Lab))
 4 SYSTEMPATH\CodeIgniter.php(352): CodeIgniter\CodeIgniter->handleRequest(null, Object(Config\Cache), false)
 5 FCPATH\index.php(55): CodeIgniter\CodeIgniter->run()
 6 SYSTEMPATH\Commands\Server\rewrite.php(46): require_once('FCPATH\\index.php')
CRITICAL - 2022-11-26 10:13:02 --> Undefined offset: 0
in APPPATH\Controllers\Lab.php on line 47.
 1 APPPATH\Controllers\Lab.php(47): CodeIgniter\Debug\Exceptions->errorHandler(8, 'Undefined offset: 0', 'APPPATH\\Controllers\\Lab.php', 47, [...])
 2 SYSTEMPATH\CodeIgniter.php(910): App\Controllers\Lab->uploadPdf()
 3 SYSTEMPATH\CodeIgniter.php(469): CodeIgniter\CodeIgniter->runController(Object(App\Controllers\Lab))
 4 SYSTEMPATH\CodeIgniter.php(352): CodeIgniter\CodeIgniter->handleRequest(null, Object(Config\Cache), false)
 5 FCPATH\index.php(55): CodeIgniter\CodeIgniter->run()
 6 SYSTEMPATH\Commands\Server\rewrite.php(46): require_once('FCPATH\\index.php')
CRITICAL - 2022-11-26 10:15:57 --> Undefined offset: 0
in APPPATH\Controllers\Lab.php on line 47.
 1 APPPATH\Controllers\Lab.php(47): CodeIgniter\Debug\Exceptions->errorHandler(8, 'Undefined offset: 0', 'APPPATH\\Controllers\\Lab.php', 47, [...])
 2 SYSTEMPATH\CodeIgniter.php(910): App\Controllers\Lab->uploadPdf()
 3 SYSTEMPATH\CodeIgniter.php(469): CodeIgniter\CodeIgniter->runController(Object(App\Controllers\Lab))
 4 SYSTEMPATH\CodeIgniter.php(352): CodeIgniter\CodeIgniter->handleRequest(null, Object(Config\Cache), false)
 5 FCPATH\index.php(55): CodeIgniter\CodeIgniter->run()
 6 SYSTEMPATH\Commands\Server\rewrite.php(46): require_once('FCPATH\\index.php')
CRITICAL - 2022-11-26 10:16:09 --> Undefined offset: 1
in APPPATH\Controllers\Lab.php on line 47.
 1 APPPATH\Controllers\Lab.php(47): CodeIgniter\Debug\Exceptions->errorHandler(8, 'Undefined offset: 1', 'APPPATH\\Controllers\\Lab.php', 47, [...])
 2 SYSTEMPATH\CodeIgniter.php(910): App\Controllers\Lab->uploadPdf()
 3 SYSTEMPATH\CodeIgniter.php(469): CodeIgniter\CodeIgniter->runController(Object(App\Controllers\Lab))
 4 SYSTEMPATH\CodeIgniter.php(352): CodeIgniter\CodeIgniter->handleRequest(null, Object(Config\Cache), false)
 5 FCPATH\index.php(55): CodeIgniter\CodeIgniter->run()
 6 SYSTEMPATH\Commands\Server\rewrite.php(46): require_once('FCPATH\\index.php')
CRITICAL - 2022-11-26 10:16:44 --> syntax error, unexpected ';', expecting ')'
in APPPATH\Controllers\Lab.php on line 47.
 1 SYSTEMPATH\Autoloader\Autoloader.php(261): CodeIgniter\Autoloader\Autoloader->includeFile('APPPATH\\Controllers\\Lab.php')
 2 SYSTEMPATH\Autoloader\Autoloader.php(239): CodeIgniter\Autoloader\Autoloader->loadInNamespace('App\\Controllers\\Lab')
 3 [internal function]: CodeIgniter\Autoloader\Autoloader->loadClass('App\\Controllers\\Lab')
 4 [internal function]: spl_autoload_call('App\\Controllers\\Lab')
 5 SYSTEMPATH\CodeIgniter.php(860): class_exists('\\App\\Controllers\\Lab', true)
 6 SYSTEMPATH\CodeIgniter.php(456): CodeIgniter\CodeIgniter->startController()
 7 SYSTEMPATH\CodeIgniter.php(352): CodeIgniter\CodeIgniter->handleRequest(null, Object(Config\Cache), false)
 8 FCPATH\index.php(55): CodeIgniter\CodeIgniter->run()
 9 SYSTEMPATH\Commands\Server\rewrite.php(46): require_once('FCPATH\\index.php')
CRITICAL - 2022-11-26 10:16:52 --> Undefined index: file
in APPPATH\Controllers\Lab.php on line 47.
 1 APPPATH\Controllers\Lab.php(47): CodeIgniter\Debug\Exceptions->errorHandler(8, 'Undefined index: file', 'APPPATH\\Controllers\\Lab.php', 47, [...])
 2 SYSTEMPATH\CodeIgniter.php(910): App\Controllers\Lab->uploadPdf()
 3 SYSTEMPATH\CodeIgniter.php(469): CodeIgniter\CodeIgniter->runController(Object(App\Controllers\Lab))
 4 SYSTEMPATH\CodeIgniter.php(352): CodeIgniter\CodeIgniter->handleRequest(null, Object(Config\Cache), false)
 5 FCPATH\index.php(55): CodeIgniter\CodeIgniter->run()
 6 SYSTEMPATH\Commands\Server\rewrite.php(46): require_once('FCPATH\\index.php')
