CRITICAL - 2022-10-31 01:24:18 --> Illegal string offset 'password'
in APPPATH\Views\patientDashboard\profile.php on line 36.
 1 APPPATH\Views\patientDashboard\profile.php(36): CodeIgniter\Debug\Exceptions->errorHandler(2, 'Illegal string offset \'password\'', 'APPPATH\\Views\\patientDashboard\\profile.php', 36, [...])
 2 SYSTEMPATH\View\View.php(213): include('APPPATH\\Views\\patientDashboard\\profile.php')
 3 SYSTEMPATH\View\View.php(216): CodeIgniter\View\View->CodeIgniter\View\{closure}()
 4 SYSTEMPATH\Common.php(1137): CodeIgniter\View\View->render('patientDashboard/profile', [], true)
 5 APPPATH\Controllers\PatientDash.php(269): view('patientDashboard/profile', [...])
 6 SYSTEMPATH\CodeIgniter.php(910): App\Controllers\PatientDash->profile()
 7 SYSTEMPATH\CodeIgniter.php(469): CodeIgniter\CodeIgniter->runController(Object(App\Controllers\PatientDash))
 8 SYSTEMPATH\CodeIgniter.php(352): CodeIgniter\CodeIgniter->handleRequest(null, Object(Config\Cache), false)
 9 FCPATH\index.php(55): CodeIgniter\CodeIgniter->run()
10 SYSTEMPATH\Commands\Server\rewrite.php(46): require_once('FCPATH\\index.php')
CRITICAL - 2022-10-31 01:31:34 --> Undefined variable: user_info
in APPPATH\Controllers\PatientDash.php on line 35.
 1 APPPATH\Controllers\PatientDash.php(35): CodeIgniter\Debug\Exceptions->errorHandler(8, 'Undefined variable: user_info', 'APPPATH\\Controllers\\PatientDash.php', 35, [...])
 2 SYSTEMPATH\CodeIgniter.php(910): App\Controllers\PatientDash->updatePassword()
 3 SYSTEMPATH\CodeIgniter.php(469): CodeIgniter\CodeIgniter->runController(Object(App\Controllers\PatientDash))
 4 SYSTEMPATH\CodeIgniter.php(352): CodeIgniter\CodeIgniter->handleRequest(null, Object(Config\Cache), false)
 5 FCPATH\index.php(55): CodeIgniter\CodeIgniter->run()
 6 SYSTEMPATH\Commands\Server\rewrite.php(46): require_once('FCPATH\\index.php')
CRITICAL - 2022-10-31 01:50:53 --> Cannot use object of type CodeIgniter\Validation\Validation as array
in APPPATH\Controllers\PatientDash.php on line 67.
 1 SYSTEMPATH\CodeIgniter.php(910): App\Controllers\PatientDash->updatePassword()
 2 SYSTEMPATH\CodeIgniter.php(469): CodeIgniter\CodeIgniter->runController(Object(App\Controllers\PatientDash))
 3 SYSTEMPATH\CodeIgniter.php(352): CodeIgniter\CodeIgniter->handleRequest(null, Object(Config\Cache), false)
 4 FCPATH\index.php(55): CodeIgniter\CodeIgniter->run()
 5 SYSTEMPATH\Commands\Server\rewrite.php(46): require_once('FCPATH\\index.php')
CRITICAL - 2022-10-31 03:57:23 --> Undefined variable: user_info
in APPPATH\Controllers\Appointment.php on line 11.
 1 APPPATH\Controllers\Appointment.php(11): CodeIgniter\Debug\Exceptions->errorHandler(8, 'Undefined variable: user_info', 'APPPATH\\Controllers\\Appointment.php', 11, [...])
 2 SYSTEMPATH\CodeIgniter.php(910): App\Controllers\Appointment->appointment()
 3 SYSTEMPATH\CodeIgniter.php(469): CodeIgniter\CodeIgniter->runController(Object(App\Controllers\Appointment))
 4 SYSTEMPATH\CodeIgniter.php(352): CodeIgniter\CodeIgniter->handleRequest(null, Object(Config\Cache), false)
 5 FCPATH\index.php(55): CodeIgniter\CodeIgniter->run()
 6 SYSTEMPATH\Commands\Server\rewrite.php(46): require_once('FCPATH\\index.php')
CRITICAL - 2022-10-31 21:42:25 --> Cannot redeclare App\Libraries\User::updatedAt()
in APPPATH\Libraries\User.php on line 67.
 1 [internal function]: CodeIgniter\Debug\Exceptions->shutdownHandler()
CRITICAL - 2022-10-31 21:42:27 --> Cannot redeclare App\Libraries\User::updatedAt()
in APPPATH\Libraries\User.php on line 67.
 1 [internal function]: CodeIgniter\Debug\Exceptions->shutdownHandler()
CRITICAL - 2022-10-31 21:42:52 --> Cannot redeclare App\Libraries\User::updatedAt()
in APPPATH\Libraries\User.php on line 67.
 1 [internal function]: CodeIgniter\Debug\Exceptions->shutdownHandler()
CRITICAL - 2022-10-31 22:26:49 --> Use of undefined constant DATE - assumed 'DATE' (this will throw an Error in a future version of PHP)
in APPPATH\Views\patientDashboard\appointment.php on line 25.
 1 APPPATH\Views\patientDashboard\appointment.php(25): CodeIgniter\Debug\Exceptions->errorHandler(2, 'Use of undefined constant DATE - assumed \'DATE\' (this will throw an Error in a future version of PHP)', 'APPPATH\\Views\\patientDashboard\\appointment.php', 25, [...])
 2 SYSTEMPATH\View\View.php(213): include('APPPATH\\Views\\patientDashboard\\appointment.php')
 3 SYSTEMPATH\View\View.php(216): CodeIgniter\View\View->CodeIgniter\View\{closure}()
 4 SYSTEMPATH\Common.php(1137): CodeIgniter\View\View->render('patientDashboard/appointment', [], true)
 5 APPPATH\Controllers\Appointment.php(15): view('patientDashboard/appointment', [...])
 6 SYSTEMPATH\CodeIgniter.php(910): App\Controllers\Appointment->appointment()
 7 SYSTEMPATH\CodeIgniter.php(469): CodeIgniter\CodeIgniter->runController(Object(App\Controllers\Appointment))
 8 SYSTEMPATH\CodeIgniter.php(352): CodeIgniter\CodeIgniter->handleRequest(null, Object(Config\Cache), false)
 9 FCPATH\index.php(55): CodeIgniter\CodeIgniter->run()
10 SYSTEMPATH\Commands\Server\rewrite.php(46): require_once('FCPATH\\index.php')
CRITICAL - 2022-10-31 22:26:55 --> Undefined variable: DATE
in APPPATH\Views\patientDashboard\appointment.php on line 25.
 1 APPPATH\Views\patientDashboard\appointment.php(25): CodeIgniter\Debug\Exceptions->errorHandler(8, 'Undefined variable: DATE', 'APPPATH\\Views\\patientDashboard\\appointment.php', 25, [...])
 2 SYSTEMPATH\View\View.php(213): include('APPPATH\\Views\\patientDashboard\\appointment.php')
 3 SYSTEMPATH\View\View.php(216): CodeIgniter\View\View->CodeIgniter\View\{closure}()
 4 SYSTEMPATH\Common.php(1137): CodeIgniter\View\View->render('patientDashboard/appointment', [], true)
 5 APPPATH\Controllers\Appointment.php(15): view('patientDashboard/appointment', [...])
 6 SYSTEMPATH\CodeIgniter.php(910): App\Controllers\Appointment->appointment()
 7 SYSTEMPATH\CodeIgniter.php(469): CodeIgniter\CodeIgniter->runController(Object(App\Controllers\Appointment))
 8 SYSTEMPATH\CodeIgniter.php(352): CodeIgniter\CodeIgniter->handleRequest(null, Object(Config\Cache), false)
 9 FCPATH\index.php(55): CodeIgniter\CodeIgniter->run()
10 SYSTEMPATH\Commands\Server\rewrite.php(46): require_once('FCPATH\\index.php')
