CRITICAL - 2022-12-08 11:35:04 --> Undefined index: ic
in APPPATH\Controllers\Appointment.php on line 116.
 1 APPPATH\Controllers\Appointment.php(116): CodeIgniter\Debug\Exceptions->errorHandler(8, 'Undefined index: ic', 'APPPATH\\Controllers\\Appointment.php', 116, [...])
 2 SYSTEMPATH\CodeIgniter.php(910): App\Controllers\Appointment->createAppointment()
 3 SYSTEMPATH\CodeIgniter.php(469): CodeIgniter\CodeIgniter->runController(Object(App\Controllers\Appointment))
 4 SYSTEMPATH\CodeIgniter.php(352): CodeIgniter\CodeIgniter->handleRequest(null, Object(Config\Cache), false)
 5 FCPATH\index.php(55): CodeIgniter\CodeIgniter->run()
 6 SYSTEMPATH\Commands\Server\rewrite.php(46): require_once('FCPATH\\index.php')
CRITICAL - 2022-12-08 11:44:23 --> Undefined variable: patient_key
in APPPATH\Controllers\Appointment.php on line 133.
 1 APPPATH\Controllers\Appointment.php(133): CodeIgniter\Debug\Exceptions->errorHandler(8, 'Undefined variable: patient_key', 'APPPATH\\Controllers\\Appointment.php', 133, [...])
 2 SYSTEMPATH\CodeIgniter.php(910): App\Controllers\Appointment->createAppointment()
 3 SYSTEMPATH\CodeIgniter.php(469): CodeIgniter\CodeIgniter->runController(Object(App\Controllers\Appointment))
 4 SYSTEMPATH\CodeIgniter.php(352): CodeIgniter\CodeIgniter->handleRequest(null, Object(Config\Cache), false)
 5 FCPATH\index.php(55): CodeIgniter\CodeIgniter->run()
 6 SYSTEMPATH\Commands\Server\rewrite.php(46): require_once('FCPATH\\index.php')
CRITICAL - 2022-12-08 05:05:22 --> Undefined index: grant
in APPPATH\Views\staff\panel.php on line 415.
 1 APPPATH\Views\staff\panel.php(415): CodeIgniter\Debug\Exceptions->errorHandler(8, 'Undefined index: grant', 'APPPATH\\Views\\staff\\panel.php', 415, [...])
 2 SYSTEMPATH\View\View.php(213): include('APPPATH\\Views\\staff\\panel.php')
 3 SYSTEMPATH\View\View.php(216): CodeIgniter\View\View->CodeIgniter\View\{closure}()
 4 SYSTEMPATH\Common.php(1137): CodeIgniter\View\View->render('staff/panel', [], true)
 5 APPPATH\Controllers\Patient.php(226): view('staff/panel', [...])
 6 SYSTEMPATH\CodeIgniter.php(910): App\Controllers\Patient->panel()
 7 SYSTEMPATH\CodeIgniter.php(469): CodeIgniter\CodeIgniter->runController(Object(App\Controllers\Patient))
 8 SYSTEMPATH\CodeIgniter.php(352): CodeIgniter\CodeIgniter->handleRequest(null, Object(Config\Cache), false)
 9 FCPATH\index.php(55): CodeIgniter\CodeIgniter->run()
10 SYSTEMPATH\Commands\Server\rewrite.php(46): require_once('FCPATH\\index.php')
CRITICAL - 2022-12-08 05:10:49 --> Undefined variable: allRecords
in APPPATH\Views\staff\panel.php on line 435.
 1 APPPATH\Views\staff\panel.php(435): CodeIgniter\Debug\Exceptions->errorHandler(8, 'Undefined variable: allRecords', 'APPPATH\\Views\\staff\\panel.php', 435, [...])
 2 SYSTEMPATH\View\View.php(213): include('APPPATH\\Views\\staff\\panel.php')
 3 SYSTEMPATH\View\View.php(216): CodeIgniter\View\View->CodeIgniter\View\{closure}()
 4 SYSTEMPATH\Common.php(1137): CodeIgniter\View\View->render('staff/panel', [], true)
 5 APPPATH\Controllers\Patient.php(226): view('staff/panel', [...])
 6 SYSTEMPATH\CodeIgniter.php(910): App\Controllers\Patient->panel()
 7 SYSTEMPATH\CodeIgniter.php(469): CodeIgniter\CodeIgniter->runController(Object(App\Controllers\Patient))
 8 SYSTEMPATH\CodeIgniter.php(352): CodeIgniter\CodeIgniter->handleRequest(null, Object(Config\Cache), false)
 9 FCPATH\index.php(55): CodeIgniter\CodeIgniter->run()
10 SYSTEMPATH\Commands\Server\rewrite.php(46): require_once('FCPATH\\index.php')
CRITICAL - 2022-12-08 05:18:48 --> Class 'App\Controllers\AdminLib' not found
in APPPATH\Controllers\Patient.php on line 220.
 1 SYSTEMPATH\CodeIgniter.php(910): App\Controllers\Patient->panel()
 2 SYSTEMPATH\CodeIgniter.php(469): CodeIgniter\CodeIgniter->runController(Object(App\Controllers\Patient))
 3 SYSTEMPATH\CodeIgniter.php(352): CodeIgniter\CodeIgniter->handleRequest(null, Object(Config\Cache), false)
 4 FCPATH\index.php(55): CodeIgniter\CodeIgniter->run()
 5 SYSTEMPATH\Commands\Server\rewrite.php(46): require_once('FCPATH\\index.php')
CRITICAL - 2022-12-08 05:19:10 --> Class 'App\Controllers\AdminLib' not found
in APPPATH\Controllers\Patient.php on line 220.
 1 SYSTEMPATH\CodeIgniter.php(910): App\Controllers\Patient->panel()
 2 SYSTEMPATH\CodeIgniter.php(469): CodeIgniter\CodeIgniter->runController(Object(App\Controllers\Patient))
 3 SYSTEMPATH\CodeIgniter.php(352): CodeIgniter\CodeIgniter->handleRequest(null, Object(Config\Cache), false)
 4 FCPATH\index.php(55): CodeIgniter\CodeIgniter->run()
 5 SYSTEMPATH\Commands\Server\rewrite.php(46): require_once('FCPATH\\index.php')
CRITICAL - 2022-12-08 05:19:34 --> Class 'App\Controllers\AdminLib' not found
in APPPATH\Controllers\Patient.php on line 220.
 1 SYSTEMPATH\CodeIgniter.php(910): App\Controllers\Patient->panel()
 2 SYSTEMPATH\CodeIgniter.php(469): CodeIgniter\CodeIgniter->runController(Object(App\Controllers\Patient))
 3 SYSTEMPATH\CodeIgniter.php(352): CodeIgniter\CodeIgniter->handleRequest(null, Object(Config\Cache), false)
 4 FCPATH\index.php(55): CodeIgniter\CodeIgniter->run()
 5 SYSTEMPATH\Commands\Server\rewrite.php(46): require_once('FCPATH\\index.php')
CRITICAL - 2022-12-08 05:19:50 --> Class 'App\Controllers\AdminLib' not found
in APPPATH\Controllers\Patient.php on line 220.
 1 SYSTEMPATH\CodeIgniter.php(910): App\Controllers\Patient->panel()
 2 SYSTEMPATH\CodeIgniter.php(469): CodeIgniter\CodeIgniter->runController(Object(App\Controllers\Patient))
 3 SYSTEMPATH\CodeIgniter.php(352): CodeIgniter\CodeIgniter->handleRequest(null, Object(Config\Cache), false)
 4 FCPATH\index.php(55): CodeIgniter\CodeIgniter->run()
 5 SYSTEMPATH\Commands\Server\rewrite.php(46): require_once('FCPATH\\index.php')
CRITICAL - 2022-12-08 05:20:04 --> Class 'App\Controllers\AdminLib' not found
in APPPATH\Controllers\Patient.php on line 220.
 1 SYSTEMPATH\CodeIgniter.php(910): App\Controllers\Patient->panel()
 2 SYSTEMPATH\CodeIgniter.php(469): CodeIgniter\CodeIgniter->runController(Object(App\Controllers\Patient))
 3 SYSTEMPATH\CodeIgniter.php(352): CodeIgniter\CodeIgniter->handleRequest(null, Object(Config\Cache), false)
 4 FCPATH\index.php(55): CodeIgniter\CodeIgniter->run()
 5 SYSTEMPATH\Commands\Server\rewrite.php(46): require_once('FCPATH\\index.php')
CRITICAL - 2022-12-08 05:31:22 --> Too few arguments to function App\Libraries\QueueLib::readQueueDataByPatientKey(), 1 passed in C:\xampp\htdocs\CodeIgniter4-develop\app\Controllers\Patient.php on line 271 and exactly 4 expected
in APPPATH\Libraries\QueueLib.php on line 332.
 1 APPPATH\Controllers\Patient.php(271): App\Libraries\QueueLib::readQueueDataByPatientKey('-NI58JnrgXRV70ipu9ND')
 2 SYSTEMPATH\CodeIgniter.php(910): App\Controllers\Patient->panel()
 3 SYSTEMPATH\CodeIgniter.php(469): CodeIgniter\CodeIgniter->runController(Object(App\Controllers\Patient))
 4 SYSTEMPATH\CodeIgniter.php(352): CodeIgniter\CodeIgniter->handleRequest(null, Object(Config\Cache), false)
 5 FCPATH\index.php(55): CodeIgniter\CodeIgniter->run()
 6 SYSTEMPATH\Commands\Server\rewrite.php(46): require_once('FCPATH\\index.php')
CRITICAL - 2022-12-08 05:32:04 --> Too few arguments to function App\Libraries\QueueLib::readQueueDataByPatientKey(), 1 passed in C:\xampp\htdocs\CodeIgniter4-develop\app\Controllers\Patient.php on line 271 and exactly 4 expected
in APPPATH\Libraries\QueueLib.php on line 332.
 1 APPPATH\Controllers\Patient.php(271): App\Libraries\QueueLib::readQueueDataByPatientKey('-NI58JnrgXRV70ipu9ND')
 2 SYSTEMPATH\CodeIgniter.php(910): App\Controllers\Patient->panel()
 3 SYSTEMPATH\CodeIgniter.php(469): CodeIgniter\CodeIgniter->runController(Object(App\Controllers\Patient))
 4 SYSTEMPATH\CodeIgniter.php(352): CodeIgniter\CodeIgniter->handleRequest(null, Object(Config\Cache), false)
 5 FCPATH\index.php(55): CodeIgniter\CodeIgniter->run()
 6 SYSTEMPATH\Commands\Server\rewrite.php(46): require_once('FCPATH\\index.php')
CRITICAL - 2022-12-08 07:52:07 --> Undefined index: name
in APPPATH\Views\staff\panel.php on line 552.
 1 APPPATH\Views\staff\panel.php(552): CodeIgniter\Debug\Exceptions->errorHandler(8, 'Undefined index: name', 'APPPATH\\Views\\staff\\panel.php', 552, [...])
 2 SYSTEMPATH\View\View.php(213): include('APPPATH\\Views\\staff\\panel.php')
 3 SYSTEMPATH\View\View.php(216): CodeIgniter\View\View->CodeIgniter\View\{closure}()
 4 SYSTEMPATH\Common.php(1137): CodeIgniter\View\View->render('staff/panel', [], true)
 5 APPPATH\Controllers\Patient.php(311): view('staff/panel', [...])
 6 SYSTEMPATH\CodeIgniter.php(910): App\Controllers\Patient->panel()
 7 SYSTEMPATH\CodeIgniter.php(469): CodeIgniter\CodeIgniter->runController(Object(App\Controllers\Patient))
 8 SYSTEMPATH\CodeIgniter.php(352): CodeIgniter\CodeIgniter->handleRequest(null, Object(Config\Cache), false)
 9 FCPATH\index.php(55): CodeIgniter\CodeIgniter->run()
10 SYSTEMPATH\Commands\Server\rewrite.php(46): require_once('FCPATH\\index.php')
CRITICAL - 2022-12-08 07:52:41 --> Undefined variable: allRecords2
in APPPATH\Views\staff\panel.php on line 564.
 1 APPPATH\Views\staff\panel.php(564): CodeIgniter\Debug\Exceptions->errorHandler(8, 'Undefined variable: allRecords2', 'APPPATH\\Views\\staff\\panel.php', 564, [...])
 2 SYSTEMPATH\View\View.php(213): include('APPPATH\\Views\\staff\\panel.php')
 3 SYSTEMPATH\View\View.php(216): CodeIgniter\View\View->CodeIgniter\View\{closure}()
 4 SYSTEMPATH\Common.php(1137): CodeIgniter\View\View->render('staff/panel', [], true)
 5 APPPATH\Controllers\Patient.php(311): view('staff/panel', [...])
 6 SYSTEMPATH\CodeIgniter.php(910): App\Controllers\Patient->panel()
 7 SYSTEMPATH\CodeIgniter.php(469): CodeIgniter\CodeIgniter->runController(Object(App\Controllers\Patient))
 8 SYSTEMPATH\CodeIgniter.php(352): CodeIgniter\CodeIgniter->handleRequest(null, Object(Config\Cache), false)
 9 FCPATH\index.php(55): CodeIgniter\CodeIgniter->run()
10 SYSTEMPATH\Commands\Server\rewrite.php(46): require_once('FCPATH\\index.php')
CRITICAL - 2022-12-08 08:04:44 --> Undefined variable: queueID
in APPPATH\Controllers\Patient.php on line 268.
 1 APPPATH\Controllers\Patient.php(268): CodeIgniter\Debug\Exceptions->errorHandler(8, 'Undefined variable: queueID', 'APPPATH\\Controllers\\Patient.php', 268, [...])
 2 SYSTEMPATH\CodeIgniter.php(910): App\Controllers\Patient->panel()
 3 SYSTEMPATH\CodeIgniter.php(469): CodeIgniter\CodeIgniter->runController(Object(App\Controllers\Patient))
 4 SYSTEMPATH\CodeIgniter.php(352): CodeIgniter\CodeIgniter->handleRequest(null, Object(Config\Cache), false)
 5 FCPATH\index.php(55): CodeIgniter\CodeIgniter->run()
 6 SYSTEMPATH\Commands\Server\rewrite.php(46): require_once('FCPATH\\index.php')
CRITICAL - 2022-12-08 08:05:32 --> Undefined index: queueID
in APPPATH\Libraries\QueueLib.php on line 386.
 1 APPPATH\Libraries\QueueLib.php(386): CodeIgniter\Debug\Exceptions->errorHandler(8, 'Undefined index: queueID', 'APPPATH\\Libraries\\QueueLib.php', 386, [...])
 2 APPPATH\Controllers\Patient.php(320): App\Libraries\QueueLib::readQueueDataByPatientKeyBySymp('queue', 1, 5, '-NI58JnrgXRV70ipu9ND')
 3 SYSTEMPATH\CodeIgniter.php(910): App\Controllers\Patient->panel()
 4 SYSTEMPATH\CodeIgniter.php(469): CodeIgniter\CodeIgniter->runController(Object(App\Controllers\Patient))
 5 SYSTEMPATH\CodeIgniter.php(352): CodeIgniter\CodeIgniter->handleRequest(null, Object(Config\Cache), false)
 6 FCPATH\index.php(55): CodeIgniter\CodeIgniter->run()
 7 SYSTEMPATH\Commands\Server\rewrite.php(46): require_once('FCPATH\\index.php')
CRITICAL - 2022-12-08 08:07:28 --> Undefined index: queueID
in APPPATH\Libraries\QueueLib.php on line 386.
 1 APPPATH\Libraries\QueueLib.php(386): CodeIgniter\Debug\Exceptions->errorHandler(8, 'Undefined index: queueID', 'APPPATH\\Libraries\\QueueLib.php', 386, [...])
 2 APPPATH\Controllers\Patient.php(320): App\Libraries\QueueLib::readQueueDataByPatientKeyBySymp('queue', 1, 5, '-NI58JnrgXRV70ipu9ND')
 3 SYSTEMPATH\CodeIgniter.php(910): App\Controllers\Patient->panel()
 4 SYSTEMPATH\CodeIgniter.php(469): CodeIgniter\CodeIgniter->runController(Object(App\Controllers\Patient))
 5 SYSTEMPATH\CodeIgniter.php(352): CodeIgniter\CodeIgniter->handleRequest(null, Object(Config\Cache), false)
 6 FCPATH\index.php(55): CodeIgniter\CodeIgniter->run()
 7 SYSTEMPATH\Commands\Server\rewrite.php(46): require_once('FCPATH\\index.php')
CRITICAL - 2022-12-08 08:08:45 --> Undefined variable: visitedRecord
in APPPATH\Controllers\Patient.php on line 327.
 1 APPPATH\Controllers\Patient.php(327): CodeIgniter\Debug\Exceptions->errorHandler(8, 'Undefined variable: visitedRecord', 'APPPATH\\Controllers\\Patient.php', 327, [...])
 2 SYSTEMPATH\CodeIgniter.php(910): App\Controllers\Patient->panel()
 3 SYSTEMPATH\CodeIgniter.php(469): CodeIgniter\CodeIgniter->runController(Object(App\Controllers\Patient))
 4 SYSTEMPATH\CodeIgniter.php(352): CodeIgniter\CodeIgniter->handleRequest(null, Object(Config\Cache), false)
 5 FCPATH\index.php(55): CodeIgniter\CodeIgniter->run()
 6 SYSTEMPATH\Commands\Server\rewrite.php(46): require_once('FCPATH\\index.php')
CRITICAL - 2022-12-08 08:09:42 --> Undefined variable: sympData
in APPPATH\Controllers\Patient.php on line 329.
 1 APPPATH\Controllers\Patient.php(329): CodeIgniter\Debug\Exceptions->errorHandler(8, 'Undefined variable: sympData', 'APPPATH\\Controllers\\Patient.php', 329, [...])
 2 SYSTEMPATH\CodeIgniter.php(910): App\Controllers\Patient->panel()
 3 SYSTEMPATH\CodeIgniter.php(469): CodeIgniter\CodeIgniter->runController(Object(App\Controllers\Patient))
 4 SYSTEMPATH\CodeIgniter.php(352): CodeIgniter\CodeIgniter->handleRequest(null, Object(Config\Cache), false)
 5 FCPATH\index.php(55): CodeIgniter\CodeIgniter->run()
 6 SYSTEMPATH\Commands\Server\rewrite.php(46): require_once('FCPATH\\index.php')
CRITICAL - 2022-12-08 08:09:56 --> Undefined index: name
in APPPATH\Views\staff\panel.php on line 552.
 1 APPPATH\Views\staff\panel.php(552): CodeIgniter\Debug\Exceptions->errorHandler(8, 'Undefined index: name', 'APPPATH\\Views\\staff\\panel.php', 552, [...])
 2 SYSTEMPATH\View\View.php(213): include('APPPATH\\Views\\staff\\panel.php')
 3 SYSTEMPATH\View\View.php(216): CodeIgniter\View\View->CodeIgniter\View\{closure}()
 4 SYSTEMPATH\Common.php(1137): CodeIgniter\View\View->render('staff/panel', [], true)
 5 APPPATH\Controllers\Patient.php(346): view('staff/panel', [...])
 6 SYSTEMPATH\CodeIgniter.php(910): App\Controllers\Patient->panel()
 7 SYSTEMPATH\CodeIgniter.php(469): CodeIgniter\CodeIgniter->runController(Object(App\Controllers\Patient))
 8 SYSTEMPATH\CodeIgniter.php(352): CodeIgniter\CodeIgniter->handleRequest(null, Object(Config\Cache), false)
 9 FCPATH\index.php(55): CodeIgniter\CodeIgniter->run()
10 SYSTEMPATH\Commands\Server\rewrite.php(46): require_once('FCPATH\\index.php')
CRITICAL - 2022-12-08 08:10:44 --> Undefined variable: row2
in APPPATH\Libraries\QueueLib.php on line 350.
 1 APPPATH\Libraries\QueueLib.php(350): CodeIgniter\Debug\Exceptions->errorHandler(8, 'Undefined variable: row2', 'APPPATH\\Libraries\\QueueLib.php', 350, [...])
 2 APPPATH\Controllers\Patient.php(320): App\Libraries\QueueLib::readQueueDataByPatientKey('queue', 1, 5, '-NI58JnrgXRV70ipu9ND')
 3 SYSTEMPATH\CodeIgniter.php(910): App\Controllers\Patient->panel()
 4 SYSTEMPATH\CodeIgniter.php(469): CodeIgniter\CodeIgniter->runController(Object(App\Controllers\Patient))
 5 SYSTEMPATH\CodeIgniter.php(352): CodeIgniter\CodeIgniter->handleRequest(null, Object(Config\Cache), false)
 6 FCPATH\index.php(55): CodeIgniter\CodeIgniter->run()
 7 SYSTEMPATH\Commands\Server\rewrite.php(46): require_once('FCPATH\\index.php')
CRITICAL - 2022-12-08 10:27:22 --> Class 'App\Controllers\AppointmentLib' not found
in APPPATH\Controllers\PatientDash.php on line 28.
 1 SYSTEMPATH\CodeIgniter.php(910): App\Controllers\PatientDash->history()
 2 SYSTEMPATH\CodeIgniter.php(469): CodeIgniter\CodeIgniter->runController(Object(App\Controllers\PatientDash))
 3 SYSTEMPATH\CodeIgniter.php(352): CodeIgniter\CodeIgniter->handleRequest(null, Object(Config\Cache), false)
 4 FCPATH\index.php(55): CodeIgniter\CodeIgniter->run()
 5 SYSTEMPATH\Commands\Server\rewrite.php(46): require_once('FCPATH\\index.php')
CRITICAL - 2022-12-08 10:28:00 --> Class 'App\Controllers\PaymentLib' not found
in APPPATH\Controllers\PatientDash.php on line 69.
 1 SYSTEMPATH\CodeIgniter.php(910): App\Controllers\PatientDash->history()
 2 SYSTEMPATH\CodeIgniter.php(469): CodeIgniter\CodeIgniter->runController(Object(App\Controllers\PatientDash))
 3 SYSTEMPATH\CodeIgniter.php(352): CodeIgniter\CodeIgniter->handleRequest(null, Object(Config\Cache), false)
 4 FCPATH\index.php(55): CodeIgniter\CodeIgniter->run()
 5 SYSTEMPATH\Commands\Server\rewrite.php(46): require_once('FCPATH\\index.php')
CRITICAL - 2022-12-08 10:42:35 --> Array to string conversion
in APPPATH\Views\patientDashboard\history.php on line 268.
 1 APPPATH\Views\patientDashboard\history.php(268): CodeIgniter\Debug\Exceptions->errorHandler(8, 'Array to string conversion', 'APPPATH\\Views\\patientDashboard\\history.php', 268, [...])
 2 SYSTEMPATH\View\View.php(213): include('APPPATH\\Views\\patientDashboard\\history.php')
 3 SYSTEMPATH\View\View.php(216): CodeIgniter\View\View->CodeIgniter\View\{closure}()
 4 SYSTEMPATH\Common.php(1137): CodeIgniter\View\View->render('patientDashboard/history', [], true)
 5 APPPATH\Controllers\PatientDash.php(93): view('patientDashboard/history', [...])
 6 SYSTEMPATH\CodeIgniter.php(910): App\Controllers\PatientDash->history()
 7 SYSTEMPATH\CodeIgniter.php(469): CodeIgniter\CodeIgniter->runController(Object(App\Controllers\PatientDash))
 8 SYSTEMPATH\CodeIgniter.php(352): CodeIgniter\CodeIgniter->handleRequest(null, Object(Config\Cache), false)
 9 FCPATH\index.php(55): CodeIgniter\CodeIgniter->run()
10 SYSTEMPATH\Commands\Server\rewrite.php(46): require_once('FCPATH\\index.php')
CRITICAL - 2022-12-08 10:43:11 --> Undefined index: payment
in APPPATH\Views\patientDashboard\history.php on line 299.
 1 APPPATH\Views\patientDashboard\history.php(299): CodeIgniter\Debug\Exceptions->errorHandler(8, 'Undefined index: payment', 'APPPATH\\Views\\patientDashboard\\history.php', 299, [...])
 2 SYSTEMPATH\View\View.php(213): include('APPPATH\\Views\\patientDashboard\\history.php')
 3 SYSTEMPATH\View\View.php(216): CodeIgniter\View\View->CodeIgniter\View\{closure}()
 4 SYSTEMPATH\Common.php(1137): CodeIgniter\View\View->render('patientDashboard/history', [], true)
 5 APPPATH\Controllers\PatientDash.php(93): view('patientDashboard/history', [...])
 6 SYSTEMPATH\CodeIgniter.php(910): App\Controllers\PatientDash->history()
 7 SYSTEMPATH\CodeIgniter.php(469): CodeIgniter\CodeIgniter->runController(Object(App\Controllers\PatientDash))
 8 SYSTEMPATH\CodeIgniter.php(352): CodeIgniter\CodeIgniter->handleRequest(null, Object(Config\Cache), false)
 9 FCPATH\index.php(55): CodeIgniter\CodeIgniter->run()
10 SYSTEMPATH\Commands\Server\rewrite.php(46): require_once('FCPATH\\index.php')
CRITICAL - 2022-12-08 10:43:50 --> syntax error, unexpected end of file
in APPPATH\Views\patientDashboard\history.php on line 374.
 1 SYSTEMPATH\View\View.php(216): CodeIgniter\View\View->CodeIgniter\View\{closure}()
 2 SYSTEMPATH\Common.php(1137): CodeIgniter\View\View->render('patientDashboard/history', [], true)
 3 APPPATH\Controllers\PatientDash.php(93): view('patientDashboard/history', [...])
 4 SYSTEMPATH\CodeIgniter.php(910): App\Controllers\PatientDash->history()
 5 SYSTEMPATH\CodeIgniter.php(469): CodeIgniter\CodeIgniter->runController(Object(App\Controllers\PatientDash))
 6 SYSTEMPATH\CodeIgniter.php(352): CodeIgniter\CodeIgniter->handleRequest(null, Object(Config\Cache), false)
 7 FCPATH\index.php(55): CodeIgniter\CodeIgniter->run()
 8 SYSTEMPATH\Commands\Server\rewrite.php(46): require_once('FCPATH\\index.php')
CRITICAL - 2022-12-08 20:22:46 --> Unable to connect to the API: cURL error 6: Could not resolve host: oauth2.googleapis.com (see https://curl.haxx.se/libcurl/c/libcurl-errors.html) for https://oauth2.googleapis.com/token
in VENDORPATH\kreait\firebase-php\src\Firebase\Exception\DatabaseApiExceptionConverter.php on line 36.
 1 VENDORPATH\kreait\firebase-php\src\Firebase\Database\ApiClient.php(180): Kreait\Firebase\Exception\DatabaseApiExceptionConverter->convertException(Object(GuzzleHttp\Exception\ConnectException))
 2 VENDORPATH\kreait\firebase-php\src\Firebase\Database\ApiClient.php(40): Kreait\Firebase\Database\ApiClient->requestApi('GET', '/patient')
 3 VENDORPATH\kreait\firebase-php\src\Firebase\Database\Reference.php(329): Kreait\Firebase\Database\ApiClient->get('/patient')
 4 VENDORPATH\kreait\firebase-php\src\Firebase\Database\Reference.php(296): Kreait\Firebase\Database\Reference->getSnapshot()
 5 APPPATH\Libraries\PatientLib.php(143): Kreait\Firebase\Database\Reference->getValue()
 6 APPPATH\Controllers\PatientDash.php(415): App\Libraries\PatientLib::readPatientKeyByIC('000701081002')
 7 SYSTEMPATH\CodeIgniter.php(910): App\Controllers\PatientDash->home()
 8 SYSTEMPATH\CodeIgniter.php(469): CodeIgniter\CodeIgniter->runController(Object(App\Controllers\PatientDash))
 9 SYSTEMPATH\CodeIgniter.php(352): CodeIgniter\CodeIgniter->handleRequest(null, Object(Config\Cache), false)
10 FCPATH\index.php(55): CodeIgniter\CodeIgniter->run()
11 SYSTEMPATH\Commands\Server\rewrite.php(46): require_once('FCPATH\\index.php')
