CRITICAL - 2022-11-05 05:36:25 --> Use of undefined constant fieldValue2 - assumed 'fieldValue2' (this will throw an Error in a future version of PHP)
in APPPATH\Views\admin\dashboard.php on line 700.
 1 APPPATH\Views\admin\dashboard.php(700): CodeIgniter\Debug\Exceptions->errorHandler(2, 'Use of undefined constant fieldValue2 - assumed \'fieldValue2\' (this will throw an Error in a future version of PHP)', 'APPPATH\\Views\\admin\\dashboard.php', 700, [...])
 2 SYSTEMPATH\View\View.php(213): include('APPPATH\\Views\\admin\\dashboard.php')
 3 SYSTEMPATH\View\View.php(216): CodeIgniter\View\View->CodeIgniter\View\{closure}()
 4 SYSTEMPATH\Common.php(1137): CodeIgniter\View\View->render('admin/dashboard', [], true)
 5 APPPATH\Controllers\Admin.php(131): view('admin/dashboard', [...])
 6 SYSTEMPATH\CodeIgniter.php(910): App\Controllers\Admin->manage()
 7 SYSTEMPATH\CodeIgniter.php(469): CodeIgniter\CodeIgniter->runController(Object(App\Controllers\Admin))
 8 SYSTEMPATH\CodeIgniter.php(352): CodeIgniter\CodeIgniter->handleRequest(null, Object(Config\Cache), false)
 9 FCPATH\index.php(55): CodeIgniter\CodeIgniter->run()
10 SYSTEMPATH\Commands\Server\rewrite.php(46): require_once('FCPATH\\index.php')
CRITICAL - 2022-11-05 10:07:38 --> Undefined index: contact
in APPPATH\Validation\RegisterRules.php on line 98.
 1 APPPATH\Validation\RegisterRules.php(98): CodeIgniter\Debug\Exceptions->errorHandler(8, 'Undefined index: contact', 'APPPATH\\Validation\\RegisterRules.php', 98, [...])
 2 SYSTEMPATH\Validation\Validation.php(308): App\Validation\RegisterRules->checkExistProfile('0108244650', 'contact,staff,0108244650', [...], null)
 3 SYSTEMPATH\Validation\Validation.php(175): CodeIgniter\Validation\Validation->processRules('contact', 'contact', '0108244650', [...], [...])
 4 SYSTEMPATH\Controller.php(140): CodeIgniter\Validation\Validation->run()
 5 APPPATH\Controllers\Admin.php(23): CodeIgniter\Controller->validate([...])
 6 SYSTEMPATH\CodeIgniter.php(910): App\Controllers\Admin->editEmployee()
 7 SYSTEMPATH\CodeIgniter.php(469): CodeIgniter\CodeIgniter->runController(Object(App\Controllers\Admin))
 8 SYSTEMPATH\CodeIgniter.php(352): CodeIgniter\CodeIgniter->handleRequest(null, Object(Config\Cache), false)
 9 FCPATH\index.php(55): CodeIgniter\CodeIgniter->run()
10 SYSTEMPATH\Commands\Server\rewrite.php(46): require_once('FCPATH\\index.php')
CRITICAL - 2022-11-05 10:27:33 --> Undefined variable: email
in APPPATH\Controllers\Admin.php on line 113.
 1 APPPATH\Controllers\Admin.php(113): CodeIgniter\Debug\Exceptions->errorHandler(8, 'Undefined variable: email', 'APPPATH\\Controllers\\Admin.php', 113, [...])
 2 SYSTEMPATH\CodeIgniter.php(910): App\Controllers\Admin->editEmployee()
 3 SYSTEMPATH\CodeIgniter.php(469): CodeIgniter\CodeIgniter->runController(Object(App\Controllers\Admin))
 4 SYSTEMPATH\CodeIgniter.php(352): CodeIgniter\CodeIgniter->handleRequest(null, Object(Config\Cache), false)
 5 FCPATH\index.php(55): CodeIgniter\CodeIgniter->run()
 6 SYSTEMPATH\Commands\Server\rewrite.php(46): require_once('FCPATH\\index.php')
CRITICAL - 2022-11-05 10:40:07 --> Undefined index: specialist
in APPPATH\Views\admin\dashboard.php on line 325.
 1 APPPATH\Views\admin\dashboard.php(325): CodeIgniter\Debug\Exceptions->errorHandler(8, 'Undefined index: specialist', 'APPPATH\\Views\\admin\\dashboard.php', 325, [...])
 2 SYSTEMPATH\View\View.php(213): include('APPPATH\\Views\\admin\\dashboard.php')
 3 SYSTEMPATH\View\View.php(216): CodeIgniter\View\View->CodeIgniter\View\{closure}()
 4 SYSTEMPATH\Common.php(1137): CodeIgniter\View\View->render('admin/dashboard', [], true)
 5 APPPATH\Controllers\Admin.php(390): view('admin/dashboard', [...])
 6 SYSTEMPATH\CodeIgniter.php(910): App\Controllers\Admin->manage()
 7 SYSTEMPATH\CodeIgniter.php(469): CodeIgniter\CodeIgniter->runController(Object(App\Controllers\Admin))
 8 SYSTEMPATH\CodeIgniter.php(352): CodeIgniter\CodeIgniter->handleRequest(null, Object(Config\Cache), false)
 9 FCPATH\index.php(55): CodeIgniter\CodeIgniter->run()
10 SYSTEMPATH\Commands\Server\rewrite.php(46): require_once('FCPATH\\index.php')
CRITICAL - 2022-11-05 10:41:15 --> Undefined index: specialist
in APPPATH\Views\admin\dashboard.php on line 325.
 1 APPPATH\Views\admin\dashboard.php(325): CodeIgniter\Debug\Exceptions->errorHandler(8, 'Undefined index: specialist', 'APPPATH\\Views\\admin\\dashboard.php', 325, [...])
 2 SYSTEMPATH\View\View.php(213): include('APPPATH\\Views\\admin\\dashboard.php')
 3 SYSTEMPATH\View\View.php(216): CodeIgniter\View\View->CodeIgniter\View\{closure}()
 4 SYSTEMPATH\Common.php(1137): CodeIgniter\View\View->render('admin/dashboard', [], true)
 5 APPPATH\Controllers\Admin.php(390): view('admin/dashboard', [...])
 6 SYSTEMPATH\CodeIgniter.php(910): App\Controllers\Admin->manage()
 7 SYSTEMPATH\CodeIgniter.php(469): CodeIgniter\CodeIgniter->runController(Object(App\Controllers\Admin))
 8 SYSTEMPATH\CodeIgniter.php(352): CodeIgniter\CodeIgniter->handleRequest(null, Object(Config\Cache), false)
 9 FCPATH\index.php(55): CodeIgniter\CodeIgniter->run()
10 SYSTEMPATH\Commands\Server\rewrite.php(46): require_once('FCPATH\\index.php')
CRITICAL - 2022-11-05 10:41:25 --> Undefined index: specialist
in APPPATH\Views\admin\dashboard.php on line 325.
 1 APPPATH\Views\admin\dashboard.php(325): CodeIgniter\Debug\Exceptions->errorHandler(8, 'Undefined index: specialist', 'APPPATH\\Views\\admin\\dashboard.php', 325, [...])
 2 SYSTEMPATH\View\View.php(213): include('APPPATH\\Views\\admin\\dashboard.php')
 3 SYSTEMPATH\View\View.php(216): CodeIgniter\View\View->CodeIgniter\View\{closure}()
 4 SYSTEMPATH\Common.php(1137): CodeIgniter\View\View->render('admin/dashboard', [], true)
 5 APPPATH\Controllers\Admin.php(390): view('admin/dashboard', [...])
 6 SYSTEMPATH\CodeIgniter.php(910): App\Controllers\Admin->manage()
 7 SYSTEMPATH\CodeIgniter.php(469): CodeIgniter\CodeIgniter->runController(Object(App\Controllers\Admin))
 8 SYSTEMPATH\CodeIgniter.php(352): CodeIgniter\CodeIgniter->handleRequest(null, Object(Config\Cache), false)
 9 FCPATH\index.php(55): CodeIgniter\CodeIgniter->run()
10 SYSTEMPATH\Commands\Server\rewrite.php(46): require_once('FCPATH\\index.php')
CRITICAL - 2022-11-05 10:41:27 --> Undefined index: specialist
in APPPATH\Views\admin\dashboard.php on line 325.
 1 APPPATH\Views\admin\dashboard.php(325): CodeIgniter\Debug\Exceptions->errorHandler(8, 'Undefined index: specialist', 'APPPATH\\Views\\admin\\dashboard.php', 325, [...])
 2 SYSTEMPATH\View\View.php(213): include('APPPATH\\Views\\admin\\dashboard.php')
 3 SYSTEMPATH\View\View.php(216): CodeIgniter\View\View->CodeIgniter\View\{closure}()
 4 SYSTEMPATH\Common.php(1137): CodeIgniter\View\View->render('admin/dashboard', [], true)
 5 APPPATH\Controllers\Admin.php(390): view('admin/dashboard', [...])
 6 SYSTEMPATH\CodeIgniter.php(910): App\Controllers\Admin->manage()
 7 SYSTEMPATH\CodeIgniter.php(469): CodeIgniter\CodeIgniter->runController(Object(App\Controllers\Admin))
 8 SYSTEMPATH\CodeIgniter.php(352): CodeIgniter\CodeIgniter->handleRequest(null, Object(Config\Cache), false)
 9 FCPATH\index.php(55): CodeIgniter\CodeIgniter->run()
10 SYSTEMPATH\Commands\Server\rewrite.php(46): require_once('FCPATH\\index.php')
CRITICAL - 2022-11-05 10:47:03 --> Undefined property: App\Controllers\Admin::$load
in APPPATH\Controllers\Admin.php on line 381.
 1 APPPATH\Controllers\Admin.php(381): CodeIgniter\Debug\Exceptions->errorHandler(8, 'Undefined property: App\\Controllers\\Admin::$load', 'APPPATH\\Controllers\\Admin.php', 381, [...])
 2 SYSTEMPATH\CodeIgniter.php(910): App\Controllers\Admin->manage()
 3 SYSTEMPATH\CodeIgniter.php(469): CodeIgniter\CodeIgniter->runController(Object(App\Controllers\Admin))
 4 SYSTEMPATH\CodeIgniter.php(352): CodeIgniter\CodeIgniter->handleRequest(null, Object(Config\Cache), false)
 5 FCPATH\index.php(55): CodeIgniter\CodeIgniter->run()
 6 SYSTEMPATH\Commands\Server\rewrite.php(46): require_once('FCPATH\\index.php')
CRITICAL - 2022-11-05 23:43:15 --> Cannot redeclare App\Controllers\Admin::read()
in APPPATH\Controllers\Admin.php on line 312.
 1 [internal function]: CodeIgniter\Debug\Exceptions->shutdownHandler()
