CRITICAL - 2022-12-01 21:14:33 --> Unable to connect to the API: cURL error 6: Could not resolve host: oauth2.googleapis.com (see https://curl.haxx.se/libcurl/c/libcurl-errors.html) for https://oauth2.googleapis.com/token
in VENDORPATH\kreait\firebase-php\src\Firebase\Exception\DatabaseApiExceptionConverter.php on line 36.
 1 VENDORPATH\kreait\firebase-php\src\Firebase\Database\ApiClient.php(180): Kreait\Firebase\Exception\DatabaseApiExceptionConverter->convertException(Object(GuzzleHttp\Exception\ConnectException))
 2 VENDORPATH\kreait\firebase-php\src\Firebase\Database\ApiClient.php(40): Kreait\Firebase\Database\ApiClient->requestApi('GET', '/queue')
 3 VENDORPATH\kreait\firebase-php\src\Firebase\Database\Reference.php(329): Kreait\Firebase\Database\ApiClient->get('/queue')
 4 VENDORPATH\kreait\firebase-php\src\Firebase\Database\Reference.php(296): Kreait\Firebase\Database\Reference->getSnapshot()
 5 APPPATH\Helpers\Form_helper.php(84): Kreait\Firebase\Database\Reference->getValue()
 6 APPPATH\Views\staff\overview.php(233): countQueue('progress', '2022-12-01')
 7 SYSTEMPATH\View\View.php(213): include('APPPATH\\Views\\staff\\overview.php')
 8 SYSTEMPATH\View\View.php(216): CodeIgniter\View\View->CodeIgniter\View\{closure}()
 9 SYSTEMPATH\Common.php(1137): CodeIgniter\View\View->render('staff/overview', [], true)
10 APPPATH\Controllers\Queue.php(107): view('staff/overview', [...])
11 SYSTEMPATH\CodeIgniter.php(910): App\Controllers\Queue->manage()
12 SYSTEMPATH\CodeIgniter.php(469): CodeIgniter\CodeIgniter->runController(Object(App\Controllers\Queue))
13 SYSTEMPATH\CodeIgniter.php(352): CodeIgniter\CodeIgniter->handleRequest(null, Object(Config\Cache), false)
14 FCPATH\index.php(55): CodeIgniter\CodeIgniter->run()
15 SYSTEMPATH\Commands\Server\rewrite.php(46): require_once('FCPATH\\index.php')
CRITICAL - 2022-12-01 21:14:34 --> Unable to connect to the API: cURL error 6: Could not resolve host: oauth2.googleapis.com (see https://curl.haxx.se/libcurl/c/libcurl-errors.html) for https://oauth2.googleapis.com/token
in VENDORPATH\kreait\firebase-php\src\Firebase\Exception\DatabaseApiExceptionConverter.php on line 36.
 1 VENDORPATH\kreait\firebase-php\src\Firebase\Database\ApiClient.php(180): Kreait\Firebase\Exception\DatabaseApiExceptionConverter->convertException(Object(GuzzleHttp\Exception\ConnectException))
 2 VENDORPATH\kreait\firebase-php\src\Firebase\Database\ApiClient.php(40): Kreait\Firebase\Database\ApiClient->requestApi('GET', '/queue')
 3 VENDORPATH\kreait\firebase-php\src\Firebase\Database\Reference.php(329): Kreait\Firebase\Database\ApiClient->get('/queue')
 4 VENDORPATH\kreait\firebase-php\src\Firebase\Database\Reference.php(296): Kreait\Firebase\Database\Reference->getSnapshot()
 5 APPPATH\Libraries\QueueLib.php(49): Kreait\Firebase\Database\Reference->getValue()
 6 APPPATH\Controllers\Queue.php(99): App\Libraries\QueueLib::readDataWaiting('2022-12-01')
 7 SYSTEMPATH\CodeIgniter.php(910): App\Controllers\Queue->manage()
 8 SYSTEMPATH\CodeIgniter.php(469): CodeIgniter\CodeIgniter->runController(Object(App\Controllers\Queue))
 9 SYSTEMPATH\CodeIgniter.php(352): CodeIgniter\CodeIgniter->handleRequest(null, Object(Config\Cache), false)
10 FCPATH\index.php(55): CodeIgniter\CodeIgniter->run()
11 SYSTEMPATH\Commands\Server\rewrite.php(46): require_once('FCPATH\\index.php')
CRITICAL - 2022-12-01 21:14:34 --> Unable to connect to the API: cURL error 6: Could not resolve host: oauth2.googleapis.com (see https://curl.haxx.se/libcurl/c/libcurl-errors.html) for https://oauth2.googleapis.com/token
in VENDORPATH\kreait\firebase-php\src\Firebase\Exception\DatabaseApiExceptionConverter.php on line 36.
 1 VENDORPATH\kreait\firebase-php\src\Firebase\Database\ApiClient.php(180): Kreait\Firebase\Exception\DatabaseApiExceptionConverter->convertException(Object(GuzzleHttp\Exception\ConnectException))
 2 VENDORPATH\kreait\firebase-php\src\Firebase\Database\ApiClient.php(40): Kreait\Firebase\Database\ApiClient->requestApi('GET', '/queue')
 3 VENDORPATH\kreait\firebase-php\src\Firebase\Database\Reference.php(329): Kreait\Firebase\Database\ApiClient->get('/queue')
 4 VENDORPATH\kreait\firebase-php\src\Firebase\Database\Reference.php(296): Kreait\Firebase\Database\Reference->getSnapshot()
 5 APPPATH\Libraries\QueueLib.php(49): Kreait\Firebase\Database\Reference->getValue()
 6 APPPATH\Controllers\Queue.php(99): App\Libraries\QueueLib::readDataWaiting('2022-12-01')
 7 SYSTEMPATH\CodeIgniter.php(910): App\Controllers\Queue->manage()
 8 SYSTEMPATH\CodeIgniter.php(469): CodeIgniter\CodeIgniter->runController(Object(App\Controllers\Queue))
 9 SYSTEMPATH\CodeIgniter.php(352): CodeIgniter\CodeIgniter->handleRequest(null, Object(Config\Cache), false)
10 FCPATH\index.php(55): CodeIgniter\CodeIgniter->run()
11 SYSTEMPATH\Commands\Server\rewrite.php(46): require_once('FCPATH\\index.php')
CRITICAL - 2022-12-01 21:14:34 --> Unable to connect to the API: cURL error 6: Could not resolve host: oauth2.googleapis.com (see https://curl.haxx.se/libcurl/c/libcurl-errors.html) for https://oauth2.googleapis.com/token
in VENDORPATH\kreait\firebase-php\src\Firebase\Exception\DatabaseApiExceptionConverter.php on line 36.
 1 VENDORPATH\kreait\firebase-php\src\Firebase\Database\ApiClient.php(180): Kreait\Firebase\Exception\DatabaseApiExceptionConverter->convertException(Object(GuzzleHttp\Exception\ConnectException))
 2 VENDORPATH\kreait\firebase-php\src\Firebase\Database\ApiClient.php(40): Kreait\Firebase\Database\ApiClient->requestApi('GET', '/queue')
 3 VENDORPATH\kreait\firebase-php\src\Firebase\Database\Reference.php(329): Kreait\Firebase\Database\ApiClient->get('/queue')
 4 VENDORPATH\kreait\firebase-php\src\Firebase\Database\Reference.php(296): Kreait\Firebase\Database\Reference->getSnapshot()
 5 APPPATH\Libraries\QueueLib.php(49): Kreait\Firebase\Database\Reference->getValue()
 6 APPPATH\Controllers\Queue.php(99): App\Libraries\QueueLib::readDataWaiting('2022-12-01')
 7 SYSTEMPATH\CodeIgniter.php(910): App\Controllers\Queue->manage()
 8 SYSTEMPATH\CodeIgniter.php(469): CodeIgniter\CodeIgniter->runController(Object(App\Controllers\Queue))
 9 SYSTEMPATH\CodeIgniter.php(352): CodeIgniter\CodeIgniter->handleRequest(null, Object(Config\Cache), false)
10 FCPATH\index.php(55): CodeIgniter\CodeIgniter->run()
11 SYSTEMPATH\Commands\Server\rewrite.php(46): require_once('FCPATH\\index.php')
CRITICAL - 2022-12-01 21:14:34 --> Unable to connect to the API: cURL error 6: Could not resolve host: oauth2.googleapis.com (see https://curl.haxx.se/libcurl/c/libcurl-errors.html) for https://oauth2.googleapis.com/token
in VENDORPATH\kreait\firebase-php\src\Firebase\Exception\DatabaseApiExceptionConverter.php on line 36.
 1 VENDORPATH\kreait\firebase-php\src\Firebase\Database\ApiClient.php(180): Kreait\Firebase\Exception\DatabaseApiExceptionConverter->convertException(Object(GuzzleHttp\Exception\ConnectException))
 2 VENDORPATH\kreait\firebase-php\src\Firebase\Database\ApiClient.php(40): Kreait\Firebase\Database\ApiClient->requestApi('GET', '/queue')
 3 VENDORPATH\kreait\firebase-php\src\Firebase\Database\Reference.php(329): Kreait\Firebase\Database\ApiClient->get('/queue')
 4 VENDORPATH\kreait\firebase-php\src\Firebase\Database\Reference.php(296): Kreait\Firebase\Database\Reference->getSnapshot()
 5 APPPATH\Libraries\QueueLib.php(49): Kreait\Firebase\Database\Reference->getValue()
 6 APPPATH\Controllers\Queue.php(99): App\Libraries\QueueLib::readDataWaiting('2022-12-01')
 7 SYSTEMPATH\CodeIgniter.php(910): App\Controllers\Queue->manage()
 8 SYSTEMPATH\CodeIgniter.php(469): CodeIgniter\CodeIgniter->runController(Object(App\Controllers\Queue))
 9 SYSTEMPATH\CodeIgniter.php(352): CodeIgniter\CodeIgniter->handleRequest(null, Object(Config\Cache), false)
10 FCPATH\index.php(55): CodeIgniter\CodeIgniter->run()
11 SYSTEMPATH\Commands\Server\rewrite.php(46): require_once('FCPATH\\index.php')
CRITICAL - 2022-12-01 21:16:33 --> Unable to connect to the API: cURL error 28: Connection timed out after 15014 milliseconds (see https://curl.haxx.se/libcurl/c/libcurl-errors.html) for https://online-clinic-demo-default-rtdb.asia-southeast1.firebasedatabase.app/queue.json
in VENDORPATH\kreait\firebase-php\src\Firebase\Exception\DatabaseApiExceptionConverter.php on line 36.
 1 VENDORPATH\kreait\firebase-php\src\Firebase\Database\ApiClient.php(180): Kreait\Firebase\Exception\DatabaseApiExceptionConverter->convertException(Object(GuzzleHttp\Exception\ConnectException))
 2 VENDORPATH\kreait\firebase-php\src\Firebase\Database\ApiClient.php(40): Kreait\Firebase\Database\ApiClient->requestApi('GET', '/queue')
 3 VENDORPATH\kreait\firebase-php\src\Firebase\Database\Reference.php(329): Kreait\Firebase\Database\ApiClient->get('/queue')
 4 VENDORPATH\kreait\firebase-php\src\Firebase\Database\Reference.php(296): Kreait\Firebase\Database\Reference->getSnapshot()
 5 APPPATH\Helpers\Form_helper.php(84): Kreait\Firebase\Database\Reference->getValue()
 6 APPPATH\Views\staff\overview.php(233): countQueue('progress', '2022-12-01')
 7 SYSTEMPATH\View\View.php(213): include('APPPATH\\Views\\staff\\overview.php')
 8 SYSTEMPATH\View\View.php(216): CodeIgniter\View\View->CodeIgniter\View\{closure}()
 9 SYSTEMPATH\Common.php(1137): CodeIgniter\View\View->render('staff/overview', [], true)
10 APPPATH\Controllers\Queue.php(107): view('staff/overview', [...])
11 SYSTEMPATH\CodeIgniter.php(910): App\Controllers\Queue->manage()
12 SYSTEMPATH\CodeIgniter.php(469): CodeIgniter\CodeIgniter->runController(Object(App\Controllers\Queue))
13 SYSTEMPATH\CodeIgniter.php(352): CodeIgniter\CodeIgniter->handleRequest(null, Object(Config\Cache), false)
14 FCPATH\index.php(55): CodeIgniter\CodeIgniter->run()
15 SYSTEMPATH\Commands\Server\rewrite.php(46): require_once('FCPATH\\index.php')
CRITICAL - 2022-12-01 21:16:56 --> Unable to connect to the API: cURL error 28: Connection timed out after 15008 milliseconds (see https://curl.haxx.se/libcurl/c/libcurl-errors.html) for https://online-clinic-demo-default-rtdb.asia-southeast1.firebasedatabase.app/queue.json
in VENDORPATH\kreait\firebase-php\src\Firebase\Exception\DatabaseApiExceptionConverter.php on line 36.
 1 VENDORPATH\kreait\firebase-php\src\Firebase\Database\ApiClient.php(180): Kreait\Firebase\Exception\DatabaseApiExceptionConverter->convertException(Object(GuzzleHttp\Exception\ConnectException))
 2 VENDORPATH\kreait\firebase-php\src\Firebase\Database\ApiClient.php(40): Kreait\Firebase\Database\ApiClient->requestApi('GET', '/queue')
 3 VENDORPATH\kreait\firebase-php\src\Firebase\Database\Reference.php(329): Kreait\Firebase\Database\ApiClient->get('/queue')
 4 VENDORPATH\kreait\firebase-php\src\Firebase\Database\Reference.php(296): Kreait\Firebase\Database\Reference->getSnapshot()
 5 APPPATH\Libraries\QueueLib.php(49): Kreait\Firebase\Database\Reference->getValue()
 6 APPPATH\Controllers\Queue.php(99): App\Libraries\QueueLib::readDataWaiting('2022-12-01')
 7 SYSTEMPATH\CodeIgniter.php(910): App\Controllers\Queue->manage()
 8 SYSTEMPATH\CodeIgniter.php(469): CodeIgniter\CodeIgniter->runController(Object(App\Controllers\Queue))
 9 SYSTEMPATH\CodeIgniter.php(352): CodeIgniter\CodeIgniter->handleRequest(null, Object(Config\Cache), false)
10 FCPATH\index.php(55): CodeIgniter\CodeIgniter->run()
11 SYSTEMPATH\Commands\Server\rewrite.php(46): require_once('FCPATH\\index.php')
CRITICAL - 2022-12-01 21:18:36 --> Unable to connect to the API: cURL error 28: Connection timed out after 15008 milliseconds (see https://curl.haxx.se/libcurl/c/libcurl-errors.html) for https://online-clinic-demo-default-rtdb.asia-southeast1.firebasedatabase.app/patient.json
in VENDORPATH\kreait\firebase-php\src\Firebase\Exception\DatabaseApiExceptionConverter.php on line 36.
 1 VENDORPATH\kreait\firebase-php\src\Firebase\Database\ApiClient.php(180): Kreait\Firebase\Exception\DatabaseApiExceptionConverter->convertException(Object(GuzzleHttp\Exception\ConnectException))
 2 VENDORPATH\kreait\firebase-php\src\Firebase\Database\ApiClient.php(40): Kreait\Firebase\Database\ApiClient->requestApi('GET', '/patient')
 3 VENDORPATH\kreait\firebase-php\src\Firebase\Database\Reference.php(329): Kreait\Firebase\Database\ApiClient->get('/patient')
 4 VENDORPATH\kreait\firebase-php\src\Firebase\Database\Reference.php(296): Kreait\Firebase\Database\Reference->getSnapshot()
 5 APPPATH\Helpers\Form_helper.php(301): Kreait\Firebase\Database\Reference->getValue()
 6 APPPATH\Views\staff\overview.php(207): getPatientInfoByEmail('-NI58JnrgXRV70ipu9ND', 'gender')
 7 SYSTEMPATH\View\View.php(213): include('APPPATH\\Views\\staff\\overview.php')
 8 SYSTEMPATH\View\View.php(216): CodeIgniter\View\View->CodeIgniter\View\{closure}()
 9 SYSTEMPATH\Common.php(1137): CodeIgniter\View\View->render('staff/overview', [], true)
10 APPPATH\Controllers\Queue.php(107): view('staff/overview', [...])
11 SYSTEMPATH\CodeIgniter.php(910): App\Controllers\Queue->manage()
12 SYSTEMPATH\CodeIgniter.php(469): CodeIgniter\CodeIgniter->runController(Object(App\Controllers\Queue))
13 SYSTEMPATH\CodeIgniter.php(352): CodeIgniter\CodeIgniter->handleRequest(null, Object(Config\Cache), false)
14 FCPATH\index.php(55): CodeIgniter\CodeIgniter->run()
15 SYSTEMPATH\Commands\Server\rewrite.php(46): require_once('FCPATH\\index.php')
CRITICAL - 2022-12-01 07:18:48 --> Unable to connect to the API: cURL error 35: OpenSSL SSL_connect: Connection was reset in connection to online-clinic-demo-default-rtdb.asia-southeast1.firebasedatabase.app:443  (see https://curl.haxx.se/libcurl/c/libcurl-errors.html) for https://online-clinic-demo-default-rtdb.asia-southeast1.firebasedatabase.app/appointment.json
in VENDORPATH\kreait\firebase-php\src\Firebase\Exception\DatabaseApiExceptionConverter.php on line 36.
 1 VENDORPATH\kreait\firebase-php\src\Firebase\Database\ApiClient.php(180): Kreait\Firebase\Exception\DatabaseApiExceptionConverter->convertException(Object(GuzzleHttp\Exception\ConnectException))
 2 VENDORPATH\kreait\firebase-php\src\Firebase\Database\ApiClient.php(40): Kreait\Firebase\Database\ApiClient->requestApi('GET', '/appointment')
 3 VENDORPATH\kreait\firebase-php\src\Firebase\Database\Reference.php(329): Kreait\Firebase\Database\ApiClient->get('/appointment')
 4 VENDORPATH\kreait\firebase-php\src\Firebase\Database\Reference.php(296): Kreait\Firebase\Database\Reference->getSnapshot()
 5 APPPATH\Helpers\Form_helper.php(185): Kreait\Firebase\Database\Reference->getValue()
 6 APPPATH\Views\staff\index.php(41): countRecord('appointment', 'status', 'pending')
 7 SYSTEMPATH\View\View.php(213): include('APPPATH\\Views\\staff\\index.php')
 8 SYSTEMPATH\View\View.php(216): CodeIgniter\View\View->CodeIgniter\View\{closure}()
 9 SYSTEMPATH\Common.php(1137): CodeIgniter\View\View->render('staff/index', [], true)
10 APPPATH\Controllers\Staff.php(919): view('staff/index', [...])
11 SYSTEMPATH\CodeIgniter.php(910): App\Controllers\Staff->home()
12 SYSTEMPATH\CodeIgniter.php(469): CodeIgniter\CodeIgniter->runController(Object(App\Controllers\Staff))
13 SYSTEMPATH\CodeIgniter.php(352): CodeIgniter\CodeIgniter->handleRequest(null, Object(Config\Cache), false)
14 FCPATH\index.php(55): CodeIgniter\CodeIgniter->run()
15 SYSTEMPATH\Commands\Server\rewrite.php(46): require_once('FCPATH\\index.php')
