CRITICAL - 2022-11-29 11:20:12 --> Undefined index: desc
in APPPATH\Views\staff\holiday.php on line 59.
 1 APPPATH\Views\staff\holiday.php(59): CodeIgniter\Debug\Exceptions->errorHandler(8, 'Undefined index: desc', 'APPPATH\\Views\\staff\\holiday.php', 59, [...])
 2 SYSTEMPATH\View\View.php(213): include('APPPATH\\Views\\staff\\holiday.php')
 3 SYSTEMPATH\View\View.php(216): CodeIgniter\View\View->CodeIgniter\View\{closure}()
 4 SYSTEMPATH\Common.php(1137): CodeIgniter\View\View->render('staff/holiday', [], true)
 5 APPPATH\Controllers\Staff.php(70): view('staff/holiday', [...])
 6 SYSTEMPATH\CodeIgniter.php(910): App\Controllers\Staff->holiday()
 7 SYSTEMPATH\CodeIgniter.php(469): CodeIgniter\CodeIgniter->runController(Object(App\Controllers\Staff))
 8 SYSTEMPATH\CodeIgniter.php(352): CodeIgniter\CodeIgniter->handleRequest(null, Object(Config\Cache), false)
 9 FCPATH\index.php(55): CodeIgniter\CodeIgniter->run()
10 SYSTEMPATH\Commands\Server\rewrite.php(46): require_once('FCPATH\\index.php')
CRITICAL - 2022-11-29 11:22:08 --> Undefined index: key
in APPPATH\Views\staff\holiday.php on line 61.
 1 APPPATH\Views\staff\holiday.php(61): CodeIgniter\Debug\Exceptions->errorHandler(8, 'Undefined index: key', 'APPPATH\\Views\\staff\\holiday.php', 61, [...])
 2 SYSTEMPATH\View\View.php(213): include('APPPATH\\Views\\staff\\holiday.php')
 3 SYSTEMPATH\View\View.php(216): CodeIgniter\View\View->CodeIgniter\View\{closure}()
 4 SYSTEMPATH\Common.php(1137): CodeIgniter\View\View->render('staff/holiday', [], true)
 5 APPPATH\Controllers\Staff.php(70): view('staff/holiday', [...])
 6 SYSTEMPATH\CodeIgniter.php(910): App\Controllers\Staff->holiday()
 7 SYSTEMPATH\CodeIgniter.php(469): CodeIgniter\CodeIgniter->runController(Object(App\Controllers\Staff))
 8 SYSTEMPATH\CodeIgniter.php(352): CodeIgniter\CodeIgniter->handleRequest(null, Object(Config\Cache), false)
 9 FCPATH\index.php(55): CodeIgniter\CodeIgniter->run()
10 SYSTEMPATH\Commands\Server\rewrite.php(46): require_once('FCPATH\\index.php')
CRITICAL - 2022-11-29 11:24:47 --> Undefined index: key
in APPPATH\Views\staff\holiday.php on line 61.
 1 APPPATH\Views\staff\holiday.php(61): CodeIgniter\Debug\Exceptions->errorHandler(8, 'Undefined index: key', 'APPPATH\\Views\\staff\\holiday.php', 61, [...])
 2 SYSTEMPATH\View\View.php(213): include('APPPATH\\Views\\staff\\holiday.php')
 3 SYSTEMPATH\View\View.php(216): CodeIgniter\View\View->CodeIgniter\View\{closure}()
 4 SYSTEMPATH\Common.php(1137): CodeIgniter\View\View->render('staff/holiday', [], true)
 5 APPPATH\Controllers\Staff.php(70): view('staff/holiday', [...])
 6 SYSTEMPATH\CodeIgniter.php(910): App\Controllers\Staff->holiday()
 7 SYSTEMPATH\CodeIgniter.php(469): CodeIgniter\CodeIgniter->runController(Object(App\Controllers\Staff))
 8 SYSTEMPATH\CodeIgniter.php(352): CodeIgniter\CodeIgniter->handleRequest(null, Object(Config\Cache), false)
 9 FCPATH\index.php(55): CodeIgniter\CodeIgniter->run()
10 SYSTEMPATH\Commands\Server\rewrite.php(46): require_once('FCPATH\\index.php')
CRITICAL - 2022-11-29 19:41:42 --> A non well formed numeric value encountered
in APPPATH\Controllers\Payment.php on line 79.
 1 APPPATH\Controllers\Payment.php(79): CodeIgniter\Debug\Exceptions->errorHandler(8, 'A non well formed numeric value encountered', 'APPPATH\\Controllers\\Payment.php', 79, [...])
 2 SYSTEMPATH\CodeIgniter.php(910): App\Controllers\Payment->processPayment()
 3 SYSTEMPATH\CodeIgniter.php(469): CodeIgniter\CodeIgniter->runController(Object(App\Controllers\Payment))
 4 SYSTEMPATH\CodeIgniter.php(352): CodeIgniter\CodeIgniter->handleRequest(null, Object(Config\Cache), false)
 5 FCPATH\index.php(55): CodeIgniter\CodeIgniter->run()
 6 SYSTEMPATH\Commands\Server\rewrite.php(46): require_once('FCPATH\\index.php')
