CRITICAL - 2022-11-08 01:04:07 --> Undefined variable: userInfo
in APPPATH\Views\layout\staffdashboard-layout.php on line 72.
 1 APPPATH\Views\layout\staffdashboard-layout.php(72): CodeIgniter\Debug\Exceptions->errorHandler(8, 'Undefined variable: userInfo', 'APPPATH\\Views\\layout\\staffdashboard-layout.php', 72, [])
 2 SYSTEMPATH\View\View.php(213): include('APPPATH\\Views\\layout\\staffdashboard-layout.php')
 3 SYSTEMPATH\View\View.php(216): CodeIgniter\View\View->CodeIgniter\View\{closure}()
 4 SYSTEMPATH\View\View.php(229): CodeIgniter\View\View->render('layout/staffdashboard-layout', [], true)
 5 SYSTEMPATH\Common.php(1137): CodeIgniter\View\View->render('staff/pending', [], true)
 6 APPPATH\Controllers\Staff.php(14): view('staff/pending')
 7 SYSTEMPATH\CodeIgniter.php(910): App\Controllers\Staff->pending()
 8 SYSTEMPATH\CodeIgniter.php(469): CodeIgniter\CodeIgniter->runController(Object(App\Controllers\Staff))
 9 SYSTEMPATH\CodeIgniter.php(352): CodeIgniter\CodeIgniter->handleRequest(null, Object(Config\Cache), false)
10 FCPATH\index.php(55): CodeIgniter\CodeIgniter->run()
11 SYSTEMPATH\Commands\Server\rewrite.php(46): require_once('FCPATH\\index.php')
CRITICAL - 2022-11-08 01:28:13 --> Call to undefined method App\Libraries\StaffLib::paginationRecord()
in APPPATH\Controllers\Staff.php on line 39.
 1 SYSTEMPATH\CodeIgniter.php(910): App\Controllers\Staff->pending()
 2 SYSTEMPATH\CodeIgniter.php(469): CodeIgniter\CodeIgniter->runController(Object(App\Controllers\Staff))
 3 SYSTEMPATH\CodeIgniter.php(352): CodeIgniter\CodeIgniter->handleRequest(null, Object(Config\Cache), false)
 4 FCPATH\index.php(55): CodeIgniter\CodeIgniter->run()
 5 SYSTEMPATH\Commands\Server\rewrite.php(46): require_once('FCPATH\\index.php')
CRITICAL - 2022-11-08 01:37:35 --> Undefined index: email
in APPPATH\Views\staff\pending.php on line 319.
 1 APPPATH\Views\staff\pending.php(319): CodeIgniter\Debug\Exceptions->errorHandler(8, 'Undefined index: email', 'APPPATH\\Views\\staff\\pending.php', 319, [...])
 2 SYSTEMPATH\View\View.php(213): include('APPPATH\\Views\\staff\\pending.php')
 3 SYSTEMPATH\View\View.php(216): CodeIgniter\View\View->CodeIgniter\View\{closure}()
 4 SYSTEMPATH\Common.php(1137): CodeIgniter\View\View->render('staff/pending', [], true)
 5 APPPATH\Controllers\Staff.php(57): view('staff/pending', [...])
 6 SYSTEMPATH\CodeIgniter.php(910): App\Controllers\Staff->pending()
 7 SYSTEMPATH\CodeIgniter.php(469): CodeIgniter\CodeIgniter->runController(Object(App\Controllers\Staff))
 8 SYSTEMPATH\CodeIgniter.php(352): CodeIgniter\CodeIgniter->handleRequest(null, Object(Config\Cache), false)
 9 FCPATH\index.php(55): CodeIgniter\CodeIgniter->run()
10 SYSTEMPATH\Commands\Server\rewrite.php(46): require_once('FCPATH\\index.php')
CRITICAL - 2022-11-08 03:11:50 --> session_start(): A session had already been started - ignoring
in APPPATH\Controllers\Staff.php on line 17.
 1 [internal function]: CodeIgniter\Debug\Exceptions->errorHandler(8, 'session_start(): A session had already been started - ignoring', 'APPPATH\\Controllers\\Staff.php', 17, [])
 2 APPPATH\Controllers\Staff.php(17): session_start()
 3 SYSTEMPATH\CodeIgniter.php(910): App\Controllers\Staff->pending()
 4 SYSTEMPATH\CodeIgniter.php(469): CodeIgniter\CodeIgniter->runController(Object(App\Controllers\Staff))
 5 SYSTEMPATH\CodeIgniter.php(352): CodeIgniter\CodeIgniter->handleRequest(null, Object(Config\Cache), false)
 6 FCPATH\index.php(55): CodeIgniter\CodeIgniter->run()
 7 SYSTEMPATH\Commands\Server\rewrite.php(46): require_once('FCPATH\\index.php')
CRITICAL - 2022-11-08 04:46:33 --> Undefined index: statuss
in APPPATH\Libraries\StaffLib.php on line 22.
 1 APPPATH\Libraries\StaffLib.php(22): CodeIgniter\Debug\Exceptions->errorHandler(8, 'Undefined index: statuss', 'APPPATH\\Libraries\\StaffLib.php', 22, [...])
 2 APPPATH\Controllers\Staff.php(55): App\Libraries\StaffLib::paginationRecord('appointment', 1, 5, 'statuss', 'pending')
 3 SYSTEMPATH\CodeIgniter.php(910): App\Controllers\Staff->pending()
 4 SYSTEMPATH\CodeIgniter.php(469): CodeIgniter\CodeIgniter->runController(Object(App\Controllers\Staff))
 5 SYSTEMPATH\CodeIgniter.php(352): CodeIgniter\CodeIgniter->handleRequest(null, Object(Config\Cache), false)
 6 FCPATH\index.php(55): CodeIgniter\CodeIgniter->run()
 7 SYSTEMPATH\Commands\Server\rewrite.php(46): require_once('FCPATH\\index.php')
CRITICAL - 2022-11-08 05:48:27 --> Undefined index: Date
in APPPATH\Libraries\StaffLib.php on line 57.
 1 APPPATH\Libraries\StaffLib.php(57): CodeIgniter\Debug\Exceptions->errorHandler(8, 'Undefined index: Date', 'APPPATH\\Libraries\\StaffLib.php', 57, [...])
 2 APPPATH\Controllers\Staff.php(69): App\Libraries\StaffLib::paginationRecordSearchIC('appointment', 1, 5, 'Date', '200202', 'status', 'pending')
 3 SYSTEMPATH\CodeIgniter.php(910): App\Controllers\Staff->pending()
 4 SYSTEMPATH\CodeIgniter.php(469): CodeIgniter\CodeIgniter->runController(Object(App\Controllers\Staff))
 5 SYSTEMPATH\CodeIgniter.php(352): CodeIgniter\CodeIgniter->handleRequest(null, Object(Config\Cache), false)
 6 FCPATH\index.php(55): CodeIgniter\CodeIgniter->run()
 7 SYSTEMPATH\Commands\Server\rewrite.php(46): require_once('FCPATH\\index.php')
CRITICAL - 2022-11-08 06:49:08 --> Use of undefined constant ss - assumed 'ss' (this will throw an Error in a future version of PHP)
in APPPATH\Views\staff\pending.php on line 398.
 1 APPPATH\Views\staff\pending.php(398): CodeIgniter\Debug\Exceptions->errorHandler(2, 'Use of undefined constant ss - assumed \'ss\' (this will throw an Error in a future version of PHP)', 'APPPATH\\Views\\staff\\pending.php', 398, [...])
 2 SYSTEMPATH\View\View.php(213): include('APPPATH\\Views\\staff\\pending.php')
 3 SYSTEMPATH\View\View.php(216): CodeIgniter\View\View->CodeIgniter\View\{closure}()
 4 SYSTEMPATH\Common.php(1137): CodeIgniter\View\View->render('staff/pending', [], true)
 5 APPPATH\Controllers\Staff.php(88): view('staff/pending', [...])
 6 SYSTEMPATH\CodeIgniter.php(910): App\Controllers\Staff->pending()
 7 SYSTEMPATH\CodeIgniter.php(469): CodeIgniter\CodeIgniter->runController(Object(App\Controllers\Staff))
 8 SYSTEMPATH\CodeIgniter.php(352): CodeIgniter\CodeIgniter->handleRequest(null, Object(Config\Cache), false)
 9 FCPATH\index.php(55): CodeIgniter\CodeIgniter->run()
10 SYSTEMPATH\Commands\Server\rewrite.php(46): require_once('FCPATH\\index.php')
