CRITICAL - 2022-12-09 01:06:31 --> Non-static method App\Libraries\ReportLib::countTopThreeWalkingServices() should not be called statically
in APPPATH\Controllers\Staff.php on line 923.
 1 APPPATH\Controllers\Staff.php(923): CodeIgniter\Debug\Exceptions->errorHandler(8192, 'Non-static method App\\Libraries\\ReportLib::countTopThreeWalkingServices() should not be called statically', 'APPPATH\\Controllers\\Staff.php', 923, [...])
 2 SYSTEMPATH\CodeIgniter.php(910): App\Controllers\Staff->home()
 3 SYSTEMPATH\CodeIgniter.php(469): CodeIgniter\CodeIgniter->runController(Object(App\Controllers\Staff))
 4 SYSTEMPATH\CodeIgniter.php(352): CodeIgniter\CodeIgniter->handleRequest(null, Object(Config\Cache), false)
 5 FCPATH\index.php(55): CodeIgniter\CodeIgniter->run()
 6 SYSTEMPATH\Commands\Server\rewrite.php(46): require_once('FCPATH\\index.php')
CRITICAL - 2022-12-09 01:18:41 --> Undefined variable: subtotal2
in APPPATH\Views\staff\toPayment.php on line 163.
 1 APPPATH\Views\staff\toPayment.php(163): CodeIgniter\Debug\Exceptions->errorHandler(8, 'Undefined variable: subtotal2', 'APPPATH\\Views\\staff\\toPayment.php', 163, [...])
 2 SYSTEMPATH\View\View.php(213): include('APPPATH\\Views\\staff\\toPayment.php')
 3 SYSTEMPATH\View\View.php(216): CodeIgniter\View\View->CodeIgniter\View\{closure}()
 4 SYSTEMPATH\Common.php(1137): CodeIgniter\View\View->render('staff/toPayment', [], true)
 5 APPPATH\Controllers\Checkout.php(377): view('staff/toPayment', [...])
 6 SYSTEMPATH\CodeIgniter.php(910): App\Controllers\Checkout->toPayment()
 7 SYSTEMPATH\CodeIgniter.php(469): CodeIgniter\CodeIgniter->runController(Object(App\Controllers\Checkout))
 8 SYSTEMPATH\CodeIgniter.php(352): CodeIgniter\CodeIgniter->handleRequest(null, Object(Config\Cache), false)
 9 FCPATH\index.php(55): CodeIgniter\CodeIgniter->run()
10 SYSTEMPATH\Commands\Server\rewrite.php(46): require_once('FCPATH\\index.php')
CRITICAL - 2022-12-09 01:20:00 --> Undefined variable: subtotal2
in APPPATH\Views\staff\toPayment.php on line 178.
 1 APPPATH\Views\staff\toPayment.php(178): CodeIgniter\Debug\Exceptions->errorHandler(8, 'Undefined variable: subtotal2', 'APPPATH\\Views\\staff\\toPayment.php', 178, [...])
 2 SYSTEMPATH\View\View.php(213): include('APPPATH\\Views\\staff\\toPayment.php')
 3 SYSTEMPATH\View\View.php(216): CodeIgniter\View\View->CodeIgniter\View\{closure}()
 4 SYSTEMPATH\Common.php(1137): CodeIgniter\View\View->render('staff/toPayment', [], true)
 5 APPPATH\Controllers\Checkout.php(377): view('staff/toPayment', [...])
 6 SYSTEMPATH\CodeIgniter.php(910): App\Controllers\Checkout->toPayment()
 7 SYSTEMPATH\CodeIgniter.php(469): CodeIgniter\CodeIgniter->runController(Object(App\Controllers\Checkout))
 8 SYSTEMPATH\CodeIgniter.php(352): CodeIgniter\CodeIgniter->handleRequest(null, Object(Config\Cache), false)
 9 FCPATH\index.php(55): CodeIgniter\CodeIgniter->run()
10 SYSTEMPATH\Commands\Server\rewrite.php(46): require_once('FCPATH\\index.php')
CRITICAL - 2022-12-09 04:09:28 --> Undefined variable: subtotal2
in APPPATH\Views\staff\visitDetails.php on line 158.
 1 APPPATH\Views\staff\visitDetails.php(158): CodeIgniter\Debug\Exceptions->errorHandler(8, 'Undefined variable: subtotal2', 'APPPATH\\Views\\staff\\visitDetails.php', 158, [...])
 2 SYSTEMPATH\View\View.php(213): include('APPPATH\\Views\\staff\\visitDetails.php')
 3 SYSTEMPATH\View\View.php(216): CodeIgniter\View\View->CodeIgniter\View\{closure}()
 4 SYSTEMPATH\Common.php(1137): CodeIgniter\View\View->render('staff/visitDetails', [], true)
 5 APPPATH\Controllers\Patient.php(259): view('staff/visitDetails', [...])
 6 SYSTEMPATH\CodeIgniter.php(910): App\Controllers\Patient->visitDetails()
 7 SYSTEMPATH\CodeIgniter.php(469): CodeIgniter\CodeIgniter->runController(Object(App\Controllers\Patient))
 8 SYSTEMPATH\CodeIgniter.php(352): CodeIgniter\CodeIgniter->handleRequest(null, Object(Config\Cache), false)
 9 FCPATH\index.php(55): CodeIgniter\CodeIgniter->run()
10 SYSTEMPATH\Commands\Server\rewrite.php(46): require_once('FCPATH\\index.php')
CRITICAL - 2022-12-09 23:49:03 --> Undefined index: services
in APPPATH\Controllers\Staff.php on line 934.
 1 APPPATH\Controllers\Staff.php(934): CodeIgniter\Debug\Exceptions->errorHandler(8, 'Undefined index: services', 'APPPATH\\Controllers\\Staff.php', 934, [...])
 2 SYSTEMPATH\CodeIgniter.php(910): App\Controllers\Staff->home()
 3 SYSTEMPATH\CodeIgniter.php(469): CodeIgniter\CodeIgniter->runController(Object(App\Controllers\Staff))
 4 SYSTEMPATH\CodeIgniter.php(352): CodeIgniter\CodeIgniter->handleRequest(null, Object(Config\Cache), false)
 5 FCPATH\index.php(55): CodeIgniter\CodeIgniter->run()
 6 SYSTEMPATH\Commands\Server\rewrite.php(46): require_once('FCPATH\\index.php')
