CRITICAL - 2022-11-02 10:30:08 --> Trying to access array offset on value of type bool
in APPPATH\Views\layout\dashboard-layout.php on line 185.
 1 APPPATH\Views\layout\dashboard-layout.php(185): CodeIgniter\Debug\Exceptions->errorHandler(8, 'Trying to access array offset on value of type bool', 'APPPATH\\Views\\layout\\dashboard-layout.php', 185, [...])
 2 SYSTEMPATH\View\View.php(213): include('APPPATH\\Views\\layout\\dashboard-layout.php')
 3 SYSTEMPATH\View\View.php(216): CodeIgniter\View\View->CodeIgniter\View\{closure}()
 4 SYSTEMPATH\View\View.php(229): CodeIgniter\View\View->render('layout/dashboard-layout', [], true)
 5 SYSTEMPATH\Common.php(1137): CodeIgniter\View\View->render('patientDashboard/appointment', [], true)
 6 APPPATH\Controllers\Appointment.php(17): view('patientDashboard/appointment', [...])
 7 SYSTEMPATH\CodeIgniter.php(910): App\Controllers\Appointment->appointment()
 8 SYSTEMPATH\CodeIgniter.php(469): CodeIgniter\CodeIgniter->runController(Object(App\Controllers\Appointment))
 9 SYSTEMPATH\CodeIgniter.php(352): CodeIgniter\CodeIgniter->handleRequest(null, Object(Config\Cache), false)
10 FCPATH\index.php(55): CodeIgniter\CodeIgniter->run()
11 SYSTEMPATH\Commands\Server\rewrite.php(46): require_once('FCPATH\\index.php')
CRITICAL - 2022-11-02 10:30:09 --> Trying to access array offset on value of type bool
in APPPATH\Views\layout\dashboard-layout.php on line 185.
 1 APPPATH\Views\layout\dashboard-layout.php(185): CodeIgniter\Debug\Exceptions->errorHandler(8, 'Trying to access array offset on value of type bool', 'APPPATH\\Views\\layout\\dashboard-layout.php', 185, [...])
 2 SYSTEMPATH\View\View.php(213): include('APPPATH\\Views\\layout\\dashboard-layout.php')
 3 SYSTEMPATH\View\View.php(216): CodeIgniter\View\View->CodeIgniter\View\{closure}()
 4 SYSTEMPATH\View\View.php(229): CodeIgniter\View\View->render('layout/dashboard-layout', [], true)
 5 SYSTEMPATH\Common.php(1137): CodeIgniter\View\View->render('patientDashboard/appointment', [], true)
 6 APPPATH\Controllers\Appointment.php(17): view('patientDashboard/appointment', [...])
 7 SYSTEMPATH\CodeIgniter.php(910): App\Controllers\Appointment->appointment()
 8 SYSTEMPATH\CodeIgniter.php(469): CodeIgniter\CodeIgniter->runController(Object(App\Controllers\Appointment))
 9 SYSTEMPATH\CodeIgniter.php(352): CodeIgniter\CodeIgniter->handleRequest(null, Object(Config\Cache), false)
10 FCPATH\index.php(55): CodeIgniter\CodeIgniter->run()
11 SYSTEMPATH\Commands\Server\rewrite.php(46): require_once('FCPATH\\index.php')
CRITICAL - 2022-11-02 10:30:10 --> Trying to access array offset on value of type bool
in APPPATH\Views\layout\dashboard-layout.php on line 185.
 1 APPPATH\Views\layout\dashboard-layout.php(185): CodeIgniter\Debug\Exceptions->errorHandler(8, 'Trying to access array offset on value of type bool', 'APPPATH\\Views\\layout\\dashboard-layout.php', 185, [...])
 2 SYSTEMPATH\View\View.php(213): include('APPPATH\\Views\\layout\\dashboard-layout.php')
 3 SYSTEMPATH\View\View.php(216): CodeIgniter\View\View->CodeIgniter\View\{closure}()
 4 SYSTEMPATH\View\View.php(229): CodeIgniter\View\View->render('layout/dashboard-layout', [], true)
 5 SYSTEMPATH\Common.php(1137): CodeIgniter\View\View->render('patientDashboard/appointment', [], true)
 6 APPPATH\Controllers\Appointment.php(17): view('patientDashboard/appointment', [...])
 7 SYSTEMPATH\CodeIgniter.php(910): App\Controllers\Appointment->appointment()
 8 SYSTEMPATH\CodeIgniter.php(469): CodeIgniter\CodeIgniter->runController(Object(App\Controllers\Appointment))
 9 SYSTEMPATH\CodeIgniter.php(352): CodeIgniter\CodeIgniter->handleRequest(null, Object(Config\Cache), false)
10 FCPATH\index.php(55): CodeIgniter\CodeIgniter->run()
11 SYSTEMPATH\Commands\Server\rewrite.php(46): require_once('FCPATH\\index.php')
CRITICAL - 2022-11-02 10:30:11 --> Trying to access array offset on value of type bool
in APPPATH\Views\layout\dashboard-layout.php on line 185.
 1 APPPATH\Views\layout\dashboard-layout.php(185): CodeIgniter\Debug\Exceptions->errorHandler(8, 'Trying to access array offset on value of type bool', 'APPPATH\\Views\\layout\\dashboard-layout.php', 185, [...])
 2 SYSTEMPATH\View\View.php(213): include('APPPATH\\Views\\layout\\dashboard-layout.php')
 3 SYSTEMPATH\View\View.php(216): CodeIgniter\View\View->CodeIgniter\View\{closure}()
 4 SYSTEMPATH\View\View.php(229): CodeIgniter\View\View->render('layout/dashboard-layout', [], true)
 5 SYSTEMPATH\Common.php(1137): CodeIgniter\View\View->render('patientDashboard/appointment', [], true)
 6 APPPATH\Controllers\Appointment.php(17): view('patientDashboard/appointment', [...])
 7 SYSTEMPATH\CodeIgniter.php(910): App\Controllers\Appointment->appointment()
 8 SYSTEMPATH\CodeIgniter.php(469): CodeIgniter\CodeIgniter->runController(Object(App\Controllers\Appointment))
 9 SYSTEMPATH\CodeIgniter.php(352): CodeIgniter\CodeIgniter->handleRequest(null, Object(Config\Cache), false)
10 FCPATH\index.php(55): CodeIgniter\CodeIgniter->run()
11 SYSTEMPATH\Commands\Server\rewrite.php(46): require_once('FCPATH\\index.php')
CRITICAL - 2022-11-02 10:30:12 --> Trying to access array offset on value of type bool
in APPPATH\Views\layout\dashboard-layout.php on line 185.
 1 APPPATH\Views\layout\dashboard-layout.php(185): CodeIgniter\Debug\Exceptions->errorHandler(8, 'Trying to access array offset on value of type bool', 'APPPATH\\Views\\layout\\dashboard-layout.php', 185, [...])
 2 SYSTEMPATH\View\View.php(213): include('APPPATH\\Views\\layout\\dashboard-layout.php')
 3 SYSTEMPATH\View\View.php(216): CodeIgniter\View\View->CodeIgniter\View\{closure}()
 4 SYSTEMPATH\View\View.php(229): CodeIgniter\View\View->render('layout/dashboard-layout', [], true)
 5 SYSTEMPATH\Common.php(1137): CodeIgniter\View\View->render('patientDashboard/appointment', [], true)
 6 APPPATH\Controllers\Appointment.php(17): view('patientDashboard/appointment', [...])
 7 SYSTEMPATH\CodeIgniter.php(910): App\Controllers\Appointment->appointment()
 8 SYSTEMPATH\CodeIgniter.php(469): CodeIgniter\CodeIgniter->runController(Object(App\Controllers\Appointment))
 9 SYSTEMPATH\CodeIgniter.php(352): CodeIgniter\CodeIgniter->handleRequest(null, Object(Config\Cache), false)
10 FCPATH\index.php(55): CodeIgniter\CodeIgniter->run()
11 SYSTEMPATH\Commands\Server\rewrite.php(46): require_once('FCPATH\\index.php')
CRITICAL - 2022-11-02 06:03:14 --> syntax error, unexpected ')'
in APPPATH\Controllers\Appointment.php on line 236.
 1 SYSTEMPATH\Autoloader\Autoloader.php(261): CodeIgniter\Autoloader\Autoloader->includeFile('APPPATH\\Controllers\\Appointment.php')
 2 SYSTEMPATH\Autoloader\Autoloader.php(239): CodeIgniter\Autoloader\Autoloader->loadInNamespace('App\\Controllers\\Appointment')
 3 [internal function]: CodeIgniter\Autoloader\Autoloader->loadClass('App\\Controllers\\Appointment')
 4 [internal function]: spl_autoload_call('App\\Controllers\\Appointment')
 5 SYSTEMPATH\CodeIgniter.php(860): class_exists('\\App\\Controllers\\Appointment', true)
 6 SYSTEMPATH\CodeIgniter.php(456): CodeIgniter\CodeIgniter->startController()
 7 SYSTEMPATH\CodeIgniter.php(352): CodeIgniter\CodeIgniter->handleRequest(null, Object(Config\Cache), false)
 8 FCPATH\index.php(55): CodeIgniter\CodeIgniter->run()
 9 SYSTEMPATH\Commands\Server\rewrite.php(46): require_once('FCPATH\\index.php')
CRITICAL - 2022-11-02 06:03:48 --> Undefined variable: checkFieldValue
in APPPATH\Controllers\Appointment.php on line 40.
 1 APPPATH\Controllers\Appointment.php(40): CodeIgniter\Debug\Exceptions->errorHandler(8, 'Undefined variable: checkFieldValue', 'APPPATH\\Controllers\\Appointment.php', 40, [...])
 2 SYSTEMPATH\CodeIgniter.php(910): App\Controllers\Appointment->makeAppointment()
 3 SYSTEMPATH\CodeIgniter.php(469): CodeIgniter\CodeIgniter->runController(Object(App\Controllers\Appointment))
 4 SYSTEMPATH\CodeIgniter.php(352): CodeIgniter\CodeIgniter->handleRequest(null, Object(Config\Cache), false)
 5 FCPATH\index.php(55): CodeIgniter\CodeIgniter->run()
 6 SYSTEMPATH\Commands\Server\rewrite.php(46): require_once('FCPATH\\index.php')
CRITICAL - 2022-11-02 06:07:49 --> Invalid file: errors/error_500.php
in SYSTEMPATH\Exceptions\FrameworkException.php on line 33.
 1 SYSTEMPATH\View\View.php(201): CodeIgniter\Exceptions\FrameworkException::forInvalidFile('errors/error_500.php')
 2 SYSTEMPATH\Common.php(1137): CodeIgniter\View\View->render('errors/error_500', [], true)
 3 APPPATH\Controllers\Appointment.php(216): view('errors/error_500', [...])
 4 SYSTEMPATH\CodeIgniter.php(910): App\Controllers\Appointment->makeAppointment()
 5 SYSTEMPATH\CodeIgniter.php(469): CodeIgniter\CodeIgniter->runController(Object(App\Controllers\Appointment))
 6 SYSTEMPATH\CodeIgniter.php(352): CodeIgniter\CodeIgniter->handleRequest(null, Object(Config\Cache), false)
 7 FCPATH\index.php(55): CodeIgniter\CodeIgniter->run()
 8 SYSTEMPATH\Commands\Server\rewrite.php(46): require_once('FCPATH\\index.php')
CRITICAL - 2022-11-02 06:08:07 --> Invalid file: errors/error_500.php
in SYSTEMPATH\Exceptions\FrameworkException.php on line 33.
 1 SYSTEMPATH\View\View.php(201): CodeIgniter\Exceptions\FrameworkException::forInvalidFile('errors/error_500.php')
 2 SYSTEMPATH\Common.php(1137): CodeIgniter\View\View->render('errors/error_500', [], true)
 3 APPPATH\Controllers\Appointment.php(216): view('errors/error_500', [...])
 4 SYSTEMPATH\CodeIgniter.php(910): App\Controllers\Appointment->makeAppointment()
 5 SYSTEMPATH\CodeIgniter.php(469): CodeIgniter\CodeIgniter->runController(Object(App\Controllers\Appointment))
 6 SYSTEMPATH\CodeIgniter.php(352): CodeIgniter\CodeIgniter->handleRequest(null, Object(Config\Cache), false)
 7 FCPATH\index.php(55): CodeIgniter\CodeIgniter->run()
 8 SYSTEMPATH\Commands\Server\rewrite.php(46): require_once('FCPATH\\index.php')
CRITICAL - 2022-11-02 06:08:10 --> Invalid file: errors/error_500.php
in SYSTEMPATH\Exceptions\FrameworkException.php on line 33.
 1 SYSTEMPATH\View\View.php(201): CodeIgniter\Exceptions\FrameworkException::forInvalidFile('errors/error_500.php')
 2 SYSTEMPATH\Common.php(1137): CodeIgniter\View\View->render('errors/error_500', [], true)
 3 APPPATH\Controllers\Appointment.php(216): view('errors/error_500', [...])
 4 SYSTEMPATH\CodeIgniter.php(910): App\Controllers\Appointment->makeAppointment()
 5 SYSTEMPATH\CodeIgniter.php(469): CodeIgniter\CodeIgniter->runController(Object(App\Controllers\Appointment))
 6 SYSTEMPATH\CodeIgniter.php(352): CodeIgniter\CodeIgniter->handleRequest(null, Object(Config\Cache), false)
 7 FCPATH\index.php(55): CodeIgniter\CodeIgniter->run()
 8 SYSTEMPATH\Commands\Server\rewrite.php(46): require_once('FCPATH\\index.php')
CRITICAL - 2022-11-02 06:08:22 --> Invalid file: errors/error_500.php
in SYSTEMPATH\Exceptions\FrameworkException.php on line 33.
 1 SYSTEMPATH\View\View.php(201): CodeIgniter\Exceptions\FrameworkException::forInvalidFile('errors/error_500.php')
 2 SYSTEMPATH\Common.php(1137): CodeIgniter\View\View->render('errors/error_500', [], true)
 3 APPPATH\Controllers\Appointment.php(216): view('errors/error_500', [...])
 4 SYSTEMPATH\CodeIgniter.php(910): App\Controllers\Appointment->makeAppointment()
 5 SYSTEMPATH\CodeIgniter.php(469): CodeIgniter\CodeIgniter->runController(Object(App\Controllers\Appointment))
 6 SYSTEMPATH\CodeIgniter.php(352): CodeIgniter\CodeIgniter->handleRequest(null, Object(Config\Cache), false)
 7 FCPATH\index.php(55): CodeIgniter\CodeIgniter->run()
 8 SYSTEMPATH\Commands\Server\rewrite.php(46): require_once('FCPATH\\index.php')
CRITICAL - 2022-11-02 20:37:16 --> date_valid is not a valid rule.
in SYSTEMPATH\Validation\Validation.php on line 316.
 1 SYSTEMPATH\Validation\Validation.php(316): CodeIgniter\Validation\Exceptions\ValidationException::forRuleNotFound('date_valid')
 2 SYSTEMPATH\Validation\Validation.php(175): CodeIgniter\Validation\Validation->processRules('appdate', 'appdate', '2022-11-18', [...], [...])
 3 SYSTEMPATH\Controller.php(140): CodeIgniter\Validation\Validation->run()
 4 APPPATH\Controllers\Appointment.php(183): CodeIgniter\Controller->validate([...])
 5 SYSTEMPATH\CodeIgniter.php(910): App\Controllers\Appointment->makeAppointment()
 6 SYSTEMPATH\CodeIgniter.php(469): CodeIgniter\CodeIgniter->runController(Object(App\Controllers\Appointment))
 7 SYSTEMPATH\CodeIgniter.php(352): CodeIgniter\CodeIgniter->handleRequest(null, Object(Config\Cache), false)
 8 FCPATH\index.php(55): CodeIgniter\CodeIgniter->run()
 9 SYSTEMPATH\Commands\Server\rewrite.php(46): require_once('FCPATH\\index.php')
CRITICAL - 2022-11-02 20:44:56 --> date_valid is not a valid rule.
in SYSTEMPATH\Validation\Validation.php on line 316.
 1 SYSTEMPATH\Validation\Validation.php(316): CodeIgniter\Validation\Exceptions\ValidationException::forRuleNotFound('date_valid')
 2 SYSTEMPATH\Validation\Validation.php(175): CodeIgniter\Validation\Validation->processRules('appdate', 'appdate', '2022-11-18', [...], [...])
 3 SYSTEMPATH\Controller.php(140): CodeIgniter\Validation\Validation->run()
 4 APPPATH\Controllers\Appointment.php(57): CodeIgniter\Controller->validate([...])
 5 SYSTEMPATH\CodeIgniter.php(910): App\Controllers\Appointment->makeAppointment()
 6 SYSTEMPATH\CodeIgniter.php(469): CodeIgniter\CodeIgniter->runController(Object(App\Controllers\Appointment))
 7 SYSTEMPATH\CodeIgniter.php(352): CodeIgniter\CodeIgniter->handleRequest(null, Object(Config\Cache), false)
 8 FCPATH\index.php(55): CodeIgniter\CodeIgniter->run()
 9 SYSTEMPATH\Commands\Server\rewrite.php(46): require_once('FCPATH\\index.php')
CRITICAL - 2022-11-02 07:55:14 --> Call to undefined function App\Controllers\checkFieldValue()
in APPPATH\Controllers\Appointment.php on line 38.
 1 SYSTEMPATH\CodeIgniter.php(910): App\Controllers\Appointment->makeAppointment()
 2 SYSTEMPATH\CodeIgniter.php(469): CodeIgniter\CodeIgniter->runController(Object(App\Controllers\Appointment))
 3 SYSTEMPATH\CodeIgniter.php(352): CodeIgniter\CodeIgniter->handleRequest(null, Object(Config\Cache), false)
 4 FCPATH\index.php(55): CodeIgniter\CodeIgniter->run()
 5 SYSTEMPATH\Commands\Server\rewrite.php(46): require_once('FCPATH\\index.php')
CRITICAL - 2022-11-02 07:56:22 --> Return value of App\Controllers\Appointment::checkFieldValue() must be of the type int, string returned
in APPPATH\Controllers\Appointment.php on line 484.
 1 APPPATH\Controllers\Appointment.php(39): App\Controllers\Appointment->checkFieldValue('My Self', 'Walk In', 'Yes', 'Audiometry')
 2 SYSTEMPATH\CodeIgniter.php(910): App\Controllers\Appointment->makeAppointment()
 3 SYSTEMPATH\CodeIgniter.php(469): CodeIgniter\CodeIgniter->runController(Object(App\Controllers\Appointment))
 4 SYSTEMPATH\CodeIgniter.php(352): CodeIgniter\CodeIgniter->handleRequest(null, Object(Config\Cache), false)
 5 FCPATH\index.php(55): CodeIgniter\CodeIgniter->run()
 6 SYSTEMPATH\Commands\Server\rewrite.php(46): require_once('FCPATH\\index.php')
CRITICAL - 2022-11-02 08:16:45 --> syntax error, unexpected '}', expecting ';'
in APPPATH\Controllers\Appointment.php on line 491.
 1 SYSTEMPATH\Autoloader\Autoloader.php(261): CodeIgniter\Autoloader\Autoloader->includeFile('APPPATH\\Controllers\\Appointment.php')
 2 SYSTEMPATH\Autoloader\Autoloader.php(239): CodeIgniter\Autoloader\Autoloader->loadInNamespace('App\\Controllers\\Appointment')
 3 [internal function]: CodeIgniter\Autoloader\Autoloader->loadClass('App\\Controllers\\Appointment')
 4 [internal function]: spl_autoload_call('App\\Controllers\\Appointment')
 5 SYSTEMPATH\CodeIgniter.php(860): class_exists('\\App\\Controllers\\Appointment', true)
 6 SYSTEMPATH\CodeIgniter.php(456): CodeIgniter\CodeIgniter->startController()
 7 SYSTEMPATH\CodeIgniter.php(352): CodeIgniter\CodeIgniter->handleRequest(null, Object(Config\Cache), false)
 8 FCPATH\index.php(55): CodeIgniter\CodeIgniter->run()
 9 SYSTEMPATH\Commands\Server\rewrite.php(46): require_once('FCPATH\\index.php')
CRITICAL - 2022-11-02 10:24:03 --> Undefined variable: rKgJ5KelDdi0dnSPREicluPETooKyBlEiqYVD94LvNVFrWweAH4Xq
in APPPATH\Controllers\Admin.php on line 15.
 1 APPPATH\Controllers\Admin.php(15): CodeIgniter\Debug\Exceptions->errorHandler(8, 'Undefined variable: rKgJ5KelDdi0dnSPREicluPETooKyBlEiqYVD94LvNVFrWweAH4Xq', 'APPPATH\\Controllers\\Admin.php', 15, [...])
 2 SYSTEMPATH\CodeIgniter.php(910): App\Controllers\Admin->index()
 3 SYSTEMPATH\CodeIgniter.php(469): CodeIgniter\CodeIgniter->runController(Object(App\Controllers\Admin))
 4 SYSTEMPATH\CodeIgniter.php(352): CodeIgniter\CodeIgniter->handleRequest(null, Object(Config\Cache), false)
 5 FCPATH\index.php(55): CodeIgniter\CodeIgniter->run()
 6 SYSTEMPATH\Commands\Server\rewrite.php(46): require_once('FCPATH\\index.php')
CRITICAL - 2022-11-02 10:35:36 --> syntax error, unexpected '?>', expecting function (T_FUNCTION) or const (T_CONST)
in APPPATH\Libraries\AdminLib.php on line 42.
 1 SYSTEMPATH\Autoloader\Autoloader.php(261): CodeIgniter\Autoloader\Autoloader->includeFile('APPPATH\\Libraries\\AdminLib.php')
 2 SYSTEMPATH\Autoloader\Autoloader.php(239): CodeIgniter\Autoloader\Autoloader->loadInNamespace('App\\Libraries\\AdminLib')
 3 [internal function]: CodeIgniter\Autoloader\Autoloader->loadClass('App\\Libraries\\AdminLib')
 4 APPPATH\Controllers\Admin.php(17): spl_autoload_call('App\\Libraries\\AdminLib')
 5 SYSTEMPATH\CodeIgniter.php(910): App\Controllers\Admin->index()
 6 SYSTEMPATH\CodeIgniter.php(469): CodeIgniter\CodeIgniter->runController(Object(App\Controllers\Admin))
 7 SYSTEMPATH\CodeIgniter.php(352): CodeIgniter\CodeIgniter->handleRequest(null, Object(Config\Cache), false)
 8 FCPATH\index.php(55): CodeIgniter\CodeIgniter->run()
 9 SYSTEMPATH\Commands\Server\rewrite.php(46): require_once('FCPATH\\index.php')
CRITICAL - 2022-11-02 10:36:26 --> syntax error, unexpected '?>', expecting function (T_FUNCTION) or const (T_CONST)
in APPPATH\Libraries\AdminLib.php on line 42.
 1 SYSTEMPATH\Autoloader\Autoloader.php(261): CodeIgniter\Autoloader\Autoloader->includeFile('APPPATH\\Libraries\\AdminLib.php')
 2 SYSTEMPATH\Autoloader\Autoloader.php(239): CodeIgniter\Autoloader\Autoloader->loadInNamespace('App\\Libraries\\AdminLib')
 3 [internal function]: CodeIgniter\Autoloader\Autoloader->loadClass('App\\Libraries\\AdminLib')
 4 APPPATH\Controllers\Admin.php(17): spl_autoload_call('App\\Libraries\\AdminLib')
 5 SYSTEMPATH\CodeIgniter.php(910): App\Controllers\Admin->index()
 6 SYSTEMPATH\CodeIgniter.php(469): CodeIgniter\CodeIgniter->runController(Object(App\Controllers\Admin))
 7 SYSTEMPATH\CodeIgniter.php(352): CodeIgniter\CodeIgniter->handleRequest(null, Object(Config\Cache), false)
 8 FCPATH\index.php(55): CodeIgniter\CodeIgniter->run()
 9 SYSTEMPATH\Commands\Server\rewrite.php(46): require_once('FCPATH\\index.php')
CRITICAL - 2022-11-02 10:37:04 --> syntax error, unexpected '?>', expecting function (T_FUNCTION) or const (T_CONST)
in APPPATH\Libraries\AdminLib.php on line 39.
 1 SYSTEMPATH\Autoloader\Autoloader.php(261): CodeIgniter\Autoloader\Autoloader->includeFile('APPPATH\\Libraries\\AdminLib.php')
 2 SYSTEMPATH\Autoloader\Autoloader.php(239): CodeIgniter\Autoloader\Autoloader->loadInNamespace('App\\Libraries\\AdminLib')
 3 [internal function]: CodeIgniter\Autoloader\Autoloader->loadClass('App\\Libraries\\AdminLib')
 4 APPPATH\Controllers\Admin.php(17): spl_autoload_call('App\\Libraries\\AdminLib')
 5 SYSTEMPATH\CodeIgniter.php(910): App\Controllers\Admin->index()
 6 SYSTEMPATH\CodeIgniter.php(469): CodeIgniter\CodeIgniter->runController(Object(App\Controllers\Admin))
 7 SYSTEMPATH\CodeIgniter.php(352): CodeIgniter\CodeIgniter->handleRequest(null, Object(Config\Cache), false)
 8 FCPATH\index.php(55): CodeIgniter\CodeIgniter->run()
 9 SYSTEMPATH\Commands\Server\rewrite.php(46): require_once('FCPATH\\index.php')
CRITICAL - 2022-11-02 10:37:58 --> Undefined variable: str
in APPPATH\Libraries\AdminLib.php on line 18.
 1 APPPATH\Libraries\AdminLib.php(18): CodeIgniter\Debug\Exceptions->errorHandler(8, 'Undefined variable: str', 'APPPATH\\Libraries\\AdminLib.php', 18, [...])
 2 APPPATH\Controllers\Admin.php(17): App\Libraries\AdminLib::checkRegisterServiceID('daa')
 3 SYSTEMPATH\CodeIgniter.php(910): App\Controllers\Admin->index()
 4 SYSTEMPATH\CodeIgniter.php(469): CodeIgniter\CodeIgniter->runController(Object(App\Controllers\Admin))
 5 SYSTEMPATH\CodeIgniter.php(352): CodeIgniter\CodeIgniter->handleRequest(null, Object(Config\Cache), false)
 6 FCPATH\index.php(55): CodeIgniter\CodeIgniter->run()
 7 SYSTEMPATH\Commands\Server\rewrite.php(46): require_once('FCPATH\\index.php')
