CRITICAL - 2022-10-29 00:29:35 --> Call to undefined function App\Controllers\app()
in APPPATH\Controllers\PatientDash.php on line 48.
 1 SYSTEMPATH\CodeIgniter.php(910): App\Controllers\PatientDash->uploadImage()
 2 SYSTEMPATH\CodeIgniter.php(469): CodeIgniter\CodeIgniter->runController(Object(App\Controllers\PatientDash))
 3 SYSTEMPATH\CodeIgniter.php(352): CodeIgniter\CodeIgniter->handleRequest(null, Object(Config\Cache), false)
 4 FCPATH\index.php(55): CodeIgniter\CodeIgniter->run()
 5 SYSTEMPATH\Commands\Server\rewrite.php(46): require_once('FCPATH\\index.php')
CRITICAL - 2022-10-29 00:30:10 --> Call to undefined method Kreait\Firebase\Storage::database()
in APPPATH\Controllers\PatientDash.php on line 48.
 1 SYSTEMPATH\CodeIgniter.php(910): App\Controllers\PatientDash->uploadImage()
 2 SYSTEMPATH\CodeIgniter.php(469): CodeIgniter\CodeIgniter->runController(Object(App\Controllers\PatientDash))
 3 SYSTEMPATH\CodeIgniter.php(352): CodeIgniter\CodeIgniter->handleRequest(null, Object(Config\Cache), false)
 4 FCPATH\index.php(55): CodeIgniter\CodeIgniter->run()
 5 SYSTEMPATH\Commands\Server\rewrite.php(46): require_once('FCPATH\\index.php')
CRITICAL - 2022-10-29 00:30:34 --> Call to undefined method Kreait\Firebase\Storage::collection()
in APPPATH\Controllers\PatientDash.php on line 48.
 1 SYSTEMPATH\CodeIgniter.php(910): App\Controllers\PatientDash->uploadImage()
 2 SYSTEMPATH\CodeIgniter.php(469): CodeIgniter\CodeIgniter->runController(Object(App\Controllers\PatientDash))
 3 SYSTEMPATH\CodeIgniter.php(352): CodeIgniter\CodeIgniter->handleRequest(null, Object(Config\Cache), false)
 4 FCPATH\index.php(55): CodeIgniter\CodeIgniter->run()
 5 SYSTEMPATH\Commands\Server\rewrite.php(46): require_once('FCPATH\\index.php')
CRITICAL - 2022-10-29 00:30:57 --> Undefined variable: image
in APPPATH\Controllers\PatientDash.php on line 50.
 1 APPPATH\Controllers\PatientDash.php(50): CodeIgniter\Debug\Exceptions->errorHandler(8, 'Undefined variable: image', 'APPPATH\\Controllers\\PatientDash.php', 50, [...])
 2 SYSTEMPATH\CodeIgniter.php(910): App\Controllers\PatientDash->uploadImage()
 3 SYSTEMPATH\CodeIgniter.php(469): CodeIgniter\CodeIgniter->runController(Object(App\Controllers\PatientDash))
 4 SYSTEMPATH\CodeIgniter.php(352): CodeIgniter\CodeIgniter->handleRequest(null, Object(Config\Cache), false)
 5 FCPATH\index.php(55): CodeIgniter\CodeIgniter->run()
 6 SYSTEMPATH\Commands\Server\rewrite.php(46): require_once('FCPATH\\index.php')
CRITICAL - 2022-10-29 00:31:08 --> Call to undefined method CodeIgniter\HTTP\Files\UploadedFile::getClientOriginalExtension()
in APPPATH\Controllers\PatientDash.php on line 50.
 1 SYSTEMPATH\CodeIgniter.php(910): App\Controllers\PatientDash->uploadImage()
 2 SYSTEMPATH\CodeIgniter.php(469): CodeIgniter\CodeIgniter->runController(Object(App\Controllers\PatientDash))
 3 SYSTEMPATH\CodeIgniter.php(352): CodeIgniter\CodeIgniter->handleRequest(null, Object(Config\Cache), false)
 4 FCPATH\index.php(55): CodeIgniter\CodeIgniter->run()
 5 SYSTEMPATH\Commands\Server\rewrite.php(46): require_once('FCPATH\\index.php')
CRITICAL - 2022-10-29 00:31:26 --> Call to undefined method CodeIgniter\HTTP\Files\UploadedFile::getClientOriginalExtension()
in APPPATH\Controllers\PatientDash.php on line 50.
 1 SYSTEMPATH\CodeIgniter.php(910): App\Controllers\PatientDash->uploadImage()
 2 SYSTEMPATH\CodeIgniter.php(469): CodeIgniter\CodeIgniter->runController(Object(App\Controllers\PatientDash))
 3 SYSTEMPATH\CodeIgniter.php(352): CodeIgniter\CodeIgniter->handleRequest(null, Object(Config\Cache), false)
 4 FCPATH\index.php(55): CodeIgniter\CodeIgniter->run()
 5 SYSTEMPATH\Commands\Server\rewrite.php(46): require_once('FCPATH\\index.php')
CRITICAL - 2022-10-29 00:31:32 --> Call to undefined method CodeIgniter\HTTP\Files\UploadedFile::getClientOriginalExtension()
in APPPATH\Controllers\PatientDash.php on line 50.
 1 SYSTEMPATH\CodeIgniter.php(910): App\Controllers\PatientDash->uploadImage()
 2 SYSTEMPATH\CodeIgniter.php(469): CodeIgniter\CodeIgniter->runController(Object(App\Controllers\PatientDash))
 3 SYSTEMPATH\CodeIgniter.php(352): CodeIgniter\CodeIgniter->handleRequest(null, Object(Config\Cache), false)
 4 FCPATH\index.php(55): CodeIgniter\CodeIgniter->run()
 5 SYSTEMPATH\Commands\Server\rewrite.php(46): require_once('FCPATH\\index.php')
CRITICAL - 2022-10-29 00:31:43 --> Call to undefined method CodeIgniter\HTTP\Files\UploadedFile::getClientOriginalExtension()
in APPPATH\Controllers\PatientDash.php on line 50.
 1 SYSTEMPATH\CodeIgniter.php(910): App\Controllers\PatientDash->uploadImage()
 2 SYSTEMPATH\CodeIgniter.php(469): CodeIgniter\CodeIgniter->runController(Object(App\Controllers\PatientDash))
 3 SYSTEMPATH\CodeIgniter.php(352): CodeIgniter\CodeIgniter->handleRequest(null, Object(Config\Cache), false)
 4 FCPATH\index.php(55): CodeIgniter\CodeIgniter->run()
 5 SYSTEMPATH\Commands\Server\rewrite.php(46): require_once('FCPATH\\index.php')
CRITICAL - 2022-10-29 00:38:17 --> Call to undefined method CodeIgniter\HTTP\Files\UploadedFile::getClientOriginalExtension()
in APPPATH\Controllers\PatientDash.php on line 50.
 1 SYSTEMPATH\CodeIgniter.php(910): App\Controllers\PatientDash->uploadImage()
 2 SYSTEMPATH\CodeIgniter.php(469): CodeIgniter\CodeIgniter->runController(Object(App\Controllers\PatientDash))
 3 SYSTEMPATH\CodeIgniter.php(352): CodeIgniter\CodeIgniter->handleRequest(null, Object(Config\Cache), false)
 4 FCPATH\index.php(55): CodeIgniter\CodeIgniter->run()
 5 SYSTEMPATH\Commands\Server\rewrite.php(46): require_once('FCPATH\\index.php')
CRITICAL - 2022-10-29 00:38:25 --> Call to undefined method CodeIgniter\HTTP\Files\UploadedFile::getClientOriginalExtension()
in APPPATH\Controllers\PatientDash.php on line 50.
 1 SYSTEMPATH\CodeIgniter.php(910): App\Controllers\PatientDash->uploadImage()
 2 SYSTEMPATH\CodeIgniter.php(469): CodeIgniter\CodeIgniter->runController(Object(App\Controllers\PatientDash))
 3 SYSTEMPATH\CodeIgniter.php(352): CodeIgniter\CodeIgniter->handleRequest(null, Object(Config\Cache), false)
 4 FCPATH\index.php(55): CodeIgniter\CodeIgniter->run()
 5 SYSTEMPATH\Commands\Server\rewrite.php(46): require_once('FCPATH\\index.php')
CRITICAL - 2022-10-29 00:38:36 --> Undefined variable: uploadedfile
in APPPATH\Controllers\PatientDash.php on line 51.
 1 APPPATH\Controllers\PatientDash.php(51): CodeIgniter\Debug\Exceptions->errorHandler(8, 'Undefined variable: uploadedfile', 'APPPATH\\Controllers\\PatientDash.php', 51, [...])
 2 SYSTEMPATH\CodeIgniter.php(910): App\Controllers\PatientDash->uploadImage()
 3 SYSTEMPATH\CodeIgniter.php(469): CodeIgniter\CodeIgniter->runController(Object(App\Controllers\PatientDash))
 4 SYSTEMPATH\CodeIgniter.php(352): CodeIgniter\CodeIgniter->handleRequest(null, Object(Config\Cache), false)
 5 FCPATH\index.php(55): CodeIgniter\CodeIgniter->run()
 6 SYSTEMPATH\Commands\Server\rewrite.php(46): require_once('FCPATH\\index.php')
CRITICAL - 2022-10-29 00:39:27 --> {
  "error": {
    "code": 400,
    "message": "Invalid bucket name: 'gs://onlineclinic-37b72.appspot.com'",
    "errors": [
      {
        "message": "Invalid bucket name: 'gs://onlineclinic-37b72.appspot.com'",
        "domain": "global",
        "reason": "invalid"
      }
    ]
  }
}

in VENDORPATH\google\cloud-core\src\RequestWrapper.php on line 368.
 1 VENDORPATH\google\cloud-core\src\RequestWrapper.php(207): Google\Cloud\Core\RequestWrapper->convertToGoogleException(Object(GuzzleHttp\Exception\ClientException))
 2 VENDORPATH\google\cloud-core\src\Upload\MultipartUploader.php(44): Google\Cloud\Core\RequestWrapper->send(Object(GuzzleHttp\Psr7\Request), [])
 3 VENDORPATH\google\cloud-storage\src\Bucket.php(295): Google\Cloud\Core\Upload\MultipartUploader->upload()
 4 APPPATH\Controllers\PatientDash.php(51): Google\Cloud\Storage\Bucket->upload('ss.png', [...])
 5 SYSTEMPATH\CodeIgniter.php(910): App\Controllers\PatientDash->uploadImage()
 6 SYSTEMPATH\CodeIgniter.php(469): CodeIgniter\CodeIgniter->runController(Object(App\Controllers\PatientDash))
 7 SYSTEMPATH\CodeIgniter.php(352): CodeIgniter\CodeIgniter->handleRequest(null, Object(Config\Cache), false)
 8 FCPATH\index.php(55): CodeIgniter\CodeIgniter->run()
 9 SYSTEMPATH\Commands\Server\rewrite.php(46): require_once('FCPATH\\index.php')
CRITICAL - 2022-10-29 00:39:30 --> {
  "error": {
    "code": 400,
    "message": "Invalid bucket name: 'gs://onlineclinic-37b72.appspot.com'",
    "errors": [
      {
        "message": "Invalid bucket name: 'gs://onlineclinic-37b72.appspot.com'",
        "domain": "global",
        "reason": "invalid"
      }
    ]
  }
}

in VENDORPATH\google\cloud-core\src\RequestWrapper.php on line 368.
 1 VENDORPATH\google\cloud-core\src\RequestWrapper.php(207): Google\Cloud\Core\RequestWrapper->convertToGoogleException(Object(GuzzleHttp\Exception\ClientException))
 2 VENDORPATH\google\cloud-core\src\Upload\MultipartUploader.php(44): Google\Cloud\Core\RequestWrapper->send(Object(GuzzleHttp\Psr7\Request), [])
 3 VENDORPATH\google\cloud-storage\src\Bucket.php(295): Google\Cloud\Core\Upload\MultipartUploader->upload()
 4 APPPATH\Controllers\PatientDash.php(51): Google\Cloud\Storage\Bucket->upload('ss.png', [...])
 5 SYSTEMPATH\CodeIgniter.php(910): App\Controllers\PatientDash->uploadImage()
 6 SYSTEMPATH\CodeIgniter.php(469): CodeIgniter\CodeIgniter->runController(Object(App\Controllers\PatientDash))
 7 SYSTEMPATH\CodeIgniter.php(352): CodeIgniter\CodeIgniter->handleRequest(null, Object(Config\Cache), false)
 8 FCPATH\index.php(55): CodeIgniter\CodeIgniter->run()
 9 SYSTEMPATH\Commands\Server\rewrite.php(46): require_once('FCPATH\\index.php')
CRITICAL - 2022-10-29 00:39:34 --> {
  "error": {
    "code": 400,
    "message": "Invalid bucket name: 'gs://onlineclinic-37b72.appspot.com'",
    "errors": [
      {
        "message": "Invalid bucket name: 'gs://onlineclinic-37b72.appspot.com'",
        "domain": "global",
        "reason": "invalid"
      }
    ]
  }
}

in VENDORPATH\google\cloud-core\src\RequestWrapper.php on line 368.
 1 VENDORPATH\google\cloud-core\src\RequestWrapper.php(207): Google\Cloud\Core\RequestWrapper->convertToGoogleException(Object(GuzzleHttp\Exception\ClientException))
 2 VENDORPATH\google\cloud-core\src\Upload\MultipartUploader.php(44): Google\Cloud\Core\RequestWrapper->send(Object(GuzzleHttp\Psr7\Request), [])
 3 VENDORPATH\google\cloud-storage\src\Bucket.php(295): Google\Cloud\Core\Upload\MultipartUploader->upload()
 4 APPPATH\Controllers\PatientDash.php(51): Google\Cloud\Storage\Bucket->upload('ss.png', [...])
 5 SYSTEMPATH\CodeIgniter.php(910): App\Controllers\PatientDash->uploadImage()
 6 SYSTEMPATH\CodeIgniter.php(469): CodeIgniter\CodeIgniter->runController(Object(App\Controllers\PatientDash))
 7 SYSTEMPATH\CodeIgniter.php(352): CodeIgniter\CodeIgniter->handleRequest(null, Object(Config\Cache), false)
 8 FCPATH\index.php(55): CodeIgniter\CodeIgniter->run()
 9 SYSTEMPATH\Commands\Server\rewrite.php(46): require_once('FCPATH\\index.php')
CRITICAL - 2022-10-29 00:42:42 --> Call to undefined function App\Controllers\app()
in APPPATH\Controllers\PatientDash.php on line 48.
 1 SYSTEMPATH\CodeIgniter.php(910): App\Controllers\PatientDash->uploadImage()
 2 SYSTEMPATH\CodeIgniter.php(469): CodeIgniter\CodeIgniter->runController(Object(App\Controllers\PatientDash))
 3 SYSTEMPATH\CodeIgniter.php(352): CodeIgniter\CodeIgniter->handleRequest(null, Object(Config\Cache), false)
 4 FCPATH\index.php(55): CodeIgniter\CodeIgniter->run()
 5 SYSTEMPATH\Commands\Server\rewrite.php(46): require_once('FCPATH\\index.php')
CRITICAL - 2022-10-29 00:47:27 --> Undefined variable: request
in APPPATH\Controllers\PatientDash.php on line 49.
 1 APPPATH\Controllers\PatientDash.php(49): CodeIgniter\Debug\Exceptions->errorHandler(8, 'Undefined variable: request', 'APPPATH\\Controllers\\PatientDash.php', 49, [...])
 2 SYSTEMPATH\CodeIgniter.php(910): App\Controllers\PatientDash->uploadImage()
 3 SYSTEMPATH\CodeIgniter.php(469): CodeIgniter\CodeIgniter->runController(Object(App\Controllers\PatientDash))
 4 SYSTEMPATH\CodeIgniter.php(352): CodeIgniter\CodeIgniter->handleRequest(null, Object(Config\Cache), false)
 5 FCPATH\index.php(55): CodeIgniter\CodeIgniter->run()
 6 SYSTEMPATH\Commands\Server\rewrite.php(46): require_once('FCPATH\\index.php')
CRITICAL - 2022-10-29 00:48:02 --> Call to undefined method CodeIgniter\HTTP\IncomingRequest::file()
in APPPATH\Controllers\PatientDash.php on line 49.
 1 SYSTEMPATH\CodeIgniter.php(910): App\Controllers\PatientDash->uploadImage()
 2 SYSTEMPATH\CodeIgniter.php(469): CodeIgniter\CodeIgniter->runController(Object(App\Controllers\PatientDash))
 3 SYSTEMPATH\CodeIgniter.php(352): CodeIgniter\CodeIgniter->handleRequest(null, Object(Config\Cache), false)
 4 FCPATH\index.php(55): CodeIgniter\CodeIgniter->run()
 5 SYSTEMPATH\Commands\Server\rewrite.php(46): require_once('FCPATH\\index.php')
CRITICAL - 2022-10-29 00:48:13 --> Class 'Illuminate\Support\Str' not found
in APPPATH\Controllers\PatientDash.php on line 50.
 1 SYSTEMPATH\CodeIgniter.php(910): App\Controllers\PatientDash->uploadImage()
 2 SYSTEMPATH\CodeIgniter.php(469): CodeIgniter\CodeIgniter->runController(Object(App\Controllers\PatientDash))
 3 SYSTEMPATH\CodeIgniter.php(352): CodeIgniter\CodeIgniter->handleRequest(null, Object(Config\Cache), false)
 4 FCPATH\index.php(55): CodeIgniter\CodeIgniter->run()
 5 SYSTEMPATH\Commands\Server\rewrite.php(46): require_once('FCPATH\\index.php')
CRITICAL - 2022-10-29 00:49:34 --> Class 'App\Controllers\Str' not found
in APPPATH\Controllers\PatientDash.php on line 49.
 1 SYSTEMPATH\CodeIgniter.php(910): App\Controllers\PatientDash->uploadImage()
 2 SYSTEMPATH\CodeIgniter.php(469): CodeIgniter\CodeIgniter->runController(Object(App\Controllers\PatientDash))
 3 SYSTEMPATH\CodeIgniter.php(352): CodeIgniter\CodeIgniter->handleRequest(null, Object(Config\Cache), false)
 4 FCPATH\index.php(55): CodeIgniter\CodeIgniter->run()
 5 SYSTEMPATH\Commands\Server\rewrite.php(46): require_once('FCPATH\\index.php')
CRITICAL - 2022-10-29 00:53:40 --> Use of undefined constant PATHINFO_NAME - assumed 'PATHINFO_NAME' (this will throw an Error in a future version of PHP)
in APPPATH\Controllers\PatientDash.php on line 49.
 1 APPPATH\Controllers\PatientDash.php(49): CodeIgniter\Debug\Exceptions->errorHandler(2, 'Use of undefined constant PATHINFO_NAME - assumed \'PATHINFO_NAME\' (this will throw an Error in a future version of PHP)', 'APPPATH\\Controllers\\PatientDash.php', 49, [...])
 2 SYSTEMPATH\CodeIgniter.php(910): App\Controllers\PatientDash->uploadImage()
 3 SYSTEMPATH\CodeIgniter.php(469): CodeIgniter\CodeIgniter->runController(Object(App\Controllers\PatientDash))
 4 SYSTEMPATH\CodeIgniter.php(352): CodeIgniter\CodeIgniter->handleRequest(null, Object(Config\Cache), false)
 5 FCPATH\index.php(55): CodeIgniter\CodeIgniter->run()
 6 SYSTEMPATH\Commands\Server\rewrite.php(46): require_once('FCPATH\\index.php')
CRITICAL - 2022-10-29 00:55:45 --> Call to undefined method CodeIgniter\HTTP\IncomingRequest::getPathName()
in APPPATH\Controllers\PatientDash.php on line 48.
 1 SYSTEMPATH\CodeIgniter.php(910): App\Controllers\PatientDash->uploadImage()
 2 SYSTEMPATH\CodeIgniter.php(469): CodeIgniter\CodeIgniter->runController(Object(App\Controllers\PatientDash))
 3 SYSTEMPATH\CodeIgniter.php(352): CodeIgniter\CodeIgniter->handleRequest(null, Object(Config\Cache), false)
 4 FCPATH\index.php(55): CodeIgniter\CodeIgniter->run()
 5 SYSTEMPATH\Commands\Server\rewrite.php(46): require_once('FCPATH\\index.php')
CRITICAL - 2022-10-29 00:59:27 --> {
  "error": {
    "code": 400,
    "message": "Invalid bucket name: 'gs://onlineclinic-37b72.appspot.com'",
    "errors": [
      {
        "message": "Invalid bucket name: 'gs://onlineclinic-37b72.appspot.com'",
        "domain": "global",
        "reason": "invalid"
      }
    ]
  }
}

in VENDORPATH\google\cloud-core\src\RequestWrapper.php on line 368.
 1 VENDORPATH\google\cloud-core\src\RequestWrapper.php(207): Google\Cloud\Core\RequestWrapper->convertToGoogleException(Object(GuzzleHttp\Exception\ClientException))
 2 VENDORPATH\google\cloud-core\src\Upload\MultipartUploader.php(44): Google\Cloud\Core\RequestWrapper->send(Object(GuzzleHttp\Psr7\Request), [])
 3 VENDORPATH\google\cloud-storage\src\Bucket.php(295): Google\Cloud\Core\Upload\MultipartUploader->upload()
 4 APPPATH\Controllers\PatientDash.php(55): Google\Cloud\Storage\Bucket->upload(resource (stream), [...])
 5 SYSTEMPATH\CodeIgniter.php(910): App\Controllers\PatientDash->uploadImage()
 6 SYSTEMPATH\CodeIgniter.php(469): CodeIgniter\CodeIgniter->runController(Object(App\Controllers\PatientDash))
 7 SYSTEMPATH\CodeIgniter.php(352): CodeIgniter\CodeIgniter->handleRequest(null, Object(Config\Cache), false)
 8 FCPATH\index.php(55): CodeIgniter\CodeIgniter->run()
 9 SYSTEMPATH\Commands\Server\rewrite.php(46): require_once('FCPATH\\index.php')
CRITICAL - 2022-10-29 01:01:04 --> {
  "error": {
    "code": 400,
    "message": "Invalid bucket name: 'gs://onlineclinic-37b72.appspot.com'",
    "errors": [
      {
        "message": "Invalid bucket name: 'gs://onlineclinic-37b72.appspot.com'",
        "domain": "global",
        "reason": "invalid"
      }
    ]
  }
}

in VENDORPATH\google\cloud-core\src\RequestWrapper.php on line 368.
 1 VENDORPATH\google\cloud-core\src\RequestWrapper.php(207): Google\Cloud\Core\RequestWrapper->convertToGoogleException(Object(GuzzleHttp\Exception\ClientException))
 2 VENDORPATH\google\cloud-core\src\Upload\MultipartUploader.php(44): Google\Cloud\Core\RequestWrapper->send(Object(GuzzleHttp\Psr7\Request), [])
 3 VENDORPATH\google\cloud-storage\src\Bucket.php(295): Google\Cloud\Core\Upload\MultipartUploader->upload()
 4 APPPATH\Controllers\PatientDash.php(55): Google\Cloud\Storage\Bucket->upload(resource (stream), [...])
 5 SYSTEMPATH\CodeIgniter.php(910): App\Controllers\PatientDash->uploadImage()
 6 SYSTEMPATH\CodeIgniter.php(469): CodeIgniter\CodeIgniter->runController(Object(App\Controllers\PatientDash))
 7 SYSTEMPATH\CodeIgniter.php(352): CodeIgniter\CodeIgniter->handleRequest(null, Object(Config\Cache), false)
 8 FCPATH\index.php(55): CodeIgniter\CodeIgniter->run()
 9 SYSTEMPATH\Commands\Server\rewrite.php(46): require_once('FCPATH\\index.php')
CRITICAL - 2022-10-29 01:43:34 --> syntax error, unexpected '"image/"' (T_CONSTANT_ENCAPSED_STRING), expecting ';' or ','
in APPPATH\Controllers\PatientDash.php on line 51.
 1 SYSTEMPATH\Autoloader\Autoloader.php(261): CodeIgniter\Autoloader\Autoloader->includeFile('APPPATH\\Controllers\\PatientDash.php')
 2 SYSTEMPATH\Autoloader\Autoloader.php(239): CodeIgniter\Autoloader\Autoloader->loadInNamespace('App\\Controllers\\PatientDash')
 3 [internal function]: CodeIgniter\Autoloader\Autoloader->loadClass('App\\Controllers\\PatientDash')
 4 [internal function]: spl_autoload_call('App\\Controllers\\PatientDash')
 5 SYSTEMPATH\CodeIgniter.php(860): class_exists('\\App\\Controllers\\PatientDash', true)
 6 SYSTEMPATH\CodeIgniter.php(456): CodeIgniter\CodeIgniter->startController()
 7 SYSTEMPATH\CodeIgniter.php(352): CodeIgniter\CodeIgniter->handleRequest(null, Object(Config\Cache), false)
 8 FCPATH\index.php(55): CodeIgniter\CodeIgniter->run()
 9 SYSTEMPATH\Commands\Server\rewrite.php(46): require_once('FCPATH\\index.php')
CRITICAL - 2022-10-29 04:19:52 --> Use of undefined constant patientDashboard - assumed 'patientDashboard' (this will throw an Error in a future version of PHP)
in APPPATH\Controllers\PatientDash.php on line 17.
 1 APPPATH\Controllers\PatientDash.php(17): CodeIgniter\Debug\Exceptions->errorHandler(2, 'Use of undefined constant patientDashboard - assumed \'patientDashboard\' (this will throw an Error in a future version of PHP)', 'APPPATH\\Controllers\\PatientDash.php', 17, [])
 2 SYSTEMPATH\CodeIgniter.php(910): App\Controllers\PatientDash->test()
 3 SYSTEMPATH\CodeIgniter.php(469): CodeIgniter\CodeIgniter->runController(Object(App\Controllers\PatientDash))
 4 SYSTEMPATH\CodeIgniter.php(352): CodeIgniter\CodeIgniter->handleRequest(null, Object(Config\Cache), false)
 5 FCPATH\index.php(55): CodeIgniter\CodeIgniter->run()
 6 SYSTEMPATH\Commands\Server\rewrite.php(46): require_once('FCPATH\\index.php')
CRITICAL - 2022-10-29 04:21:20 --> Undefined variable: userInfo
in APPPATH\Views\layout\dashboard-layout.php on line 177.
 1 APPPATH\Views\layout\dashboard-layout.php(177): CodeIgniter\Debug\Exceptions->errorHandler(8, 'Undefined variable: userInfo', 'APPPATH\\Views\\layout\\dashboard-layout.php', 177, [])
 2 SYSTEMPATH\View\View.php(213): include('APPPATH\\Views\\layout\\dashboard-layout.php')
 3 SYSTEMPATH\View\View.php(216): CodeIgniter\View\View->CodeIgniter\View\{closure}()
 4 SYSTEMPATH\View\View.php(229): CodeIgniter\View\View->render('layout/dashboard-layout', [], true)
 5 SYSTEMPATH\Common.php(1137): CodeIgniter\View\View->render('patientDashboard/test', [], true)
 6 APPPATH\Controllers\PatientDash.php(17): view('patientDashboard/test')
 7 SYSTEMPATH\CodeIgniter.php(910): App\Controllers\PatientDash->test()
 8 SYSTEMPATH\CodeIgniter.php(469): CodeIgniter\CodeIgniter->runController(Object(App\Controllers\PatientDash))
 9 SYSTEMPATH\CodeIgniter.php(352): CodeIgniter\CodeIgniter->handleRequest(null, Object(Config\Cache), false)
10 FCPATH\index.php(55): CodeIgniter\CodeIgniter->run()
11 SYSTEMPATH\Commands\Server\rewrite.php(46): require_once('FCPATH\\index.php')
CRITICAL - 2022-10-29 04:28:13 --> View themes, no current section.
in SYSTEMPATH\View\View.php on line 392.
 1 APPPATH\Views\patientDashboard\profile.php(451): CodeIgniter\View\View->endSection()
 2 SYSTEMPATH\View\View.php(213): include('APPPATH\\Views\\patientDashboard\\profile.php')
 3 SYSTEMPATH\View\View.php(216): CodeIgniter\View\View->CodeIgniter\View\{closure}()
 4 SYSTEMPATH\Common.php(1137): CodeIgniter\View\View->render('patientDashboard/profile', [], true)
 5 APPPATH\Controllers\PatientDash.php(199): view('patientDashboard/profile', [...])
 6 SYSTEMPATH\CodeIgniter.php(910): App\Controllers\PatientDash->profile()
 7 SYSTEMPATH\CodeIgniter.php(469): CodeIgniter\CodeIgniter->runController(Object(App\Controllers\PatientDash))
 8 SYSTEMPATH\CodeIgniter.php(352): CodeIgniter\CodeIgniter->handleRequest(null, Object(Config\Cache), false)
 9 FCPATH\index.php(55): CodeIgniter\CodeIgniter->run()
10 SYSTEMPATH\Commands\Server\rewrite.php(46): require_once('FCPATH\\index.php')
CRITICAL - 2022-10-29 04:28:19 --> View themes, no current section.
in SYSTEMPATH\View\View.php on line 392.
 1 APPPATH\Views\patientDashboard\profile.php(451): CodeIgniter\View\View->endSection()
 2 SYSTEMPATH\View\View.php(213): include('APPPATH\\Views\\patientDashboard\\profile.php')
 3 SYSTEMPATH\View\View.php(216): CodeIgniter\View\View->CodeIgniter\View\{closure}()
 4 SYSTEMPATH\Common.php(1137): CodeIgniter\View\View->render('patientDashboard/profile', [], true)
 5 APPPATH\Controllers\PatientDash.php(199): view('patientDashboard/profile', [...])
 6 SYSTEMPATH\CodeIgniter.php(910): App\Controllers\PatientDash->profile()
 7 SYSTEMPATH\CodeIgniter.php(469): CodeIgniter\CodeIgniter->runController(Object(App\Controllers\PatientDash))
 8 SYSTEMPATH\CodeIgniter.php(352): CodeIgniter\CodeIgniter->handleRequest(null, Object(Config\Cache), false)
 9 FCPATH\index.php(55): CodeIgniter\CodeIgniter->run()
10 SYSTEMPATH\Commands\Server\rewrite.php(46): require_once('FCPATH\\index.php')
CRITICAL - 2022-10-29 04:28:37 --> View themes, no current section.
in SYSTEMPATH\View\View.php on line 392.
 1 APPPATH\Views\patientDashboard\profile.php(450): CodeIgniter\View\View->endSection()
 2 SYSTEMPATH\View\View.php(213): include('APPPATH\\Views\\patientDashboard\\profile.php')
 3 SYSTEMPATH\View\View.php(216): CodeIgniter\View\View->CodeIgniter\View\{closure}()
 4 SYSTEMPATH\Common.php(1137): CodeIgniter\View\View->render('patientDashboard/profile', [], true)
 5 APPPATH\Controllers\PatientDash.php(199): view('patientDashboard/profile', [...])
 6 SYSTEMPATH\CodeIgniter.php(910): App\Controllers\PatientDash->profile()
 7 SYSTEMPATH\CodeIgniter.php(469): CodeIgniter\CodeIgniter->runController(Object(App\Controllers\PatientDash))
 8 SYSTEMPATH\CodeIgniter.php(352): CodeIgniter\CodeIgniter->handleRequest(null, Object(Config\Cache), false)
 9 FCPATH\index.php(55): CodeIgniter\CodeIgniter->run()
10 SYSTEMPATH\Commands\Server\rewrite.php(46): require_once('FCPATH\\index.php')
CRITICAL - 2022-10-29 04:28:41 --> View themes, no current section.
in SYSTEMPATH\View\View.php on line 392.
 1 APPPATH\Views\patientDashboard\profile.php(450): CodeIgniter\View\View->endSection()
 2 SYSTEMPATH\View\View.php(213): include('APPPATH\\Views\\patientDashboard\\profile.php')
 3 SYSTEMPATH\View\View.php(216): CodeIgniter\View\View->CodeIgniter\View\{closure}()
 4 SYSTEMPATH\Common.php(1137): CodeIgniter\View\View->render('patientDashboard/profile', [], true)
 5 APPPATH\Controllers\PatientDash.php(199): view('patientDashboard/profile', [...])
 6 SYSTEMPATH\CodeIgniter.php(910): App\Controllers\PatientDash->profile()
 7 SYSTEMPATH\CodeIgniter.php(469): CodeIgniter\CodeIgniter->runController(Object(App\Controllers\PatientDash))
 8 SYSTEMPATH\CodeIgniter.php(352): CodeIgniter\CodeIgniter->handleRequest(null, Object(Config\Cache), false)
 9 FCPATH\index.php(55): CodeIgniter\CodeIgniter->run()
10 SYSTEMPATH\Commands\Server\rewrite.php(46): require_once('FCPATH\\index.php')
CRITICAL - 2022-10-29 06:00:24 --> Undefined variable: file
in APPPATH\Views\patientDashboard\profile.php on line 23.
 1 APPPATH\Views\patientDashboard\profile.php(23): CodeIgniter\Debug\Exceptions->errorHandler(8, 'Undefined variable: file', 'APPPATH\\Views\\patientDashboard\\profile.php', 23, [...])
 2 SYSTEMPATH\View\View.php(213): include('APPPATH\\Views\\patientDashboard\\profile.php')
 3 SYSTEMPATH\View\View.php(216): CodeIgniter\View\View->CodeIgniter\View\{closure}()
 4 SYSTEMPATH\Common.php(1137): CodeIgniter\View\View->render('patientDashboard/profile', [], true)
 5 APPPATH\Controllers\PatientDash.php(200): view('patientDashboard/profile', [...])
 6 SYSTEMPATH\CodeIgniter.php(910): App\Controllers\PatientDash->profile()
 7 SYSTEMPATH\CodeIgniter.php(469): CodeIgniter\CodeIgniter->runController(Object(App\Controllers\PatientDash))
 8 SYSTEMPATH\CodeIgniter.php(352): CodeIgniter\CodeIgniter->handleRequest(null, Object(Config\Cache), false)
 9 FCPATH\index.php(55): CodeIgniter\CodeIgniter->run()
10 SYSTEMPATH\Commands\Server\rewrite.php(46): require_once('FCPATH\\index.php')
CRITICAL - 2022-10-29 06:29:28 --> Undefined variable: img
in APPPATH\Controllers\PatientDash.php on line 50.
 1 APPPATH\Controllers\PatientDash.php(50): CodeIgniter\Debug\Exceptions->errorHandler(8, 'Undefined variable: img', 'APPPATH\\Controllers\\PatientDash.php', 50, [...])
 2 SYSTEMPATH\CodeIgniter.php(910): App\Controllers\PatientDash->uploadImage()
 3 SYSTEMPATH\CodeIgniter.php(469): CodeIgniter\CodeIgniter->runController(Object(App\Controllers\PatientDash))
 4 SYSTEMPATH\CodeIgniter.php(352): CodeIgniter\CodeIgniter->handleRequest(null, Object(Config\Cache), false)
 5 FCPATH\index.php(55): CodeIgniter\CodeIgniter->run()
 6 SYSTEMPATH\Commands\Server\rewrite.php(46): require_once('FCPATH\\index.php')
CRITICAL - 2022-10-29 06:36:15 --> Undefined variable: file2
in APPPATH\Controllers\PatientDash.php on line 51.
 1 APPPATH\Controllers\PatientDash.php(51): CodeIgniter\Debug\Exceptions->errorHandler(8, 'Undefined variable: file2', 'APPPATH\\Controllers\\PatientDash.php', 51, [...])
 2 SYSTEMPATH\CodeIgniter.php(910): App\Controllers\PatientDash->uploadImage()
 3 SYSTEMPATH\CodeIgniter.php(469): CodeIgniter\CodeIgniter->runController(Object(App\Controllers\PatientDash))
 4 SYSTEMPATH\CodeIgniter.php(352): CodeIgniter\CodeIgniter->handleRequest(null, Object(Config\Cache), false)
 5 FCPATH\index.php(55): CodeIgniter\CodeIgniter->run()
 6 SYSTEMPATH\Commands\Server\rewrite.php(46): require_once('FCPATH\\index.php')
CRITICAL - 2022-10-29 06:37:27 --> Undefined variable: file2
in APPPATH\Controllers\PatientDash.php on line 51.
 1 APPPATH\Controllers\PatientDash.php(51): CodeIgniter\Debug\Exceptions->errorHandler(8, 'Undefined variable: file2', 'APPPATH\\Controllers\\PatientDash.php', 51, [...])
 2 SYSTEMPATH\CodeIgniter.php(910): App\Controllers\PatientDash->uploadImage()
 3 SYSTEMPATH\CodeIgniter.php(469): CodeIgniter\CodeIgniter->runController(Object(App\Controllers\PatientDash))
 4 SYSTEMPATH\CodeIgniter.php(352): CodeIgniter\CodeIgniter->handleRequest(null, Object(Config\Cache), false)
 5 FCPATH\index.php(55): CodeIgniter\CodeIgniter->run()
 6 SYSTEMPATH\Commands\Server\rewrite.php(46): require_once('FCPATH\\index.php')
CRITICAL - 2022-10-29 07:11:34 --> Undefined variable: data
in APPPATH\Views\patientDashboard\profile.php on line 405.
 1 APPPATH\Views\patientDashboard\profile.php(405): CodeIgniter\Debug\Exceptions->errorHandler(8, 'Undefined variable: data', 'APPPATH\\Views\\patientDashboard\\profile.php', 405, [...])
 2 SYSTEMPATH\View\View.php(213): include('APPPATH\\Views\\patientDashboard\\profile.php')
 3 SYSTEMPATH\View\View.php(216): CodeIgniter\View\View->CodeIgniter\View\{closure}()
 4 SYSTEMPATH\Common.php(1137): CodeIgniter\View\View->render('patientDashboard/profile', [], true)
 5 APPPATH\Controllers\PatientDash.php(202): view('patientDashboard/profile', [...])
 6 SYSTEMPATH\CodeIgniter.php(910): App\Controllers\PatientDash->profile()
 7 SYSTEMPATH\CodeIgniter.php(469): CodeIgniter\CodeIgniter->runController(Object(App\Controllers\PatientDash))
 8 SYSTEMPATH\CodeIgniter.php(352): CodeIgniter\CodeIgniter->handleRequest(null, Object(Config\Cache), false)
 9 FCPATH\index.php(55): CodeIgniter\CodeIgniter->run()
10 SYSTEMPATH\Commands\Server\rewrite.php(46): require_once('FCPATH\\index.php')
CRITICAL - 2022-10-29 07:11:45 --> Undefined variable: dir
in APPPATH\Views\patientDashboard\profile.php on line 405.
 1 APPPATH\Views\patientDashboard\profile.php(405): CodeIgniter\Debug\Exceptions->errorHandler(8, 'Undefined variable: dir', 'APPPATH\\Views\\patientDashboard\\profile.php', 405, [...])
 2 SYSTEMPATH\View\View.php(213): include('APPPATH\\Views\\patientDashboard\\profile.php')
 3 SYSTEMPATH\View\View.php(216): CodeIgniter\View\View->CodeIgniter\View\{closure}()
 4 SYSTEMPATH\Common.php(1137): CodeIgniter\View\View->render('patientDashboard/profile', [], true)
 5 APPPATH\Controllers\PatientDash.php(202): view('patientDashboard/profile', [...])
 6 SYSTEMPATH\CodeIgniter.php(910): App\Controllers\PatientDash->profile()
 7 SYSTEMPATH\CodeIgniter.php(469): CodeIgniter\CodeIgniter->runController(Object(App\Controllers\PatientDash))
 8 SYSTEMPATH\CodeIgniter.php(352): CodeIgniter\CodeIgniter->handleRequest(null, Object(Config\Cache), false)
 9 FCPATH\index.php(55): CodeIgniter\CodeIgniter->run()
10 SYSTEMPATH\Commands\Server\rewrite.php(46): require_once('FCPATH\\index.php')
CRITICAL - 2022-10-29 07:11:48 --> Undefined variable: dir
in APPPATH\Views\patientDashboard\profile.php on line 405.
 1 APPPATH\Views\patientDashboard\profile.php(405): CodeIgniter\Debug\Exceptions->errorHandler(8, 'Undefined variable: dir', 'APPPATH\\Views\\patientDashboard\\profile.php', 405, [...])
 2 SYSTEMPATH\View\View.php(213): include('APPPATH\\Views\\patientDashboard\\profile.php')
 3 SYSTEMPATH\View\View.php(216): CodeIgniter\View\View->CodeIgniter\View\{closure}()
 4 SYSTEMPATH\Common.php(1137): CodeIgniter\View\View->render('patientDashboard/profile', [], true)
 5 APPPATH\Controllers\PatientDash.php(202): view('patientDashboard/profile', [...])
 6 SYSTEMPATH\CodeIgniter.php(910): App\Controllers\PatientDash->profile()
 7 SYSTEMPATH\CodeIgniter.php(469): CodeIgniter\CodeIgniter->runController(Object(App\Controllers\PatientDash))
 8 SYSTEMPATH\CodeIgniter.php(352): CodeIgniter\CodeIgniter->handleRequest(null, Object(Config\Cache), false)
 9 FCPATH\index.php(55): CodeIgniter\CodeIgniter->run()
10 SYSTEMPATH\Commands\Server\rewrite.php(46): require_once('FCPATH\\index.php')
CRITICAL - 2022-10-29 07:11:50 --> Undefined variable: dir
in APPPATH\Views\patientDashboard\profile.php on line 405.
 1 APPPATH\Views\patientDashboard\profile.php(405): CodeIgniter\Debug\Exceptions->errorHandler(8, 'Undefined variable: dir', 'APPPATH\\Views\\patientDashboard\\profile.php', 405, [...])
 2 SYSTEMPATH\View\View.php(213): include('APPPATH\\Views\\patientDashboard\\profile.php')
 3 SYSTEMPATH\View\View.php(216): CodeIgniter\View\View->CodeIgniter\View\{closure}()
 4 SYSTEMPATH\Common.php(1137): CodeIgniter\View\View->render('patientDashboard/profile', [], true)
 5 APPPATH\Controllers\PatientDash.php(202): view('patientDashboard/profile', [...])
 6 SYSTEMPATH\CodeIgniter.php(910): App\Controllers\PatientDash->profile()
 7 SYSTEMPATH\CodeIgniter.php(469): CodeIgniter\CodeIgniter->runController(Object(App\Controllers\PatientDash))
 8 SYSTEMPATH\CodeIgniter.php(352): CodeIgniter\CodeIgniter->handleRequest(null, Object(Config\Cache), false)
 9 FCPATH\index.php(55): CodeIgniter\CodeIgniter->run()
10 SYSTEMPATH\Commands\Server\rewrite.php(46): require_once('FCPATH\\index.php')
CRITICAL - 2022-10-29 07:11:51 --> Undefined variable: dir
in APPPATH\Views\patientDashboard\profile.php on line 405.
 1 APPPATH\Views\patientDashboard\profile.php(405): CodeIgniter\Debug\Exceptions->errorHandler(8, 'Undefined variable: dir', 'APPPATH\\Views\\patientDashboard\\profile.php', 405, [...])
 2 SYSTEMPATH\View\View.php(213): include('APPPATH\\Views\\patientDashboard\\profile.php')
 3 SYSTEMPATH\View\View.php(216): CodeIgniter\View\View->CodeIgniter\View\{closure}()
 4 SYSTEMPATH\Common.php(1137): CodeIgniter\View\View->render('patientDashboard/profile', [], true)
 5 APPPATH\Controllers\PatientDash.php(202): view('patientDashboard/profile', [...])
 6 SYSTEMPATH\CodeIgniter.php(910): App\Controllers\PatientDash->profile()
 7 SYSTEMPATH\CodeIgniter.php(469): CodeIgniter\CodeIgniter->runController(Object(App\Controllers\PatientDash))
 8 SYSTEMPATH\CodeIgniter.php(352): CodeIgniter\CodeIgniter->handleRequest(null, Object(Config\Cache), false)
 9 FCPATH\index.php(55): CodeIgniter\CodeIgniter->run()
10 SYSTEMPATH\Commands\Server\rewrite.php(46): require_once('FCPATH\\index.php')
CRITICAL - 2022-10-29 07:11:53 --> Undefined variable: dir
in APPPATH\Views\patientDashboard\profile.php on line 405.
 1 APPPATH\Views\patientDashboard\profile.php(405): CodeIgniter\Debug\Exceptions->errorHandler(8, 'Undefined variable: dir', 'APPPATH\\Views\\patientDashboard\\profile.php', 405, [...])
 2 SYSTEMPATH\View\View.php(213): include('APPPATH\\Views\\patientDashboard\\profile.php')
 3 SYSTEMPATH\View\View.php(216): CodeIgniter\View\View->CodeIgniter\View\{closure}()
 4 SYSTEMPATH\Common.php(1137): CodeIgniter\View\View->render('patientDashboard/profile', [], true)
 5 APPPATH\Controllers\PatientDash.php(202): view('patientDashboard/profile', [...])
 6 SYSTEMPATH\CodeIgniter.php(910): App\Controllers\PatientDash->profile()
 7 SYSTEMPATH\CodeIgniter.php(469): CodeIgniter\CodeIgniter->runController(Object(App\Controllers\PatientDash))
 8 SYSTEMPATH\CodeIgniter.php(352): CodeIgniter\CodeIgniter->handleRequest(null, Object(Config\Cache), false)
 9 FCPATH\index.php(55): CodeIgniter\CodeIgniter->run()
10 SYSTEMPATH\Commands\Server\rewrite.php(46): require_once('FCPATH\\index.php')
CRITICAL - 2022-10-29 07:11:54 --> Undefined variable: dir
in APPPATH\Views\patientDashboard\profile.php on line 405.
 1 APPPATH\Views\patientDashboard\profile.php(405): CodeIgniter\Debug\Exceptions->errorHandler(8, 'Undefined variable: dir', 'APPPATH\\Views\\patientDashboard\\profile.php', 405, [...])
 2 SYSTEMPATH\View\View.php(213): include('APPPATH\\Views\\patientDashboard\\profile.php')
 3 SYSTEMPATH\View\View.php(216): CodeIgniter\View\View->CodeIgniter\View\{closure}()
 4 SYSTEMPATH\Common.php(1137): CodeIgniter\View\View->render('patientDashboard/profile', [], true)
 5 APPPATH\Controllers\PatientDash.php(202): view('patientDashboard/profile', [...])
 6 SYSTEMPATH\CodeIgniter.php(910): App\Controllers\PatientDash->profile()
 7 SYSTEMPATH\CodeIgniter.php(469): CodeIgniter\CodeIgniter->runController(Object(App\Controllers\PatientDash))
 8 SYSTEMPATH\CodeIgniter.php(352): CodeIgniter\CodeIgniter->handleRequest(null, Object(Config\Cache), false)
 9 FCPATH\index.php(55): CodeIgniter\CodeIgniter->run()
10 SYSTEMPATH\Commands\Server\rewrite.php(46): require_once('FCPATH\\index.php')
CRITICAL - 2022-10-29 07:13:42 --> Undefined variable: dir
in APPPATH\Views\patientDashboard\profile.php on line 405.
 1 APPPATH\Views\patientDashboard\profile.php(405): CodeIgniter\Debug\Exceptions->errorHandler(8, 'Undefined variable: dir', 'APPPATH\\Views\\patientDashboard\\profile.php', 405, [...])
 2 SYSTEMPATH\View\View.php(213): include('APPPATH\\Views\\patientDashboard\\profile.php')
 3 SYSTEMPATH\View\View.php(216): CodeIgniter\View\View->CodeIgniter\View\{closure}()
 4 SYSTEMPATH\Common.php(1137): CodeIgniter\View\View->render('patientDashboard/profile', [], true)
 5 APPPATH\Controllers\PatientDash.php(202): view('patientDashboard/profile', [...])
 6 SYSTEMPATH\CodeIgniter.php(910): App\Controllers\PatientDash->profile()
 7 SYSTEMPATH\CodeIgniter.php(469): CodeIgniter\CodeIgniter->runController(Object(App\Controllers\PatientDash))
 8 SYSTEMPATH\CodeIgniter.php(352): CodeIgniter\CodeIgniter->handleRequest(null, Object(Config\Cache), false)
 9 FCPATH\index.php(55): CodeIgniter\CodeIgniter->run()
10 SYSTEMPATH\Commands\Server\rewrite.php(46): require_once('FCPATH\\index.php')
CRITICAL - 2022-10-29 07:20:36 --> Undefined variable: dir
in APPPATH\Views\patientDashboard\profile.php on line 405.
 1 APPPATH\Views\patientDashboard\profile.php(405): CodeIgniter\Debug\Exceptions->errorHandler(8, 'Undefined variable: dir', 'APPPATH\\Views\\patientDashboard\\profile.php', 405, [...])
 2 SYSTEMPATH\View\View.php(213): include('APPPATH\\Views\\patientDashboard\\profile.php')
 3 SYSTEMPATH\View\View.php(216): CodeIgniter\View\View->CodeIgniter\View\{closure}()
 4 SYSTEMPATH\Common.php(1137): CodeIgniter\View\View->render('patientDashboard/profile', [], true)
 5 APPPATH\Controllers\PatientDash.php(202): view('patientDashboard/profile', [...])
 6 SYSTEMPATH\CodeIgniter.php(910): App\Controllers\PatientDash->profile()
 7 SYSTEMPATH\CodeIgniter.php(469): CodeIgniter\CodeIgniter->runController(Object(App\Controllers\PatientDash))
 8 SYSTEMPATH\CodeIgniter.php(352): CodeIgniter\CodeIgniter->handleRequest(null, Object(Config\Cache), false)
 9 FCPATH\index.php(55): CodeIgniter\CodeIgniter->run()
10 SYSTEMPATH\Commands\Server\rewrite.php(46): require_once('FCPATH\\index.php')
CRITICAL - 2022-10-29 07:21:58 --> Undefined variable: data
in APPPATH\Views\patientDashboard\profile.php on line 405.
 1 APPPATH\Views\patientDashboard\profile.php(405): CodeIgniter\Debug\Exceptions->errorHandler(8, 'Undefined variable: data', 'APPPATH\\Views\\patientDashboard\\profile.php', 405, [...])
 2 SYSTEMPATH\View\View.php(213): include('APPPATH\\Views\\patientDashboard\\profile.php')
 3 SYSTEMPATH\View\View.php(216): CodeIgniter\View\View->CodeIgniter\View\{closure}()
 4 SYSTEMPATH\Common.php(1137): CodeIgniter\View\View->render('patientDashboard/profile', [], true)
 5 APPPATH\Controllers\PatientDash.php(202): view('patientDashboard/profile', [...])
 6 SYSTEMPATH\CodeIgniter.php(910): App\Controllers\PatientDash->profile()
 7 SYSTEMPATH\CodeIgniter.php(469): CodeIgniter\CodeIgniter->runController(Object(App\Controllers\PatientDash))
 8 SYSTEMPATH\CodeIgniter.php(352): CodeIgniter\CodeIgniter->handleRequest(null, Object(Config\Cache), false)
 9 FCPATH\index.php(55): CodeIgniter\CodeIgniter->run()
10 SYSTEMPATH\Commands\Server\rewrite.php(46): require_once('FCPATH\\index.php')
CRITICAL - 2022-10-29 07:22:27 --> Undefined variable: dir
in APPPATH\Views\patientDashboard\profile.php on line 405.
 1 APPPATH\Views\patientDashboard\profile.php(405): CodeIgniter\Debug\Exceptions->errorHandler(8, 'Undefined variable: dir', 'APPPATH\\Views\\patientDashboard\\profile.php', 405, [...])
 2 SYSTEMPATH\View\View.php(213): include('APPPATH\\Views\\patientDashboard\\profile.php')
 3 SYSTEMPATH\View\View.php(216): CodeIgniter\View\View->CodeIgniter\View\{closure}()
 4 SYSTEMPATH\Common.php(1137): CodeIgniter\View\View->render('patientDashboard/profile', [], true)
 5 APPPATH\Controllers\PatientDash.php(202): view('patientDashboard/profile', [...])
 6 SYSTEMPATH\CodeIgniter.php(910): App\Controllers\PatientDash->profile()
 7 SYSTEMPATH\CodeIgniter.php(469): CodeIgniter\CodeIgniter->runController(Object(App\Controllers\PatientDash))
 8 SYSTEMPATH\CodeIgniter.php(352): CodeIgniter\CodeIgniter->handleRequest(null, Object(Config\Cache), false)
 9 FCPATH\index.php(55): CodeIgniter\CodeIgniter->run()
10 SYSTEMPATH\Commands\Server\rewrite.php(46): require_once('FCPATH\\index.php')
CRITICAL - 2022-10-29 07:22:29 --> Undefined variable: dir
in APPPATH\Views\patientDashboard\profile.php on line 405.
 1 APPPATH\Views\patientDashboard\profile.php(405): CodeIgniter\Debug\Exceptions->errorHandler(8, 'Undefined variable: dir', 'APPPATH\\Views\\patientDashboard\\profile.php', 405, [...])
 2 SYSTEMPATH\View\View.php(213): include('APPPATH\\Views\\patientDashboard\\profile.php')
 3 SYSTEMPATH\View\View.php(216): CodeIgniter\View\View->CodeIgniter\View\{closure}()
 4 SYSTEMPATH\Common.php(1137): CodeIgniter\View\View->render('patientDashboard/profile', [], true)
 5 APPPATH\Controllers\PatientDash.php(202): view('patientDashboard/profile', [...])
 6 SYSTEMPATH\CodeIgniter.php(910): App\Controllers\PatientDash->profile()
 7 SYSTEMPATH\CodeIgniter.php(469): CodeIgniter\CodeIgniter->runController(Object(App\Controllers\PatientDash))
 8 SYSTEMPATH\CodeIgniter.php(352): CodeIgniter\CodeIgniter->handleRequest(null, Object(Config\Cache), false)
 9 FCPATH\index.php(55): CodeIgniter\CodeIgniter->run()
10 SYSTEMPATH\Commands\Server\rewrite.php(46): require_once('FCPATH\\index.php')
CRITICAL - 2022-10-29 07:22:42 --> Undefined variable: data
in APPPATH\Views\patientDashboard\profile.php on line 405.
 1 APPPATH\Views\patientDashboard\profile.php(405): CodeIgniter\Debug\Exceptions->errorHandler(8, 'Undefined variable: data', 'APPPATH\\Views\\patientDashboard\\profile.php', 405, [...])
 2 SYSTEMPATH\View\View.php(213): include('APPPATH\\Views\\patientDashboard\\profile.php')
 3 SYSTEMPATH\View\View.php(216): CodeIgniter\View\View->CodeIgniter\View\{closure}()
 4 SYSTEMPATH\Common.php(1137): CodeIgniter\View\View->render('patientDashboard/profile', [], true)
 5 APPPATH\Controllers\PatientDash.php(202): view('patientDashboard/profile', [...])
 6 SYSTEMPATH\CodeIgniter.php(910): App\Controllers\PatientDash->profile()
 7 SYSTEMPATH\CodeIgniter.php(469): CodeIgniter\CodeIgniter->runController(Object(App\Controllers\PatientDash))
 8 SYSTEMPATH\CodeIgniter.php(352): CodeIgniter\CodeIgniter->handleRequest(null, Object(Config\Cache), false)
 9 FCPATH\index.php(55): CodeIgniter\CodeIgniter->run()
10 SYSTEMPATH\Commands\Server\rewrite.php(46): require_once('FCPATH\\index.php')
CRITICAL - 2022-10-29 07:24:55 --> Undefined variable: dir
in APPPATH\Views\patientDashboard\profile.php on line 405.
 1 APPPATH\Views\patientDashboard\profile.php(405): CodeIgniter\Debug\Exceptions->errorHandler(8, 'Undefined variable: dir', 'APPPATH\\Views\\patientDashboard\\profile.php', 405, [...])
 2 SYSTEMPATH\View\View.php(213): include('APPPATH\\Views\\patientDashboard\\profile.php')
 3 SYSTEMPATH\View\View.php(216): CodeIgniter\View\View->CodeIgniter\View\{closure}()
 4 SYSTEMPATH\Common.php(1137): CodeIgniter\View\View->render('patientDashboard/profile', [], true)
 5 APPPATH\Controllers\PatientDash.php(204): view('patientDashboard/profile', [...])
 6 SYSTEMPATH\CodeIgniter.php(910): App\Controllers\PatientDash->profile()
 7 SYSTEMPATH\CodeIgniter.php(469): CodeIgniter\CodeIgniter->runController(Object(App\Controllers\PatientDash))
 8 SYSTEMPATH\CodeIgniter.php(352): CodeIgniter\CodeIgniter->handleRequest(null, Object(Config\Cache), false)
 9 FCPATH\index.php(55): CodeIgniter\CodeIgniter->run()
10 SYSTEMPATH\Commands\Server\rewrite.php(46): require_once('FCPATH\\index.php')
CRITICAL - 2022-10-29 07:25:20 --> Undefined variable: dir
in APPPATH\Views\patientDashboard\profile.php on line 405.
 1 APPPATH\Views\patientDashboard\profile.php(405): CodeIgniter\Debug\Exceptions->errorHandler(8, 'Undefined variable: dir', 'APPPATH\\Views\\patientDashboard\\profile.php', 405, [...])
 2 SYSTEMPATH\View\View.php(213): include('APPPATH\\Views\\patientDashboard\\profile.php')
 3 SYSTEMPATH\View\View.php(216): CodeIgniter\View\View->CodeIgniter\View\{closure}()
 4 SYSTEMPATH\Common.php(1137): CodeIgniter\View\View->render('patientDashboard/profile', [], true)
 5 APPPATH\Controllers\PatientDash.php(204): view('patientDashboard/profile', [...])
 6 SYSTEMPATH\CodeIgniter.php(910): App\Controllers\PatientDash->profile()
 7 SYSTEMPATH\CodeIgniter.php(469): CodeIgniter\CodeIgniter->runController(Object(App\Controllers\PatientDash))
 8 SYSTEMPATH\CodeIgniter.php(352): CodeIgniter\CodeIgniter->handleRequest(null, Object(Config\Cache), false)
 9 FCPATH\index.php(55): CodeIgniter\CodeIgniter->run()
10 SYSTEMPATH\Commands\Server\rewrite.php(46): require_once('FCPATH\\index.php')
CRITICAL - 2022-10-29 07:25:41 --> Undefined variable: dir
in APPPATH\Views\patientDashboard\profile.php on line 405.
 1 APPPATH\Views\patientDashboard\profile.php(405): CodeIgniter\Debug\Exceptions->errorHandler(8, 'Undefined variable: dir', 'APPPATH\\Views\\patientDashboard\\profile.php', 405, [...])
 2 SYSTEMPATH\View\View.php(213): include('APPPATH\\Views\\patientDashboard\\profile.php')
 3 SYSTEMPATH\View\View.php(216): CodeIgniter\View\View->CodeIgniter\View\{closure}()
 4 SYSTEMPATH\Common.php(1137): CodeIgniter\View\View->render('patientDashboard/profile', [], true)
 5 APPPATH\Controllers\PatientDash.php(204): view('patientDashboard/profile', [...])
 6 SYSTEMPATH\CodeIgniter.php(910): App\Controllers\PatientDash->profile()
 7 SYSTEMPATH\CodeIgniter.php(469): CodeIgniter\CodeIgniter->runController(Object(App\Controllers\PatientDash))
 8 SYSTEMPATH\CodeIgniter.php(352): CodeIgniter\CodeIgniter->handleRequest(null, Object(Config\Cache), false)
 9 FCPATH\index.php(55): CodeIgniter\CodeIgniter->run()
10 SYSTEMPATH\Commands\Server\rewrite.php(46): require_once('FCPATH\\index.php')
CRITICAL - 2022-10-29 07:25:47 --> Undefined variable: dir
in APPPATH\Views\patientDashboard\profile.php on line 405.
 1 APPPATH\Views\patientDashboard\profile.php(405): CodeIgniter\Debug\Exceptions->errorHandler(8, 'Undefined variable: dir', 'APPPATH\\Views\\patientDashboard\\profile.php', 405, [...])
 2 SYSTEMPATH\View\View.php(213): include('APPPATH\\Views\\patientDashboard\\profile.php')
 3 SYSTEMPATH\View\View.php(216): CodeIgniter\View\View->CodeIgniter\View\{closure}()
 4 SYSTEMPATH\Common.php(1137): CodeIgniter\View\View->render('patientDashboard/profile', [], true)
 5 APPPATH\Controllers\PatientDash.php(204): view('patientDashboard/profile', [...])
 6 SYSTEMPATH\CodeIgniter.php(910): App\Controllers\PatientDash->profile()
 7 SYSTEMPATH\CodeIgniter.php(469): CodeIgniter\CodeIgniter->runController(Object(App\Controllers\PatientDash))
 8 SYSTEMPATH\CodeIgniter.php(352): CodeIgniter\CodeIgniter->handleRequest(null, Object(Config\Cache), false)
 9 FCPATH\index.php(55): CodeIgniter\CodeIgniter->run()
10 SYSTEMPATH\Commands\Server\rewrite.php(46): require_once('FCPATH\\index.php')
CRITICAL - 2022-10-29 07:27:00 --> Undefined variable: dir
in APPPATH\Views\patientDashboard\profile.php on line 405.
 1 APPPATH\Views\patientDashboard\profile.php(405): CodeIgniter\Debug\Exceptions->errorHandler(8, 'Undefined variable: dir', 'APPPATH\\Views\\patientDashboard\\profile.php', 405, [...])
 2 SYSTEMPATH\View\View.php(213): include('APPPATH\\Views\\patientDashboard\\profile.php')
 3 SYSTEMPATH\View\View.php(216): CodeIgniter\View\View->CodeIgniter\View\{closure}()
 4 SYSTEMPATH\Common.php(1137): CodeIgniter\View\View->render('patientDashboard/profile', [], true)
 5 APPPATH\Controllers\PatientDash.php(204): view('patientDashboard/profile', [...])
 6 SYSTEMPATH\CodeIgniter.php(910): App\Controllers\PatientDash->profile()
 7 SYSTEMPATH\CodeIgniter.php(469): CodeIgniter\CodeIgniter->runController(Object(App\Controllers\PatientDash))
 8 SYSTEMPATH\CodeIgniter.php(352): CodeIgniter\CodeIgniter->handleRequest(null, Object(Config\Cache), false)
 9 FCPATH\index.php(55): CodeIgniter\CodeIgniter->run()
10 SYSTEMPATH\Commands\Server\rewrite.php(46): require_once('FCPATH\\index.php')
CRITICAL - 2022-10-29 07:30:15 --> Undefined variable: 1667046615_edf8a71ee9b8a719d3ab.jpg
in APPPATH\Controllers\PatientDash.php on line 54.
 1 APPPATH\Controllers\PatientDash.php(54): CodeIgniter\Debug\Exceptions->errorHandler(8, 'Undefined variable: 1667046615_edf8a71ee9b8a719d3ab.jpg', 'APPPATH\\Controllers\\PatientDash.php', 54, [...])
 2 SYSTEMPATH\CodeIgniter.php(910): App\Controllers\PatientDash->uploadImage()
 3 SYSTEMPATH\CodeIgniter.php(469): CodeIgniter\CodeIgniter->runController(Object(App\Controllers\PatientDash))
 4 SYSTEMPATH\CodeIgniter.php(352): CodeIgniter\CodeIgniter->handleRequest(null, Object(Config\Cache), false)
 5 FCPATH\index.php(55): CodeIgniter\CodeIgniter->run()
 6 SYSTEMPATH\Commands\Server\rewrite.php(46): require_once('FCPATH\\index.php')
CRITICAL - 2022-10-29 20:49:34 --> Invalid file: patientDashboard/profile.php
in SYSTEMPATH\Exceptions\FrameworkException.php on line 33.
 1 SYSTEMPATH\View\View.php(201): CodeIgniter\Exceptions\FrameworkException::forInvalidFile('patientDashboard/profile.php')
 2 SYSTEMPATH\Common.php(1137): CodeIgniter\View\View->render('patientDashboard/profile', [], true)
 3 APPPATH\Controllers\PatientDash.php(205): view('patientDashboard/profile', [...])
 4 SYSTEMPATH\CodeIgniter.php(910): App\Controllers\PatientDash->profile()
 5 SYSTEMPATH\CodeIgniter.php(469): CodeIgniter\CodeIgniter->runController(Object(App\Controllers\PatientDash))
 6 SYSTEMPATH\CodeIgniter.php(352): CodeIgniter\CodeIgniter->handleRequest(null, Object(Config\Cache), false)
 7 FCPATH\index.php(55): CodeIgniter\CodeIgniter->run()
 8 SYSTEMPATH\Commands\Server\rewrite.php(46): require_once('FCPATH\\index.php')
CRITICAL - 2022-10-29 20:49:57 --> Invalid file: patientDashboard/profile.php
in SYSTEMPATH\Exceptions\FrameworkException.php on line 33.
 1 SYSTEMPATH\View\View.php(201): CodeIgniter\Exceptions\FrameworkException::forInvalidFile('patientDashboard/profile.php')
 2 SYSTEMPATH\Common.php(1137): CodeIgniter\View\View->render('patientDashboard/profile', [], true)
 3 APPPATH\Controllers\PatientDash.php(205): view('patientDashboard/profile', [...])
 4 SYSTEMPATH\CodeIgniter.php(910): App\Controllers\PatientDash->profile()
 5 SYSTEMPATH\CodeIgniter.php(469): CodeIgniter\CodeIgniter->runController(Object(App\Controllers\PatientDash))
 6 SYSTEMPATH\CodeIgniter.php(352): CodeIgniter\CodeIgniter->handleRequest(null, Object(Config\Cache), false)
 7 FCPATH\index.php(55): CodeIgniter\CodeIgniter->run()
 8 SYSTEMPATH\Commands\Server\rewrite.php(46): require_once('FCPATH\\index.php')
CRITICAL - 2022-10-29 20:50:03 --> Invalid file: patientDashboard/profile.php
in SYSTEMPATH\Exceptions\FrameworkException.php on line 33.
 1 SYSTEMPATH\View\View.php(201): CodeIgniter\Exceptions\FrameworkException::forInvalidFile('patientDashboard/profile.php')
 2 SYSTEMPATH\Common.php(1137): CodeIgniter\View\View->render('patientDashboard/profile', [], true)
 3 APPPATH\Controllers\PatientDash.php(205): view('patientDashboard/profile', [...])
 4 SYSTEMPATH\CodeIgniter.php(910): App\Controllers\PatientDash->profile()
 5 SYSTEMPATH\CodeIgniter.php(469): CodeIgniter\CodeIgniter->runController(Object(App\Controllers\PatientDash))
 6 SYSTEMPATH\CodeIgniter.php(352): CodeIgniter\CodeIgniter->handleRequest(null, Object(Config\Cache), false)
 7 FCPATH\index.php(55): CodeIgniter\CodeIgniter->run()
 8 SYSTEMPATH\Commands\Server\rewrite.php(46): require_once('FCPATH\\index.php')
CRITICAL - 2022-10-29 20:51:20 --> Invalid file: patientDashboard/profile.php
in SYSTEMPATH\Exceptions\FrameworkException.php on line 33.
 1 SYSTEMPATH\View\View.php(201): CodeIgniter\Exceptions\FrameworkException::forInvalidFile('patientDashboard/profile.php')
 2 SYSTEMPATH\Common.php(1137): CodeIgniter\View\View->render('patientDashboard/profile', [], true)
 3 APPPATH\Controllers\PatientDash.php(205): view('patientDashboard/profile', [...])
 4 SYSTEMPATH\CodeIgniter.php(910): App\Controllers\PatientDash->profile()
 5 SYSTEMPATH\CodeIgniter.php(469): CodeIgniter\CodeIgniter->runController(Object(App\Controllers\PatientDash))
 6 SYSTEMPATH\CodeIgniter.php(352): CodeIgniter\CodeIgniter->handleRequest(null, Object(Config\Cache), false)
 7 FCPATH\index.php(55): CodeIgniter\CodeIgniter->run()
 8 SYSTEMPATH\Commands\Server\rewrite.php(46): require_once('FCPATH\\index.php')
CRITICAL - 2022-10-29 20:51:40 --> Invalid file: patientDashboard/profile.php
in SYSTEMPATH\Exceptions\FrameworkException.php on line 33.
 1 SYSTEMPATH\View\View.php(201): CodeIgniter\Exceptions\FrameworkException::forInvalidFile('patientDashboard/profile.php')
 2 SYSTEMPATH\Common.php(1137): CodeIgniter\View\View->render('patientDashboard/profile', [], true)
 3 APPPATH\Controllers\PatientDash.php(205): view('patientDashboard/profile', [...])
 4 SYSTEMPATH\CodeIgniter.php(910): App\Controllers\PatientDash->profile()
 5 SYSTEMPATH\CodeIgniter.php(469): CodeIgniter\CodeIgniter->runController(Object(App\Controllers\PatientDash))
 6 SYSTEMPATH\CodeIgniter.php(352): CodeIgniter\CodeIgniter->handleRequest(null, Object(Config\Cache), false)
 7 FCPATH\index.php(55): CodeIgniter\CodeIgniter->run()
 8 SYSTEMPATH\Commands\Server\rewrite.php(46): require_once('FCPATH\\index.php')
CRITICAL - 2022-10-29 20:53:15 --> Cannot use object of type CodeIgniter\HTTP\Files\UploadedFile as array
in APPPATH\Controllers\PatientDash.php on line 52.
 1 SYSTEMPATH\CodeIgniter.php(910): App\Controllers\PatientDash->uploadImage()
 2 SYSTEMPATH\CodeIgniter.php(469): CodeIgniter\CodeIgniter->runController(Object(App\Controllers\PatientDash))
 3 SYSTEMPATH\CodeIgniter.php(352): CodeIgniter\CodeIgniter->handleRequest(null, Object(Config\Cache), false)
 4 FCPATH\index.php(55): CodeIgniter\CodeIgniter->run()
 5 SYSTEMPATH\Commands\Server\rewrite.php(46): require_once('FCPATH\\index.php')
