CRITICAL - 2022-11-25 02:26:19 --> Undefined index: name
in APPPATH\Views\staff\inventoryUpdate.php on line 21.
 1 APPPATH\Views\staff\inventoryUpdate.php(21): CodeIgniter\Debug\Exceptions->errorHandler(8, 'Undefined index: name', 'APPPATH\\Views\\staff\\inventoryUpdate.php', 21, [...])
 2 SYSTEMPATH\View\View.php(213): include('APPPATH\\Views\\staff\\inventoryUpdate.php')
 3 SYSTEMPATH\View\View.php(216): CodeIgniter\View\View->CodeIgniter\View\{closure}()
 4 SYSTEMPATH\Common.php(1137): CodeIgniter\View\View->render('staff/inventoryUpdate', [], true)
 5 APPPATH\Controllers\Inventory.php(26): view('staff/inventoryUpdate', [...])
 6 SYSTEMPATH\CodeIgniter.php(910): App\Controllers\Inventory->update()
 7 SYSTEMPATH\CodeIgniter.php(469): CodeIgniter\CodeIgniter->runController(Object(App\Controllers\Inventory))
 8 SYSTEMPATH\CodeIgniter.php(352): CodeIgniter\CodeIgniter->handleRequest(null, Object(Config\Cache), false)
 9 FCPATH\index.php(55): CodeIgniter\CodeIgniter->run()
10 SYSTEMPATH\Commands\Server\rewrite.php(46): require_once('FCPATH\\index.php')
CRITICAL - 2022-11-25 19:15:06 --> Call to a member function withInput() on string
in APPPATH\Controllers\Inventory.php on line 88.
 1 SYSTEMPATH\CodeIgniter.php(910): App\Controllers\Inventory->update()
 2 SYSTEMPATH\CodeIgniter.php(469): CodeIgniter\CodeIgniter->runController(Object(App\Controllers\Inventory))
 3 SYSTEMPATH\CodeIgniter.php(352): CodeIgniter\CodeIgniter->handleRequest(null, Object(Config\Cache), false)
 4 FCPATH\index.php(55): CodeIgniter\CodeIgniter->run()
 5 SYSTEMPATH\Commands\Server\rewrite.php(46): require_once('FCPATH\\index.php')
CRITICAL - 2022-11-25 21:59:03 --> Undefined index: dispensation
in APPPATH\Views\staff\inventoryUpdate.php on line 136.
 1 APPPATH\Views\staff\inventoryUpdate.php(136): CodeIgniter\Debug\Exceptions->errorHandler(8, 'Undefined index: dispensation', 'APPPATH\\Views\\staff\\inventoryUpdate.php', 136, [...])
 2 SYSTEMPATH\View\View.php(213): include('APPPATH\\Views\\staff\\inventoryUpdate.php')
 3 SYSTEMPATH\View\View.php(216): CodeIgniter\View\View->CodeIgniter\View\{closure}()
 4 SYSTEMPATH\Common.php(1137): CodeIgniter\View\View->render('staff/inventoryUpdate', [], true)
 5 APPPATH\Controllers\Inventory.php(143): view('staff/inventoryUpdate', [...])
 6 SYSTEMPATH\CodeIgniter.php(910): App\Controllers\Inventory->update()
 7 SYSTEMPATH\CodeIgniter.php(469): CodeIgniter\CodeIgniter->runController(Object(App\Controllers\Inventory))
 8 SYSTEMPATH\CodeIgniter.php(352): CodeIgniter\CodeIgniter->handleRequest(null, Object(Config\Cache), false)
 9 FCPATH\index.php(55): CodeIgniter\CodeIgniter->run()
10 SYSTEMPATH\Commands\Server\rewrite.php(46): require_once('FCPATH\\index.php')
CRITICAL - 2022-11-25 22:00:34 --> Undefined index: dispensation
in APPPATH\Views\staff\inventoryUpdate.php on line 135.
 1 APPPATH\Views\staff\inventoryUpdate.php(135): CodeIgniter\Debug\Exceptions->errorHandler(8, 'Undefined index: dispensation', 'APPPATH\\Views\\staff\\inventoryUpdate.php', 135, [...])
 2 SYSTEMPATH\View\View.php(213): include('APPPATH\\Views\\staff\\inventoryUpdate.php')
 3 SYSTEMPATH\View\View.php(216): CodeIgniter\View\View->CodeIgniter\View\{closure}()
 4 SYSTEMPATH\Common.php(1137): CodeIgniter\View\View->render('staff/inventoryUpdate', [], true)
 5 APPPATH\Controllers\Inventory.php(143): view('staff/inventoryUpdate', [...])
 6 SYSTEMPATH\CodeIgniter.php(910): App\Controllers\Inventory->update()
 7 SYSTEMPATH\CodeIgniter.php(469): CodeIgniter\CodeIgniter->runController(Object(App\Controllers\Inventory))
 8 SYSTEMPATH\CodeIgniter.php(352): CodeIgniter\CodeIgniter->handleRequest(null, Object(Config\Cache), false)
 9 FCPATH\index.php(55): CodeIgniter\CodeIgniter->run()
10 SYSTEMPATH\Commands\Server\rewrite.php(46): require_once('FCPATH\\index.php')
CRITICAL - 2022-11-25 10:00:01 --> syntax error, unexpected '}', expecting end of file
in APPPATH\Views\staff\inventory.php on line 369.
 1 SYSTEMPATH\View\View.php(216): CodeIgniter\View\View->CodeIgniter\View\{closure}()
 2 SYSTEMPATH\Common.php(1137): CodeIgniter\View\View->render('staff/inventory', [], true)
 3 APPPATH\Controllers\Inventory.php(389): view('staff/inventory', [...])
 4 SYSTEMPATH\CodeIgniter.php(910): App\Controllers\Inventory->index()
 5 SYSTEMPATH\CodeIgniter.php(469): CodeIgniter\CodeIgniter->runController(Object(App\Controllers\Inventory))
 6 SYSTEMPATH\CodeIgniter.php(352): CodeIgniter\CodeIgniter->handleRequest(null, Object(Config\Cache), false)
 7 FCPATH\index.php(55): CodeIgniter\CodeIgniter->run()
 8 SYSTEMPATH\Commands\Server\rewrite.php(46): require_once('FCPATH\\index.php')
CRITICAL - 2022-11-25 10:00:36 --> syntax error, unexpected '}', expecting end of file
in APPPATH\Views\staff\inventory.php on line 365.
 1 SYSTEMPATH\View\View.php(216): CodeIgniter\View\View->CodeIgniter\View\{closure}()
 2 SYSTEMPATH\Common.php(1137): CodeIgniter\View\View->render('staff/inventory', [], true)
 3 APPPATH\Controllers\Inventory.php(389): view('staff/inventory', [...])
 4 SYSTEMPATH\CodeIgniter.php(910): App\Controllers\Inventory->index()
 5 SYSTEMPATH\CodeIgniter.php(469): CodeIgniter\CodeIgniter->runController(Object(App\Controllers\Inventory))
 6 SYSTEMPATH\CodeIgniter.php(352): CodeIgniter\CodeIgniter->handleRequest(null, Object(Config\Cache), false)
 7 FCPATH\index.php(55): CodeIgniter\CodeIgniter->run()
 8 SYSTEMPATH\Commands\Server\rewrite.php(46): require_once('FCPATH\\index.php')
CRITICAL - 2022-11-25 10:01:39 --> syntax error, unexpected end of file
in APPPATH\Views\staff\inventory.php on line 575.
 1 SYSTEMPATH\View\View.php(216): CodeIgniter\View\View->CodeIgniter\View\{closure}()
 2 SYSTEMPATH\Common.php(1137): CodeIgniter\View\View->render('staff/inventory', [], true)
 3 APPPATH\Controllers\Inventory.php(389): view('staff/inventory', [...])
 4 SYSTEMPATH\CodeIgniter.php(910): App\Controllers\Inventory->index()
 5 SYSTEMPATH\CodeIgniter.php(469): CodeIgniter\CodeIgniter->runController(Object(App\Controllers\Inventory))
 6 SYSTEMPATH\CodeIgniter.php(352): CodeIgniter\CodeIgniter->handleRequest(null, Object(Config\Cache), false)
 7 FCPATH\index.php(55): CodeIgniter\CodeIgniter->run()
 8 SYSTEMPATH\Commands\Server\rewrite.php(46): require_once('FCPATH\\index.php')
CRITICAL - 2022-11-25 10:15:44 --> syntax error, unexpected 'if' (T_IF), expecting function (T_FUNCTION) or const (T_CONST)
in APPPATH\Controllers\Inventory.php on line 370.
 1 SYSTEMPATH\Autoloader\Autoloader.php(261): CodeIgniter\Autoloader\Autoloader->includeFile('APPPATH\\Controllers\\Inventory.php')
 2 SYSTEMPATH\Autoloader\Autoloader.php(239): CodeIgniter\Autoloader\Autoloader->loadInNamespace('App\\Controllers\\Inventory')
 3 [internal function]: CodeIgniter\Autoloader\Autoloader->loadClass('App\\Controllers\\Inventory')
 4 [internal function]: spl_autoload_call('App\\Controllers\\Inventory')
 5 SYSTEMPATH\CodeIgniter.php(860): class_exists('\\App\\Controllers\\Inventory', true)
 6 SYSTEMPATH\CodeIgniter.php(456): CodeIgniter\CodeIgniter->startController()
 7 SYSTEMPATH\CodeIgniter.php(352): CodeIgniter\CodeIgniter->handleRequest(null, Object(Config\Cache), false)
 8 FCPATH\index.php(55): CodeIgniter\CodeIgniter->run()
 9 SYSTEMPATH\Commands\Server\rewrite.php(46): require_once('FCPATH\\index.php')
CRITICAL - 2022-11-25 10:17:01 --> Use of undefined constant console - assumed 'console' (this will throw an Error in a future version of PHP)
in APPPATH\Controllers\Inventory.php on line 349.
 1 APPPATH\Controllers\Inventory.php(349): CodeIgniter\Debug\Exceptions->errorHandler(2, 'Use of undefined constant console - assumed \'console\' (this will throw an Error in a future version of PHP)', 'APPPATH\\Controllers\\Inventory.php', 349, [...])
 2 SYSTEMPATH\CodeIgniter.php(910): App\Controllers\Inventory->index()
 3 SYSTEMPATH\CodeIgniter.php(469): CodeIgniter\CodeIgniter->runController(Object(App\Controllers\Inventory))
 4 SYSTEMPATH\CodeIgniter.php(352): CodeIgniter\CodeIgniter->handleRequest(null, Object(Config\Cache), false)
 5 FCPATH\index.php(55): CodeIgniter\CodeIgniter->run()
 6 SYSTEMPATH\Commands\Server\rewrite.php(46): require_once('FCPATH\\index.php')
CRITICAL - 2022-11-25 21:29:00 --> Class 'App\Controllers\PatientLib' not found
in APPPATH\Controllers\Lab.php on line 16.
 1 SYSTEMPATH\CodeIgniter.php(910): App\Controllers\Lab->add()
 2 SYSTEMPATH\CodeIgniter.php(469): CodeIgniter\CodeIgniter->runController(Object(App\Controllers\Lab))
 3 SYSTEMPATH\CodeIgniter.php(352): CodeIgniter\CodeIgniter->handleRequest(null, Object(Config\Cache), false)
 4 FCPATH\index.php(55): CodeIgniter\CodeIgniter->run()
 5 SYSTEMPATH\Commands\Server\rewrite.php(46): require_once('FCPATH\\index.php')
