CRITICAL - 2022-11-23 03:45:51 --> Return value of App\Validation\RegisterRules::checkQuantity() must be of the type bool, none returned
in APPPATH\Validation\RegisterRules.php on line 61.
 1 SYSTEMPATH\Validation\Validation.php(308): App\Validation\RegisterRules->checkQuantity('40', 'quantity', [...], null)
 2 SYSTEMPATH\Validation\Validation.php(175): CodeIgniter\Validation\Validation->processRules('quantity', 'quantity', '40', [...], [...])
 3 SYSTEMPATH\Controller.php(140): CodeIgniter\Validation\Validation->run()
 4 APPPATH\Controllers\Inventory.php(27): CodeIgniter\Controller->validate([...])
 5 SYSTEMPATH\CodeIgniter.php(910): App\Controllers\Inventory->add()
 6 SYSTEMPATH\CodeIgniter.php(469): CodeIgniter\CodeIgniter->runController(Object(App\Controllers\Inventory))
 7 SYSTEMPATH\CodeIgniter.php(352): CodeIgniter\CodeIgniter->handleRequest(null, Object(Config\Cache), false)
 8 FCPATH\index.php(55): CodeIgniter\CodeIgniter->run()
 9 SYSTEMPATH\Commands\Server\rewrite.php(46): require_once('FCPATH\\index.php')
CRITICAL - 2022-11-23 03:46:24 --> Return value of App\Validation\RegisterRules::checkQuantity() must be of the type bool, none returned
in APPPATH\Validation\RegisterRules.php on line 61.
 1 SYSTEMPATH\Validation\Validation.php(308): App\Validation\RegisterRules->checkQuantity('40', 'quantity', [...], null)
 2 SYSTEMPATH\Validation\Validation.php(175): CodeIgniter\Validation\Validation->processRules('quantity', 'quantity', '40', [...], [...])
 3 SYSTEMPATH\Controller.php(140): CodeIgniter\Validation\Validation->run()
 4 APPPATH\Controllers\Inventory.php(27): CodeIgniter\Controller->validate([...])
 5 SYSTEMPATH\CodeIgniter.php(910): App\Controllers\Inventory->add()
 6 SYSTEMPATH\CodeIgniter.php(469): CodeIgniter\CodeIgniter->runController(Object(App\Controllers\Inventory))
 7 SYSTEMPATH\CodeIgniter.php(352): CodeIgniter\CodeIgniter->handleRequest(null, Object(Config\Cache), false)
 8 FCPATH\index.php(55): CodeIgniter\CodeIgniter->run()
 9 SYSTEMPATH\Commands\Server\rewrite.php(46): require_once('FCPATH\\index.php')
CRITICAL - 2022-11-23 03:47:39 --> Return value of App\Validation\RegisterRules::checkQuantity() must be of the type bool, none returned
in APPPATH\Validation\RegisterRules.php on line 61.
 1 SYSTEMPATH\Validation\Validation.php(308): App\Validation\RegisterRules->checkQuantity('40', 'quantity', [...], null)
 2 SYSTEMPATH\Validation\Validation.php(175): CodeIgniter\Validation\Validation->processRules('quantity', 'quantity', '40', [...], [...])
 3 SYSTEMPATH\Controller.php(140): CodeIgniter\Validation\Validation->run()
 4 APPPATH\Controllers\Inventory.php(27): CodeIgniter\Controller->validate([...])
 5 SYSTEMPATH\CodeIgniter.php(910): App\Controllers\Inventory->add()
 6 SYSTEMPATH\CodeIgniter.php(469): CodeIgniter\CodeIgniter->runController(Object(App\Controllers\Inventory))
 7 SYSTEMPATH\CodeIgniter.php(352): CodeIgniter\CodeIgniter->handleRequest(null, Object(Config\Cache), false)
 8 FCPATH\index.php(55): CodeIgniter\CodeIgniter->run()
 9 SYSTEMPATH\Commands\Server\rewrite.php(46): require_once('FCPATH\\index.php')
CRITICAL - 2022-11-23 03:49:17 --> Undefined index: email
in APPPATH\Views\admin\dashboard.php on line 316.
 1 APPPATH\Views\admin\dashboard.php(316): CodeIgniter\Debug\Exceptions->errorHandler(8, 'Undefined index: email', 'APPPATH\\Views\\admin\\dashboard.php', 316, [...])
 2 SYSTEMPATH\View\View.php(213): include('APPPATH\\Views\\admin\\dashboard.php')
 3 SYSTEMPATH\View\View.php(216): CodeIgniter\View\View->CodeIgniter\View\{closure}()
 4 SYSTEMPATH\Common.php(1137): CodeIgniter\View\View->render('admin/dashboard', [], true)
 5 APPPATH\Controllers\Inventory.php(160): view('admin/dashboard', [...])
 6 SYSTEMPATH\CodeIgniter.php(910): App\Controllers\Inventory->index()
 7 SYSTEMPATH\CodeIgniter.php(469): CodeIgniter\CodeIgniter->runController(Object(App\Controllers\Inventory))
 8 SYSTEMPATH\CodeIgniter.php(352): CodeIgniter\CodeIgniter->handleRequest(null, Object(Config\Cache), false)
 9 FCPATH\index.php(55): CodeIgniter\CodeIgniter->run()
10 SYSTEMPATH\Commands\Server\rewrite.php(46): require_once('FCPATH\\index.php')
CRITICAL - 2022-11-23 03:49:43 --> Undefined index: email
in APPPATH\Views\admin\dashboard.php on line 316.
 1 APPPATH\Views\admin\dashboard.php(316): CodeIgniter\Debug\Exceptions->errorHandler(8, 'Undefined index: email', 'APPPATH\\Views\\admin\\dashboard.php', 316, [...])
 2 SYSTEMPATH\View\View.php(213): include('APPPATH\\Views\\admin\\dashboard.php')
 3 SYSTEMPATH\View\View.php(216): CodeIgniter\View\View->CodeIgniter\View\{closure}()
 4 SYSTEMPATH\Common.php(1137): CodeIgniter\View\View->render('admin/dashboard', [], true)
 5 APPPATH\Controllers\Inventory.php(160): view('admin/dashboard', [...])
 6 SYSTEMPATH\CodeIgniter.php(910): App\Controllers\Inventory->index()
 7 SYSTEMPATH\CodeIgniter.php(469): CodeIgniter\CodeIgniter->runController(Object(App\Controllers\Inventory))
 8 SYSTEMPATH\CodeIgniter.php(352): CodeIgniter\CodeIgniter->handleRequest(null, Object(Config\Cache), false)
 9 FCPATH\index.php(55): CodeIgniter\CodeIgniter->run()
10 SYSTEMPATH\Commands\Server\rewrite.php(46): require_once('FCPATH\\index.php')
CRITICAL - 2022-11-23 03:50:54 --> Undefined index: email
in APPPATH\Views\staff\inventory.php on line 309.
 1 APPPATH\Views\staff\inventory.php(309): CodeIgniter\Debug\Exceptions->errorHandler(8, 'Undefined index: email', 'APPPATH\\Views\\staff\\inventory.php', 309, [...])
 2 SYSTEMPATH\View\View.php(213): include('APPPATH\\Views\\staff\\inventory.php')
 3 SYSTEMPATH\View\View.php(216): CodeIgniter\View\View->CodeIgniter\View\{closure}()
 4 SYSTEMPATH\Common.php(1137): CodeIgniter\View\View->render('staff/inventory', [], true)
 5 APPPATH\Controllers\Inventory.php(160): view('staff/inventory', [...])
 6 SYSTEMPATH\CodeIgniter.php(910): App\Controllers\Inventory->index()
 7 SYSTEMPATH\CodeIgniter.php(469): CodeIgniter\CodeIgniter->runController(Object(App\Controllers\Inventory))
 8 SYSTEMPATH\CodeIgniter.php(352): CodeIgniter\CodeIgniter->handleRequest(null, Object(Config\Cache), false)
 9 FCPATH\index.php(55): CodeIgniter\CodeIgniter->run()
10 SYSTEMPATH\Commands\Server\rewrite.php(46): require_once('FCPATH\\index.php')
CRITICAL - 2022-11-23 03:51:01 --> Undefined index: email
in APPPATH\Views\staff\inventory.php on line 309.
 1 APPPATH\Views\staff\inventory.php(309): CodeIgniter\Debug\Exceptions->errorHandler(8, 'Undefined index: email', 'APPPATH\\Views\\staff\\inventory.php', 309, [...])
 2 SYSTEMPATH\View\View.php(213): include('APPPATH\\Views\\staff\\inventory.php')
 3 SYSTEMPATH\View\View.php(216): CodeIgniter\View\View->CodeIgniter\View\{closure}()
 4 SYSTEMPATH\Common.php(1137): CodeIgniter\View\View->render('staff/inventory', [], true)
 5 APPPATH\Controllers\Inventory.php(160): view('staff/inventory', [...])
 6 SYSTEMPATH\CodeIgniter.php(910): App\Controllers\Inventory->index()
 7 SYSTEMPATH\CodeIgniter.php(469): CodeIgniter\CodeIgniter->runController(Object(App\Controllers\Inventory))
 8 SYSTEMPATH\CodeIgniter.php(352): CodeIgniter\CodeIgniter->handleRequest(null, Object(Config\Cache), false)
 9 FCPATH\index.php(55): CodeIgniter\CodeIgniter->run()
10 SYSTEMPATH\Commands\Server\rewrite.php(46): require_once('FCPATH\\index.php')
CRITICAL - 2022-11-23 03:51:05 --> Undefined index: email
in APPPATH\Views\staff\inventory.php on line 309.
 1 APPPATH\Views\staff\inventory.php(309): CodeIgniter\Debug\Exceptions->errorHandler(8, 'Undefined index: email', 'APPPATH\\Views\\staff\\inventory.php', 309, [...])
 2 SYSTEMPATH\View\View.php(213): include('APPPATH\\Views\\staff\\inventory.php')
 3 SYSTEMPATH\View\View.php(216): CodeIgniter\View\View->CodeIgniter\View\{closure}()
 4 SYSTEMPATH\Common.php(1137): CodeIgniter\View\View->render('staff/inventory', [], true)
 5 APPPATH\Controllers\Inventory.php(160): view('staff/inventory', [...])
 6 SYSTEMPATH\CodeIgniter.php(910): App\Controllers\Inventory->index()
 7 SYSTEMPATH\CodeIgniter.php(469): CodeIgniter\CodeIgniter->runController(Object(App\Controllers\Inventory))
 8 SYSTEMPATH\CodeIgniter.php(352): CodeIgniter\CodeIgniter->handleRequest(null, Object(Config\Cache), false)
 9 FCPATH\index.php(55): CodeIgniter\CodeIgniter->run()
10 SYSTEMPATH\Commands\Server\rewrite.php(46): require_once('FCPATH\\index.php')
