CRITICAL - 2022-10-26 02:56:51 --> include(firebasecon.php): failed to open stream: No such file or directory
in APPPATH\Controllers\Auth.php on line 8.
 1 APPPATH\Controllers\Auth.php(8): CodeIgniter\Debug\Exceptions->errorHandler(2, 'include(firebasecon.php): failed to open stream: No such file or directory', 'APPPATH\\Controllers\\Auth.php', 8, [...])
 2 APPPATH\Controllers\Auth.php(8): include()
 3 SYSTEMPATH\Router\AutoRouter.php(147): include_once('APPPATH\\Controllers\\Auth.php')
 4 SYSTEMPATH\Router\Router.php(499): CodeIgniter\Router\AutoRouter->getRoute('Auth')
 5 SYSTEMPATH\Router\Router.php(205): CodeIgniter\Router\Router->autoRoute('Auth')
 6 SYSTEMPATH\CodeIgniter.php(785): CodeIgniter\Router\Router->handle('Auth')
 7 SYSTEMPATH\CodeIgniter.php(418): CodeIgniter\CodeIgniter->tryToRouteIt(Object(CodeIgniter\Router\RouteCollection))
 8 SYSTEMPATH\CodeIgniter.php(352): CodeIgniter\CodeIgniter->handleRequest(null, Object(Config\Cache), false)
 9 FCPATH\index.php(55): CodeIgniter\CodeIgniter->run()
10 SYSTEMPATH\Commands\Server\rewrite.php(46): require_once('FCPATH\\index.php')
CRITICAL - 2022-10-26 03:02:51 --> Call to undefined function asset()
in APPPATH\Views\auth\register.php on line 6.
 1 SYSTEMPATH\View\View.php(213): include()
 2 SYSTEMPATH\View\View.php(216): CodeIgniter\View\View->CodeIgniter\View\{closure}()
 3 SYSTEMPATH\Common.php(1137): CodeIgniter\View\View->render('auth/register', [], true)
 4 APPPATH\Controllers\Auth.php(20): view('auth/register')
 5 SYSTEMPATH\CodeIgniter.php(910): App\Controllers\Auth->register()
 6 SYSTEMPATH\CodeIgniter.php(469): CodeIgniter\CodeIgniter->runController(Object(App\Controllers\Auth))
 7 SYSTEMPATH\CodeIgniter.php(352): CodeIgniter\CodeIgniter->handleRequest(null, Object(Config\Cache), false)
 8 FCPATH\index.php(55): CodeIgniter\CodeIgniter->run()
 9 SYSTEMPATH\Commands\Server\rewrite.php(46): require_once('FCPATH\\index.php')
CRITICAL - 2022-10-26 03:05:52 --> checkExist is not a valid rule.
in SYSTEMPATH\Validation\Validation.php on line 316.
 1 SYSTEMPATH\Validation\Validation.php(316): CodeIgniter\Validation\Exceptions\ValidationException::forRuleNotFound('checkExist')
 2 SYSTEMPATH\Validation\Validation.php(175): CodeIgniter\Validation\Validation->processRules('email', 'email', 'hengzp2000@gmail.com', [...], [...])
 3 SYSTEMPATH\Controller.php(140): CodeIgniter\Validation\Validation->run()
 4 APPPATH\Controllers\Auth.php(28): CodeIgniter\Controller->validate([...])
 5 SYSTEMPATH\CodeIgniter.php(910): App\Controllers\Auth->save()
 6 SYSTEMPATH\CodeIgniter.php(469): CodeIgniter\CodeIgniter->runController(Object(App\Controllers\Auth))
 7 SYSTEMPATH\CodeIgniter.php(352): CodeIgniter\CodeIgniter->handleRequest(null, Object(Config\Cache), false)
 8 FCPATH\index.php(55): CodeIgniter\CodeIgniter->run()
 9 SYSTEMPATH\Commands\Server\rewrite.php(46): require_once('FCPATH\\index.php')
CRITICAL - 2022-10-26 03:08:40 --> include(firebasecon.php): failed to open stream: No such file or directory
in APPPATH\Validation\RegisterRules.php on line 4.
 1 APPPATH\Validation\RegisterRules.php(4): CodeIgniter\Debug\Exceptions->errorHandler(2, 'include(firebasecon.php): failed to open stream: No such file or directory', 'APPPATH\\Validation\\RegisterRules.php', 4, [...])
 2 APPPATH\Validation\RegisterRules.php(4): include()
 3 SYSTEMPATH\Autoloader\Autoloader.php(284): include_once('APPPATH\\Validation\\RegisterRules.php')
 4 SYSTEMPATH\Autoloader\Autoloader.php(261): CodeIgniter\Autoloader\Autoloader->includeFile('APPPATH\\Validation\\RegisterRules.php')
 5 SYSTEMPATH\Autoloader\Autoloader.php(239): CodeIgniter\Autoloader\Autoloader->loadInNamespace('App\\Validation\\RegisterRules')
 6 [internal function]: CodeIgniter\Autoloader\Autoloader->loadClass('App\\Validation\\RegisterRules')
 7 SYSTEMPATH\Validation\Validation.php(550): spl_autoload_call('App\\Validation\\RegisterRules')
 8 SYSTEMPATH\Validation\Validation.php(122): CodeIgniter\Validation\Validation->loadRuleSets()
 9 SYSTEMPATH\Controller.php(140): CodeIgniter\Validation\Validation->run()
10 APPPATH\Controllers\Auth.php(28): CodeIgniter\Controller->validate([...])
11 SYSTEMPATH\CodeIgniter.php(910): App\Controllers\Auth->save()
12 SYSTEMPATH\CodeIgniter.php(469): CodeIgniter\CodeIgniter->runController(Object(App\Controllers\Auth))
13 SYSTEMPATH\CodeIgniter.php(352): CodeIgniter\CodeIgniter->handleRequest(null, Object(Config\Cache), false)
14 FCPATH\index.php(55): CodeIgniter\CodeIgniter->run()
15 SYSTEMPATH\Commands\Server\rewrite.php(46): require_once('FCPATH\\index.php')
CRITICAL - 2022-10-26 03:10:21 --> include(../firebasecon.php): failed to open stream: No such file or directory
in APPPATH\Validation\RegisterRules.php on line 4.
 1 APPPATH\Validation\RegisterRules.php(4): CodeIgniter\Debug\Exceptions->errorHandler(2, 'include(../firebasecon.php): failed to open stream: No such file or directory', 'APPPATH\\Validation\\RegisterRules.php', 4, [...])
 2 APPPATH\Validation\RegisterRules.php(4): include()
 3 SYSTEMPATH\Autoloader\Autoloader.php(284): include_once('APPPATH\\Validation\\RegisterRules.php')
 4 SYSTEMPATH\Autoloader\Autoloader.php(261): CodeIgniter\Autoloader\Autoloader->includeFile('APPPATH\\Validation\\RegisterRules.php')
 5 SYSTEMPATH\Autoloader\Autoloader.php(239): CodeIgniter\Autoloader\Autoloader->loadInNamespace('App\\Validation\\RegisterRules')
 6 [internal function]: CodeIgniter\Autoloader\Autoloader->loadClass('App\\Validation\\RegisterRules')
 7 SYSTEMPATH\Validation\Validation.php(550): spl_autoload_call('App\\Validation\\RegisterRules')
 8 SYSTEMPATH\Validation\Validation.php(122): CodeIgniter\Validation\Validation->loadRuleSets()
 9 SYSTEMPATH\Controller.php(140): CodeIgniter\Validation\Validation->run()
10 APPPATH\Controllers\Auth.php(28): CodeIgniter\Controller->validate([...])
11 SYSTEMPATH\CodeIgniter.php(910): App\Controllers\Auth->save()
12 SYSTEMPATH\CodeIgniter.php(469): CodeIgniter\CodeIgniter->runController(Object(App\Controllers\Auth))
13 SYSTEMPATH\CodeIgniter.php(352): CodeIgniter\CodeIgniter->handleRequest(null, Object(Config\Cache), false)
14 FCPATH\index.php(55): CodeIgniter\CodeIgniter->run()
15 SYSTEMPATH\Commands\Server\rewrite.php(46): require_once('FCPATH\\index.php')
CRITICAL - 2022-10-26 03:10:53 --> include(../firebasecon.php): failed to open stream: No such file or directory
in APPPATH\Validation\RegisterRules.php on line 4.
 1 APPPATH\Validation\RegisterRules.php(4): CodeIgniter\Debug\Exceptions->errorHandler(2, 'include(../firebasecon.php): failed to open stream: No such file or directory', 'APPPATH\\Validation\\RegisterRules.php', 4, [...])
 2 APPPATH\Validation\RegisterRules.php(4): include()
 3 SYSTEMPATH\Autoloader\Autoloader.php(284): include_once('APPPATH\\Validation\\RegisterRules.php')
 4 SYSTEMPATH\Autoloader\Autoloader.php(261): CodeIgniter\Autoloader\Autoloader->includeFile('APPPATH\\Validation\\RegisterRules.php')
 5 SYSTEMPATH\Autoloader\Autoloader.php(239): CodeIgniter\Autoloader\Autoloader->loadInNamespace('App\\Validation\\RegisterRules')
 6 [internal function]: CodeIgniter\Autoloader\Autoloader->loadClass('App\\Validation\\RegisterRules')
 7 SYSTEMPATH\Validation\Validation.php(550): spl_autoload_call('App\\Validation\\RegisterRules')
 8 SYSTEMPATH\Validation\Validation.php(122): CodeIgniter\Validation\Validation->loadRuleSets()
 9 SYSTEMPATH\Controller.php(140): CodeIgniter\Validation\Validation->run()
10 APPPATH\Controllers\Auth.php(28): CodeIgniter\Controller->validate([...])
11 SYSTEMPATH\CodeIgniter.php(910): App\Controllers\Auth->save()
12 SYSTEMPATH\CodeIgniter.php(469): CodeIgniter\CodeIgniter->runController(Object(App\Controllers\Auth))
13 SYSTEMPATH\CodeIgniter.php(352): CodeIgniter\CodeIgniter->handleRequest(null, Object(Config\Cache), false)
14 FCPATH\index.php(55): CodeIgniter\CodeIgniter->run()
15 SYSTEMPATH\Commands\Server\rewrite.php(46): require_once('FCPATH\\index.php')
CRITICAL - 2022-10-26 03:10:59 --> include(firebasecon.php): failed to open stream: No such file or directory
in APPPATH\Validation\RegisterRules.php on line 4.
 1 APPPATH\Validation\RegisterRules.php(4): CodeIgniter\Debug\Exceptions->errorHandler(2, 'include(firebasecon.php): failed to open stream: No such file or directory', 'APPPATH\\Validation\\RegisterRules.php', 4, [...])
 2 APPPATH\Validation\RegisterRules.php(4): include()
 3 SYSTEMPATH\Autoloader\Autoloader.php(284): include_once('APPPATH\\Validation\\RegisterRules.php')
 4 SYSTEMPATH\Autoloader\Autoloader.php(261): CodeIgniter\Autoloader\Autoloader->includeFile('APPPATH\\Validation\\RegisterRules.php')
 5 SYSTEMPATH\Autoloader\Autoloader.php(239): CodeIgniter\Autoloader\Autoloader->loadInNamespace('App\\Validation\\RegisterRules')
 6 [internal function]: CodeIgniter\Autoloader\Autoloader->loadClass('App\\Validation\\RegisterRules')
 7 SYSTEMPATH\Validation\Validation.php(550): spl_autoload_call('App\\Validation\\RegisterRules')
 8 SYSTEMPATH\Validation\Validation.php(122): CodeIgniter\Validation\Validation->loadRuleSets()
 9 SYSTEMPATH\Controller.php(140): CodeIgniter\Validation\Validation->run()
10 APPPATH\Controllers\Auth.php(28): CodeIgniter\Controller->validate([...])
11 SYSTEMPATH\CodeIgniter.php(910): App\Controllers\Auth->save()
12 SYSTEMPATH\CodeIgniter.php(469): CodeIgniter\CodeIgniter->runController(Object(App\Controllers\Auth))
13 SYSTEMPATH\CodeIgniter.php(352): CodeIgniter\CodeIgniter->handleRequest(null, Object(Config\Cache), false)
14 FCPATH\index.php(55): CodeIgniter\CodeIgniter->run()
15 SYSTEMPATH\Commands\Server\rewrite.php(46): require_once('FCPATH\\index.php')
CRITICAL - 2022-10-26 03:11:08 --> include(../../firebasecon.php): failed to open stream: No such file or directory
in APPPATH\Validation\RegisterRules.php on line 4.
 1 APPPATH\Validation\RegisterRules.php(4): CodeIgniter\Debug\Exceptions->errorHandler(2, 'include(../../firebasecon.php): failed to open stream: No such file or directory', 'APPPATH\\Validation\\RegisterRules.php', 4, [...])
 2 APPPATH\Validation\RegisterRules.php(4): include()
 3 SYSTEMPATH\Autoloader\Autoloader.php(284): include_once('APPPATH\\Validation\\RegisterRules.php')
 4 SYSTEMPATH\Autoloader\Autoloader.php(261): CodeIgniter\Autoloader\Autoloader->includeFile('APPPATH\\Validation\\RegisterRules.php')
 5 SYSTEMPATH\Autoloader\Autoloader.php(239): CodeIgniter\Autoloader\Autoloader->loadInNamespace('App\\Validation\\RegisterRules')
 6 [internal function]: CodeIgniter\Autoloader\Autoloader->loadClass('App\\Validation\\RegisterRules')
 7 SYSTEMPATH\Validation\Validation.php(550): spl_autoload_call('App\\Validation\\RegisterRules')
 8 SYSTEMPATH\Validation\Validation.php(122): CodeIgniter\Validation\Validation->loadRuleSets()
 9 SYSTEMPATH\Controller.php(140): CodeIgniter\Validation\Validation->run()
10 APPPATH\Controllers\Auth.php(28): CodeIgniter\Controller->validate([...])
11 SYSTEMPATH\CodeIgniter.php(910): App\Controllers\Auth->save()
12 SYSTEMPATH\CodeIgniter.php(469): CodeIgniter\CodeIgniter->runController(Object(App\Controllers\Auth))
13 SYSTEMPATH\CodeIgniter.php(352): CodeIgniter\CodeIgniter->handleRequest(null, Object(Config\Cache), false)
14 FCPATH\index.php(55): CodeIgniter\CodeIgniter->run()
15 SYSTEMPATH\Commands\Server\rewrite.php(46): require_once('FCPATH\\index.php')
CRITICAL - 2022-10-26 03:12:11 --> require(C:\xampp\htdocs\CodeIgniter4-develop\app/vendor/autoload.php): failed to open stream: No such file or directory
in APPPATH\firebasecon.php on line 2.
 1 APPPATH\firebasecon.php(2): CodeIgniter\Debug\Exceptions->errorHandler(2, 'require(C:\\xampp\\htdocs\\CodeIgniter4-develop\\app/vendor/autoload.php): failed to open stream: No such file or directory', 'APPPATH\\firebasecon.php', 2, [...])
 2 APPPATH\firebasecon.php(2): require()
 3 APPPATH\Validation\RegisterRules.php(4): include('APPPATH\\firebasecon.php')
 4 SYSTEMPATH\Autoloader\Autoloader.php(284): include_once('APPPATH\\Validation\\RegisterRules.php')
 5 SYSTEMPATH\Autoloader\Autoloader.php(261): CodeIgniter\Autoloader\Autoloader->includeFile('APPPATH\\Validation\\RegisterRules.php')
 6 SYSTEMPATH\Autoloader\Autoloader.php(239): CodeIgniter\Autoloader\Autoloader->loadInNamespace('App\\Validation\\RegisterRules')
 7 [internal function]: CodeIgniter\Autoloader\Autoloader->loadClass('App\\Validation\\RegisterRules')
 8 SYSTEMPATH\Validation\Validation.php(550): spl_autoload_call('App\\Validation\\RegisterRules')
 9 SYSTEMPATH\Validation\Validation.php(122): CodeIgniter\Validation\Validation->loadRuleSets()
10 SYSTEMPATH\Controller.php(140): CodeIgniter\Validation\Validation->run()
11 APPPATH\Controllers\Auth.php(28): CodeIgniter\Controller->validate([...])
12 SYSTEMPATH\CodeIgniter.php(910): App\Controllers\Auth->save()
13 SYSTEMPATH\CodeIgniter.php(469): CodeIgniter\CodeIgniter->runController(Object(App\Controllers\Auth))
14 SYSTEMPATH\CodeIgniter.php(352): CodeIgniter\CodeIgniter->handleRequest(null, Object(Config\Cache), false)
15 FCPATH\index.php(55): CodeIgniter\CodeIgniter->run()
16 SYSTEMPATH\Commands\Server\rewrite.php(46): require_once('FCPATH\\index.php')
CRITICAL - 2022-10-26 03:13:10 --> require(C:\xampp\htdocs\CodeIgniter4-develop\app../vendor/autoload.php): failed to open stream: No such file or directory
in APPPATH\firebasecon.php on line 2.
 1 APPPATH\firebasecon.php(2): CodeIgniter\Debug\Exceptions->errorHandler(2, 'require(C:\\xampp\\htdocs\\CodeIgniter4-develop\\app../vendor/autoload.php): failed to open stream: No such file or directory', 'APPPATH\\firebasecon.php', 2, [...])
 2 APPPATH\firebasecon.php(2): require()
 3 APPPATH\Validation\RegisterRules.php(4): include('APPPATH\\firebasecon.php')
 4 SYSTEMPATH\Autoloader\Autoloader.php(284): include_once('APPPATH\\Validation\\RegisterRules.php')
 5 SYSTEMPATH\Autoloader\Autoloader.php(261): CodeIgniter\Autoloader\Autoloader->includeFile('APPPATH\\Validation\\RegisterRules.php')
 6 SYSTEMPATH\Autoloader\Autoloader.php(239): CodeIgniter\Autoloader\Autoloader->loadInNamespace('App\\Validation\\RegisterRules')
 7 [internal function]: CodeIgniter\Autoloader\Autoloader->loadClass('App\\Validation\\RegisterRules')
 8 SYSTEMPATH\Validation\Validation.php(550): spl_autoload_call('App\\Validation\\RegisterRules')
 9 SYSTEMPATH\Validation\Validation.php(122): CodeIgniter\Validation\Validation->loadRuleSets()
10 SYSTEMPATH\Controller.php(140): CodeIgniter\Validation\Validation->run()
11 APPPATH\Controllers\Auth.php(28): CodeIgniter\Controller->validate([...])
12 SYSTEMPATH\CodeIgniter.php(910): App\Controllers\Auth->save()
13 SYSTEMPATH\CodeIgniter.php(469): CodeIgniter\CodeIgniter->runController(Object(App\Controllers\Auth))
14 SYSTEMPATH\CodeIgniter.php(352): CodeIgniter\CodeIgniter->handleRequest(null, Object(Config\Cache), false)
15 FCPATH\index.php(55): CodeIgniter\CodeIgniter->run()
16 SYSTEMPATH\Commands\Server\rewrite.php(46): require_once('FCPATH\\index.php')
CRITICAL - 2022-10-26 03:13:57 --> Invalid service account: The file at 'onlineclinic-37b72-firebase-adminsdk-elcqb-c3242980ce.json' does not exist
in VENDORPATH\kreait\firebase-php\src\Firebase\ServiceAccount.php on line 91.
 1 VENDORPATH\kreait\firebase-php\src\Firebase\Factory.php(106): Kreait\Firebase\ServiceAccount::fromValue('onlineclinic-37b72-firebase-adminsdk-elcqb-c3242980ce.json')
 2 APPPATH\firebasecon.php(7): Kreait\Firebase\Factory->withServiceAccount('onlineclinic-37b72-firebase-adminsdk-elcqb-c3242980ce.json')
 3 APPPATH\Validation\RegisterRules.php(4): include('APPPATH\\firebasecon.php')
 4 SYSTEMPATH\Autoloader\Autoloader.php(284): include_once('APPPATH\\Validation\\RegisterRules.php')
 5 SYSTEMPATH\Autoloader\Autoloader.php(261): CodeIgniter\Autoloader\Autoloader->includeFile('APPPATH\\Validation\\RegisterRules.php')
 6 SYSTEMPATH\Autoloader\Autoloader.php(239): CodeIgniter\Autoloader\Autoloader->loadInNamespace('App\\Validation\\RegisterRules')
 7 [internal function]: CodeIgniter\Autoloader\Autoloader->loadClass('App\\Validation\\RegisterRules')
 8 SYSTEMPATH\Validation\Validation.php(550): spl_autoload_call('App\\Validation\\RegisterRules')
 9 SYSTEMPATH\Validation\Validation.php(122): CodeIgniter\Validation\Validation->loadRuleSets()
10 SYSTEMPATH\Controller.php(140): CodeIgniter\Validation\Validation->run()
11 APPPATH\Controllers\Auth.php(28): CodeIgniter\Controller->validate([...])
12 SYSTEMPATH\CodeIgniter.php(910): App\Controllers\Auth->save()
13 SYSTEMPATH\CodeIgniter.php(469): CodeIgniter\CodeIgniter->runController(Object(App\Controllers\Auth))
14 SYSTEMPATH\CodeIgniter.php(352): CodeIgniter\CodeIgniter->handleRequest(null, Object(Config\Cache), false)
15 FCPATH\index.php(55): CodeIgniter\CodeIgniter->run()
16 SYSTEMPATH\Commands\Server\rewrite.php(46): require_once('FCPATH\\index.php')
CRITICAL - 2022-10-26 03:14:32 --> require(C:\xampp\htdocs\CodeIgniter4-develop\app../vendor/autoload.php): failed to open stream: No such file or directory
in APPPATH\firebasecon.php on line 2.
 1 APPPATH\firebasecon.php(2): CodeIgniter\Debug\Exceptions->errorHandler(2, 'require(C:\\xampp\\htdocs\\CodeIgniter4-develop\\app../vendor/autoload.php): failed to open stream: No such file or directory', 'APPPATH\\firebasecon.php', 2, [...])
 2 APPPATH\firebasecon.php(2): require()
 3 APPPATH\Validation\RegisterRules.php(4): include('APPPATH\\firebasecon.php')
 4 SYSTEMPATH\Autoloader\Autoloader.php(284): include_once('APPPATH\\Validation\\RegisterRules.php')
 5 SYSTEMPATH\Autoloader\Autoloader.php(261): CodeIgniter\Autoloader\Autoloader->includeFile('APPPATH\\Validation\\RegisterRules.php')
 6 SYSTEMPATH\Autoloader\Autoloader.php(239): CodeIgniter\Autoloader\Autoloader->loadInNamespace('App\\Validation\\RegisterRules')
 7 [internal function]: CodeIgniter\Autoloader\Autoloader->loadClass('App\\Validation\\RegisterRules')
 8 SYSTEMPATH\Validation\Validation.php(550): spl_autoload_call('App\\Validation\\RegisterRules')
 9 SYSTEMPATH\Validation\Validation.php(122): CodeIgniter\Validation\Validation->loadRuleSets()
10 SYSTEMPATH\Controller.php(140): CodeIgniter\Validation\Validation->run()
11 APPPATH\Controllers\Auth.php(28): CodeIgniter\Controller->validate([...])
12 SYSTEMPATH\CodeIgniter.php(910): App\Controllers\Auth->save()
13 SYSTEMPATH\CodeIgniter.php(469): CodeIgniter\CodeIgniter->runController(Object(App\Controllers\Auth))
14 SYSTEMPATH\CodeIgniter.php(352): CodeIgniter\CodeIgniter->handleRequest(null, Object(Config\Cache), false)
15 FCPATH\index.php(55): CodeIgniter\CodeIgniter->run()
16 SYSTEMPATH\Commands\Server\rewrite.php(46): require_once('FCPATH\\index.php')
CRITICAL - 2022-10-26 03:15:01 --> Invalid service account: The file at 'onlineclinic-37b72-firebase-adminsdk-elcqb-c3242980ce.json' does not exist
in VENDORPATH\kreait\firebase-php\src\Firebase\ServiceAccount.php on line 91.
 1 VENDORPATH\kreait\firebase-php\src\Firebase\Factory.php(106): Kreait\Firebase\ServiceAccount::fromValue('onlineclinic-37b72-firebase-adminsdk-elcqb-c3242980ce.json')
 2 APPPATH\firebasecon.php(7): Kreait\Firebase\Factory->withServiceAccount('onlineclinic-37b72-firebase-adminsdk-elcqb-c3242980ce.json')
 3 APPPATH\Validation\RegisterRules.php(4): include('APPPATH\\firebasecon.php')
 4 SYSTEMPATH\Autoloader\Autoloader.php(284): include_once('APPPATH\\Validation\\RegisterRules.php')
 5 SYSTEMPATH\Autoloader\Autoloader.php(261): CodeIgniter\Autoloader\Autoloader->includeFile('APPPATH\\Validation\\RegisterRules.php')
 6 SYSTEMPATH\Autoloader\Autoloader.php(239): CodeIgniter\Autoloader\Autoloader->loadInNamespace('App\\Validation\\RegisterRules')
 7 [internal function]: CodeIgniter\Autoloader\Autoloader->loadClass('App\\Validation\\RegisterRules')
 8 SYSTEMPATH\Validation\Validation.php(550): spl_autoload_call('App\\Validation\\RegisterRules')
 9 SYSTEMPATH\Validation\Validation.php(122): CodeIgniter\Validation\Validation->loadRuleSets()
10 SYSTEMPATH\Controller.php(140): CodeIgniter\Validation\Validation->run()
11 APPPATH\Controllers\Auth.php(28): CodeIgniter\Controller->validate([...])
12 SYSTEMPATH\CodeIgniter.php(910): App\Controllers\Auth->save()
13 SYSTEMPATH\CodeIgniter.php(469): CodeIgniter\CodeIgniter->runController(Object(App\Controllers\Auth))
14 SYSTEMPATH\CodeIgniter.php(352): CodeIgniter\CodeIgniter->handleRequest(null, Object(Config\Cache), false)
15 FCPATH\index.php(55): CodeIgniter\CodeIgniter->run()
16 SYSTEMPATH\Commands\Server\rewrite.php(46): require_once('FCPATH\\index.php')
CRITICAL - 2022-10-26 03:17:03 --> Invalid service account: The file at 'onlineclinic-37b72-firebase-adminsdk-elcqb-c3242980ce.json' does not exist
in VENDORPATH\kreait\firebase-php\src\Firebase\ServiceAccount.php on line 91.
 1 VENDORPATH\kreait\firebase-php\src\Firebase\Factory.php(106): Kreait\Firebase\ServiceAccount::fromValue('onlineclinic-37b72-firebase-adminsdk-elcqb-c3242980ce.json')
 2 APPPATH\firebasecon.php(7): Kreait\Firebase\Factory->withServiceAccount('onlineclinic-37b72-firebase-adminsdk-elcqb-c3242980ce.json')
 3 APPPATH\Validation\RegisterRules.php(4): include('APPPATH\\firebasecon.php')
 4 SYSTEMPATH\Autoloader\Autoloader.php(284): include_once('APPPATH\\Validation\\RegisterRules.php')
 5 SYSTEMPATH\Autoloader\Autoloader.php(261): CodeIgniter\Autoloader\Autoloader->includeFile('APPPATH\\Validation\\RegisterRules.php')
 6 SYSTEMPATH\Autoloader\Autoloader.php(239): CodeIgniter\Autoloader\Autoloader->loadInNamespace('App\\Validation\\RegisterRules')
 7 [internal function]: CodeIgniter\Autoloader\Autoloader->loadClass('App\\Validation\\RegisterRules')
 8 SYSTEMPATH\Validation\Validation.php(550): spl_autoload_call('App\\Validation\\RegisterRules')
 9 SYSTEMPATH\Validation\Validation.php(122): CodeIgniter\Validation\Validation->loadRuleSets()
10 SYSTEMPATH\Controller.php(140): CodeIgniter\Validation\Validation->run()
11 APPPATH\Controllers\Auth.php(28): CodeIgniter\Controller->validate([...])
12 SYSTEMPATH\CodeIgniter.php(910): App\Controllers\Auth->save()
13 SYSTEMPATH\CodeIgniter.php(469): CodeIgniter\CodeIgniter->runController(Object(App\Controllers\Auth))
14 SYSTEMPATH\CodeIgniter.php(352): CodeIgniter\CodeIgniter->handleRequest(null, Object(Config\Cache), false)
15 FCPATH\index.php(55): CodeIgniter\CodeIgniter->run()
16 SYSTEMPATH\Commands\Server\rewrite.php(46): require_once('FCPATH\\index.php')
CRITICAL - 2022-10-26 03:18:41 --> Invalid service account: The file at 'onlineclinic-37b72-firebase-adminsdk-elcqb-c3242980ce.json' does not exist
in VENDORPATH\kreait\firebase-php\src\Firebase\ServiceAccount.php on line 91.
 1 VENDORPATH\kreait\firebase-php\src\Firebase\Factory.php(106): Kreait\Firebase\ServiceAccount::fromValue('onlineclinic-37b72-firebase-adminsdk-elcqb-c3242980ce.json')
 2 APPPATH\firebasecon.php(7): Kreait\Firebase\Factory->withServiceAccount('onlineclinic-37b72-firebase-adminsdk-elcqb-c3242980ce.json')
 3 APPPATH\Validation\RegisterRules.php(4): include('APPPATH\\firebasecon.php')
 4 SYSTEMPATH\Autoloader\Autoloader.php(284): include_once('APPPATH\\Validation\\RegisterRules.php')
 5 SYSTEMPATH\Autoloader\Autoloader.php(261): CodeIgniter\Autoloader\Autoloader->includeFile('APPPATH\\Validation\\RegisterRules.php')
 6 SYSTEMPATH\Autoloader\Autoloader.php(239): CodeIgniter\Autoloader\Autoloader->loadInNamespace('App\\Validation\\RegisterRules')
 7 [internal function]: CodeIgniter\Autoloader\Autoloader->loadClass('App\\Validation\\RegisterRules')
 8 SYSTEMPATH\Validation\Validation.php(550): spl_autoload_call('App\\Validation\\RegisterRules')
 9 SYSTEMPATH\Validation\Validation.php(122): CodeIgniter\Validation\Validation->loadRuleSets()
10 SYSTEMPATH\Controller.php(140): CodeIgniter\Validation\Validation->run()
11 APPPATH\Controllers\Auth.php(28): CodeIgniter\Controller->validate([...])
12 SYSTEMPATH\CodeIgniter.php(910): App\Controllers\Auth->save()
13 SYSTEMPATH\CodeIgniter.php(469): CodeIgniter\CodeIgniter->runController(Object(App\Controllers\Auth))
14 SYSTEMPATH\CodeIgniter.php(352): CodeIgniter\CodeIgniter->handleRequest(null, Object(Config\Cache), false)
15 FCPATH\index.php(55): CodeIgniter\CodeIgniter->run()
16 SYSTEMPATH\Commands\Server\rewrite.php(46): require_once('FCPATH\\index.php')
CRITICAL - 2022-10-26 06:34:54 --> Invalid service account: The file at 'onlineclinic-37b72-firebase-adminsdk-elcqb-c3242980ce.json' does not exist
in VENDORPATH\kreait\firebase-php\src\Firebase\ServiceAccount.php on line 91.
 1 VENDORPATH\kreait\firebase-php\src\Firebase\Factory.php(106): Kreait\Firebase\ServiceAccount::fromValue('onlineclinic-37b72-firebase-adminsdk-elcqb-c3242980ce.json')
 2 APPPATH\firebasecon.php(8): Kreait\Firebase\Factory->withServiceAccount('onlineclinic-37b72-firebase-adminsdk-elcqb-c3242980ce.json')
 3 APPPATH\Validation\RegisterRules.php(4): include('APPPATH\\firebasecon.php')
 4 SYSTEMPATH\Autoloader\Autoloader.php(284): include_once('APPPATH\\Validation\\RegisterRules.php')
 5 SYSTEMPATH\Autoloader\Autoloader.php(261): CodeIgniter\Autoloader\Autoloader->includeFile('APPPATH\\Validation\\RegisterRules.php')
 6 SYSTEMPATH\Autoloader\Autoloader.php(239): CodeIgniter\Autoloader\Autoloader->loadInNamespace('App\\Validation\\RegisterRules')
 7 [internal function]: CodeIgniter\Autoloader\Autoloader->loadClass('App\\Validation\\RegisterRules')
 8 SYSTEMPATH\Validation\Validation.php(550): spl_autoload_call('App\\Validation\\RegisterRules')
 9 SYSTEMPATH\Validation\Validation.php(122): CodeIgniter\Validation\Validation->loadRuleSets()
10 SYSTEMPATH\Controller.php(140): CodeIgniter\Validation\Validation->run()
11 APPPATH\Controllers\Auth.php(28): CodeIgniter\Controller->validate([...])
12 SYSTEMPATH\CodeIgniter.php(910): App\Controllers\Auth->save()
13 SYSTEMPATH\CodeIgniter.php(469): CodeIgniter\CodeIgniter->runController(Object(App\Controllers\Auth))
14 SYSTEMPATH\CodeIgniter.php(352): CodeIgniter\CodeIgniter->handleRequest(null, Object(Config\Cache), false)
15 FCPATH\index.php(55): CodeIgniter\CodeIgniter->run()
16 SYSTEMPATH\Commands\Server\rewrite.php(46): require_once('FCPATH\\index.php')
CRITICAL - 2022-10-26 06:36:20 --> Call to undefined method Kreait\Firebase\ServiceAccount::fromJsonFile()
in APPPATH\firebasecon.php on line 17.
 1 APPPATH\Validation\RegisterRules.php(4): include()
 2 SYSTEMPATH\Autoloader\Autoloader.php(284): include_once('APPPATH\\Validation\\RegisterRules.php')
 3 SYSTEMPATH\Autoloader\Autoloader.php(261): CodeIgniter\Autoloader\Autoloader->includeFile('APPPATH\\Validation\\RegisterRules.php')
 4 SYSTEMPATH\Autoloader\Autoloader.php(239): CodeIgniter\Autoloader\Autoloader->loadInNamespace('App\\Validation\\RegisterRules')
 5 [internal function]: CodeIgniter\Autoloader\Autoloader->loadClass('App\\Validation\\RegisterRules')
 6 SYSTEMPATH\Validation\Validation.php(550): spl_autoload_call('App\\Validation\\RegisterRules')
 7 SYSTEMPATH\Validation\Validation.php(122): CodeIgniter\Validation\Validation->loadRuleSets()
 8 SYSTEMPATH\Controller.php(140): CodeIgniter\Validation\Validation->run()
 9 APPPATH\Controllers\Auth.php(28): CodeIgniter\Controller->validate([...])
10 SYSTEMPATH\CodeIgniter.php(910): App\Controllers\Auth->save()
11 SYSTEMPATH\CodeIgniter.php(469): CodeIgniter\CodeIgniter->runController(Object(App\Controllers\Auth))
12 SYSTEMPATH\CodeIgniter.php(352): CodeIgniter\CodeIgniter->handleRequest(null, Object(Config\Cache), false)
13 FCPATH\index.php(55): CodeIgniter\CodeIgniter->run()
14 SYSTEMPATH\Commands\Server\rewrite.php(46): require_once('FCPATH\\index.php')
CRITICAL - 2022-10-26 06:36:37 --> Call to undefined method Kreait\Firebase\ServiceAccount::fromJsonFile()
in APPPATH\firebasecon.php on line 17.
 1 APPPATH\Validation\RegisterRules.php(4): include()
 2 SYSTEMPATH\Autoloader\Autoloader.php(284): include_once('APPPATH\\Validation\\RegisterRules.php')
 3 SYSTEMPATH\Autoloader\Autoloader.php(261): CodeIgniter\Autoloader\Autoloader->includeFile('APPPATH\\Validation\\RegisterRules.php')
 4 SYSTEMPATH\Autoloader\Autoloader.php(239): CodeIgniter\Autoloader\Autoloader->loadInNamespace('App\\Validation\\RegisterRules')
 5 [internal function]: CodeIgniter\Autoloader\Autoloader->loadClass('App\\Validation\\RegisterRules')
 6 SYSTEMPATH\Validation\Validation.php(550): spl_autoload_call('App\\Validation\\RegisterRules')
 7 SYSTEMPATH\Validation\Validation.php(122): CodeIgniter\Validation\Validation->loadRuleSets()
 8 SYSTEMPATH\Controller.php(140): CodeIgniter\Validation\Validation->run()
 9 APPPATH\Controllers\Auth.php(28): CodeIgniter\Controller->validate([...])
10 SYSTEMPATH\CodeIgniter.php(910): App\Controllers\Auth->save()
11 SYSTEMPATH\CodeIgniter.php(469): CodeIgniter\CodeIgniter->runController(Object(App\Controllers\Auth))
12 SYSTEMPATH\CodeIgniter.php(352): CodeIgniter\CodeIgniter->handleRequest(null, Object(Config\Cache), false)
13 FCPATH\index.php(55): CodeIgniter\CodeIgniter->run()
14 SYSTEMPATH\Commands\Server\rewrite.php(46): require_once('FCPATH\\index.php')
CRITICAL - 2022-10-26 06:37:54 --> Call to undefined method Kreait\Firebase\ServiceAccount::fromJsonFile()
in APPPATH\firebasecon.php on line 12.
 1 APPPATH\Validation\RegisterRules.php(4): include()
 2 SYSTEMPATH\Autoloader\Autoloader.php(284): include_once('APPPATH\\Validation\\RegisterRules.php')
 3 SYSTEMPATH\Autoloader\Autoloader.php(261): CodeIgniter\Autoloader\Autoloader->includeFile('APPPATH\\Validation\\RegisterRules.php')
 4 SYSTEMPATH\Autoloader\Autoloader.php(239): CodeIgniter\Autoloader\Autoloader->loadInNamespace('App\\Validation\\RegisterRules')
 5 [internal function]: CodeIgniter\Autoloader\Autoloader->loadClass('App\\Validation\\RegisterRules')
 6 SYSTEMPATH\Validation\Validation.php(550): spl_autoload_call('App\\Validation\\RegisterRules')
 7 SYSTEMPATH\Validation\Validation.php(122): CodeIgniter\Validation\Validation->loadRuleSets()
 8 SYSTEMPATH\Controller.php(140): CodeIgniter\Validation\Validation->run()
 9 APPPATH\Controllers\Auth.php(28): CodeIgniter\Controller->validate([...])
10 SYSTEMPATH\CodeIgniter.php(910): App\Controllers\Auth->save()
11 SYSTEMPATH\CodeIgniter.php(469): CodeIgniter\CodeIgniter->runController(Object(App\Controllers\Auth))
12 SYSTEMPATH\CodeIgniter.php(352): CodeIgniter\CodeIgniter->handleRequest(null, Object(Config\Cache), false)
13 FCPATH\index.php(55): CodeIgniter\CodeIgniter->run()
14 SYSTEMPATH\Commands\Server\rewrite.php(46): require_once('FCPATH\\index.php')
CRITICAL - 2022-10-26 07:48:44 --> Invalid service account: The file at '/onlineclinic-37b72-firebase-adminsdk-elcqb-c3242980ce.json' does not exist
in VENDORPATH\kreait\firebase-php\src\Firebase\ServiceAccount.php on line 91.
 1 VENDORPATH\kreait\firebase-php\src\Firebase\Factory.php(106): Kreait\Firebase\ServiceAccount::fromValue('/onlineclinic-37b72-firebase-adminsdk-elcqb-c3242980ce.json')
 2 APPPATH\firebasecon.php(13): Kreait\Firebase\Factory->withServiceAccount('/onlineclinic-37b72-firebase-adminsdk-elcqb-c3242980ce.json')
 3 APPPATH\Validation\RegisterRules.php(4): include('APPPATH\\firebasecon.php')
 4 SYSTEMPATH\Autoloader\Autoloader.php(284): include_once('APPPATH\\Validation\\RegisterRules.php')
 5 SYSTEMPATH\Autoloader\Autoloader.php(261): CodeIgniter\Autoloader\Autoloader->includeFile('APPPATH\\Validation\\RegisterRules.php')
 6 SYSTEMPATH\Autoloader\Autoloader.php(239): CodeIgniter\Autoloader\Autoloader->loadInNamespace('App\\Validation\\RegisterRules')
 7 [internal function]: CodeIgniter\Autoloader\Autoloader->loadClass('App\\Validation\\RegisterRules')
 8 SYSTEMPATH\Validation\Validation.php(550): spl_autoload_call('App\\Validation\\RegisterRules')
 9 SYSTEMPATH\Validation\Validation.php(122): CodeIgniter\Validation\Validation->loadRuleSets()
10 SYSTEMPATH\Controller.php(140): CodeIgniter\Validation\Validation->run()
11 APPPATH\Controllers\Auth.php(28): CodeIgniter\Controller->validate([...])
12 SYSTEMPATH\CodeIgniter.php(910): App\Controllers\Auth->save()
13 SYSTEMPATH\CodeIgniter.php(469): CodeIgniter\CodeIgniter->runController(Object(App\Controllers\Auth))
14 SYSTEMPATH\CodeIgniter.php(352): CodeIgniter\CodeIgniter->handleRequest(null, Object(Config\Cache), false)
15 FCPATH\index.php(55): CodeIgniter\CodeIgniter->run()
16 SYSTEMPATH\Commands\Server\rewrite.php(46): require_once('FCPATH\\index.php')
CRITICAL - 2022-10-26 07:49:12 --> Undefined variable: database
in APPPATH\Validation\RegisterRules.php on line 40.
 1 APPPATH\Validation\RegisterRules.php(40): CodeIgniter\Debug\Exceptions->errorHandler(8, 'Undefined variable: database', 'APPPATH\\Validation\\RegisterRules.php', 40, [...])
 2 SYSTEMPATH\Validation\Validation.php(308): App\Validation\RegisterRules->checkExist('hengzp2000@gmail.com', 'email', [...], null)
 3 SYSTEMPATH\Validation\Validation.php(175): CodeIgniter\Validation\Validation->processRules('email', 'email', 'hengzp2000@gmail.com', [...], [...])
 4 SYSTEMPATH\Controller.php(140): CodeIgniter\Validation\Validation->run()
 5 APPPATH\Controllers\Auth.php(28): CodeIgniter\Controller->validate([...])
 6 SYSTEMPATH\CodeIgniter.php(910): App\Controllers\Auth->save()
 7 SYSTEMPATH\CodeIgniter.php(469): CodeIgniter\CodeIgniter->runController(Object(App\Controllers\Auth))
 8 SYSTEMPATH\CodeIgniter.php(352): CodeIgniter\CodeIgniter->handleRequest(null, Object(Config\Cache), false)
 9 FCPATH\index.php(55): CodeIgniter\CodeIgniter->run()
10 SYSTEMPATH\Commands\Server\rewrite.php(46): require_once('FCPATH\\index.php')
CRITICAL - 2022-10-26 07:51:03 --> Undefined variable: database
in APPPATH\Validation\RegisterRules.php on line 39.
 1 APPPATH\Validation\RegisterRules.php(39): CodeIgniter\Debug\Exceptions->errorHandler(8, 'Undefined variable: database', 'APPPATH\\Validation\\RegisterRules.php', 39, [...])
 2 SYSTEMPATH\Validation\Validation.php(308): App\Validation\RegisterRules->checkExist('hengzp2000@gmail.com', 'email', [...], null)
 3 SYSTEMPATH\Validation\Validation.php(175): CodeIgniter\Validation\Validation->processRules('email', 'email', 'hengzp2000@gmail.com', [...], [...])
 4 SYSTEMPATH\Controller.php(140): CodeIgniter\Validation\Validation->run()
 5 APPPATH\Controllers\Auth.php(28): CodeIgniter\Controller->validate([...])
 6 SYSTEMPATH\CodeIgniter.php(910): App\Controllers\Auth->save()
 7 SYSTEMPATH\CodeIgniter.php(469): CodeIgniter\CodeIgniter->runController(Object(App\Controllers\Auth))
 8 SYSTEMPATH\CodeIgniter.php(352): CodeIgniter\CodeIgniter->handleRequest(null, Object(Config\Cache), false)
 9 FCPATH\index.php(55): CodeIgniter\CodeIgniter->run()
10 SYSTEMPATH\Commands\Server\rewrite.php(46): require_once('FCPATH\\index.php')
CRITICAL - 2022-10-26 07:51:08 --> include(../app/firesbasecon.php): failed to open stream: No such file or directory
in APPPATH\Validation\RegisterRules.php on line 4.
 1 APPPATH\Validation\RegisterRules.php(4): CodeIgniter\Debug\Exceptions->errorHandler(2, 'include(../app/firesbasecon.php): failed to open stream: No such file or directory', 'APPPATH\\Validation\\RegisterRules.php', 4, [...])
 2 APPPATH\Validation\RegisterRules.php(4): include()
 3 SYSTEMPATH\Autoloader\Autoloader.php(284): include_once('APPPATH\\Validation\\RegisterRules.php')
 4 SYSTEMPATH\Autoloader\Autoloader.php(261): CodeIgniter\Autoloader\Autoloader->includeFile('APPPATH\\Validation\\RegisterRules.php')
 5 SYSTEMPATH\Autoloader\Autoloader.php(239): CodeIgniter\Autoloader\Autoloader->loadInNamespace('App\\Validation\\RegisterRules')
 6 [internal function]: CodeIgniter\Autoloader\Autoloader->loadClass('App\\Validation\\RegisterRules')
 7 SYSTEMPATH\Validation\Validation.php(550): spl_autoload_call('App\\Validation\\RegisterRules')
 8 SYSTEMPATH\Validation\Validation.php(122): CodeIgniter\Validation\Validation->loadRuleSets()
 9 SYSTEMPATH\Controller.php(140): CodeIgniter\Validation\Validation->run()
10 APPPATH\Controllers\Auth.php(28): CodeIgniter\Controller->validate([...])
11 SYSTEMPATH\CodeIgniter.php(910): App\Controllers\Auth->save()
12 SYSTEMPATH\CodeIgniter.php(469): CodeIgniter\CodeIgniter->runController(Object(App\Controllers\Auth))
13 SYSTEMPATH\CodeIgniter.php(352): CodeIgniter\CodeIgniter->handleRequest(null, Object(Config\Cache), false)
14 FCPATH\index.php(55): CodeIgniter\CodeIgniter->run()
15 SYSTEMPATH\Commands\Server\rewrite.php(46): require_once('FCPATH\\index.php')
CRITICAL - 2022-10-26 07:52:45 --> Undefined variable: database
in APPPATH\Validation\RegisterRules.php on line 40.
 1 APPPATH\Validation\RegisterRules.php(40): CodeIgniter\Debug\Exceptions->errorHandler(8, 'Undefined variable: database', 'APPPATH\\Validation\\RegisterRules.php', 40, [...])
 2 SYSTEMPATH\Validation\Validation.php(308): App\Validation\RegisterRules->checkExist('hengzp2000@gmail.com', 'email', [...], null)
 3 SYSTEMPATH\Validation\Validation.php(175): CodeIgniter\Validation\Validation->processRules('email', 'email', 'hengzp2000@gmail.com', [...], [...])
 4 SYSTEMPATH\Controller.php(140): CodeIgniter\Validation\Validation->run()
 5 APPPATH\Controllers\Auth.php(28): CodeIgniter\Controller->validate([...])
 6 SYSTEMPATH\CodeIgniter.php(910): App\Controllers\Auth->save()
 7 SYSTEMPATH\CodeIgniter.php(469): CodeIgniter\CodeIgniter->runController(Object(App\Controllers\Auth))
 8 SYSTEMPATH\CodeIgniter.php(352): CodeIgniter\CodeIgniter->handleRequest(null, Object(Config\Cache), false)
 9 FCPATH\index.php(55): CodeIgniter\CodeIgniter->run()
10 SYSTEMPATH\Commands\Server\rewrite.php(46): require_once('FCPATH\\index.php')
CRITICAL - 2022-10-26 07:55:01 --> Undefined variable: database
in APPPATH\Validation\RegisterRules.php on line 39.
 1 APPPATH\Validation\RegisterRules.php(39): CodeIgniter\Debug\Exceptions->errorHandler(8, 'Undefined variable: database', 'APPPATH\\Validation\\RegisterRules.php', 39, [...])
 2 SYSTEMPATH\Validation\Validation.php(308): App\Validation\RegisterRules->checkExist('hengzp2000@gmail.com', 'email', [...], null)
 3 SYSTEMPATH\Validation\Validation.php(175): CodeIgniter\Validation\Validation->processRules('email', 'email', 'hengzp2000@gmail.com', [...], [...])
 4 SYSTEMPATH\Controller.php(140): CodeIgniter\Validation\Validation->run()
 5 APPPATH\Controllers\Auth.php(28): CodeIgniter\Controller->validate([...])
 6 SYSTEMPATH\CodeIgniter.php(910): App\Controllers\Auth->save()
 7 SYSTEMPATH\CodeIgniter.php(469): CodeIgniter\CodeIgniter->runController(Object(App\Controllers\Auth))
 8 SYSTEMPATH\CodeIgniter.php(352): CodeIgniter\CodeIgniter->handleRequest(null, Object(Config\Cache), false)
 9 FCPATH\index.php(55): CodeIgniter\CodeIgniter->run()
10 SYSTEMPATH\Commands\Server\rewrite.php(46): require_once('FCPATH\\index.php')
CRITICAL - 2022-10-26 07:55:09 --> Undefined variable: database
in APPPATH\Validation\RegisterRules.php on line 39.
 1 APPPATH\Validation\RegisterRules.php(39): CodeIgniter\Debug\Exceptions->errorHandler(8, 'Undefined variable: database', 'APPPATH\\Validation\\RegisterRules.php', 39, [...])
 2 SYSTEMPATH\Validation\Validation.php(308): App\Validation\RegisterRules->checkExist('hengzp2000@gmail.com', 'email', [...], null)
 3 SYSTEMPATH\Validation\Validation.php(175): CodeIgniter\Validation\Validation->processRules('email', 'email', 'hengzp2000@gmail.com', [...], [...])
 4 SYSTEMPATH\Controller.php(140): CodeIgniter\Validation\Validation->run()
 5 APPPATH\Controllers\Auth.php(28): CodeIgniter\Controller->validate([...])
 6 SYSTEMPATH\CodeIgniter.php(910): App\Controllers\Auth->save()
 7 SYSTEMPATH\CodeIgniter.php(469): CodeIgniter\CodeIgniter->runController(Object(App\Controllers\Auth))
 8 SYSTEMPATH\CodeIgniter.php(352): CodeIgniter\CodeIgniter->handleRequest(null, Object(Config\Cache), false)
 9 FCPATH\index.php(55): CodeIgniter\CodeIgniter->run()
10 SYSTEMPATH\Commands\Server\rewrite.php(46): require_once('FCPATH\\index.php')
CRITICAL - 2022-10-26 07:55:46 --> Undefined variable: database
in APPPATH\Validation\RegisterRules.php on line 40.
 1 APPPATH\Validation\RegisterRules.php(40): CodeIgniter\Debug\Exceptions->errorHandler(8, 'Undefined variable: database', 'APPPATH\\Validation\\RegisterRules.php', 40, [...])
 2 SYSTEMPATH\Validation\Validation.php(308): App\Validation\RegisterRules->checkExist('hengzp2000@gmail.com', 'email', [...], null)
 3 SYSTEMPATH\Validation\Validation.php(175): CodeIgniter\Validation\Validation->processRules('email', 'email', 'hengzp2000@gmail.com', [...], [...])
 4 SYSTEMPATH\Controller.php(140): CodeIgniter\Validation\Validation->run()
 5 APPPATH\Controllers\Auth.php(28): CodeIgniter\Controller->validate([...])
 6 SYSTEMPATH\CodeIgniter.php(910): App\Controllers\Auth->save()
 7 SYSTEMPATH\CodeIgniter.php(469): CodeIgniter\CodeIgniter->runController(Object(App\Controllers\Auth))
 8 SYSTEMPATH\CodeIgniter.php(352): CodeIgniter\CodeIgniter->handleRequest(null, Object(Config\Cache), false)
 9 FCPATH\index.php(55): CodeIgniter\CodeIgniter->run()
10 SYSTEMPATH\Commands\Server\rewrite.php(46): require_once('FCPATH\\index.php')
ERROR - 2022-10-26 07:57:58 --> Error connecting to the database: mysqli_sql_exception: No connection could be made because the target machine actively refused it.
 in C:\xampp\htdocs\CodeIgniter4-develop\system\Database\MySQLi\Connection.php:171
Stack trace:
#0 C:\xampp\htdocs\CodeIgniter4-develop\system\Database\MySQLi\Connection.php(171): mysqli->real_connect('localhost', 'root', '', 'clinicdb', 3306, '', 0)
#1 C:\xampp\htdocs\CodeIgniter4-develop\system\Database\BaseConnection.php(382): CodeIgniter\Database\MySQLi\Connection->connect(false)
#2 C:\xampp\htdocs\CodeIgniter4-develop\system\Database\BaseConnection.php(588): CodeIgniter\Database\BaseConnection->initialize()
#3 C:\xampp\htdocs\CodeIgniter4-develop\system\Database\BaseBuilder.php(1585): CodeIgniter\Database\BaseConnection->query('SELECT 1\nFROM `...', Array, false)
#4 C:\xampp\htdocs\CodeIgniter4-develop\system\Validation\Rules.php(142): CodeIgniter\Database\BaseBuilder->get()
#5 C:\xampp\htdocs\CodeIgniter4-develop\system\Validation\Validation.php(308): CodeIgniter\Validation\Rules->is_unique('0108244650', 'phone', Array, NULL)
#6 C:\xampp\htdocs\CodeIgniter4-develop\system\Validation\Validation.php(175): CodeIgniter\Validation\Validation->processRules('contact', 'contact', '0108244650', Array, Array)
#7 C:\xampp\htdocs\CodeIgniter4-develop\system\Controller.php(140): CodeIgniter\Validation\Validation->run()
#8 C:\xampp\htdocs\CodeIgniter4-develop\app\Controllers\Auth.php(28): CodeIgniter\Controller->validate(Array)
#9 C:\xampp\htdocs\CodeIgniter4-develop\system\CodeIgniter.php(910): App\Controllers\Auth->save()
#10 C:\xampp\htdocs\CodeIgniter4-develop\system\CodeIgniter.php(469): CodeIgniter\CodeIgniter->runController(Object(App\Controllers\Auth))
#11 C:\xampp\htdocs\CodeIgniter4-develop\system\CodeIgniter.php(352): CodeIgniter\CodeIgniter->handleRequest(NULL, Object(Config\Cache), false)
#12 C:\xampp\htdocs\CodeIgniter4-develop\public\index.php(55): CodeIgniter\CodeIgniter->run()
#13 C:\xampp\htdocs\CodeIgniter4-develop\system\Commands\Server\rewrite.php(46): require_once('C:\\xampp\\htdocs...')
#14 {main}

Next CodeIgniter\Database\Exceptions\DatabaseException: No connection could be made because the target machine actively refused it.
 in C:\xampp\htdocs\CodeIgniter4-develop\system\Database\MySQLi\Connection.php:215
Stack trace:
#0 C:\xampp\htdocs\CodeIgniter4-develop\system\Database\BaseConnection.php(382): CodeIgniter\Database\MySQLi\Connection->connect(false)
#1 C:\xampp\htdocs\CodeIgniter4-develop\system\Database\BaseConnection.php(588): CodeIgniter\Database\BaseConnection->initialize()
#2 C:\xampp\htdocs\CodeIgniter4-develop\system\Database\BaseBuilder.php(1585): CodeIgniter\Database\BaseConnection->query('SELECT 1\nFROM `...', Array, false)
#3 C:\xampp\htdocs\CodeIgniter4-develop\system\Validation\Rules.php(142): CodeIgniter\Database\BaseBuilder->get()
#4 C:\xampp\htdocs\CodeIgniter4-develop\system\Validation\Validation.php(308): CodeIgniter\Validation\Rules->is_unique('0108244650', 'phone', Array, NULL)
#5 C:\xampp\htdocs\CodeIgniter4-develop\system\Validation\Validation.php(175): CodeIgniter\Validation\Validation->processRules('contact', 'contact', '0108244650', Array, Array)
#6 C:\xampp\htdocs\CodeIgniter4-develop\system\Controller.php(140): CodeIgniter\Validation\Validation->run()
#7 C:\xampp\htdocs\CodeIgniter4-develop\app\Controllers\Auth.php(28): CodeIgniter\Controller->validate(Array)
#8 C:\xampp\htdocs\CodeIgniter4-develop\system\CodeIgniter.php(910): App\Controllers\Auth->save()
#9 C:\xampp\htdocs\CodeIgniter4-develop\system\CodeIgniter.php(469): CodeIgniter\CodeIgniter->runController(Object(App\Controllers\Auth))
#10 C:\xampp\htdocs\CodeIgniter4-develop\system\CodeIgniter.php(352): CodeIgniter\CodeIgniter->handleRequest(NULL, Object(Config\Cache), false)
#11 C:\xampp\htdocs\CodeIgniter4-develop\public\index.php(55): CodeIgniter\CodeIgniter->run()
#12 C:\xampp\htdocs\CodeIgniter4-develop\system\Commands\Server\rewrite.php(46): require_once('C:\\xampp\\htdocs...')
#13 {main}
CRITICAL - 2022-10-26 07:57:58 --> Unable to connect to the database.
Main connection [MySQLi]: No connection could be made because the target machine actively refused it.

in SYSTEMPATH\Database\BaseConnection.php on line 418.
 1 SYSTEMPATH\Database\BaseConnection.php(588): CodeIgniter\Database\BaseConnection->initialize()
 2 SYSTEMPATH\Database\BaseBuilder.php(1585): CodeIgniter\Database\BaseConnection->query('SELECT 1
FROM `users`
WHERE `phone` = :phone:
 LIMIT 1', [...], false)
 3 SYSTEMPATH\Validation\Rules.php(142): CodeIgniter\Database\BaseBuilder->get()
 4 SYSTEMPATH\Validation\Validation.php(308): CodeIgniter\Validation\Rules->is_unique('0108244650', 'phone', [...], null)
 5 SYSTEMPATH\Validation\Validation.php(175): CodeIgniter\Validation\Validation->processRules('contact', 'contact', '0108244650', [...], [...])
 6 SYSTEMPATH\Controller.php(140): CodeIgniter\Validation\Validation->run()
 7 APPPATH\Controllers\Auth.php(28): CodeIgniter\Controller->validate([...])
 8 SYSTEMPATH\CodeIgniter.php(910): App\Controllers\Auth->save()
 9 SYSTEMPATH\CodeIgniter.php(469): CodeIgniter\CodeIgniter->runController(Object(App\Controllers\Auth))
10 SYSTEMPATH\CodeIgniter.php(352): CodeIgniter\CodeIgniter->handleRequest(null, Object(Config\Cache), false)
11 FCPATH\index.php(55): CodeIgniter\CodeIgniter->run()
12 SYSTEMPATH\Commands\Server\rewrite.php(46): require_once('FCPATH\\index.php')
ERROR - 2022-10-26 07:58:52 --> Error connecting to the database: mysqli_sql_exception: No connection could be made because the target machine actively refused it.
 in C:\xampp\htdocs\CodeIgniter4-develop\system\Database\MySQLi\Connection.php:171
Stack trace:
#0 C:\xampp\htdocs\CodeIgniter4-develop\system\Database\MySQLi\Connection.php(171): mysqli->real_connect('localhost', 'root', '', 'clinicdb', 3306, '', 0)
#1 C:\xampp\htdocs\CodeIgniter4-develop\system\Database\BaseConnection.php(382): CodeIgniter\Database\MySQLi\Connection->connect(false)
#2 C:\xampp\htdocs\CodeIgniter4-develop\system\Database\BaseConnection.php(588): CodeIgniter\Database\BaseConnection->initialize()
#3 C:\xampp\htdocs\CodeIgniter4-develop\system\Database\BaseBuilder.php(1585): CodeIgniter\Database\BaseConnection->query('SELECT 1\nFROM `...', Array, false)
#4 C:\xampp\htdocs\CodeIgniter4-develop\system\Validation\Rules.php(142): CodeIgniter\Database\BaseBuilder->get()
#5 C:\xampp\htdocs\CodeIgniter4-develop\system\Validation\Validation.php(308): CodeIgniter\Validation\Rules->is_unique('0108244650', 'phone', Array, NULL)
#6 C:\xampp\htdocs\CodeIgniter4-develop\system\Validation\Validation.php(175): CodeIgniter\Validation\Validation->processRules('contact', 'contact', '0108244650', Array, Array)
#7 C:\xampp\htdocs\CodeIgniter4-develop\system\Controller.php(140): CodeIgniter\Validation\Validation->run()
#8 C:\xampp\htdocs\CodeIgniter4-develop\app\Controllers\Auth.php(28): CodeIgniter\Controller->validate(Array)
#9 C:\xampp\htdocs\CodeIgniter4-develop\system\CodeIgniter.php(910): App\Controllers\Auth->save()
#10 C:\xampp\htdocs\CodeIgniter4-develop\system\CodeIgniter.php(469): CodeIgniter\CodeIgniter->runController(Object(App\Controllers\Auth))
#11 C:\xampp\htdocs\CodeIgniter4-develop\system\CodeIgniter.php(352): CodeIgniter\CodeIgniter->handleRequest(NULL, Object(Config\Cache), false)
#12 C:\xampp\htdocs\CodeIgniter4-develop\public\index.php(55): CodeIgniter\CodeIgniter->run()
#13 C:\xampp\htdocs\CodeIgniter4-develop\system\Commands\Server\rewrite.php(46): require_once('C:\\xampp\\htdocs...')
#14 {main}

Next CodeIgniter\Database\Exceptions\DatabaseException: No connection could be made because the target machine actively refused it.
 in C:\xampp\htdocs\CodeIgniter4-develop\system\Database\MySQLi\Connection.php:215
Stack trace:
#0 C:\xampp\htdocs\CodeIgniter4-develop\system\Database\BaseConnection.php(382): CodeIgniter\Database\MySQLi\Connection->connect(false)
#1 C:\xampp\htdocs\CodeIgniter4-develop\system\Database\BaseConnection.php(588): CodeIgniter\Database\BaseConnection->initialize()
#2 C:\xampp\htdocs\CodeIgniter4-develop\system\Database\BaseBuilder.php(1585): CodeIgniter\Database\BaseConnection->query('SELECT 1\nFROM `...', Array, false)
#3 C:\xampp\htdocs\CodeIgniter4-develop\system\Validation\Rules.php(142): CodeIgniter\Database\BaseBuilder->get()
#4 C:\xampp\htdocs\CodeIgniter4-develop\system\Validation\Validation.php(308): CodeIgniter\Validation\Rules->is_unique('0108244650', 'phone', Array, NULL)
#5 C:\xampp\htdocs\CodeIgniter4-develop\system\Validation\Validation.php(175): CodeIgniter\Validation\Validation->processRules('contact', 'contact', '0108244650', Array, Array)
#6 C:\xampp\htdocs\CodeIgniter4-develop\system\Controller.php(140): CodeIgniter\Validation\Validation->run()
#7 C:\xampp\htdocs\CodeIgniter4-develop\app\Controllers\Auth.php(28): CodeIgniter\Controller->validate(Array)
#8 C:\xampp\htdocs\CodeIgniter4-develop\system\CodeIgniter.php(910): App\Controllers\Auth->save()
#9 C:\xampp\htdocs\CodeIgniter4-develop\system\CodeIgniter.php(469): CodeIgniter\CodeIgniter->runController(Object(App\Controllers\Auth))
#10 C:\xampp\htdocs\CodeIgniter4-develop\system\CodeIgniter.php(352): CodeIgniter\CodeIgniter->handleRequest(NULL, Object(Config\Cache), false)
#11 C:\xampp\htdocs\CodeIgniter4-develop\public\index.php(55): CodeIgniter\CodeIgniter->run()
#12 C:\xampp\htdocs\CodeIgniter4-develop\system\Commands\Server\rewrite.php(46): require_once('C:\\xampp\\htdocs...')
#13 {main}
CRITICAL - 2022-10-26 07:58:52 --> Unable to connect to the database.
Main connection [MySQLi]: No connection could be made because the target machine actively refused it.

in SYSTEMPATH\Database\BaseConnection.php on line 418.
 1 SYSTEMPATH\Database\BaseConnection.php(588): CodeIgniter\Database\BaseConnection->initialize()
 2 SYSTEMPATH\Database\BaseBuilder.php(1585): CodeIgniter\Database\BaseConnection->query('SELECT 1
FROM `users`
WHERE `phone` = :phone:
 LIMIT 1', [...], false)
 3 SYSTEMPATH\Validation\Rules.php(142): CodeIgniter\Database\BaseBuilder->get()
 4 SYSTEMPATH\Validation\Validation.php(308): CodeIgniter\Validation\Rules->is_unique('0108244650', 'phone', [...], null)
 5 SYSTEMPATH\Validation\Validation.php(175): CodeIgniter\Validation\Validation->processRules('contact', 'contact', '0108244650', [...], [...])
 6 SYSTEMPATH\Controller.php(140): CodeIgniter\Validation\Validation->run()
 7 APPPATH\Controllers\Auth.php(28): CodeIgniter\Controller->validate([...])
 8 SYSTEMPATH\CodeIgniter.php(910): App\Controllers\Auth->save()
 9 SYSTEMPATH\CodeIgniter.php(469): CodeIgniter\CodeIgniter->runController(Object(App\Controllers\Auth))
10 SYSTEMPATH\CodeIgniter.php(352): CodeIgniter\CodeIgniter->handleRequest(null, Object(Config\Cache), false)
11 FCPATH\index.php(55): CodeIgniter\CodeIgniter->run()
12 SYSTEMPATH\Commands\Server\rewrite.php(46): require_once('FCPATH\\index.php')
CRITICAL - 2022-10-26 09:12:25 --> require(../../vendor/autoload.php): failed to open stream: No such file or directory
in APPPATH\Libraries\FirebaseCon.php on line 3.
 1 APPPATH\Libraries\FirebaseCon.php(3): CodeIgniter\Debug\Exceptions->errorHandler(2, 'require(../../vendor/autoload.php): failed to open stream: No such file or directory', 'APPPATH\\Libraries\\FirebaseCon.php', 3, [...])
 2 APPPATH\Libraries\FirebaseCon.php(3): require()
 3 SYSTEMPATH\Autoloader\Autoloader.php(284): include_once('APPPATH\\Libraries\\FirebaseCon.php')
 4 SYSTEMPATH\Autoloader\Autoloader.php(261): CodeIgniter\Autoloader\Autoloader->includeFile('APPPATH\\Libraries\\FirebaseCon.php')
 5 SYSTEMPATH\Autoloader\Autoloader.php(239): CodeIgniter\Autoloader\Autoloader->loadInNamespace('App\\Libraries\\FirebaseCon')
 6 [internal function]: CodeIgniter\Autoloader\Autoloader->loadClass('App\\Libraries\\FirebaseCon')
 7 APPPATH\Validation\RegisterRules.php(40): spl_autoload_call('App\\Libraries\\FirebaseCon')
 8 SYSTEMPATH\Validation\Validation.php(308): App\Validation\RegisterRules->checkExist('hengzp@gmail.com', 'email', [...], null)
 9 SYSTEMPATH\Validation\Validation.php(175): CodeIgniter\Validation\Validation->processRules('email', 'email', 'hengzp@gmail.com', [...], [...])
10 SYSTEMPATH\Controller.php(140): CodeIgniter\Validation\Validation->run()
11 APPPATH\Controllers\Auth.php(30): CodeIgniter\Controller->validate([...])
12 SYSTEMPATH\CodeIgniter.php(910): App\Controllers\Auth->save()
13 SYSTEMPATH\CodeIgniter.php(469): CodeIgniter\CodeIgniter->runController(Object(App\Controllers\Auth))
14 SYSTEMPATH\CodeIgniter.php(352): CodeIgniter\CodeIgniter->handleRequest(null, Object(Config\Cache), false)
15 FCPATH\index.php(55): CodeIgniter\CodeIgniter->run()
16 SYSTEMPATH\Commands\Server\rewrite.php(46): require_once('FCPATH\\index.php')
CRITICAL - 2022-10-26 09:13:09 --> require(../../../vendor/autoload.php): failed to open stream: No such file or directory
in APPPATH\Libraries\FirebaseCon.php on line 3.
 1 APPPATH\Libraries\FirebaseCon.php(3): CodeIgniter\Debug\Exceptions->errorHandler(2, 'require(../../../vendor/autoload.php): failed to open stream: No such file or directory', 'APPPATH\\Libraries\\FirebaseCon.php', 3, [...])
 2 APPPATH\Libraries\FirebaseCon.php(3): require()
 3 SYSTEMPATH\Autoloader\Autoloader.php(284): include_once('APPPATH\\Libraries\\FirebaseCon.php')
 4 SYSTEMPATH\Autoloader\Autoloader.php(261): CodeIgniter\Autoloader\Autoloader->includeFile('APPPATH\\Libraries\\FirebaseCon.php')
 5 SYSTEMPATH\Autoloader\Autoloader.php(239): CodeIgniter\Autoloader\Autoloader->loadInNamespace('App\\Libraries\\FirebaseCon')
 6 [internal function]: CodeIgniter\Autoloader\Autoloader->loadClass('App\\Libraries\\FirebaseCon')
 7 APPPATH\Validation\RegisterRules.php(40): spl_autoload_call('App\\Libraries\\FirebaseCon')
 8 SYSTEMPATH\Validation\Validation.php(308): App\Validation\RegisterRules->checkExist('hengzp@gmail.com', 'email', [...], null)
 9 SYSTEMPATH\Validation\Validation.php(175): CodeIgniter\Validation\Validation->processRules('email', 'email', 'hengzp@gmail.com', [...], [...])
10 SYSTEMPATH\Controller.php(140): CodeIgniter\Validation\Validation->run()
11 APPPATH\Controllers\Auth.php(30): CodeIgniter\Controller->validate([...])
12 SYSTEMPATH\CodeIgniter.php(910): App\Controllers\Auth->save()
13 SYSTEMPATH\CodeIgniter.php(469): CodeIgniter\CodeIgniter->runController(Object(App\Controllers\Auth))
14 SYSTEMPATH\CodeIgniter.php(352): CodeIgniter\CodeIgniter->handleRequest(null, Object(Config\Cache), false)
15 FCPATH\index.php(55): CodeIgniter\CodeIgniter->run()
16 SYSTEMPATH\Commands\Server\rewrite.php(46): require_once('FCPATH\\index.php')
CRITICAL - 2022-10-26 09:14:06 --> require(../../vendor/autoload.php): failed to open stream: No such file or directory
in APPPATH\Libraries\FirebaseCon.php on line 3.
 1 APPPATH\Libraries\FirebaseCon.php(3): CodeIgniter\Debug\Exceptions->errorHandler(2, 'require(../../vendor/autoload.php): failed to open stream: No such file or directory', 'APPPATH\\Libraries\\FirebaseCon.php', 3, [...])
 2 APPPATH\Libraries\FirebaseCon.php(3): require()
 3 SYSTEMPATH\Autoloader\Autoloader.php(284): include_once('APPPATH\\Libraries\\FirebaseCon.php')
 4 SYSTEMPATH\Autoloader\Autoloader.php(261): CodeIgniter\Autoloader\Autoloader->includeFile('APPPATH\\Libraries\\FirebaseCon.php')
 5 SYSTEMPATH\Autoloader\Autoloader.php(239): CodeIgniter\Autoloader\Autoloader->loadInNamespace('App\\Libraries\\FirebaseCon')
 6 [internal function]: CodeIgniter\Autoloader\Autoloader->loadClass('App\\Libraries\\FirebaseCon')
 7 APPPATH\Validation\RegisterRules.php(40): spl_autoload_call('App\\Libraries\\FirebaseCon')
 8 SYSTEMPATH\Validation\Validation.php(308): App\Validation\RegisterRules->checkExist('hengzp@gmail.com', 'email', [...], null)
 9 SYSTEMPATH\Validation\Validation.php(175): CodeIgniter\Validation\Validation->processRules('email', 'email', 'hengzp@gmail.com', [...], [...])
10 SYSTEMPATH\Controller.php(140): CodeIgniter\Validation\Validation->run()
11 APPPATH\Controllers\Auth.php(30): CodeIgniter\Controller->validate([...])
12 SYSTEMPATH\CodeIgniter.php(910): App\Controllers\Auth->save()
13 SYSTEMPATH\CodeIgniter.php(469): CodeIgniter\CodeIgniter->runController(Object(App\Controllers\Auth))
14 SYSTEMPATH\CodeIgniter.php(352): CodeIgniter\CodeIgniter->handleRequest(null, Object(Config\Cache), false)
15 FCPATH\index.php(55): CodeIgniter\CodeIgniter->run()
16 SYSTEMPATH\Commands\Server\rewrite.php(46): require_once('FCPATH\\index.php')
CRITICAL - 2022-10-26 09:17:40 --> Undefined index: email,"email"
in APPPATH\Validation\RegisterRules.php on line 48.
 1 APPPATH\Validation\RegisterRules.php(48): CodeIgniter\Debug\Exceptions->errorHandler(8, 'Undefined index: email,"email"', 'APPPATH\\Validation\\RegisterRules.php', 48, [...])
 2 SYSTEMPATH\Validation\Validation.php(308): App\Validation\RegisterRules->checkExist('hengzp@gmail.com', 'email,"email"', [...], null)
 3 SYSTEMPATH\Validation\Validation.php(175): CodeIgniter\Validation\Validation->processRules('email', 'email', 'hengzp@gmail.com', [...], [...])
 4 SYSTEMPATH\Controller.php(140): CodeIgniter\Validation\Validation->run()
 5 APPPATH\Controllers\Auth.php(26): CodeIgniter\Controller->validate([...])
 6 SYSTEMPATH\CodeIgniter.php(910): App\Controllers\Auth->save()
 7 SYSTEMPATH\CodeIgniter.php(469): CodeIgniter\CodeIgniter->runController(Object(App\Controllers\Auth))
 8 SYSTEMPATH\CodeIgniter.php(352): CodeIgniter\CodeIgniter->handleRequest(null, Object(Config\Cache), false)
 9 FCPATH\index.php(55): CodeIgniter\CodeIgniter->run()
10 SYSTEMPATH\Commands\Server\rewrite.php(46): require_once('FCPATH\\index.php')
CRITICAL - 2022-10-26 09:18:31 --> Undefined index: email,"email"
in APPPATH\Validation\RegisterRules.php on line 48.
 1 APPPATH\Validation\RegisterRules.php(48): CodeIgniter\Debug\Exceptions->errorHandler(8, 'Undefined index: email,"email"', 'APPPATH\\Validation\\RegisterRules.php', 48, [...])
 2 SYSTEMPATH\Validation\Validation.php(308): App\Validation\RegisterRules->checkExist('hengzp@gmail.com', 'email,"email"', [...], null)
 3 SYSTEMPATH\Validation\Validation.php(175): CodeIgniter\Validation\Validation->processRules('email', 'email', 'hengzp@gmail.com', [...], [...])
 4 SYSTEMPATH\Controller.php(140): CodeIgniter\Validation\Validation->run()
 5 APPPATH\Controllers\Auth.php(26): CodeIgniter\Controller->validate([...])
 6 SYSTEMPATH\CodeIgniter.php(910): App\Controllers\Auth->save()
 7 SYSTEMPATH\CodeIgniter.php(469): CodeIgniter\CodeIgniter->runController(Object(App\Controllers\Auth))
 8 SYSTEMPATH\CodeIgniter.php(352): CodeIgniter\CodeIgniter->handleRequest(null, Object(Config\Cache), false)
 9 FCPATH\index.php(55): CodeIgniter\CodeIgniter->run()
10 SYSTEMPATH\Commands\Server\rewrite.php(46): require_once('FCPATH\\index.php')
CRITICAL - 2022-10-26 09:18:50 --> Undefined index: email,"email"
in APPPATH\Validation\RegisterRules.php on line 48.
 1 APPPATH\Validation\RegisterRules.php(48): CodeIgniter\Debug\Exceptions->errorHandler(8, 'Undefined index: email,"email"', 'APPPATH\\Validation\\RegisterRules.php', 48, [...])
 2 SYSTEMPATH\Validation\Validation.php(308): App\Validation\RegisterRules->checkExist('hengzp@gmail.com', 'email,"email"', [...], null)
 3 SYSTEMPATH\Validation\Validation.php(175): CodeIgniter\Validation\Validation->processRules('email', 'email', 'hengzp@gmail.com', [...], [...])
 4 SYSTEMPATH\Controller.php(140): CodeIgniter\Validation\Validation->run()
 5 APPPATH\Controllers\Auth.php(26): CodeIgniter\Controller->validate([...])
 6 SYSTEMPATH\CodeIgniter.php(910): App\Controllers\Auth->save()
 7 SYSTEMPATH\CodeIgniter.php(469): CodeIgniter\CodeIgniter->runController(Object(App\Controllers\Auth))
 8 SYSTEMPATH\CodeIgniter.php(352): CodeIgniter\CodeIgniter->handleRequest(null, Object(Config\Cache), false)
 9 FCPATH\index.php(55): CodeIgniter\CodeIgniter->run()
10 SYSTEMPATH\Commands\Server\rewrite.php(46): require_once('FCPATH\\index.php')
CRITICAL - 2022-10-26 09:21:07 --> Undefined index: email,email
in APPPATH\Validation\RegisterRules.php on line 48.
 1 APPPATH\Validation\RegisterRules.php(48): CodeIgniter\Debug\Exceptions->errorHandler(8, 'Undefined index: email,email', 'APPPATH\\Validation\\RegisterRules.php', 48, [...])
 2 SYSTEMPATH\Validation\Validation.php(308): App\Validation\RegisterRules->checkExist('hengzp@gmail.com', 'email,email', [...], null)
 3 SYSTEMPATH\Validation\Validation.php(175): CodeIgniter\Validation\Validation->processRules('email', 'email', 'hengzp@gmail.com', [...], [...])
 4 SYSTEMPATH\Controller.php(140): CodeIgniter\Validation\Validation->run()
 5 APPPATH\Controllers\Auth.php(26): CodeIgniter\Controller->validate([...])
 6 SYSTEMPATH\CodeIgniter.php(910): App\Controllers\Auth->save()
 7 SYSTEMPATH\CodeIgniter.php(469): CodeIgniter\CodeIgniter->runController(Object(App\Controllers\Auth))
 8 SYSTEMPATH\CodeIgniter.php(352): CodeIgniter\CodeIgniter->handleRequest(null, Object(Config\Cache), false)
 9 FCPATH\index.php(55): CodeIgniter\CodeIgniter->run()
10 SYSTEMPATH\Commands\Server\rewrite.php(46): require_once('FCPATH\\index.php')
CRITICAL - 2022-10-26 09:21:21 --> Undefined index: email,email
in APPPATH\Validation\RegisterRules.php on line 48.
 1 APPPATH\Validation\RegisterRules.php(48): CodeIgniter\Debug\Exceptions->errorHandler(8, 'Undefined index: email,email', 'APPPATH\\Validation\\RegisterRules.php', 48, [...])
 2 SYSTEMPATH\Validation\Validation.php(308): App\Validation\RegisterRules->checkExist('hengzp@gmail.com', 'email,email', [...], null)
 3 SYSTEMPATH\Validation\Validation.php(175): CodeIgniter\Validation\Validation->processRules('email', 'email', 'hengzp@gmail.com', [...], [...])
 4 SYSTEMPATH\Controller.php(140): CodeIgniter\Validation\Validation->run()
 5 APPPATH\Controllers\Auth.php(26): CodeIgniter\Controller->validate([...])
 6 SYSTEMPATH\CodeIgniter.php(910): App\Controllers\Auth->save()
 7 SYSTEMPATH\CodeIgniter.php(469): CodeIgniter\CodeIgniter->runController(Object(App\Controllers\Auth))
 8 SYSTEMPATH\CodeIgniter.php(352): CodeIgniter\CodeIgniter->handleRequest(null, Object(Config\Cache), false)
 9 FCPATH\index.php(55): CodeIgniter\CodeIgniter->run()
10 SYSTEMPATH\Commands\Server\rewrite.php(46): require_once('FCPATH\\index.php')
CRITICAL - 2022-10-26 09:24:00 --> Argument 3 passed to App\Validation\RegisterRules::checkExist() must be of the type string or null, array given, called in C:\xampp\htdocs\CodeIgniter4-develop\system\Validation\Validation.php on line 308
in APPPATH\Validation\RegisterRules.php on line 38.
 1 SYSTEMPATH\Validation\Validation.php(308): App\Validation\RegisterRules->checkExist('hengzp@gmail.com', 'email,users', [...], null)
 2 SYSTEMPATH\Validation\Validation.php(175): CodeIgniter\Validation\Validation->processRules('email', 'email', 'hengzp@gmail.com', [...], [...])
 3 SYSTEMPATH\Controller.php(140): CodeIgniter\Validation\Validation->run()
 4 APPPATH\Controllers\Auth.php(26): CodeIgniter\Controller->validate([...])
 5 SYSTEMPATH\CodeIgniter.php(910): App\Controllers\Auth->save()
 6 SYSTEMPATH\CodeIgniter.php(469): CodeIgniter\CodeIgniter->runController(Object(App\Controllers\Auth))
 7 SYSTEMPATH\CodeIgniter.php(352): CodeIgniter\CodeIgniter->handleRequest(null, Object(Config\Cache), false)
 8 FCPATH\index.php(55): CodeIgniter\CodeIgniter->run()
 9 SYSTEMPATH\Commands\Server\rewrite.php(46): require_once('FCPATH\\index.php')
CRITICAL - 2022-10-26 09:24:37 --> Argument 3 passed to App\Validation\RegisterRules::checkExist() must be of the type string or null, array given, called in C:\xampp\htdocs\CodeIgniter4-develop\system\Validation\Validation.php on line 308
in APPPATH\Validation\RegisterRules.php on line 38.
 1 SYSTEMPATH\Validation\Validation.php(308): App\Validation\RegisterRules->checkExist('hengzp@gmail.com', 'email,users', [...], null)
 2 SYSTEMPATH\Validation\Validation.php(175): CodeIgniter\Validation\Validation->processRules('email', 'email', 'hengzp@gmail.com', [...], [...])
 3 SYSTEMPATH\Controller.php(140): CodeIgniter\Validation\Validation->run()
 4 APPPATH\Controllers\Auth.php(26): CodeIgniter\Controller->validate([...])
 5 SYSTEMPATH\CodeIgniter.php(910): App\Controllers\Auth->save()
 6 SYSTEMPATH\CodeIgniter.php(469): CodeIgniter\CodeIgniter->runController(Object(App\Controllers\Auth))
 7 SYSTEMPATH\CodeIgniter.php(352): CodeIgniter\CodeIgniter->handleRequest(null, Object(Config\Cache), false)
 8 FCPATH\index.php(55): CodeIgniter\CodeIgniter->run()
 9 SYSTEMPATH\Commands\Server\rewrite.php(46): require_once('FCPATH\\index.php')
CRITICAL - 2022-10-26 09:25:17 --> Undefined index: email,users
in APPPATH\Validation\RegisterRules.php on line 49.
 1 APPPATH\Validation\RegisterRules.php(49): CodeIgniter\Debug\Exceptions->errorHandler(8, 'Undefined index: email,users', 'APPPATH\\Validation\\RegisterRules.php', 49, [...])
 2 SYSTEMPATH\Validation\Validation.php(308): App\Validation\RegisterRules->checkExist('hengzp@gmail.com', 'email,users', [...], null)
 3 SYSTEMPATH\Validation\Validation.php(175): CodeIgniter\Validation\Validation->processRules('email', 'email', 'hengzp@gmail.com', [...], [...])
 4 SYSTEMPATH\Controller.php(140): CodeIgniter\Validation\Validation->run()
 5 APPPATH\Controllers\Auth.php(26): CodeIgniter\Controller->validate([...])
 6 SYSTEMPATH\CodeIgniter.php(910): App\Controllers\Auth->save()
 7 SYSTEMPATH\CodeIgniter.php(469): CodeIgniter\CodeIgniter->runController(Object(App\Controllers\Auth))
 8 SYSTEMPATH\CodeIgniter.php(352): CodeIgniter\CodeIgniter->handleRequest(null, Object(Config\Cache), false)
 9 FCPATH\index.php(55): CodeIgniter\CodeIgniter->run()
10 SYSTEMPATH\Commands\Server\rewrite.php(46): require_once('FCPATH\\index.php')
CRITICAL - 2022-10-26 22:39:40 --> Non-static method App\Libraries\User::getUserInfoByEmail() should not be called statically
in APPPATH\Controllers\Auth.php on line 188.
 1 APPPATH\Controllers\Auth.php(188): CodeIgniter\Debug\Exceptions->errorHandler(8192, 'Non-static method App\\Libraries\\User::getUserInfoByEmail() should not be called statically', 'APPPATH\\Controllers\\Auth.php', 188, [...])
 2 SYSTEMPATH\CodeIgniter.php(910): App\Controllers\Auth->check()
 3 SYSTEMPATH\CodeIgniter.php(469): CodeIgniter\CodeIgniter->runController(Object(App\Controllers\Auth))
 4 SYSTEMPATH\CodeIgniter.php(352): CodeIgniter\CodeIgniter->handleRequest(null, Object(Config\Cache), false)
 5 FCPATH\index.php(55): CodeIgniter\CodeIgniter->run()
 6 SYSTEMPATH\Commands\Server\rewrite.php(46): require_once('FCPATH\\index.php')
CRITICAL - 2022-10-26 22:40:25 --> Undefined variable: str
in APPPATH\Libraries\User.php on line 20.
 1 APPPATH\Libraries\User.php(20): CodeIgniter\Debug\Exceptions->errorHandler(8, 'Undefined variable: str', 'APPPATH\\Libraries\\User.php', 20, [...])
 2 APPPATH\Controllers\Auth.php(188): App\Libraries\User::getUserInfoByEmail('hengzp2000@gmail.com')
 3 SYSTEMPATH\CodeIgniter.php(910): App\Controllers\Auth->check()
 4 SYSTEMPATH\CodeIgniter.php(469): CodeIgniter\CodeIgniter->runController(Object(App\Controllers\Auth))
 5 SYSTEMPATH\CodeIgniter.php(352): CodeIgniter\CodeIgniter->handleRequest(null, Object(Config\Cache), false)
 6 FCPATH\index.php(55): CodeIgniter\CodeIgniter->run()
 7 SYSTEMPATH\Commands\Server\rewrite.php(46): require_once('FCPATH\\index.php')
CRITICAL - 2022-10-26 22:40:48 --> Use of undefined constant fetch_data - assumed 'fetch_data' (this will throw an Error in a future version of PHP)
in APPPATH\Libraries\User.php on line 22.
 1 APPPATH\Libraries\User.php(22): CodeIgniter\Debug\Exceptions->errorHandler(2, 'Use of undefined constant fetch_data - assumed \'fetch_data\' (this will throw an Error in a future version of PHP)', 'APPPATH\\Libraries\\User.php', 22, [...])
 2 APPPATH\Controllers\Auth.php(188): App\Libraries\User::getUserInfoByEmail('hengzp2000@gmail.com')
 3 SYSTEMPATH\CodeIgniter.php(910): App\Controllers\Auth->check()
 4 SYSTEMPATH\CodeIgniter.php(469): CodeIgniter\CodeIgniter->runController(Object(App\Controllers\Auth))
 5 SYSTEMPATH\CodeIgniter.php(352): CodeIgniter\CodeIgniter->handleRequest(null, Object(Config\Cache), false)
 6 FCPATH\index.php(55): CodeIgniter\CodeIgniter->run()
 7 SYSTEMPATH\Commands\Server\rewrite.php(46): require_once('FCPATH\\index.php')
CRITICAL - 2022-10-26 22:41:27 --> Use of undefined constant fetch_data - assumed 'fetch_data' (this will throw an Error in a future version of PHP)
in APPPATH\Libraries\User.php on line 22.
 1 APPPATH\Libraries\User.php(22): CodeIgniter\Debug\Exceptions->errorHandler(2, 'Use of undefined constant fetch_data - assumed \'fetch_data\' (this will throw an Error in a future version of PHP)', 'APPPATH\\Libraries\\User.php', 22, [...])
 2 APPPATH\Controllers\Auth.php(188): App\Libraries\User::getUserInfoByEmail('hengzp2000@gmail.com')
 3 SYSTEMPATH\CodeIgniter.php(910): App\Controllers\Auth->check()
 4 SYSTEMPATH\CodeIgniter.php(469): CodeIgniter\CodeIgniter->runController(Object(App\Controllers\Auth))
 5 SYSTEMPATH\CodeIgniter.php(352): CodeIgniter\CodeIgniter->handleRequest(null, Object(Config\Cache), false)
 6 FCPATH\index.php(55): CodeIgniter\CodeIgniter->run()
 7 SYSTEMPATH\Commands\Server\rewrite.php(46): require_once('FCPATH\\index.php')
CRITICAL - 2022-10-26 22:42:08 --> Use of undefined constant fetch_data - assumed 'fetch_data' (this will throw an Error in a future version of PHP)
in APPPATH\Libraries\User.php on line 22.
 1 APPPATH\Libraries\User.php(22): CodeIgniter\Debug\Exceptions->errorHandler(2, 'Use of undefined constant fetch_data - assumed \'fetch_data\' (this will throw an Error in a future version of PHP)', 'APPPATH\\Libraries\\User.php', 22, [...])
 2 APPPATH\Controllers\Auth.php(188): App\Libraries\User::getUserInfoByEmail('hengzp2000@gmail.com')
 3 SYSTEMPATH\CodeIgniter.php(910): App\Controllers\Auth->check()
 4 SYSTEMPATH\CodeIgniter.php(469): CodeIgniter\CodeIgniter->runController(Object(App\Controllers\Auth))
 5 SYSTEMPATH\CodeIgniter.php(352): CodeIgniter\CodeIgniter->handleRequest(null, Object(Config\Cache), false)
 6 FCPATH\index.php(55): CodeIgniter\CodeIgniter->run()
 7 SYSTEMPATH\Commands\Server\rewrite.php(46): require_once('FCPATH\\index.php')
CRITICAL - 2022-10-26 22:42:30 --> Illegal string offset 'password'
in APPPATH\Controllers\Auth.php on line 189.
 1 APPPATH\Controllers\Auth.php(189): CodeIgniter\Debug\Exceptions->errorHandler(2, 'Illegal string offset \'password\'', 'APPPATH\\Controllers\\Auth.php', 189, [...])
 2 SYSTEMPATH\CodeIgniter.php(910): App\Controllers\Auth->check()
 3 SYSTEMPATH\CodeIgniter.php(469): CodeIgniter\CodeIgniter->runController(Object(App\Controllers\Auth))
 4 SYSTEMPATH\CodeIgniter.php(352): CodeIgniter\CodeIgniter->handleRequest(null, Object(Config\Cache), false)
 5 FCPATH\index.php(55): CodeIgniter\CodeIgniter->run()
 6 SYSTEMPATH\Commands\Server\rewrite.php(46): require_once('FCPATH\\index.php')
CRITICAL - 2022-10-26 22:45:30 --> Array to string conversion
in APPPATH\Controllers\Auth.php on line 190.
 1 APPPATH\Controllers\Auth.php(190): CodeIgniter\Debug\Exceptions->errorHandler(8, 'Array to string conversion', 'APPPATH\\Controllers\\Auth.php', 190, [...])
 2 SYSTEMPATH\CodeIgniter.php(910): App\Controllers\Auth->check()
 3 SYSTEMPATH\CodeIgniter.php(469): CodeIgniter\CodeIgniter->runController(Object(App\Controllers\Auth))
 4 SYSTEMPATH\CodeIgniter.php(352): CodeIgniter\CodeIgniter->handleRequest(null, Object(Config\Cache), false)
 5 FCPATH\index.php(55): CodeIgniter\CodeIgniter->run()
 6 SYSTEMPATH\Commands\Server\rewrite.php(46): require_once('FCPATH\\index.php')
