CRITICAL - 2022-12-06 11:33:37 --> Illegal string offset 'mode'
in APPPATH\Libraries\ConsultLib.php on line 133.
 1 APPPATH\Libraries\ConsultLib.php(133): CodeIgniter\Debug\Exceptions->errorHandler(2, 'Illegal string offset \'mode\'', 'APPPATH\\Libraries\\ConsultLib.php', 133, [...])
 2 APPPATH\Controllers\Staff.php(348): App\Libraries\ConsultLib::readAllDataToday(1, 5)
 3 SYSTEMPATH\CodeIgniter.php(910): App\Controllers\Staff->consult()
 4 SYSTEMPATH\CodeIgniter.php(469): CodeIgniter\CodeIgniter->runController(Object(App\Controllers\Staff))
 5 SYSTEMPATH\CodeIgniter.php(352): CodeIgniter\CodeIgniter->handleRequest(null, Object(Config\Cache), false)
 6 FCPATH\index.php(55): CodeIgniter\CodeIgniter->run()
 7 SYSTEMPATH\Commands\Server\rewrite.php(46): require_once('FCPATH\\index.php')
CRITICAL - 2022-12-06 11:35:46 --> Undefined index: mode
in APPPATH\Libraries\ConsultLib.php on line 133.
 1 APPPATH\Libraries\ConsultLib.php(133): CodeIgniter\Debug\Exceptions->errorHandler(8, 'Undefined index: mode', 'APPPATH\\Libraries\\ConsultLib.php', 133, [...])
 2 APPPATH\Controllers\Staff.php(348): App\Libraries\ConsultLib::readAllDataToday(1, 5)
 3 SYSTEMPATH\CodeIgniter.php(910): App\Controllers\Staff->consult()
 4 SYSTEMPATH\CodeIgniter.php(469): CodeIgniter\CodeIgniter->runController(Object(App\Controllers\Staff))
 5 SYSTEMPATH\CodeIgniter.php(352): CodeIgniter\CodeIgniter->handleRequest(null, Object(Config\Cache), false)
 6 FCPATH\index.php(55): CodeIgniter\CodeIgniter->run()
 7 SYSTEMPATH\Commands\Server\rewrite.php(46): require_once('FCPATH\\index.php')
CRITICAL - 2022-12-06 11:38:11 --> Illegal string offset 'mode'
in APPPATH\Libraries\ConsultLib.php on line 133.
 1 APPPATH\Libraries\ConsultLib.php(133): CodeIgniter\Debug\Exceptions->errorHandler(2, 'Illegal string offset \'mode\'', 'APPPATH\\Libraries\\ConsultLib.php', 133, [...])
 2 APPPATH\Controllers\Staff.php(347): App\Libraries\ConsultLib::readAllDataToday(1, 5)
 3 SYSTEMPATH\CodeIgniter.php(910): App\Controllers\Staff->consult()
 4 SYSTEMPATH\CodeIgniter.php(469): CodeIgniter\CodeIgniter->runController(Object(App\Controllers\Staff))
 5 SYSTEMPATH\CodeIgniter.php(352): CodeIgniter\CodeIgniter->handleRequest(null, Object(Config\Cache), false)
 6 FCPATH\index.php(55): CodeIgniter\CodeIgniter->run()
 7 SYSTEMPATH\Commands\Server\rewrite.php(46): require_once('FCPATH\\index.php')
CRITICAL - 2022-12-06 05:13:09 --> cURL error 56: OpenSSL SSL_read: Connection was reset, errno 10054 (see https://curl.haxx.se/libcurl/c/libcurl-errors.html) for https://oauth2.googleapis.com/token
in VENDORPATH\kreait\firebase-php\src\Firebase\Exception\DatabaseApiExceptionConverter.php on line 65.
 1 VENDORPATH\kreait\firebase-php\src\Firebase\Exception\DatabaseApiExceptionConverter.php(32): Kreait\Firebase\Exception\DatabaseApiExceptionConverter->convertGuzzleRequestException(Object(GuzzleHttp\Exception\RequestException))
 2 VENDORPATH\kreait\firebase-php\src\Firebase\Database\ApiClient.php(180): Kreait\Firebase\Exception\DatabaseApiExceptionConverter->convertException(Object(GuzzleHttp\Exception\RequestException))
 3 VENDORPATH\kreait\firebase-php\src\Firebase\Database\ApiClient.php(40): Kreait\Firebase\Database\ApiClient->requestApi('GET', 'C:\\Users')
 4 VENDORPATH\kreait\firebase-php\src\Firebase\Database\Reference.php(329): Kreait\Firebase\Database\ApiClient->get('C:\\Users')
 5 VENDORPATH\kreait\firebase-php\src\Firebase\Database\Reference.php(296): Kreait\Firebase\Database\Reference->getSnapshot()
 6 APPPATH\Libraries\User.php(200): Kreait\Firebase\Database\Reference->getValue()
 7 APPPATH\Controllers\Auth.php(348): App\Libraries\User::getUserInfoByEmail('finalyearprojectclinic@gmail.com')
 8 SYSTEMPATH\CodeIgniter.php(910): App\Controllers\Auth->check()
 9 SYSTEMPATH\CodeIgniter.php(469): CodeIgniter\CodeIgniter->runController(Object(App\Controllers\Auth))
10 SYSTEMPATH\CodeIgniter.php(352): CodeIgniter\CodeIgniter->handleRequest(null, Object(Config\Cache), false)
11 FCPATH\index.php(55): CodeIgniter\CodeIgniter->run()
12 SYSTEMPATH\Commands\Server\rewrite.php(46): require_once('FCPATH\\index.php')
CRITICAL - 2022-12-06 06:05:06 --> Undefined index: quantity
in APPPATH\Controllers\Queue.php on line 121.
 1 APPPATH\Controllers\Queue.php(121): CodeIgniter\Debug\Exceptions->errorHandler(8, 'Undefined index: quantity', 'APPPATH\\Controllers\\Queue.php', 121, [...])
 2 SYSTEMPATH\CodeIgniter.php(910): App\Controllers\Queue->removePrescription()
 3 SYSTEMPATH\CodeIgniter.php(469): CodeIgniter\CodeIgniter->runController(Object(App\Controllers\Queue))
 4 SYSTEMPATH\CodeIgniter.php(352): CodeIgniter\CodeIgniter->handleRequest(null, Object(Config\Cache), false)
 5 FCPATH\index.php(55): CodeIgniter\CodeIgniter->run()
 6 SYSTEMPATH\Commands\Server\rewrite.php(46): require_once('FCPATH\\index.php')
CRITICAL - 2022-12-06 06:06:45 --> Undefined index: quantity
in APPPATH\Controllers\Queue.php on line 121.
 1 APPPATH\Controllers\Queue.php(121): CodeIgniter\Debug\Exceptions->errorHandler(8, 'Undefined index: quantity', 'APPPATH\\Controllers\\Queue.php', 121, [...])
 2 SYSTEMPATH\CodeIgniter.php(910): App\Controllers\Queue->removePrescription()
 3 SYSTEMPATH\CodeIgniter.php(469): CodeIgniter\CodeIgniter->runController(Object(App\Controllers\Queue))
 4 SYSTEMPATH\CodeIgniter.php(352): CodeIgniter\CodeIgniter->handleRequest(null, Object(Config\Cache), false)
 5 FCPATH\index.php(55): CodeIgniter\CodeIgniter->run()
 6 SYSTEMPATH\Commands\Server\rewrite.php(46): require_once('FCPATH\\index.php')
CRITICAL - 2022-12-06 20:12:03 --> Unable to connect to the API: cURL error 35: OpenSSL SSL_connect: Connection was reset in connection to oauth2.googleapis.com:443  (see https://curl.haxx.se/libcurl/c/libcurl-errors.html) for https://oauth2.googleapis.com/token
in VENDORPATH\kreait\firebase-php\src\Firebase\Exception\DatabaseApiExceptionConverter.php on line 36.
 1 VENDORPATH\kreait\firebase-php\src\Firebase\Database\ApiClient.php(180): Kreait\Firebase\Exception\DatabaseApiExceptionConverter->convertException(Object(GuzzleHttp\Exception\ConnectException))
 2 VENDORPATH\kreait\firebase-php\src\Firebase\Database\ApiClient.php(40): Kreait\Firebase\Database\ApiClient->requestApi('GET', '/patient')
 3 VENDORPATH\kreait\firebase-php\src\Firebase\Database\Reference.php(329): Kreait\Firebase\Database\ApiClient->get('/patient')
 4 VENDORPATH\kreait\firebase-php\src\Firebase\Database\Reference.php(296): Kreait\Firebase\Database\Reference->getSnapshot()
 5 APPPATH\Helpers\Form_helper.php(366): Kreait\Firebase\Database\Reference->getValue()
 6 APPPATH\Views\staff\overview.php(262): getPatientInfoByEmail('-NI58JnrgXRV70ipu9ND', 'gender')
 7 SYSTEMPATH\View\View.php(213): include('APPPATH\\Views\\staff\\overview.php')
 8 SYSTEMPATH\View\View.php(216): CodeIgniter\View\View->CodeIgniter\View\{closure}()
 9 SYSTEMPATH\Common.php(1137): CodeIgniter\View\View->render('staff/overview', [], true)
10 APPPATH\Controllers\Queue.php(108): view('staff/overview', [...])
11 SYSTEMPATH\CodeIgniter.php(910): App\Controllers\Queue->manage()
12 SYSTEMPATH\CodeIgniter.php(469): CodeIgniter\CodeIgniter->runController(Object(App\Controllers\Queue))
13 SYSTEMPATH\CodeIgniter.php(352): CodeIgniter\CodeIgniter->handleRequest(null, Object(Config\Cache), false)
14 FCPATH\index.php(55): CodeIgniter\CodeIgniter->run()
15 SYSTEMPATH\Commands\Server\rewrite.php(46): require_once('FCPATH\\index.php')
CRITICAL - 2022-12-06 06:13:49 --> Illegal string offset 'key'
in APPPATH\Libraries\QueueLib.php on line 127.
 1 APPPATH\Libraries\QueueLib.php(127): CodeIgniter\Debug\Exceptions->errorHandler(2, 'Illegal string offset \'key\'', 'APPPATH\\Libraries\\QueueLib.php', 127, [...])
 2 APPPATH\Controllers\Queue.php(121): App\Libraries\QueueLib::readOrderDetailsByKey('-NIbLfCdW8iMHsz9yxvR')
 3 SYSTEMPATH\CodeIgniter.php(910): App\Controllers\Queue->removePrescription()
 4 SYSTEMPATH\CodeIgniter.php(469): CodeIgniter\CodeIgniter->runController(Object(App\Controllers\Queue))
 5 SYSTEMPATH\CodeIgniter.php(352): CodeIgniter\CodeIgniter->handleRequest(null, Object(Config\Cache), false)
 6 FCPATH\index.php(55): CodeIgniter\CodeIgniter->run()
 7 SYSTEMPATH\Commands\Server\rewrite.php(46): require_once('FCPATH\\index.php')
CRITICAL - 2022-12-06 06:16:12 --> Undefined variable: i
in APPPATH\Libraries\InventoryLib.php on line 166.
 1 APPPATH\Libraries\InventoryLib.php(166): CodeIgniter\Debug\Exceptions->errorHandler(8, 'Undefined variable: i', 'APPPATH\\Libraries\\InventoryLib.php', 166, [...])
 2 APPPATH\Controllers\Queue.php(122): App\Libraries\InventoryLib::readDataByNameGetQuantity('PANADOL')
 3 SYSTEMPATH\CodeIgniter.php(910): App\Controllers\Queue->removePrescription()
 4 SYSTEMPATH\CodeIgniter.php(469): CodeIgniter\CodeIgniter->runController(Object(App\Controllers\Queue))
 5 SYSTEMPATH\CodeIgniter.php(352): CodeIgniter\CodeIgniter->handleRequest(null, Object(Config\Cache), false)
 6 FCPATH\index.php(55): CodeIgniter\CodeIgniter->run()
 7 SYSTEMPATH\Commands\Server\rewrite.php(46): require_once('FCPATH\\index.php')
CRITICAL - 2022-12-06 06:16:32 --> Undefined variable: i
in APPPATH\Libraries\InventoryLib.php on line 161.
 1 APPPATH\Libraries\InventoryLib.php(161): CodeIgniter\Debug\Exceptions->errorHandler(8, 'Undefined variable: i', 'APPPATH\\Libraries\\InventoryLib.php', 161, [...])
 2 APPPATH\Controllers\Queue.php(122): App\Libraries\InventoryLib::readDataByNameGetQuantity('PANADOL')
 3 SYSTEMPATH\CodeIgniter.php(910): App\Controllers\Queue->removePrescription()
 4 SYSTEMPATH\CodeIgniter.php(469): CodeIgniter\CodeIgniter->runController(Object(App\Controllers\Queue))
 5 SYSTEMPATH\CodeIgniter.php(352): CodeIgniter\CodeIgniter->handleRequest(null, Object(Config\Cache), false)
 6 FCPATH\index.php(55): CodeIgniter\CodeIgniter->run()
 7 SYSTEMPATH\Commands\Server\rewrite.php(46): require_once('FCPATH\\index.php')
CRITICAL - 2022-12-06 06:17:12 --> Undefined index: quantity
in APPPATH\Controllers\Queue.php on line 123.
 1 APPPATH\Controllers\Queue.php(123): CodeIgniter\Debug\Exceptions->errorHandler(8, 'Undefined index: quantity', 'APPPATH\\Controllers\\Queue.php', 123, [...])
 2 SYSTEMPATH\CodeIgniter.php(910): App\Controllers\Queue->removePrescription()
 3 SYSTEMPATH\CodeIgniter.php(469): CodeIgniter\CodeIgniter->runController(Object(App\Controllers\Queue))
 4 SYSTEMPATH\CodeIgniter.php(352): CodeIgniter\CodeIgniter->handleRequest(null, Object(Config\Cache), false)
 5 FCPATH\index.php(55): CodeIgniter\CodeIgniter->run()
 6 SYSTEMPATH\Commands\Server\rewrite.php(46): require_once('FCPATH\\index.php')
CRITICAL - 2022-12-06 06:21:57 --> Undefined variable: database
in APPPATH\Controllers\Queue.php on line 122.
 1 APPPATH\Controllers\Queue.php(122): CodeIgniter\Debug\Exceptions->errorHandler(8, 'Undefined variable: database', 'APPPATH\\Controllers\\Queue.php', 122, [...])
 2 SYSTEMPATH\CodeIgniter.php(910): App\Controllers\Queue->removePrescription()
 3 SYSTEMPATH\CodeIgniter.php(469): CodeIgniter\CodeIgniter->runController(Object(App\Controllers\Queue))
 4 SYSTEMPATH\CodeIgniter.php(352): CodeIgniter\CodeIgniter->handleRequest(null, Object(Config\Cache), false)
 5 FCPATH\index.php(55): CodeIgniter\CodeIgniter->run()
 6 SYSTEMPATH\Commands\Server\rewrite.php(46): require_once('FCPATH\\index.php')
CRITICAL - 2022-12-06 06:22:29 --> Undefined variable: database
in APPPATH\Controllers\Queue.php on line 122.
 1 APPPATH\Controllers\Queue.php(122): CodeIgniter\Debug\Exceptions->errorHandler(8, 'Undefined variable: database', 'APPPATH\\Controllers\\Queue.php', 122, [...])
 2 SYSTEMPATH\CodeIgniter.php(910): App\Controllers\Queue->removePrescription()
 3 SYSTEMPATH\CodeIgniter.php(469): CodeIgniter\CodeIgniter->runController(Object(App\Controllers\Queue))
 4 SYSTEMPATH\CodeIgniter.php(352): CodeIgniter\CodeIgniter->handleRequest(null, Object(Config\Cache), false)
 5 FCPATH\index.php(55): CodeIgniter\CodeIgniter->run()
 6 SYSTEMPATH\Commands\Server\rewrite.php(46): require_once('FCPATH\\index.php')
CRITICAL - 2022-12-06 06:22:55 --> Trying to access array offset on value of type bool
in APPPATH\Controllers\Queue.php on line 149.
 1 APPPATH\Controllers\Queue.php(149): CodeIgniter\Debug\Exceptions->errorHandler(8, 'Trying to access array offset on value of type bool', 'APPPATH\\Controllers\\Queue.php', 149, [...])
 2 SYSTEMPATH\CodeIgniter.php(910): App\Controllers\Queue->removePrescription()
 3 SYSTEMPATH\CodeIgniter.php(469): CodeIgniter\CodeIgniter->runController(Object(App\Controllers\Queue))
 4 SYSTEMPATH\CodeIgniter.php(352): CodeIgniter\CodeIgniter->handleRequest(null, Object(Config\Cache), false)
 5 FCPATH\index.php(55): CodeIgniter\CodeIgniter->run()
 6 SYSTEMPATH\Commands\Server\rewrite.php(46): require_once('FCPATH\\index.php')
CRITICAL - 2022-12-06 06:23:44 --> Undefined variable: database
in APPPATH\Controllers\Queue.php on line 122.
 1 APPPATH\Controllers\Queue.php(122): CodeIgniter\Debug\Exceptions->errorHandler(8, 'Undefined variable: database', 'APPPATH\\Controllers\\Queue.php', 122, [...])
 2 SYSTEMPATH\CodeIgniter.php(910): App\Controllers\Queue->removePrescription()
 3 SYSTEMPATH\CodeIgniter.php(469): CodeIgniter\CodeIgniter->runController(Object(App\Controllers\Queue))
 4 SYSTEMPATH\CodeIgniter.php(352): CodeIgniter\CodeIgniter->handleRequest(null, Object(Config\Cache), false)
 5 FCPATH\index.php(55): CodeIgniter\CodeIgniter->run()
 6 SYSTEMPATH\Commands\Server\rewrite.php(46): require_once('FCPATH\\index.php')
CRITICAL - 2022-12-06 06:25:12 --> Undefined variable: database
in APPPATH\Controllers\Queue.php on line 122.
 1 APPPATH\Controllers\Queue.php(122): CodeIgniter\Debug\Exceptions->errorHandler(8, 'Undefined variable: database', 'APPPATH\\Controllers\\Queue.php', 122, [...])
 2 SYSTEMPATH\CodeIgniter.php(910): App\Controllers\Queue->removePrescription()
 3 SYSTEMPATH\CodeIgniter.php(469): CodeIgniter\CodeIgniter->runController(Object(App\Controllers\Queue))
 4 SYSTEMPATH\CodeIgniter.php(352): CodeIgniter\CodeIgniter->handleRequest(null, Object(Config\Cache), false)
 5 FCPATH\index.php(55): CodeIgniter\CodeIgniter->run()
 6 SYSTEMPATH\Commands\Server\rewrite.php(46): require_once('FCPATH\\index.php')
CRITICAL - 2022-12-06 06:31:24 --> Undefined variable: inventoryD
in APPPATH\Controllers\Queue.php on line 367.
 1 APPPATH\Controllers\Queue.php(367): CodeIgniter\Debug\Exceptions->errorHandler(8, 'Undefined variable: inventoryD', 'APPPATH\\Controllers\\Queue.php', 367, [...])
 2 SYSTEMPATH\CodeIgniter.php(910): App\Controllers\Queue->toBill()
 3 SYSTEMPATH\CodeIgniter.php(469): CodeIgniter\CodeIgniter->runController(Object(App\Controllers\Queue))
 4 SYSTEMPATH\CodeIgniter.php(352): CodeIgniter\CodeIgniter->handleRequest(null, Object(Config\Cache), false)
 5 FCPATH\index.php(55): CodeIgniter\CodeIgniter->run()
 6 SYSTEMPATH\Commands\Server\rewrite.php(46): require_once('FCPATH\\index.php')
CRITICAL - 2022-12-06 06:31:55 --> Cannot redeclare App\Libraries\InventoryLib::readDataByNameGetQuantity()
in APPPATH\Libraries\InventoryLib.php on line 187.
 1 [internal function]: CodeIgniter\Debug\Exceptions->shutdownHandler()
CRITICAL - 2022-12-06 07:50:55 --> Class 'App\Controllers\readQueueData' not found
in APPPATH\Controllers\Queue.php on line 508.
 1 SYSTEMPATH\CodeIgniter.php(910): App\Controllers\Queue->toBill()
 2 SYSTEMPATH\CodeIgniter.php(469): CodeIgniter\CodeIgniter->runController(Object(App\Controllers\Queue))
 3 SYSTEMPATH\CodeIgniter.php(352): CodeIgniter\CodeIgniter->handleRequest(null, Object(Config\Cache), false)
 4 FCPATH\index.php(55): CodeIgniter\CodeIgniter->run()
 5 SYSTEMPATH\Commands\Server\rewrite.php(46): require_once('FCPATH\\index.php')
CRITICAL - 2022-12-06 07:52:37 --> Illegal string offset 'key'
in APPPATH\Libraries\QueueLib.php on line 49.
 1 APPPATH\Libraries\QueueLib.php(49): CodeIgniter\Debug\Exceptions->errorHandler(2, 'Illegal string offset \'key\'', 'APPPATH\\Libraries\\QueueLib.php', 49, [...])
 2 APPPATH\Controllers\Queue.php(508): App\Libraries\QueueLib::readQueueData('-NI_JJS3EjIo8L8-3UCW')
 3 SYSTEMPATH\CodeIgniter.php(910): App\Controllers\Queue->toBill()
 4 SYSTEMPATH\CodeIgniter.php(469): CodeIgniter\CodeIgniter->runController(Object(App\Controllers\Queue))
 5 SYSTEMPATH\CodeIgniter.php(352): CodeIgniter\CodeIgniter->handleRequest(null, Object(Config\Cache), false)
 6 FCPATH\index.php(55): CodeIgniter\CodeIgniter->run()
 7 SYSTEMPATH\Commands\Server\rewrite.php(46): require_once('FCPATH\\index.php')
CRITICAL - 2022-12-06 07:54:44 --> Trying to access array offset on value of type bool
in APPPATH\Controllers\Queue.php on line 513.
 1 APPPATH\Controllers\Queue.php(513): CodeIgniter\Debug\Exceptions->errorHandler(8, 'Trying to access array offset on value of type bool', 'APPPATH\\Controllers\\Queue.php', 513, [...])
 2 SYSTEMPATH\CodeIgniter.php(910): App\Controllers\Queue->toBill()
 3 SYSTEMPATH\CodeIgniter.php(469): CodeIgniter\CodeIgniter->runController(Object(App\Controllers\Queue))
 4 SYSTEMPATH\CodeIgniter.php(352): CodeIgniter\CodeIgniter->handleRequest(null, Object(Config\Cache), false)
 5 FCPATH\index.php(55): CodeIgniter\CodeIgniter->run()
 6 SYSTEMPATH\Commands\Server\rewrite.php(46): require_once('FCPATH\\index.php')
CRITICAL - 2022-12-06 07:58:11 --> Undefined offset: 0
in APPPATH\Libraries\QueueLib.php on line 44.
 1 APPPATH\Libraries\QueueLib.php(44): CodeIgniter\Debug\Exceptions->errorHandler(8, 'Undefined offset: 0', 'APPPATH\\Libraries\\QueueLib.php', 44, [...])
 2 APPPATH\Controllers\Queue.php(508): App\Libraries\QueueLib::readQueueData('-NI_JJS3EjIo8L8-3UCW')
 3 SYSTEMPATH\CodeIgniter.php(910): App\Controllers\Queue->toBill()
 4 SYSTEMPATH\CodeIgniter.php(469): CodeIgniter\CodeIgniter->runController(Object(App\Controllers\Queue))
 5 SYSTEMPATH\CodeIgniter.php(352): CodeIgniter\CodeIgniter->handleRequest(null, Object(Config\Cache), false)
 6 FCPATH\index.php(55): CodeIgniter\CodeIgniter->run()
 7 SYSTEMPATH\Commands\Server\rewrite.php(46): require_once('FCPATH\\index.php')
CRITICAL - 2022-12-06 22:09:32 --> Unable to connect to the API: cURL error 28: Failed to connect to oauth2.googleapis.com port 443: Timed out (see https://curl.haxx.se/libcurl/c/libcurl-errors.html) for https://oauth2.googleapis.com/token
in VENDORPATH\kreait\firebase-php\src\Firebase\Exception\DatabaseApiExceptionConverter.php on line 36.
 1 VENDORPATH\kreait\firebase-php\src\Firebase\Database\ApiClient.php(180): Kreait\Firebase\Exception\DatabaseApiExceptionConverter->convertException(Object(GuzzleHttp\Exception\ConnectException))
 2 VENDORPATH\kreait\firebase-php\src\Firebase\Database\ApiClient.php(40): Kreait\Firebase\Database\ApiClient->requestApi('GET', '/patient')
 3 VENDORPATH\kreait\firebase-php\src\Firebase\Database\Reference.php(329): Kreait\Firebase\Database\ApiClient->get('/patient')
 4 VENDORPATH\kreait\firebase-php\src\Firebase\Database\Reference.php(296): Kreait\Firebase\Database\Reference->getSnapshot()
 5 APPPATH\Helpers\Form_helper.php(366): Kreait\Firebase\Database\Reference->getValue()
 6 APPPATH\Views\staff\overview.php(325): getPatientInfoByEmail('-NI58JnrgXRV70ipu9ND', 'gender')
 7 SYSTEMPATH\View\View.php(213): include('APPPATH\\Views\\staff\\overview.php')
 8 SYSTEMPATH\View\View.php(216): CodeIgniter\View\View->CodeIgniter\View\{closure}()
 9 SYSTEMPATH\Common.php(1137): CodeIgniter\View\View->render('staff/overview', [], true)
10 APPPATH\Controllers\Queue.php(112): view('staff/overview', [...])
11 SYSTEMPATH\CodeIgniter.php(910): App\Controllers\Queue->manage()
12 SYSTEMPATH\CodeIgniter.php(469): CodeIgniter\CodeIgniter->runController(Object(App\Controllers\Queue))
13 SYSTEMPATH\CodeIgniter.php(352): CodeIgniter\CodeIgniter->handleRequest(null, Object(Config\Cache), false)
14 FCPATH\index.php(55): CodeIgniter\CodeIgniter->run()
15 SYSTEMPATH\Commands\Server\rewrite.php(46): require_once('FCPATH\\index.php')
CRITICAL - 2022-12-06 22:09:50 --> Unable to connect to the API: cURL error 6: Could not resolve host: oauth2.googleapis.com (see https://curl.haxx.se/libcurl/c/libcurl-errors.html) for https://oauth2.googleapis.com/token
in VENDORPATH\kreait\firebase-php\src\Firebase\Exception\DatabaseApiExceptionConverter.php on line 36.
 1 VENDORPATH\kreait\firebase-php\src\Firebase\Database\ApiClient.php(180): Kreait\Firebase\Exception\DatabaseApiExceptionConverter->convertException(Object(GuzzleHttp\Exception\ConnectException))
 2 VENDORPATH\kreait\firebase-php\src\Firebase\Database\ApiClient.php(40): Kreait\Firebase\Database\ApiClient->requestApi('GET', '/queue')
 3 VENDORPATH\kreait\firebase-php\src\Firebase\Database\Reference.php(329): Kreait\Firebase\Database\ApiClient->get('/queue')
 4 VENDORPATH\kreait\firebase-php\src\Firebase\Database\Reference.php(296): Kreait\Firebase\Database\Reference->getSnapshot()
 5 APPPATH\Libraries\QueueLib.php(277): Kreait\Firebase\Database\Reference->getValue()
 6 APPPATH\Controllers\Queue.php(100): App\Libraries\QueueLib::readDataWaiting('2022-12-06')
 7 SYSTEMPATH\CodeIgniter.php(910): App\Controllers\Queue->manage()
 8 SYSTEMPATH\CodeIgniter.php(469): CodeIgniter\CodeIgniter->runController(Object(App\Controllers\Queue))
 9 SYSTEMPATH\CodeIgniter.php(352): CodeIgniter\CodeIgniter->handleRequest(null, Object(Config\Cache), false)
10 FCPATH\index.php(55): CodeIgniter\CodeIgniter->run()
11 SYSTEMPATH\Commands\Server\rewrite.php(46): require_once('FCPATH\\index.php')
CRITICAL - 2022-12-06 22:10:03 --> Unable to connect to the API: cURL error 6: Could not resolve host: oauth2.googleapis.com (see https://curl.haxx.se/libcurl/c/libcurl-errors.html) for https://oauth2.googleapis.com/token
in VENDORPATH\kreait\firebase-php\src\Firebase\Exception\DatabaseApiExceptionConverter.php on line 36.
 1 VENDORPATH\kreait\firebase-php\src\Firebase\Database\ApiClient.php(180): Kreait\Firebase\Exception\DatabaseApiExceptionConverter->convertException(Object(GuzzleHttp\Exception\ConnectException))
 2 VENDORPATH\kreait\firebase-php\src\Firebase\Database\ApiClient.php(40): Kreait\Firebase\Database\ApiClient->requestApi('GET', '/queue')
 3 VENDORPATH\kreait\firebase-php\src\Firebase\Database\Reference.php(329): Kreait\Firebase\Database\ApiClient->get('/queue')
 4 VENDORPATH\kreait\firebase-php\src\Firebase\Database\Reference.php(296): Kreait\Firebase\Database\Reference->getSnapshot()
 5 APPPATH\Libraries\QueueLib.php(277): Kreait\Firebase\Database\Reference->getValue()
 6 APPPATH\Controllers\Queue.php(100): App\Libraries\QueueLib::readDataWaiting('2022-12-06')
 7 SYSTEMPATH\CodeIgniter.php(910): App\Controllers\Queue->manage()
 8 SYSTEMPATH\CodeIgniter.php(469): CodeIgniter\CodeIgniter->runController(Object(App\Controllers\Queue))
 9 SYSTEMPATH\CodeIgniter.php(352): CodeIgniter\CodeIgniter->handleRequest(null, Object(Config\Cache), false)
10 FCPATH\index.php(55): CodeIgniter\CodeIgniter->run()
11 SYSTEMPATH\Commands\Server\rewrite.php(46): require_once('FCPATH\\index.php')
CRITICAL - 2022-12-06 22:10:15 --> Unable to connect to the API: cURL error 6: Could not resolve host: oauth2.googleapis.com (see https://curl.haxx.se/libcurl/c/libcurl-errors.html) for https://oauth2.googleapis.com/token
in VENDORPATH\kreait\firebase-php\src\Firebase\Exception\DatabaseApiExceptionConverter.php on line 36.
 1 VENDORPATH\kreait\firebase-php\src\Firebase\Database\ApiClient.php(180): Kreait\Firebase\Exception\DatabaseApiExceptionConverter->convertException(Object(GuzzleHttp\Exception\ConnectException))
 2 VENDORPATH\kreait\firebase-php\src\Firebase\Database\ApiClient.php(40): Kreait\Firebase\Database\ApiClient->requestApi('GET', '/queue')
 3 VENDORPATH\kreait\firebase-php\src\Firebase\Database\Reference.php(329): Kreait\Firebase\Database\ApiClient->get('/queue')
 4 VENDORPATH\kreait\firebase-php\src\Firebase\Database\Reference.php(296): Kreait\Firebase\Database\Reference->getSnapshot()
 5 APPPATH\Libraries\QueueLib.php(277): Kreait\Firebase\Database\Reference->getValue()
 6 APPPATH\Controllers\Queue.php(100): App\Libraries\QueueLib::readDataWaiting('2022-12-06')
 7 SYSTEMPATH\CodeIgniter.php(910): App\Controllers\Queue->manage()
 8 SYSTEMPATH\CodeIgniter.php(469): CodeIgniter\CodeIgniter->runController(Object(App\Controllers\Queue))
 9 SYSTEMPATH\CodeIgniter.php(352): CodeIgniter\CodeIgniter->handleRequest(null, Object(Config\Cache), false)
10 FCPATH\index.php(55): CodeIgniter\CodeIgniter->run()
11 SYSTEMPATH\Commands\Server\rewrite.php(46): require_once('FCPATH\\index.php')
CRITICAL - 2022-12-06 23:20:31 --> Class 'App\Controllers\QueueLib' not found
in APPPATH\Controllers\Checkout.php on line 19.
 1 SYSTEMPATH\CodeIgniter.php(910): App\Controllers\Checkout->index()
 2 SYSTEMPATH\CodeIgniter.php(469): CodeIgniter\CodeIgniter->runController(Object(App\Controllers\Checkout))
 3 SYSTEMPATH\CodeIgniter.php(352): CodeIgniter\CodeIgniter->handleRequest(null, Object(Config\Cache), false)
 4 FCPATH\index.php(55): CodeIgniter\CodeIgniter->run()
 5 SYSTEMPATH\Commands\Server\rewrite.php(46): require_once('FCPATH\\index.php')
CRITICAL - 2022-12-06 10:10:04 --> Undefined index: Ethicity
in APPPATH\Views\staff\prescriptionCollection.php on line 44.
 1 APPPATH\Views\staff\prescriptionCollection.php(44): CodeIgniter\Debug\Exceptions->errorHandler(8, 'Undefined index: Ethicity', 'APPPATH\\Views\\staff\\prescriptionCollection.php', 44, [...])
 2 SYSTEMPATH\View\View.php(213): include('APPPATH\\Views\\staff\\prescriptionCollection.php')
 3 SYSTEMPATH\View\View.php(216): CodeIgniter\View\View->CodeIgniter\View\{closure}()
 4 SYSTEMPATH\Common.php(1137): CodeIgniter\View\View->render('staff/prescriptionCollection', [], true)
 5 APPPATH\Controllers\Checkout.php(40): view('staff/prescriptionCollection', [...])
 6 SYSTEMPATH\CodeIgniter.php(910): App\Controllers\Checkout->toCheckout()
 7 SYSTEMPATH\CodeIgniter.php(469): CodeIgniter\CodeIgniter->runController(Object(App\Controllers\Checkout))
 8 SYSTEMPATH\CodeIgniter.php(352): CodeIgniter\CodeIgniter->handleRequest(null, Object(Config\Cache), false)
 9 FCPATH\index.php(55): CodeIgniter\CodeIgniter->run()
10 SYSTEMPATH\Commands\Server\rewrite.php(46): require_once('FCPATH\\index.php')
CRITICAL - 2022-12-06 10:12:01 --> syntax error, unexpected end of file
in APPPATH\Views\staff\prescriptionCollection.php on line 294.
 1 SYSTEMPATH\View\View.php(216): CodeIgniter\View\View->CodeIgniter\View\{closure}()
 2 SYSTEMPATH\Common.php(1137): CodeIgniter\View\View->render('staff/prescriptionCollection', [], true)
 3 APPPATH\Controllers\Checkout.php(40): view('staff/prescriptionCollection', [...])
 4 SYSTEMPATH\CodeIgniter.php(910): App\Controllers\Checkout->toCheckout()
 5 SYSTEMPATH\CodeIgniter.php(469): CodeIgniter\CodeIgniter->runController(Object(App\Controllers\Checkout))
 6 SYSTEMPATH\CodeIgniter.php(352): CodeIgniter\CodeIgniter->handleRequest(null, Object(Config\Cache), false)
 7 FCPATH\index.php(55): CodeIgniter\CodeIgniter->run()
 8 SYSTEMPATH\Commands\Server\rewrite.php(46): require_once('FCPATH\\index.php')
CRITICAL - 2022-12-06 10:12:21 --> syntax error, unexpected end of file
in APPPATH\Views\staff\prescriptionCollection.php on line 292.
 1 SYSTEMPATH\View\View.php(216): CodeIgniter\View\View->CodeIgniter\View\{closure}()
 2 SYSTEMPATH\Common.php(1137): CodeIgniter\View\View->render('staff/prescriptionCollection', [], true)
 3 APPPATH\Controllers\Checkout.php(40): view('staff/prescriptionCollection', [...])
 4 SYSTEMPATH\CodeIgniter.php(910): App\Controllers\Checkout->toCheckout()
 5 SYSTEMPATH\CodeIgniter.php(469): CodeIgniter\CodeIgniter->runController(Object(App\Controllers\Checkout))
 6 SYSTEMPATH\CodeIgniter.php(352): CodeIgniter\CodeIgniter->handleRequest(null, Object(Config\Cache), false)
 7 FCPATH\index.php(55): CodeIgniter\CodeIgniter->run()
 8 SYSTEMPATH\Commands\Server\rewrite.php(46): require_once('FCPATH\\index.php')
CRITICAL - 2022-12-06 10:13:11 --> syntax error, unexpected end of file
in APPPATH\Views\staff\prescriptionCollection.php on line 292.
 1 SYSTEMPATH\View\View.php(216): CodeIgniter\View\View->CodeIgniter\View\{closure}()
 2 SYSTEMPATH\Common.php(1137): CodeIgniter\View\View->render('staff/prescriptionCollection', [], true)
 3 APPPATH\Controllers\Checkout.php(40): view('staff/prescriptionCollection', [...])
 4 SYSTEMPATH\CodeIgniter.php(910): App\Controllers\Checkout->toCheckout()
 5 SYSTEMPATH\CodeIgniter.php(469): CodeIgniter\CodeIgniter->runController(Object(App\Controllers\Checkout))
 6 SYSTEMPATH\CodeIgniter.php(352): CodeIgniter\CodeIgniter->handleRequest(null, Object(Config\Cache), false)
 7 FCPATH\index.php(55): CodeIgniter\CodeIgniter->run()
 8 SYSTEMPATH\Commands\Server\rewrite.php(46): require_once('FCPATH\\index.php')
CRITICAL - 2022-12-06 10:13:46 --> syntax error, unexpected end of file
in APPPATH\Views\staff\prescriptionCollection.php on line 292.
 1 SYSTEMPATH\View\View.php(216): CodeIgniter\View\View->CodeIgniter\View\{closure}()
 2 SYSTEMPATH\Common.php(1137): CodeIgniter\View\View->render('staff/prescriptionCollection', [], true)
 3 APPPATH\Controllers\Checkout.php(40): view('staff/prescriptionCollection', [...])
 4 SYSTEMPATH\CodeIgniter.php(910): App\Controllers\Checkout->toCheckout()
 5 SYSTEMPATH\CodeIgniter.php(469): CodeIgniter\CodeIgniter->runController(Object(App\Controllers\Checkout))
 6 SYSTEMPATH\CodeIgniter.php(352): CodeIgniter\CodeIgniter->handleRequest(null, Object(Config\Cache), false)
 7 FCPATH\index.php(55): CodeIgniter\CodeIgniter->run()
 8 SYSTEMPATH\Commands\Server\rewrite.php(46): require_once('FCPATH\\index.php')
CRITICAL - 2022-12-06 10:14:03 --> syntax error, unexpected end of file
in APPPATH\Views\staff\prescriptionCollection.php on line 292.
 1 SYSTEMPATH\View\View.php(216): CodeIgniter\View\View->CodeIgniter\View\{closure}()
 2 SYSTEMPATH\Common.php(1137): CodeIgniter\View\View->render('staff/prescriptionCollection', [], true)
 3 APPPATH\Controllers\Checkout.php(40): view('staff/prescriptionCollection', [...])
 4 SYSTEMPATH\CodeIgniter.php(910): App\Controllers\Checkout->toCheckout()
 5 SYSTEMPATH\CodeIgniter.php(469): CodeIgniter\CodeIgniter->runController(Object(App\Controllers\Checkout))
 6 SYSTEMPATH\CodeIgniter.php(352): CodeIgniter\CodeIgniter->handleRequest(null, Object(Config\Cache), false)
 7 FCPATH\index.php(55): CodeIgniter\CodeIgniter->run()
 8 SYSTEMPATH\Commands\Server\rewrite.php(46): require_once('FCPATH\\index.php')
CRITICAL - 2022-12-06 20:44:17 --> syntax error, unexpected '$row' (T_VARIABLE), expecting ';' or ','
in APPPATH\Views\staff\prescriptionCollection.php on line 77.
 1 SYSTEMPATH\View\View.php(216): CodeIgniter\View\View->CodeIgniter\View\{closure}()
 2 SYSTEMPATH\Common.php(1137): CodeIgniter\View\View->render('staff/prescriptionCollection', [], true)
 3 APPPATH\Controllers\Checkout.php(40): view('staff/prescriptionCollection', [...])
 4 SYSTEMPATH\CodeIgniter.php(910): App\Controllers\Checkout->toCheckout()
 5 SYSTEMPATH\CodeIgniter.php(469): CodeIgniter\CodeIgniter->runController(Object(App\Controllers\Checkout))
 6 SYSTEMPATH\CodeIgniter.php(352): CodeIgniter\CodeIgniter->handleRequest(null, Object(Config\Cache), false)
 7 FCPATH\index.php(55): CodeIgniter\CodeIgniter->run()
 8 SYSTEMPATH\Commands\Server\rewrite.php(46): require_once('FCPATH\\index.php')
CRITICAL - 2022-12-06 21:33:59 --> Unable to connect to the API: cURL error 6: Could not resolve host: oauth2.googleapis.com (see https://curl.haxx.se/libcurl/c/libcurl-errors.html) for https://oauth2.googleapis.com/token
in VENDORPATH\kreait\firebase-php\src\Firebase\Exception\DatabaseApiExceptionConverter.php on line 36.
 1 VENDORPATH\kreait\firebase-php\src\Firebase\Database\ApiClient.php(180): Kreait\Firebase\Exception\DatabaseApiExceptionConverter->convertException(Object(GuzzleHttp\Exception\ConnectException))
 2 VENDORPATH\kreait\firebase-php\src\Firebase\Database\ApiClient.php(40): Kreait\Firebase\Database\ApiClient->requestApi('GET', '/appointment')
 3 VENDORPATH\kreait\firebase-php\src\Firebase\Database\Reference.php(329): Kreait\Firebase\Database\ApiClient->get('/appointment')
 4 VENDORPATH\kreait\firebase-php\src\Firebase\Database\Reference.php(296): Kreait\Firebase\Database\Reference->getSnapshot()
 5 APPPATH\Helpers\Form_helper.php(182): Kreait\Firebase\Database\Reference->getValue()
 6 APPPATH\Views\staff\index.php(11): waitingRoom()
 7 SYSTEMPATH\View\View.php(213): include('APPPATH\\Views\\staff\\index.php')
 8 SYSTEMPATH\View\View.php(216): CodeIgniter\View\View->CodeIgniter\View\{closure}()
 9 SYSTEMPATH\Common.php(1137): CodeIgniter\View\View->render('staff/index', [], true)
10 APPPATH\Controllers\Staff.php(922): view('staff/index', [...])
11 SYSTEMPATH\CodeIgniter.php(910): App\Controllers\Staff->home()
12 SYSTEMPATH\CodeIgniter.php(469): CodeIgniter\CodeIgniter->runController(Object(App\Controllers\Staff))
13 SYSTEMPATH\CodeIgniter.php(352): CodeIgniter\CodeIgniter->handleRequest(null, Object(Config\Cache), false)
14 FCPATH\index.php(55): CodeIgniter\CodeIgniter->run()
15 SYSTEMPATH\Commands\Server\rewrite.php(46): require_once('FCPATH\\index.php')
CRITICAL - 2022-12-06 21:35:12 --> Unable to connect to the API: cURL error 6: Could not resolve host: oauth2.googleapis.com (see https://curl.haxx.se/libcurl/c/libcurl-errors.html) for https://oauth2.googleapis.com/token
in VENDORPATH\kreait\firebase-php\src\Firebase\Exception\DatabaseApiExceptionConverter.php on line 36.
 1 VENDORPATH\kreait\firebase-php\src\Firebase\Database\ApiClient.php(180): Kreait\Firebase\Exception\DatabaseApiExceptionConverter->convertException(Object(GuzzleHttp\Exception\ConnectException))
 2 VENDORPATH\kreait\firebase-php\src\Firebase\Database\ApiClient.php(40): Kreait\Firebase\Database\ApiClient->requestApi('GET', '/appointment')
 3 VENDORPATH\kreait\firebase-php\src\Firebase\Database\Reference.php(329): Kreait\Firebase\Database\ApiClient->get('/appointment')
 4 VENDORPATH\kreait\firebase-php\src\Firebase\Database\Reference.php(296): Kreait\Firebase\Database\Reference->getSnapshot()
 5 APPPATH\Helpers\Form_helper.php(182): Kreait\Firebase\Database\Reference->getValue()
 6 APPPATH\Views\staff\index.php(11): waitingRoom()
 7 SYSTEMPATH\View\View.php(213): include('APPPATH\\Views\\staff\\index.php')
 8 SYSTEMPATH\View\View.php(216): CodeIgniter\View\View->CodeIgniter\View\{closure}()
 9 SYSTEMPATH\Common.php(1137): CodeIgniter\View\View->render('staff/index', [], true)
10 APPPATH\Controllers\Staff.php(922): view('staff/index', [...])
11 SYSTEMPATH\CodeIgniter.php(910): App\Controllers\Staff->home()
12 SYSTEMPATH\CodeIgniter.php(469): CodeIgniter\CodeIgniter->runController(Object(App\Controllers\Staff))
13 SYSTEMPATH\CodeIgniter.php(352): CodeIgniter\CodeIgniter->handleRequest(null, Object(Config\Cache), false)
14 FCPATH\index.php(55): CodeIgniter\CodeIgniter->run()
15 SYSTEMPATH\Commands\Server\rewrite.php(46): require_once('FCPATH\\index.php')
CRITICAL - 2022-12-06 22:09:21 --> Unable to connect to the API: cURL error 6: Could not resolve host: oauth2.googleapis.com (see https://curl.haxx.se/libcurl/c/libcurl-errors.html) for https://oauth2.googleapis.com/token
in VENDORPATH\kreait\firebase-php\src\Firebase\Exception\DatabaseApiExceptionConverter.php on line 36.
 1 VENDORPATH\kreait\firebase-php\src\Firebase\Database\ApiClient.php(180): Kreait\Firebase\Exception\DatabaseApiExceptionConverter->convertException(Object(GuzzleHttp\Exception\ConnectException))
 2 VENDORPATH\kreait\firebase-php\src\Firebase\Database\ApiClient.php(40): Kreait\Firebase\Database\ApiClient->requestApi('GET', '/appointment')
 3 VENDORPATH\kreait\firebase-php\src\Firebase\Database\Reference.php(329): Kreait\Firebase\Database\ApiClient->get('/appointment')
 4 VENDORPATH\kreait\firebase-php\src\Firebase\Database\Reference.php(296): Kreait\Firebase\Database\Reference->getSnapshot()
 5 APPPATH\Helpers\Form_helper.php(182): Kreait\Firebase\Database\Reference->getValue()
 6 APPPATH\Views\staff\index.php(11): waitingRoom()
 7 SYSTEMPATH\View\View.php(213): include('APPPATH\\Views\\staff\\index.php')
 8 SYSTEMPATH\View\View.php(216): CodeIgniter\View\View->CodeIgniter\View\{closure}()
 9 SYSTEMPATH\Common.php(1137): CodeIgniter\View\View->render('staff/index', [], true)
10 APPPATH\Controllers\Staff.php(922): view('staff/index', [...])
11 SYSTEMPATH\CodeIgniter.php(910): App\Controllers\Staff->home()
12 SYSTEMPATH\CodeIgniter.php(469): CodeIgniter\CodeIgniter->runController(Object(App\Controllers\Staff))
13 SYSTEMPATH\CodeIgniter.php(352): CodeIgniter\CodeIgniter->handleRequest(null, Object(Config\Cache), false)
14 FCPATH\index.php(55): CodeIgniter\CodeIgniter->run()
15 SYSTEMPATH\Commands\Server\rewrite.php(46): require_once('FCPATH\\index.php')
CRITICAL - 2022-12-06 23:22:26 --> Array to string conversion
in APPPATH\Views\staff\prescriptionCollection.php on line 104.
 1 APPPATH\Views\staff\prescriptionCollection.php(104): CodeIgniter\Debug\Exceptions->errorHandler(8, 'Array to string conversion', 'APPPATH\\Views\\staff\\prescriptionCollection.php', 104, [...])
 2 SYSTEMPATH\View\View.php(213): include('APPPATH\\Views\\staff\\prescriptionCollection.php')
 3 SYSTEMPATH\View\View.php(216): CodeIgniter\View\View->CodeIgniter\View\{closure}()
 4 SYSTEMPATH\Common.php(1137): CodeIgniter\View\View->render('staff/prescriptionCollection', [], true)
 5 APPPATH\Controllers\Checkout.php(49): view('staff/prescriptionCollection', [...])
 6 SYSTEMPATH\CodeIgniter.php(910): App\Controllers\Checkout->toCheckout()
 7 SYSTEMPATH\CodeIgniter.php(469): CodeIgniter\CodeIgniter->runController(Object(App\Controllers\Checkout))
 8 SYSTEMPATH\CodeIgniter.php(352): CodeIgniter\CodeIgniter->handleRequest(null, Object(Config\Cache), false)
 9 FCPATH\index.php(55): CodeIgniter\CodeIgniter->run()
10 SYSTEMPATH\Commands\Server\rewrite.php(46): require_once('FCPATH\\index.php')
CRITICAL - 2022-12-06 23:24:33 --> Array to string conversion
in APPPATH\Views\staff\prescriptionCollection.php on line 104.
 1 APPPATH\Views\staff\prescriptionCollection.php(104): CodeIgniter\Debug\Exceptions->errorHandler(8, 'Array to string conversion', 'APPPATH\\Views\\staff\\prescriptionCollection.php', 104, [...])
 2 SYSTEMPATH\View\View.php(213): include('APPPATH\\Views\\staff\\prescriptionCollection.php')
 3 SYSTEMPATH\View\View.php(216): CodeIgniter\View\View->CodeIgniter\View\{closure}()
 4 SYSTEMPATH\Common.php(1137): CodeIgniter\View\View->render('staff/prescriptionCollection', [], true)
 5 APPPATH\Controllers\Checkout.php(49): view('staff/prescriptionCollection', [...])
 6 SYSTEMPATH\CodeIgniter.php(910): App\Controllers\Checkout->toCheckout()
 7 SYSTEMPATH\CodeIgniter.php(469): CodeIgniter\CodeIgniter->runController(Object(App\Controllers\Checkout))
 8 SYSTEMPATH\CodeIgniter.php(352): CodeIgniter\CodeIgniter->handleRequest(null, Object(Config\Cache), false)
 9 FCPATH\index.php(55): CodeIgniter\CodeIgniter->run()
10 SYSTEMPATH\Commands\Server\rewrite.php(46): require_once('FCPATH\\index.php')
