CRITICAL - 2022-11-12 01:23:17 --> Division by zero
in APPPATH\Controllers\Appointment.php on line 333.
 1 APPPATH\Controllers\Appointment.php(333): CodeIgniter\Debug\Exceptions->errorHandler(2, 'Division by zero', 'APPPATH\\Controllers\\Appointment.php', 333, [...])
 2 SYSTEMPATH\CodeIgniter.php(910): App\Controllers\Appointment->viewAppointment()
 3 SYSTEMPATH\CodeIgniter.php(469): CodeIgniter\CodeIgniter->runController(Object(App\Controllers\Appointment))
 4 SYSTEMPATH\CodeIgniter.php(352): CodeIgniter\CodeIgniter->handleRequest(null, Object(Config\Cache), false)
 5 FCPATH\index.php(55): CodeIgniter\CodeIgniter->run()
 6 SYSTEMPATH\Commands\Server\rewrite.php(46): require_once('FCPATH\\index.php')
CRITICAL - 2022-11-12 01:49:31 --> Undefined variable: i
in APPPATH\Libraries\AppointmentLib.php on line 57.
 1 APPPATH\Libraries\AppointmentLib.php(57): CodeIgniter\Debug\Exceptions->errorHandler(8, 'Undefined variable: i', 'APPPATH\\Libraries\\AppointmentLib.php', 57, [...])
 2 APPPATH\Controllers\Appointment.php(361): App\Libraries\AppointmentLib::paginationRecord('appointment', 1, 1, 'user', 'hengzp2000@gmail.com')
 3 SYSTEMPATH\CodeIgniter.php(910): App\Controllers\Appointment->viewAppointment()
 4 SYSTEMPATH\CodeIgniter.php(469): CodeIgniter\CodeIgniter->runController(Object(App\Controllers\Appointment))
 5 SYSTEMPATH\CodeIgniter.php(352): CodeIgniter\CodeIgniter->handleRequest(null, Object(Config\Cache), false)
 6 FCPATH\index.php(55): CodeIgniter\CodeIgniter->run()
 7 SYSTEMPATH\Commands\Server\rewrite.php(46): require_once('FCPATH\\index.php')
CRITICAL - 2022-11-12 01:51:04 --> Undefined variable: reocrd
in APPPATH\Libraries\AppointmentLib.php on line 76.
 1 APPPATH\Libraries\AppointmentLib.php(76): CodeIgniter\Debug\Exceptions->errorHandler(8, 'Undefined variable: reocrd', 'APPPATH\\Libraries\\AppointmentLib.php', 76, [...])
 2 APPPATH\Controllers\Appointment.php(361): App\Libraries\AppointmentLib::paginationRecord('appointment', 1, 1, 'user', 'hengzp2000@gmail.com')
 3 SYSTEMPATH\CodeIgniter.php(910): App\Controllers\Appointment->viewAppointment()
 4 SYSTEMPATH\CodeIgniter.php(469): CodeIgniter\CodeIgniter->runController(Object(App\Controllers\Appointment))
 5 SYSTEMPATH\CodeIgniter.php(352): CodeIgniter\CodeIgniter->handleRequest(null, Object(Config\Cache), false)
 6 FCPATH\index.php(55): CodeIgniter\CodeIgniter->run()
 7 SYSTEMPATH\Commands\Server\rewrite.php(46): require_once('FCPATH\\index.php')
CRITICAL - 2022-11-12 02:01:01 --> Array to string conversion
in APPPATH\Controllers\Appointment.php on line 364.
 1 APPPATH\Controllers\Appointment.php(364): CodeIgniter\Debug\Exceptions->errorHandler(8, 'Array to string conversion', 'APPPATH\\Controllers\\Appointment.php', 364, [...])
 2 SYSTEMPATH\CodeIgniter.php(910): App\Controllers\Appointment->viewAppointment()
 3 SYSTEMPATH\CodeIgniter.php(469): CodeIgniter\CodeIgniter->runController(Object(App\Controllers\Appointment))
 4 SYSTEMPATH\CodeIgniter.php(352): CodeIgniter\CodeIgniter->handleRequest(null, Object(Config\Cache), false)
 5 FCPATH\index.php(55): CodeIgniter\CodeIgniter->run()
 6 SYSTEMPATH\Commands\Server\rewrite.php(46): require_once('FCPATH\\index.php')
CRITICAL - 2022-11-12 02:06:22 --> Undefined variable: i2
in APPPATH\Libraries\AppointmentLib.php on line 61.
 1 APPPATH\Libraries\AppointmentLib.php(61): CodeIgniter\Debug\Exceptions->errorHandler(8, 'Undefined variable: i2', 'APPPATH\\Libraries\\AppointmentLib.php', 61, [...])
 2 APPPATH\Controllers\Appointment.php(361): App\Libraries\AppointmentLib::paginationRecord('appointment', 1, 1, 'user', 'hengzp2000@gmail.com')
 3 SYSTEMPATH\CodeIgniter.php(910): App\Controllers\Appointment->viewAppointment()
 4 SYSTEMPATH\CodeIgniter.php(469): CodeIgniter\CodeIgniter->runController(Object(App\Controllers\Appointment))
 5 SYSTEMPATH\CodeIgniter.php(352): CodeIgniter\CodeIgniter->handleRequest(null, Object(Config\Cache), false)
 6 FCPATH\index.php(55): CodeIgniter\CodeIgniter->run()
 7 SYSTEMPATH\Commands\Server\rewrite.php(46): require_once('FCPATH\\index.php')
CRITICAL - 2022-11-12 02:12:13 --> Undefined variable: reocrd
in APPPATH\Libraries\AppointmentLib.php on line 72.
 1 APPPATH\Libraries\AppointmentLib.php(72): CodeIgniter\Debug\Exceptions->errorHandler(8, 'Undefined variable: reocrd', 'APPPATH\\Libraries\\AppointmentLib.php', 72, [...])
 2 APPPATH\Controllers\Appointment.php(361): App\Libraries\AppointmentLib::paginationRecord('appointment', 1, 1, 'user', 'hengzp2000@gmail.com')
 3 SYSTEMPATH\CodeIgniter.php(910): App\Controllers\Appointment->viewAppointment()
 4 SYSTEMPATH\CodeIgniter.php(469): CodeIgniter\CodeIgniter->runController(Object(App\Controllers\Appointment))
 5 SYSTEMPATH\CodeIgniter.php(352): CodeIgniter\CodeIgniter->handleRequest(null, Object(Config\Cache), false)
 6 FCPATH\index.php(55): CodeIgniter\CodeIgniter->run()
 7 SYSTEMPATH\Commands\Server\rewrite.php(46): require_once('FCPATH\\index.php')
CRITICAL - 2022-11-12 02:12:25 --> Illegal string offset 'createdDatenTime'
in APPPATH\Views\patientDashboard\viewAppointment.php on line 279.
 1 APPPATH\Views\patientDashboard\viewAppointment.php(279): CodeIgniter\Debug\Exceptions->errorHandler(2, 'Illegal string offset \'createdDatenTime\'', 'APPPATH\\Views\\patientDashboard\\viewAppointment.php', 279, [...])
 2 SYSTEMPATH\View\View.php(213): include('APPPATH\\Views\\patientDashboard\\viewAppointment.php')
 3 SYSTEMPATH\View\View.php(216): CodeIgniter\View\View->CodeIgniter\View\{closure}()
 4 SYSTEMPATH\Common.php(1137): CodeIgniter\View\View->render('patientDashboard/viewAppointment', [], true)
 5 APPPATH\Controllers\Appointment.php(381): view('patientDashboard/viewAppointment', [...])
 6 SYSTEMPATH\CodeIgniter.php(910): App\Controllers\Appointment->viewAppointment()
 7 SYSTEMPATH\CodeIgniter.php(469): CodeIgniter\CodeIgniter->runController(Object(App\Controllers\Appointment))
 8 SYSTEMPATH\CodeIgniter.php(352): CodeIgniter\CodeIgniter->handleRequest(null, Object(Config\Cache), false)
 9 FCPATH\index.php(55): CodeIgniter\CodeIgniter->run()
10 SYSTEMPATH\Commands\Server\rewrite.php(46): require_once('FCPATH\\index.php')
CRITICAL - 2022-11-12 02:12:43 --> Undefined variable: record2
in APPPATH\Libraries\AppointmentLib.php on line 72.
 1 APPPATH\Libraries\AppointmentLib.php(72): CodeIgniter\Debug\Exceptions->errorHandler(8, 'Undefined variable: record2', 'APPPATH\\Libraries\\AppointmentLib.php', 72, [...])
 2 APPPATH\Controllers\Appointment.php(361): App\Libraries\AppointmentLib::paginationRecord('appointment', 1, 1, 'user', 'hengzp2000@gmail.com')
 3 SYSTEMPATH\CodeIgniter.php(910): App\Controllers\Appointment->viewAppointment()
 4 SYSTEMPATH\CodeIgniter.php(469): CodeIgniter\CodeIgniter->runController(Object(App\Controllers\Appointment))
 5 SYSTEMPATH\CodeIgniter.php(352): CodeIgniter\CodeIgniter->handleRequest(null, Object(Config\Cache), false)
 6 FCPATH\index.php(55): CodeIgniter\CodeIgniter->run()
 7 SYSTEMPATH\Commands\Server\rewrite.php(46): require_once('FCPATH\\index.php')
CRITICAL - 2022-11-12 02:14:08 --> Illegal string offset 'createdDatenTime'
in APPPATH\Views\patientDashboard\viewAppointment.php on line 279.
 1 APPPATH\Views\patientDashboard\viewAppointment.php(279): CodeIgniter\Debug\Exceptions->errorHandler(2, 'Illegal string offset \'createdDatenTime\'', 'APPPATH\\Views\\patientDashboard\\viewAppointment.php', 279, [...])
 2 SYSTEMPATH\View\View.php(213): include('APPPATH\\Views\\patientDashboard\\viewAppointment.php')
 3 SYSTEMPATH\View\View.php(216): CodeIgniter\View\View->CodeIgniter\View\{closure}()
 4 SYSTEMPATH\Common.php(1137): CodeIgniter\View\View->render('patientDashboard/viewAppointment', [], true)
 5 APPPATH\Controllers\Appointment.php(381): view('patientDashboard/viewAppointment', [...])
 6 SYSTEMPATH\CodeIgniter.php(910): App\Controllers\Appointment->viewAppointment()
 7 SYSTEMPATH\CodeIgniter.php(469): CodeIgniter\CodeIgniter->runController(Object(App\Controllers\Appointment))
 8 SYSTEMPATH\CodeIgniter.php(352): CodeIgniter\CodeIgniter->handleRequest(null, Object(Config\Cache), false)
 9 FCPATH\index.php(55): CodeIgniter\CodeIgniter->run()
10 SYSTEMPATH\Commands\Server\rewrite.php(46): require_once('FCPATH\\index.php')
CRITICAL - 2022-11-12 02:15:01 --> Undefined variable: record2
in APPPATH\Libraries\AppointmentLib.php on line 75.
 1 APPPATH\Libraries\AppointmentLib.php(75): CodeIgniter\Debug\Exceptions->errorHandler(8, 'Undefined variable: record2', 'APPPATH\\Libraries\\AppointmentLib.php', 75, [...])
 2 APPPATH\Controllers\Appointment.php(361): App\Libraries\AppointmentLib::paginationRecord('appointment', 1, 1, 'user', 'hengzp2000@gmail.com')
 3 SYSTEMPATH\CodeIgniter.php(910): App\Controllers\Appointment->viewAppointment()
 4 SYSTEMPATH\CodeIgniter.php(469): CodeIgniter\CodeIgniter->runController(Object(App\Controllers\Appointment))
 5 SYSTEMPATH\CodeIgniter.php(352): CodeIgniter\CodeIgniter->handleRequest(null, Object(Config\Cache), false)
 6 FCPATH\index.php(55): CodeIgniter\CodeIgniter->run()
 7 SYSTEMPATH\Commands\Server\rewrite.php(46): require_once('FCPATH\\index.php')
CRITICAL - 2022-11-12 02:15:15 --> Undefined offset: 3
in APPPATH\Libraries\AppointmentLib.php on line 72.
 1 APPPATH\Libraries\AppointmentLib.php(72): CodeIgniter\Debug\Exceptions->errorHandler(8, 'Undefined offset: 3', 'APPPATH\\Libraries\\AppointmentLib.php', 72, [...])
 2 APPPATH\Controllers\Appointment.php(361): App\Libraries\AppointmentLib::paginationRecord('appointment', 2, 3, 'user', 'hengzp2000@gmail.com')
 3 SYSTEMPATH\CodeIgniter.php(910): App\Controllers\Appointment->viewAppointment()
 4 SYSTEMPATH\CodeIgniter.php(469): CodeIgniter\CodeIgniter->runController(Object(App\Controllers\Appointment))
 5 SYSTEMPATH\CodeIgniter.php(352): CodeIgniter\CodeIgniter->handleRequest(null, Object(Config\Cache), false)
 6 FCPATH\index.php(55): CodeIgniter\CodeIgniter->run()
 7 SYSTEMPATH\Commands\Server\rewrite.php(46): require_once('FCPATH\\index.php')
CRITICAL - 2022-11-12 02:16:48 --> Undefined offset: 3
in APPPATH\Libraries\AppointmentLib.php on line 72.
 1 APPPATH\Libraries\AppointmentLib.php(72): CodeIgniter\Debug\Exceptions->errorHandler(8, 'Undefined offset: 3', 'APPPATH\\Libraries\\AppointmentLib.php', 72, [...])
 2 APPPATH\Controllers\Appointment.php(361): App\Libraries\AppointmentLib::paginationRecord('appointment', 2, 3, 'user', 'hengzp2000@gmail.com')
 3 SYSTEMPATH\CodeIgniter.php(910): App\Controllers\Appointment->viewAppointment()
 4 SYSTEMPATH\CodeIgniter.php(469): CodeIgniter\CodeIgniter->runController(Object(App\Controllers\Appointment))
 5 SYSTEMPATH\CodeIgniter.php(352): CodeIgniter\CodeIgniter->handleRequest(null, Object(Config\Cache), false)
 6 FCPATH\index.php(55): CodeIgniter\CodeIgniter->run()
 7 SYSTEMPATH\Commands\Server\rewrite.php(46): require_once('FCPATH\\index.php')
CRITICAL - 2022-11-12 02:20:31 --> Undefined offset: 3
in APPPATH\Libraries\AppointmentLib.php on line 72.
 1 APPPATH\Libraries\AppointmentLib.php(72): CodeIgniter\Debug\Exceptions->errorHandler(8, 'Undefined offset: 3', 'APPPATH\\Libraries\\AppointmentLib.php', 72, [...])
 2 APPPATH\Controllers\Appointment.php(361): App\Libraries\AppointmentLib::paginationRecord('appointment', 2, 3, 'user', 'hengzp2000@gmail.com')
 3 SYSTEMPATH\CodeIgniter.php(910): App\Controllers\Appointment->viewAppointment()
 4 SYSTEMPATH\CodeIgniter.php(469): CodeIgniter\CodeIgniter->runController(Object(App\Controllers\Appointment))
 5 SYSTEMPATH\CodeIgniter.php(352): CodeIgniter\CodeIgniter->handleRequest(null, Object(Config\Cache), false)
 6 FCPATH\index.php(55): CodeIgniter\CodeIgniter->run()
 7 SYSTEMPATH\Commands\Server\rewrite.php(46): require_once('FCPATH\\index.php')
CRITICAL - 2022-11-12 02:34:34 --> Undefined offset: 3
in APPPATH\Libraries\AppointmentLib.php on line 72.
 1 APPPATH\Libraries\AppointmentLib.php(72): CodeIgniter\Debug\Exceptions->errorHandler(8, 'Undefined offset: 3', 'APPPATH\\Libraries\\AppointmentLib.php', 72, [...])
 2 APPPATH\Controllers\Appointment.php(371): App\Libraries\AppointmentLib::paginationRecord('appointment', 3, 4, 'user', 'hengzp2000@gmail.com')
 3 SYSTEMPATH\CodeIgniter.php(910): App\Controllers\Appointment->viewAppointment()
 4 SYSTEMPATH\CodeIgniter.php(469): CodeIgniter\CodeIgniter->runController(Object(App\Controllers\Appointment))
 5 SYSTEMPATH\CodeIgniter.php(352): CodeIgniter\CodeIgniter->handleRequest(null, Object(Config\Cache), false)
 6 FCPATH\index.php(55): CodeIgniter\CodeIgniter->run()
 7 SYSTEMPATH\Commands\Server\rewrite.php(46): require_once('FCPATH\\index.php')
CRITICAL - 2022-11-12 02:35:06 --> Undefined offset: 3
in APPPATH\Libraries\AppointmentLib.php on line 72.
 1 APPPATH\Libraries\AppointmentLib.php(72): CodeIgniter\Debug\Exceptions->errorHandler(8, 'Undefined offset: 3', 'APPPATH\\Libraries\\AppointmentLib.php', 72, [...])
 2 APPPATH\Controllers\Appointment.php(371): App\Libraries\AppointmentLib::paginationRecord('appointment', 3, 4, 'user', 'hengzp2000@gmail.com')
 3 SYSTEMPATH\CodeIgniter.php(910): App\Controllers\Appointment->viewAppointment()
 4 SYSTEMPATH\CodeIgniter.php(469): CodeIgniter\CodeIgniter->runController(Object(App\Controllers\Appointment))
 5 SYSTEMPATH\CodeIgniter.php(352): CodeIgniter\CodeIgniter->handleRequest(null, Object(Config\Cache), false)
 6 FCPATH\index.php(55): CodeIgniter\CodeIgniter->run()
 7 SYSTEMPATH\Commands\Server\rewrite.php(46): require_once('FCPATH\\index.php')
CRITICAL - 2022-11-12 02:35:27 --> Undefined offset: 3
in APPPATH\Libraries\AppointmentLib.php on line 72.
 1 APPPATH\Libraries\AppointmentLib.php(72): CodeIgniter\Debug\Exceptions->errorHandler(8, 'Undefined offset: 3', 'APPPATH\\Libraries\\AppointmentLib.php', 72, [...])
 2 APPPATH\Controllers\Appointment.php(371): App\Libraries\AppointmentLib::paginationRecord('appointment', 1, 5, 'user', 'hengzp2000@gmail.com')
 3 SYSTEMPATH\CodeIgniter.php(910): App\Controllers\Appointment->viewAppointment()
 4 SYSTEMPATH\CodeIgniter.php(469): CodeIgniter\CodeIgniter->runController(Object(App\Controllers\Appointment))
 5 SYSTEMPATH\CodeIgniter.php(352): CodeIgniter\CodeIgniter->handleRequest(null, Object(Config\Cache), false)
 6 FCPATH\index.php(55): CodeIgniter\CodeIgniter->run()
 7 SYSTEMPATH\Commands\Server\rewrite.php(46): require_once('FCPATH\\index.php')
CRITICAL - 2022-11-12 02:35:31 --> Undefined offset: 6
in APPPATH\Libraries\AppointmentLib.php on line 72.
 1 APPPATH\Libraries\AppointmentLib.php(72): CodeIgniter\Debug\Exceptions->errorHandler(8, 'Undefined offset: 6', 'APPPATH\\Libraries\\AppointmentLib.php', 72, [...])
 2 APPPATH\Controllers\Appointment.php(371): App\Libraries\AppointmentLib::paginationRecord('appointment', 6, 13, 'user', 'hengzp2000@gmail.com')
 3 SYSTEMPATH\CodeIgniter.php(910): App\Controllers\Appointment->viewAppointment()
 4 SYSTEMPATH\CodeIgniter.php(469): CodeIgniter\CodeIgniter->runController(Object(App\Controllers\Appointment))
 5 SYSTEMPATH\CodeIgniter.php(352): CodeIgniter\CodeIgniter->handleRequest(null, Object(Config\Cache), false)
 6 FCPATH\index.php(55): CodeIgniter\CodeIgniter->run()
 7 SYSTEMPATH\Commands\Server\rewrite.php(46): require_once('FCPATH\\index.php')
CRITICAL - 2022-11-12 02:36:46 --> Undefined offset: 6
in APPPATH\Libraries\AppointmentLib.php on line 72.
 1 APPPATH\Libraries\AppointmentLib.php(72): CodeIgniter\Debug\Exceptions->errorHandler(8, 'Undefined offset: 6', 'APPPATH\\Libraries\\AppointmentLib.php', 72, [...])
 2 APPPATH\Controllers\Appointment.php(371): App\Libraries\AppointmentLib::paginationRecord('appointment', 6, 13, 'user', 'hengzp2000@gmail.com')
 3 SYSTEMPATH\CodeIgniter.php(910): App\Controllers\Appointment->viewAppointment()
 4 SYSTEMPATH\CodeIgniter.php(469): CodeIgniter\CodeIgniter->runController(Object(App\Controllers\Appointment))
 5 SYSTEMPATH\CodeIgniter.php(352): CodeIgniter\CodeIgniter->handleRequest(null, Object(Config\Cache), false)
 6 FCPATH\index.php(55): CodeIgniter\CodeIgniter->run()
 7 SYSTEMPATH\Commands\Server\rewrite.php(46): require_once('FCPATH\\index.php')
CRITICAL - 2022-11-12 02:36:51 --> Undefined offset: 3
in APPPATH\Libraries\AppointmentLib.php on line 72.
 1 APPPATH\Libraries\AppointmentLib.php(72): CodeIgniter\Debug\Exceptions->errorHandler(8, 'Undefined offset: 3', 'APPPATH\\Libraries\\AppointmentLib.php', 72, [...])
 2 APPPATH\Controllers\Appointment.php(371): App\Libraries\AppointmentLib::paginationRecord('appointment', 1, 5, 'user', 'hengzp2000@gmail.com')
 3 SYSTEMPATH\CodeIgniter.php(910): App\Controllers\Appointment->viewAppointment()
 4 SYSTEMPATH\CodeIgniter.php(469): CodeIgniter\CodeIgniter->runController(Object(App\Controllers\Appointment))
 5 SYSTEMPATH\CodeIgniter.php(352): CodeIgniter\CodeIgniter->handleRequest(null, Object(Config\Cache), false)
 6 FCPATH\index.php(55): CodeIgniter\CodeIgniter->run()
 7 SYSTEMPATH\Commands\Server\rewrite.php(46): require_once('FCPATH\\index.php')
CRITICAL - 2022-11-12 02:36:59 --> Undefined offset: 3
in APPPATH\Libraries\AppointmentLib.php on line 72.
 1 APPPATH\Libraries\AppointmentLib.php(72): CodeIgniter\Debug\Exceptions->errorHandler(8, 'Undefined offset: 3', 'APPPATH\\Libraries\\AppointmentLib.php', 72, [...])
 2 APPPATH\Controllers\Appointment.php(371): App\Libraries\AppointmentLib::paginationRecord('appointment', 1, 5, 'user', 'hengzp2000@gmail.com')
 3 SYSTEMPATH\CodeIgniter.php(910): App\Controllers\Appointment->viewAppointment()
 4 SYSTEMPATH\CodeIgniter.php(469): CodeIgniter\CodeIgniter->runController(Object(App\Controllers\Appointment))
 5 SYSTEMPATH\CodeIgniter.php(352): CodeIgniter\CodeIgniter->handleRequest(null, Object(Config\Cache), false)
 6 FCPATH\index.php(55): CodeIgniter\CodeIgniter->run()
 7 SYSTEMPATH\Commands\Server\rewrite.php(46): require_once('FCPATH\\index.php')
CRITICAL - 2022-11-12 02:37:02 --> Undefined offset: 3
in APPPATH\Libraries\AppointmentLib.php on line 72.
 1 APPPATH\Libraries\AppointmentLib.php(72): CodeIgniter\Debug\Exceptions->errorHandler(8, 'Undefined offset: 3', 'APPPATH\\Libraries\\AppointmentLib.php', 72, [...])
 2 APPPATH\Controllers\Appointment.php(371): App\Libraries\AppointmentLib::paginationRecord('appointment', 1, 5, 'user', 'hengzp2000@gmail.com')
 3 SYSTEMPATH\CodeIgniter.php(910): App\Controllers\Appointment->viewAppointment()
 4 SYSTEMPATH\CodeIgniter.php(469): CodeIgniter\CodeIgniter->runController(Object(App\Controllers\Appointment))
 5 SYSTEMPATH\CodeIgniter.php(352): CodeIgniter\CodeIgniter->handleRequest(null, Object(Config\Cache), false)
 6 FCPATH\index.php(55): CodeIgniter\CodeIgniter->run()
 7 SYSTEMPATH\Commands\Server\rewrite.php(46): require_once('FCPATH\\index.php')
CRITICAL - 2022-11-12 02:40:36 --> Use of undefined constant x - assumed 'x' (this will throw an Error in a future version of PHP)
in APPPATH\Libraries\AppointmentLib.php on line 73.
 1 APPPATH\Libraries\AppointmentLib.php(73): CodeIgniter\Debug\Exceptions->errorHandler(2, 'Use of undefined constant x - assumed \'x\' (this will throw an Error in a future version of PHP)', 'APPPATH\\Libraries\\AppointmentLib.php', 73, [...])
 2 APPPATH\Controllers\Appointment.php(371): App\Libraries\AppointmentLib::paginationRecord('appointment', 1, 5, 'user', 'hengzp2000@gmail.com')
 3 SYSTEMPATH\CodeIgniter.php(910): App\Controllers\Appointment->viewAppointment()
 4 SYSTEMPATH\CodeIgniter.php(469): CodeIgniter\CodeIgniter->runController(Object(App\Controllers\Appointment))
 5 SYSTEMPATH\CodeIgniter.php(352): CodeIgniter\CodeIgniter->handleRequest(null, Object(Config\Cache), false)
 6 FCPATH\index.php(55): CodeIgniter\CodeIgniter->run()
 7 SYSTEMPATH\Commands\Server\rewrite.php(46): require_once('FCPATH\\index.php')
CRITICAL - 2022-11-12 03:05:59 --> Undefined variable: record2
in APPPATH\Libraries\AppointmentLib.php on line 79.
 1 APPPATH\Libraries\AppointmentLib.php(79): CodeIgniter\Debug\Exceptions->errorHandler(8, 'Undefined variable: record2', 'APPPATH\\Libraries\\AppointmentLib.php', 79, [...])
 2 APPPATH\Controllers\Appointment.php(371): App\Libraries\AppointmentLib::paginationRecord('appointment', 11, 28, 'user', 'hengzp2000@gmail.com')
 3 SYSTEMPATH\CodeIgniter.php(910): App\Controllers\Appointment->viewAppointment()
 4 SYSTEMPATH\CodeIgniter.php(469): CodeIgniter\CodeIgniter->runController(Object(App\Controllers\Appointment))
 5 SYSTEMPATH\CodeIgniter.php(352): CodeIgniter\CodeIgniter->handleRequest(null, Object(Config\Cache), false)
 6 FCPATH\index.php(55): CodeIgniter\CodeIgniter->run()
 7 SYSTEMPATH\Commands\Server\rewrite.php(46): require_once('FCPATH\\index.php')
CRITICAL - 2022-11-12 03:06:29 --> Undefined variable: record2
in APPPATH\Libraries\AppointmentLib.php on line 79.
 1 APPPATH\Libraries\AppointmentLib.php(79): CodeIgniter\Debug\Exceptions->errorHandler(8, 'Undefined variable: record2', 'APPPATH\\Libraries\\AppointmentLib.php', 79, [...])
 2 APPPATH\Controllers\Appointment.php(371): App\Libraries\AppointmentLib::paginationRecord('appointment', 11, 28, 'user', 'hengzp2000@gmail.com')
 3 SYSTEMPATH\CodeIgniter.php(910): App\Controllers\Appointment->viewAppointment()
 4 SYSTEMPATH\CodeIgniter.php(469): CodeIgniter\CodeIgniter->runController(Object(App\Controllers\Appointment))
 5 SYSTEMPATH\CodeIgniter.php(352): CodeIgniter\CodeIgniter->handleRequest(null, Object(Config\Cache), false)
 6 FCPATH\index.php(55): CodeIgniter\CodeIgniter->run()
 7 SYSTEMPATH\Commands\Server\rewrite.php(46): require_once('FCPATH\\index.php')
CRITICAL - 2022-11-12 03:06:35 --> Undefined variable: record2
in APPPATH\Libraries\AppointmentLib.php on line 79.
 1 APPPATH\Libraries\AppointmentLib.php(79): CodeIgniter\Debug\Exceptions->errorHandler(8, 'Undefined variable: record2', 'APPPATH\\Libraries\\AppointmentLib.php', 79, [...])
 2 APPPATH\Controllers\Appointment.php(371): App\Libraries\AppointmentLib::paginationRecord('appointment', 11, 28, 'user', 'hengzp2000@gmail.com')
 3 SYSTEMPATH\CodeIgniter.php(910): App\Controllers\Appointment->viewAppointment()
 4 SYSTEMPATH\CodeIgniter.php(469): CodeIgniter\CodeIgniter->runController(Object(App\Controllers\Appointment))
 5 SYSTEMPATH\CodeIgniter.php(352): CodeIgniter\CodeIgniter->handleRequest(null, Object(Config\Cache), false)
 6 FCPATH\index.php(55): CodeIgniter\CodeIgniter->run()
 7 SYSTEMPATH\Commands\Server\rewrite.php(46): require_once('FCPATH\\index.php')
CRITICAL - 2022-11-12 03:32:49 --> Undefined variable: record2
in APPPATH\Libraries\StaffLib.php on line 48.
 1 APPPATH\Libraries\StaffLib.php(48): CodeIgniter\Debug\Exceptions->errorHandler(8, 'Undefined variable: record2', 'APPPATH\\Libraries\\StaffLib.php', 48, [...])
 2 APPPATH\Controllers\Staff.php(220): App\Libraries\StaffLib::paginationRecord1('appointment', 11, 26, 'status', 'pending')
 3 SYSTEMPATH\CodeIgniter.php(910): App\Controllers\Staff->pending()
 4 SYSTEMPATH\CodeIgniter.php(469): CodeIgniter\CodeIgniter->runController(Object(App\Controllers\Staff))
 5 SYSTEMPATH\CodeIgniter.php(352): CodeIgniter\CodeIgniter->handleRequest(null, Object(Config\Cache), false)
 6 FCPATH\index.php(55): CodeIgniter\CodeIgniter->run()
 7 SYSTEMPATH\Commands\Server\rewrite.php(46): require_once('FCPATH\\index.php')
CRITICAL - 2022-11-12 05:35:43 --> Undefined index: payment
in APPPATH\Helpers\Form_helper.php on line 14.
 1 APPPATH\Helpers\Form_helper.php(14): CodeIgniter\Debug\Exceptions->errorHandler(8, 'Undefined index: payment', 'APPPATH\\Helpers\\Form_helper.php', 14, [...])
 2 APPPATH\Views\patientDashboard\index.php(27): countRecord2('appointment', 'user', 'johnnytalk321@gmail.com')
 3 SYSTEMPATH\View\View.php(213): include('APPPATH\\Views\\patientDashboard\\index.php')
 4 SYSTEMPATH\View\View.php(216): CodeIgniter\View\View->CodeIgniter\View\{closure}()
 5 SYSTEMPATH\Common.php(1137): CodeIgniter\View\View->render('patientDashboard/index', [], true)
 6 APPPATH\Controllers\PatientDash.php(300): view('patientDashboard/index', [...])
 7 SYSTEMPATH\CodeIgniter.php(910): App\Controllers\PatientDash->home()
 8 SYSTEMPATH\CodeIgniter.php(469): CodeIgniter\CodeIgniter->runController(Object(App\Controllers\PatientDash))
 9 SYSTEMPATH\CodeIgniter.php(352): CodeIgniter\CodeIgniter->handleRequest(null, Object(Config\Cache), false)
10 FCPATH\index.php(55): CodeIgniter\CodeIgniter->run()
11 SYSTEMPATH\Commands\Server\rewrite.php(46): require_once('FCPATH\\index.php')
CRITICAL - 2022-11-12 05:36:12 --> Undefined index: payment
in APPPATH\Helpers\Form_helper.php on line 14.
 1 APPPATH\Helpers\Form_helper.php(14): CodeIgniter\Debug\Exceptions->errorHandler(8, 'Undefined index: payment', 'APPPATH\\Helpers\\Form_helper.php', 14, [...])
 2 APPPATH\Views\patientDashboard\index.php(27): countRecord2('appointment', 'user', 'johnnytalk321@gmail.com')
 3 SYSTEMPATH\View\View.php(213): include('APPPATH\\Views\\patientDashboard\\index.php')
 4 SYSTEMPATH\View\View.php(216): CodeIgniter\View\View->CodeIgniter\View\{closure}()
 5 SYSTEMPATH\Common.php(1137): CodeIgniter\View\View->render('patientDashboard/index', [], true)
 6 APPPATH\Controllers\PatientDash.php(300): view('patientDashboard/index', [...])
 7 SYSTEMPATH\CodeIgniter.php(910): App\Controllers\PatientDash->home()
 8 SYSTEMPATH\CodeIgniter.php(469): CodeIgniter\CodeIgniter->runController(Object(App\Controllers\PatientDash))
 9 SYSTEMPATH\CodeIgniter.php(352): CodeIgniter\CodeIgniter->handleRequest(null, Object(Config\Cache), false)
10 FCPATH\index.php(55): CodeIgniter\CodeIgniter->run()
11 SYSTEMPATH\Commands\Server\rewrite.php(46): require_once('FCPATH\\index.php')
CRITICAL - 2022-11-12 05:36:26 --> Undefined index: payment
in APPPATH\Helpers\Form_helper.php on line 14.
 1 APPPATH\Helpers\Form_helper.php(14): CodeIgniter\Debug\Exceptions->errorHandler(8, 'Undefined index: payment', 'APPPATH\\Helpers\\Form_helper.php', 14, [...])
 2 APPPATH\Views\patientDashboard\index.php(27): countRecord2('appointment', 'user', 'johnnytalk321@gmail.com')
 3 SYSTEMPATH\View\View.php(213): include('APPPATH\\Views\\patientDashboard\\index.php')
 4 SYSTEMPATH\View\View.php(216): CodeIgniter\View\View->CodeIgniter\View\{closure}()
 5 SYSTEMPATH\Common.php(1137): CodeIgniter\View\View->render('patientDashboard/index', [], true)
 6 APPPATH\Controllers\PatientDash.php(300): view('patientDashboard/index', [...])
 7 SYSTEMPATH\CodeIgniter.php(910): App\Controllers\PatientDash->home()
 8 SYSTEMPATH\CodeIgniter.php(469): CodeIgniter\CodeIgniter->runController(Object(App\Controllers\PatientDash))
 9 SYSTEMPATH\CodeIgniter.php(352): CodeIgniter\CodeIgniter->handleRequest(null, Object(Config\Cache), false)
10 FCPATH\index.php(55): CodeIgniter\CodeIgniter->run()
11 SYSTEMPATH\Commands\Server\rewrite.php(46): require_once('FCPATH\\index.php')
