CRITICAL - 2022-11-20 16:41:14 --> Unable to connect to the API: cURL error 6: Could not resolve host: oauth2.googleapis.com (see https://curl.haxx.se/libcurl/c/libcurl-errors.html) for https://oauth2.googleapis.com/token
in VENDORPATH\kreait\firebase-php\src\Firebase\Exception\DatabaseApiExceptionConverter.php on line 36.
 1 VENDORPATH\kreait\firebase-php\src\Firebase\Database\ApiClient.php(180): Kreait\Firebase\Exception\DatabaseApiExceptionConverter->convertException(Object(GuzzleHttp\Exception\ConnectException))
 2 VENDORPATH\kreait\firebase-php\src\Firebase\Database\ApiClient.php(40): Kreait\Firebase\Database\ApiClient->requestApi('GET', '/queue')
 3 VENDORPATH\kreait\firebase-php\src\Firebase\Database\Reference.php(329): Kreait\Firebase\Database\ApiClient->get('/queue')
 4 VENDORPATH\kreait\firebase-php\src\Firebase\Database\Reference.php(296): Kreait\Firebase\Database\Reference->getSnapshot()
 5 APPPATH\Libraries\QueueLib.php(12): Kreait\Firebase\Database\Reference->getValue()
 6 APPPATH\Controllers\Queue.php(47): App\Libraries\QueueLib::readDataWaiting('2022-11-20')
 7 SYSTEMPATH\CodeIgniter.php(910): App\Controllers\Queue->manage()
 8 SYSTEMPATH\CodeIgniter.php(469): CodeIgniter\CodeIgniter->runController(Object(App\Controllers\Queue))
 9 SYSTEMPATH\CodeIgniter.php(352): CodeIgniter\CodeIgniter->handleRequest(null, Object(Config\Cache), false)
10 FCPATH\index.php(55): CodeIgniter\CodeIgniter->run()
11 SYSTEMPATH\Commands\Server\rewrite.php(46): require_once('FCPATH\\index.php')
CRITICAL - 2022-11-20 16:46:33 --> Call to undefined method App\Libraries\QueueLib::readDataProgress()
in APPPATH\Controllers\Queue.php on line 48.
 1 SYSTEMPATH\CodeIgniter.php(910): App\Controllers\Queue->manage()
 2 SYSTEMPATH\CodeIgniter.php(469): CodeIgniter\CodeIgniter->runController(Object(App\Controllers\Queue))
 3 SYSTEMPATH\CodeIgniter.php(352): CodeIgniter\CodeIgniter->handleRequest(null, Object(Config\Cache), false)
 4 FCPATH\index.php(55): CodeIgniter\CodeIgniter->run()
 5 SYSTEMPATH\Commands\Server\rewrite.php(46): require_once('FCPATH\\index.php')
